[2025-04-24T18:15:06.468+0000] {processor.py:161} INFO - Started process (PID=218) to work on /opt/airflow/dags/indicator_dag.py
[2025-04-24T18:15:06.475+0000] {processor.py:830} INFO - Processing file /opt/airflow/dags/indicator_dag.py for tasks to queue
[2025-04-24T18:15:06.478+0000] {logging_mixin.py:188} INFO - [2025-04-24T18:15:06.477+0000] {dagbag.py:538} INFO - Filling up the DagBag from /opt/airflow/dags/indicator_dag.py
[2025-04-24T18:15:07.880+0000] {processor.py:840} INFO - DAG(s) 'read_excel_from_mongo_dag_with_rsi' retrieved from /opt/airflow/dags/indicator_dag.py
[2025-04-24T18:15:07.946+0000] {logging_mixin.py:188} INFO - [2025-04-24T18:15:07.945+0000] {dag.py:3036} INFO - Sync 1 DAGs
[2025-04-24T18:15:07.997+0000] {logging_mixin.py:188} INFO - [2025-04-24T18:15:07.997+0000] {dag.py:3823} INFO - Setting next_dagrun for read_excel_from_mongo_dag_with_rsi to None, run_after=None
[2025-04-24T18:15:08.042+0000] {processor.py:183} INFO - Processing /opt/airflow/dags/indicator_dag.py took 1.598 seconds
[2025-04-24T18:15:38.503+0000] {processor.py:161} INFO - Started process (PID=240) to work on /opt/airflow/dags/indicator_dag.py
[2025-04-24T18:15:38.506+0000] {processor.py:830} INFO - Processing file /opt/airflow/dags/indicator_dag.py for tasks to queue
[2025-04-24T18:15:38.509+0000] {logging_mixin.py:188} INFO - [2025-04-24T18:15:38.507+0000] {dagbag.py:538} INFO - Filling up the DagBag from /opt/airflow/dags/indicator_dag.py
[2025-04-24T18:15:39.037+0000] {processor.py:840} INFO - DAG(s) 'read_excel_from_mongo_dag_with_rsi' retrieved from /opt/airflow/dags/indicator_dag.py
[2025-04-24T18:15:39.556+0000] {logging_mixin.py:188} INFO - [2025-04-24T18:15:39.556+0000] {dag.py:3036} INFO - Sync 1 DAGs
[2025-04-24T18:15:39.564+0000] {logging_mixin.py:188} INFO - [2025-04-24T18:15:39.564+0000] {dag.py:3823} INFO - Setting next_dagrun for read_excel_from_mongo_dag_with_rsi to None, run_after=None
[2025-04-24T18:15:39.585+0000] {processor.py:183} INFO - Processing /opt/airflow/dags/indicator_dag.py took 1.091 seconds
[2025-04-24T18:16:10.489+0000] {processor.py:161} INFO - Started process (PID=255) to work on /opt/airflow/dags/indicator_dag.py
[2025-04-24T18:16:10.493+0000] {processor.py:830} INFO - Processing file /opt/airflow/dags/indicator_dag.py for tasks to queue
[2025-04-24T18:16:10.496+0000] {logging_mixin.py:188} INFO - [2025-04-24T18:16:10.494+0000] {dagbag.py:538} INFO - Filling up the DagBag from /opt/airflow/dags/indicator_dag.py
[2025-04-24T18:16:11.002+0000] {processor.py:840} INFO - DAG(s) 'read_excel_from_mongo_dag_with_rsi' retrieved from /opt/airflow/dags/indicator_dag.py
[2025-04-24T18:16:11.056+0000] {logging_mixin.py:188} INFO - [2025-04-24T18:16:11.056+0000] {dag.py:3036} INFO - Sync 1 DAGs
[2025-04-24T18:16:11.082+0000] {logging_mixin.py:188} INFO - [2025-04-24T18:16:11.082+0000] {dag.py:3823} INFO - Setting next_dagrun for read_excel_from_mongo_dag_with_rsi to None, run_after=None
[2025-04-24T18:16:11.111+0000] {processor.py:183} INFO - Processing /opt/airflow/dags/indicator_dag.py took 0.632 seconds
[2025-04-24T18:16:41.387+0000] {processor.py:161} INFO - Started process (PID=270) to work on /opt/airflow/dags/indicator_dag.py
[2025-04-24T18:16:41.388+0000] {processor.py:830} INFO - Processing file /opt/airflow/dags/indicator_dag.py for tasks to queue
[2025-04-24T18:16:41.389+0000] {logging_mixin.py:188} INFO - [2025-04-24T18:16:41.389+0000] {dagbag.py:538} INFO - Filling up the DagBag from /opt/airflow/dags/indicator_dag.py
[2025-04-24T18:16:41.682+0000] {processor.py:840} INFO - DAG(s) 'read_excel_from_mongo_dag_with_rsi' retrieved from /opt/airflow/dags/indicator_dag.py
[2025-04-24T18:16:41.709+0000] {logging_mixin.py:188} INFO - [2025-04-24T18:16:41.708+0000] {dag.py:3036} INFO - Sync 1 DAGs
[2025-04-24T18:16:41.869+0000] {logging_mixin.py:188} INFO - [2025-04-24T18:16:41.869+0000] {dag.py:3823} INFO - Setting next_dagrun for read_excel_from_mongo_dag_with_rsi to None, run_after=None
[2025-04-24T18:16:41.883+0000] {processor.py:183} INFO - Processing /opt/airflow/dags/indicator_dag.py took 0.501 seconds
[2025-04-24T18:17:12.305+0000] {processor.py:161} INFO - Started process (PID=291) to work on /opt/airflow/dags/indicator_dag.py
[2025-04-24T18:17:12.312+0000] {processor.py:830} INFO - Processing file /opt/airflow/dags/indicator_dag.py for tasks to queue
[2025-04-24T18:17:12.316+0000] {logging_mixin.py:188} INFO - [2025-04-24T18:17:12.314+0000] {dagbag.py:538} INFO - Filling up the DagBag from /opt/airflow/dags/indicator_dag.py
[2025-04-24T18:17:13.472+0000] {processor.py:840} INFO - DAG(s) 'read_excel_from_mongo_dag_with_rsi' retrieved from /opt/airflow/dags/indicator_dag.py
[2025-04-24T18:17:13.595+0000] {logging_mixin.py:188} INFO - [2025-04-24T18:17:13.595+0000] {dag.py:3036} INFO - Sync 1 DAGs
[2025-04-24T18:17:13.641+0000] {logging_mixin.py:188} INFO - [2025-04-24T18:17:13.641+0000] {dag.py:3823} INFO - Setting next_dagrun for read_excel_from_mongo_dag_with_rsi to None, run_after=None
[2025-04-24T18:17:13.679+0000] {processor.py:183} INFO - Processing /opt/airflow/dags/indicator_dag.py took 1.411 seconds
[2025-04-24T18:17:44.287+0000] {processor.py:161} INFO - Started process (PID=328) to work on /opt/airflow/dags/indicator_dag.py
[2025-04-24T18:17:44.289+0000] {processor.py:830} INFO - Processing file /opt/airflow/dags/indicator_dag.py for tasks to queue
[2025-04-24T18:17:44.290+0000] {logging_mixin.py:188} INFO - [2025-04-24T18:17:44.290+0000] {dagbag.py:538} INFO - Filling up the DagBag from /opt/airflow/dags/indicator_dag.py
[2025-04-24T18:17:44.641+0000] {processor.py:840} INFO - DAG(s) 'read_excel_from_mongo_dag_with_rsi' retrieved from /opt/airflow/dags/indicator_dag.py
[2025-04-24T18:17:44.673+0000] {logging_mixin.py:188} INFO - [2025-04-24T18:17:44.672+0000] {dag.py:3036} INFO - Sync 1 DAGs
[2025-04-24T18:17:44.692+0000] {logging_mixin.py:188} INFO - [2025-04-24T18:17:44.691+0000] {dag.py:3823} INFO - Setting next_dagrun for read_excel_from_mongo_dag_with_rsi to None, run_after=None
[2025-04-24T18:17:44.722+0000] {processor.py:183} INFO - Processing /opt/airflow/dags/indicator_dag.py took 0.440 seconds
[2025-04-24T18:18:15.606+0000] {processor.py:161} INFO - Started process (PID=343) to work on /opt/airflow/dags/indicator_dag.py
[2025-04-24T18:18:15.608+0000] {processor.py:830} INFO - Processing file /opt/airflow/dags/indicator_dag.py for tasks to queue
[2025-04-24T18:18:15.610+0000] {logging_mixin.py:188} INFO - [2025-04-24T18:18:15.609+0000] {dagbag.py:538} INFO - Filling up the DagBag from /opt/airflow/dags/indicator_dag.py
[2025-04-24T18:18:16.086+0000] {processor.py:840} INFO - DAG(s) 'read_excel_from_mongo_dag_with_rsi' retrieved from /opt/airflow/dags/indicator_dag.py
[2025-04-24T18:18:16.128+0000] {logging_mixin.py:188} INFO - [2025-04-24T18:18:16.127+0000] {dag.py:3036} INFO - Sync 1 DAGs
[2025-04-24T18:18:17.017+0000] {logging_mixin.py:188} INFO - [2025-04-24T18:18:17.015+0000] {dag.py:3823} INFO - Setting next_dagrun for read_excel_from_mongo_dag_with_rsi to None, run_after=None
[2025-04-24T18:18:17.070+0000] {processor.py:183} INFO - Processing /opt/airflow/dags/indicator_dag.py took 1.474 seconds
[2025-04-24T18:18:49.014+0000] {processor.py:161} INFO - Started process (PID=380) to work on /opt/airflow/dags/indicator_dag.py
[2025-04-24T18:18:49.015+0000] {processor.py:830} INFO - Processing file /opt/airflow/dags/indicator_dag.py for tasks to queue
[2025-04-24T18:18:49.017+0000] {logging_mixin.py:188} INFO - [2025-04-24T18:18:49.016+0000] {dagbag.py:538} INFO - Filling up the DagBag from /opt/airflow/dags/indicator_dag.py
[2025-04-24T18:18:49.351+0000] {processor.py:840} INFO - DAG(s) 'read_excel_from_mongo_dag_with_rsi' retrieved from /opt/airflow/dags/indicator_dag.py
[2025-04-24T18:18:49.384+0000] {logging_mixin.py:188} INFO - [2025-04-24T18:18:49.384+0000] {dag.py:3036} INFO - Sync 1 DAGs
[2025-04-24T18:18:49.401+0000] {logging_mixin.py:188} INFO - [2025-04-24T18:18:49.400+0000] {dag.py:3823} INFO - Setting next_dagrun for read_excel_from_mongo_dag_with_rsi to None, run_after=None
[2025-04-24T18:18:49.420+0000] {processor.py:183} INFO - Processing /opt/airflow/dags/indicator_dag.py took 0.414 seconds
[2025-04-24T18:19:21.277+0000] {processor.py:161} INFO - Started process (PID=395) to work on /opt/airflow/dags/indicator_dag.py
[2025-04-24T18:19:21.278+0000] {processor.py:830} INFO - Processing file /opt/airflow/dags/indicator_dag.py for tasks to queue
[2025-04-24T18:19:21.279+0000] {logging_mixin.py:188} INFO - [2025-04-24T18:19:21.279+0000] {dagbag.py:538} INFO - Filling up the DagBag from /opt/airflow/dags/indicator_dag.py
[2025-04-24T18:19:21.782+0000] {processor.py:840} INFO - DAG(s) 'read_excel_from_mongo_dag_with_rsi' retrieved from /opt/airflow/dags/indicator_dag.py
[2025-04-24T18:19:21.812+0000] {logging_mixin.py:188} INFO - [2025-04-24T18:19:21.811+0000] {dag.py:3036} INFO - Sync 1 DAGs
[2025-04-24T18:19:21.825+0000] {logging_mixin.py:188} INFO - [2025-04-24T18:19:21.824+0000] {dag.py:3823} INFO - Setting next_dagrun for read_excel_from_mongo_dag_with_rsi to None, run_after=None
[2025-04-24T18:19:21.847+0000] {processor.py:183} INFO - Processing /opt/airflow/dags/indicator_dag.py took 0.574 seconds
[2025-04-24T18:19:53.942+0000] {processor.py:161} INFO - Started process (PID=422) to work on /opt/airflow/dags/indicator_dag.py
[2025-04-24T18:19:53.943+0000] {processor.py:830} INFO - Processing file /opt/airflow/dags/indicator_dag.py for tasks to queue
[2025-04-24T18:19:53.943+0000] {logging_mixin.py:188} INFO - [2025-04-24T18:19:53.943+0000] {dagbag.py:538} INFO - Filling up the DagBag from /opt/airflow/dags/indicator_dag.py
[2025-04-24T18:19:54.224+0000] {processor.py:840} INFO - DAG(s) 'read_excel_from_mongo_dag_with_rsi' retrieved from /opt/airflow/dags/indicator_dag.py
[2025-04-24T18:19:54.250+0000] {logging_mixin.py:188} INFO - [2025-04-24T18:19:54.249+0000] {dag.py:3036} INFO - Sync 1 DAGs
[2025-04-24T18:19:54.467+0000] {logging_mixin.py:188} INFO - [2025-04-24T18:19:54.467+0000] {dag.py:3823} INFO - Setting next_dagrun for read_excel_from_mongo_dag_with_rsi to None, run_after=None
[2025-04-24T18:19:54.485+0000] {processor.py:183} INFO - Processing /opt/airflow/dags/indicator_dag.py took 0.547 seconds
[2025-04-24T18:20:27.405+0000] {processor.py:161} INFO - Started process (PID=437) to work on /opt/airflow/dags/indicator_dag.py
[2025-04-24T18:20:27.406+0000] {processor.py:830} INFO - Processing file /opt/airflow/dags/indicator_dag.py for tasks to queue
[2025-04-24T18:20:27.407+0000] {logging_mixin.py:188} INFO - [2025-04-24T18:20:27.406+0000] {dagbag.py:538} INFO - Filling up the DagBag from /opt/airflow/dags/indicator_dag.py
[2025-04-24T18:20:27.739+0000] {processor.py:840} INFO - DAG(s) 'read_excel_from_mongo_dag_with_rsi' retrieved from /opt/airflow/dags/indicator_dag.py
[2025-04-24T18:20:27.779+0000] {logging_mixin.py:188} INFO - [2025-04-24T18:20:27.778+0000] {dag.py:3036} INFO - Sync 1 DAGs
[2025-04-24T18:20:27.795+0000] {logging_mixin.py:188} INFO - [2025-04-24T18:20:27.794+0000] {dag.py:3823} INFO - Setting next_dagrun for read_excel_from_mongo_dag_with_rsi to None, run_after=None
[2025-04-24T18:20:27.817+0000] {processor.py:183} INFO - Processing /opt/airflow/dags/indicator_dag.py took 0.415 seconds
[2025-04-24T18:20:59.670+0000] {processor.py:161} INFO - Started process (PID=452) to work on /opt/airflow/dags/indicator_dag.py
[2025-04-24T18:20:59.672+0000] {processor.py:830} INFO - Processing file /opt/airflow/dags/indicator_dag.py for tasks to queue
[2025-04-24T18:20:59.672+0000] {logging_mixin.py:188} INFO - [2025-04-24T18:20:59.672+0000] {dagbag.py:538} INFO - Filling up the DagBag from /opt/airflow/dags/indicator_dag.py
[2025-04-24T18:21:00.246+0000] {processor.py:840} INFO - DAG(s) 'read_excel_from_mongo_dag_with_rsi' retrieved from /opt/airflow/dags/indicator_dag.py
[2025-04-24T18:21:00.372+0000] {logging_mixin.py:188} INFO - [2025-04-24T18:21:00.371+0000] {dag.py:3036} INFO - Sync 1 DAGs
[2025-04-24T18:21:00.423+0000] {logging_mixin.py:188} INFO - [2025-04-24T18:21:00.422+0000] {dag.py:3823} INFO - Setting next_dagrun for read_excel_from_mongo_dag_with_rsi to None, run_after=None
[2025-04-24T18:21:00.473+0000] {processor.py:183} INFO - Processing /opt/airflow/dags/indicator_dag.py took 0.807 seconds
[2025-04-24T18:22:00.199+0000] {processor.py:161} INFO - Started process (PID=218) to work on /opt/airflow/dags/indicator_dag.py
[2025-04-24T18:22:00.216+0000] {processor.py:830} INFO - Processing file /opt/airflow/dags/indicator_dag.py for tasks to queue
[2025-04-24T18:22:00.222+0000] {logging_mixin.py:188} INFO - [2025-04-24T18:22:00.220+0000] {dagbag.py:538} INFO - Filling up the DagBag from /opt/airflow/dags/indicator_dag.py
[2025-04-24T18:22:01.238+0000] {processor.py:840} INFO - DAG(s) 'read_excel_from_mongo_dag_with_rsi' retrieved from /opt/airflow/dags/indicator_dag.py
[2025-04-24T18:22:01.358+0000] {logging_mixin.py:188} INFO - [2025-04-24T18:22:01.357+0000] {dag.py:3036} INFO - Sync 1 DAGs
[2025-04-24T18:22:01.411+0000] {logging_mixin.py:188} INFO - [2025-04-24T18:22:01.410+0000] {dag.py:3823} INFO - Setting next_dagrun for read_excel_from_mongo_dag_with_rsi to None, run_after=None
[2025-04-24T18:22:01.459+0000] {processor.py:183} INFO - Processing /opt/airflow/dags/indicator_dag.py took 1.418 seconds
[2025-04-24T18:22:31.695+0000] {processor.py:161} INFO - Started process (PID=243) to work on /opt/airflow/dags/indicator_dag.py
[2025-04-24T18:22:31.696+0000] {processor.py:830} INFO - Processing file /opt/airflow/dags/indicator_dag.py for tasks to queue
[2025-04-24T18:22:31.697+0000] {logging_mixin.py:188} INFO - [2025-04-24T18:22:31.696+0000] {dagbag.py:538} INFO - Filling up the DagBag from /opt/airflow/dags/indicator_dag.py
[2025-04-24T18:22:31.964+0000] {processor.py:840} INFO - DAG(s) 'read_excel_from_mongo_dag_with_rsi' retrieved from /opt/airflow/dags/indicator_dag.py
[2025-04-24T18:22:32.191+0000] {logging_mixin.py:188} INFO - [2025-04-24T18:22:32.190+0000] {dag.py:3036} INFO - Sync 1 DAGs
[2025-04-24T18:22:32.202+0000] {logging_mixin.py:188} INFO - [2025-04-24T18:22:32.202+0000] {dag.py:3823} INFO - Setting next_dagrun for read_excel_from_mongo_dag_with_rsi to None, run_after=None
[2025-04-24T18:22:32.222+0000] {processor.py:183} INFO - Processing /opt/airflow/dags/indicator_dag.py took 0.530 seconds
[2025-04-24T18:23:02.689+0000] {processor.py:161} INFO - Started process (PID=253) to work on /opt/airflow/dags/indicator_dag.py
[2025-04-24T18:23:02.695+0000] {processor.py:830} INFO - Processing file /opt/airflow/dags/indicator_dag.py for tasks to queue
[2025-04-24T18:23:02.697+0000] {logging_mixin.py:188} INFO - [2025-04-24T18:23:02.697+0000] {dagbag.py:538} INFO - Filling up the DagBag from /opt/airflow/dags/indicator_dag.py
[2025-04-24T18:23:03.079+0000] {processor.py:840} INFO - DAG(s) 'read_excel_from_mongo_dag_with_rsi' retrieved from /opt/airflow/dags/indicator_dag.py
[2025-04-24T18:23:03.103+0000] {logging_mixin.py:188} INFO - [2025-04-24T18:23:03.103+0000] {dag.py:3036} INFO - Sync 1 DAGs
[2025-04-24T18:23:03.114+0000] {logging_mixin.py:188} INFO - [2025-04-24T18:23:03.114+0000] {dag.py:3823} INFO - Setting next_dagrun for read_excel_from_mongo_dag_with_rsi to None, run_after=None
[2025-04-24T18:23:03.130+0000] {processor.py:183} INFO - Processing /opt/airflow/dags/indicator_dag.py took 0.462 seconds
[2025-04-24T18:23:33.648+0000] {processor.py:161} INFO - Started process (PID=268) to work on /opt/airflow/dags/indicator_dag.py
[2025-04-24T18:23:33.649+0000] {processor.py:830} INFO - Processing file /opt/airflow/dags/indicator_dag.py for tasks to queue
[2025-04-24T18:23:33.650+0000] {logging_mixin.py:188} INFO - [2025-04-24T18:23:33.650+0000] {dagbag.py:538} INFO - Filling up the DagBag from /opt/airflow/dags/indicator_dag.py
[2025-04-24T18:23:34.152+0000] {processor.py:840} INFO - DAG(s) 'read_excel_from_mongo_dag_with_rsi' retrieved from /opt/airflow/dags/indicator_dag.py
[2025-04-24T18:23:34.199+0000] {logging_mixin.py:188} INFO - [2025-04-24T18:23:34.199+0000] {dag.py:3036} INFO - Sync 1 DAGs
[2025-04-24T18:23:34.227+0000] {logging_mixin.py:188} INFO - [2025-04-24T18:23:34.227+0000] {dag.py:3823} INFO - Setting next_dagrun for read_excel_from_mongo_dag_with_rsi to None, run_after=None
[2025-04-24T18:23:34.531+0000] {processor.py:183} INFO - Processing /opt/airflow/dags/indicator_dag.py took 0.887 seconds
[2025-04-24T18:24:05.299+0000] {processor.py:161} INFO - Started process (PID=285) to work on /opt/airflow/dags/indicator_dag.py
[2025-04-24T18:24:05.308+0000] {processor.py:830} INFO - Processing file /opt/airflow/dags/indicator_dag.py for tasks to queue
[2025-04-24T18:24:05.312+0000] {logging_mixin.py:188} INFO - [2025-04-24T18:24:05.311+0000] {dagbag.py:538} INFO - Filling up the DagBag from /opt/airflow/dags/indicator_dag.py
[2025-04-24T18:24:05.655+0000] {processor.py:840} INFO - DAG(s) 'read_excel_from_mongo_dag_with_rsi' retrieved from /opt/airflow/dags/indicator_dag.py
[2025-04-24T18:24:05.694+0000] {logging_mixin.py:188} INFO - [2025-04-24T18:24:05.694+0000] {dag.py:3036} INFO - Sync 1 DAGs
[2025-04-24T18:24:06.017+0000] {logging_mixin.py:188} INFO - [2025-04-24T18:24:06.017+0000] {dag.py:3823} INFO - Setting next_dagrun for read_excel_from_mongo_dag_with_rsi to None, run_after=None
[2025-04-24T18:24:06.043+0000] {processor.py:183} INFO - Processing /opt/airflow/dags/indicator_dag.py took 0.756 seconds
[2025-04-24T18:24:36.926+0000] {processor.py:161} INFO - Started process (PID=300) to work on /opt/airflow/dags/indicator_dag.py
[2025-04-24T18:24:36.928+0000] {processor.py:830} INFO - Processing file /opt/airflow/dags/indicator_dag.py for tasks to queue
[2025-04-24T18:24:36.929+0000] {logging_mixin.py:188} INFO - [2025-04-24T18:24:36.928+0000] {dagbag.py:538} INFO - Filling up the DagBag from /opt/airflow/dags/indicator_dag.py
[2025-04-24T18:24:37.412+0000] {processor.py:840} INFO - DAG(s) 'read_excel_from_mongo_dag_with_rsi' retrieved from /opt/airflow/dags/indicator_dag.py
[2025-04-24T18:24:37.447+0000] {logging_mixin.py:188} INFO - [2025-04-24T18:24:37.447+0000] {dag.py:3036} INFO - Sync 1 DAGs
[2025-04-24T18:24:37.461+0000] {logging_mixin.py:188} INFO - [2025-04-24T18:24:37.461+0000] {dag.py:3823} INFO - Setting next_dagrun for read_excel_from_mongo_dag_with_rsi to None, run_after=None
[2025-04-24T18:24:37.483+0000] {processor.py:183} INFO - Processing /opt/airflow/dags/indicator_dag.py took 0.562 seconds
[2025-04-24T18:25:07.664+0000] {processor.py:161} INFO - Started process (PID=324) to work on /opt/airflow/dags/indicator_dag.py
[2025-04-24T18:25:07.666+0000] {processor.py:830} INFO - Processing file /opt/airflow/dags/indicator_dag.py for tasks to queue
[2025-04-24T18:25:07.666+0000] {logging_mixin.py:188} INFO - [2025-04-24T18:25:07.666+0000] {dagbag.py:538} INFO - Filling up the DagBag from /opt/airflow/dags/indicator_dag.py
[2025-04-24T18:25:07.966+0000] {processor.py:840} INFO - DAG(s) 'read_excel_from_mongo_dag_with_rsi' retrieved from /opt/airflow/dags/indicator_dag.py
[2025-04-24T18:25:08.001+0000] {logging_mixin.py:188} INFO - [2025-04-24T18:25:08.000+0000] {dag.py:3036} INFO - Sync 1 DAGs
[2025-04-24T18:25:08.015+0000] {logging_mixin.py:188} INFO - [2025-04-24T18:25:08.015+0000] {dag.py:3823} INFO - Setting next_dagrun for read_excel_from_mongo_dag_with_rsi to None, run_after=None
[2025-04-24T18:25:08.454+0000] {processor.py:183} INFO - Processing /opt/airflow/dags/indicator_dag.py took 0.798 seconds
[2025-04-24T18:25:38.518+0000] {processor.py:161} INFO - Started process (PID=345) to work on /opt/airflow/dags/indicator_dag.py
[2025-04-24T18:25:38.520+0000] {processor.py:830} INFO - Processing file /opt/airflow/dags/indicator_dag.py for tasks to queue
[2025-04-24T18:25:38.520+0000] {logging_mixin.py:188} INFO - [2025-04-24T18:25:38.520+0000] {dagbag.py:538} INFO - Filling up the DagBag from /opt/airflow/dags/indicator_dag.py
[2025-04-24T18:25:38.800+0000] {processor.py:840} INFO - DAG(s) 'read_excel_from_mongo_dag_with_rsi' retrieved from /opt/airflow/dags/indicator_dag.py
[2025-04-24T18:25:38.824+0000] {logging_mixin.py:188} INFO - [2025-04-24T18:25:38.824+0000] {dag.py:3036} INFO - Sync 1 DAGs
[2025-04-24T18:25:38.961+0000] {logging_mixin.py:188} INFO - [2025-04-24T18:25:38.961+0000] {dag.py:3823} INFO - Setting next_dagrun for read_excel_from_mongo_dag_with_rsi to None, run_after=None
[2025-04-24T18:25:38.976+0000] {processor.py:183} INFO - Processing /opt/airflow/dags/indicator_dag.py took 0.462 seconds
[2025-04-24T18:26:09.828+0000] {processor.py:161} INFO - Started process (PID=360) to work on /opt/airflow/dags/indicator_dag.py
[2025-04-24T18:26:09.829+0000] {processor.py:830} INFO - Processing file /opt/airflow/dags/indicator_dag.py for tasks to queue
[2025-04-24T18:26:09.830+0000] {logging_mixin.py:188} INFO - [2025-04-24T18:26:09.830+0000] {dagbag.py:538} INFO - Filling up the DagBag from /opt/airflow/dags/indicator_dag.py
[2025-04-24T18:26:10.172+0000] {processor.py:840} INFO - DAG(s) 'read_excel_from_mongo_dag_with_rsi' retrieved from /opt/airflow/dags/indicator_dag.py
[2025-04-24T18:26:10.371+0000] {logging_mixin.py:188} INFO - [2025-04-24T18:26:10.371+0000] {dag.py:3036} INFO - Sync 1 DAGs
[2025-04-24T18:26:10.382+0000] {logging_mixin.py:188} INFO - [2025-04-24T18:26:10.381+0000] {dag.py:3823} INFO - Setting next_dagrun for read_excel_from_mongo_dag_with_rsi to None, run_after=None
[2025-04-24T18:26:10.399+0000] {processor.py:183} INFO - Processing /opt/airflow/dags/indicator_dag.py took 0.574 seconds
[2025-04-24T18:26:41.303+0000] {processor.py:161} INFO - Started process (PID=375) to work on /opt/airflow/dags/indicator_dag.py
[2025-04-24T18:26:41.304+0000] {processor.py:830} INFO - Processing file /opt/airflow/dags/indicator_dag.py for tasks to queue
[2025-04-24T18:26:41.305+0000] {logging_mixin.py:188} INFO - [2025-04-24T18:26:41.305+0000] {dagbag.py:538} INFO - Filling up the DagBag from /opt/airflow/dags/indicator_dag.py
[2025-04-24T18:26:41.583+0000] {processor.py:840} INFO - DAG(s) 'read_excel_from_mongo_dag_with_rsi' retrieved from /opt/airflow/dags/indicator_dag.py
[2025-04-24T18:26:41.605+0000] {logging_mixin.py:188} INFO - [2025-04-24T18:26:41.604+0000] {dag.py:3036} INFO - Sync 1 DAGs
[2025-04-24T18:26:41.615+0000] {logging_mixin.py:188} INFO - [2025-04-24T18:26:41.615+0000] {dag.py:3823} INFO - Setting next_dagrun for read_excel_from_mongo_dag_with_rsi to None, run_after=None
[2025-04-24T18:26:41.629+0000] {processor.py:183} INFO - Processing /opt/airflow/dags/indicator_dag.py took 0.328 seconds
[2025-04-24T18:27:12.183+0000] {processor.py:161} INFO - Started process (PID=412) to work on /opt/airflow/dags/indicator_dag.py
[2025-04-24T18:27:12.213+0000] {processor.py:830} INFO - Processing file /opt/airflow/dags/indicator_dag.py for tasks to queue
[2025-04-24T18:27:12.214+0000] {logging_mixin.py:188} INFO - [2025-04-24T18:27:12.214+0000] {dagbag.py:538} INFO - Filling up the DagBag from /opt/airflow/dags/indicator_dag.py
[2025-04-24T18:27:12.490+0000] {processor.py:840} INFO - DAG(s) 'read_excel_from_mongo_dag_with_rsi' retrieved from /opt/airflow/dags/indicator_dag.py
[2025-04-24T18:27:12.516+0000] {logging_mixin.py:188} INFO - [2025-04-24T18:27:12.516+0000] {dag.py:3036} INFO - Sync 1 DAGs
[2025-04-24T18:27:12.659+0000] {logging_mixin.py:188} INFO - [2025-04-24T18:27:12.659+0000] {dag.py:3823} INFO - Setting next_dagrun for read_excel_from_mongo_dag_with_rsi to None, run_after=None
[2025-04-24T18:27:12.674+0000] {processor.py:183} INFO - Processing /opt/airflow/dags/indicator_dag.py took 0.495 seconds
[2025-04-24T18:27:42.838+0000] {processor.py:161} INFO - Started process (PID=442) to work on /opt/airflow/dags/indicator_dag.py
[2025-04-24T18:27:42.839+0000] {processor.py:830} INFO - Processing file /opt/airflow/dags/indicator_dag.py for tasks to queue
[2025-04-24T18:27:42.840+0000] {logging_mixin.py:188} INFO - [2025-04-24T18:27:42.839+0000] {dagbag.py:538} INFO - Filling up the DagBag from /opt/airflow/dags/indicator_dag.py
[2025-04-24T18:27:43.091+0000] {processor.py:840} INFO - DAG(s) 'read_excel_from_mongo_dag_with_rsi' retrieved from /opt/airflow/dags/indicator_dag.py
[2025-04-24T18:27:43.356+0000] {logging_mixin.py:188} INFO - [2025-04-24T18:27:43.356+0000] {dag.py:3036} INFO - Sync 1 DAGs
[2025-04-24T18:27:43.369+0000] {logging_mixin.py:188} INFO - [2025-04-24T18:27:43.369+0000] {dag.py:3823} INFO - Setting next_dagrun for read_excel_from_mongo_dag_with_rsi to None, run_after=None
[2025-04-24T18:27:43.391+0000] {processor.py:183} INFO - Processing /opt/airflow/dags/indicator_dag.py took 0.557 seconds
[2025-04-24T18:28:13.684+0000] {processor.py:161} INFO - Started process (PID=457) to work on /opt/airflow/dags/indicator_dag.py
[2025-04-24T18:28:13.685+0000] {processor.py:830} INFO - Processing file /opt/airflow/dags/indicator_dag.py for tasks to queue
[2025-04-24T18:28:13.685+0000] {logging_mixin.py:188} INFO - [2025-04-24T18:28:13.685+0000] {dagbag.py:538} INFO - Filling up the DagBag from /opt/airflow/dags/indicator_dag.py
[2025-04-24T18:28:13.940+0000] {processor.py:840} INFO - DAG(s) 'read_excel_from_mongo_dag_with_rsi' retrieved from /opt/airflow/dags/indicator_dag.py
[2025-04-24T18:28:13.965+0000] {logging_mixin.py:188} INFO - [2025-04-24T18:28:13.965+0000] {dag.py:3036} INFO - Sync 1 DAGs
[2025-04-24T18:28:13.976+0000] {logging_mixin.py:188} INFO - [2025-04-24T18:28:13.976+0000] {dag.py:3823} INFO - Setting next_dagrun for read_excel_from_mongo_dag_with_rsi to None, run_after=None
[2025-04-24T18:28:13.992+0000] {processor.py:183} INFO - Processing /opt/airflow/dags/indicator_dag.py took 0.313 seconds
[2025-04-24T18:28:44.337+0000] {processor.py:161} INFO - Started process (PID=472) to work on /opt/airflow/dags/indicator_dag.py
[2025-04-24T18:28:44.338+0000] {processor.py:830} INFO - Processing file /opt/airflow/dags/indicator_dag.py for tasks to queue
[2025-04-24T18:28:44.338+0000] {logging_mixin.py:188} INFO - [2025-04-24T18:28:44.338+0000] {dagbag.py:538} INFO - Filling up the DagBag from /opt/airflow/dags/indicator_dag.py
[2025-04-24T18:28:44.635+0000] {processor.py:840} INFO - DAG(s) 'read_excel_from_mongo_dag_with_rsi' retrieved from /opt/airflow/dags/indicator_dag.py
[2025-04-24T18:28:44.657+0000] {logging_mixin.py:188} INFO - [2025-04-24T18:28:44.656+0000] {dag.py:3036} INFO - Sync 1 DAGs
[2025-04-24T18:28:44.668+0000] {logging_mixin.py:188} INFO - [2025-04-24T18:28:44.668+0000] {dag.py:3823} INFO - Setting next_dagrun for read_excel_from_mongo_dag_with_rsi to None, run_after=None
[2025-04-24T18:28:44.831+0000] {processor.py:183} INFO - Processing /opt/airflow/dags/indicator_dag.py took 0.498 seconds
[2025-04-24T18:29:15.357+0000] {processor.py:161} INFO - Started process (PID=487) to work on /opt/airflow/dags/indicator_dag.py
[2025-04-24T18:29:15.358+0000] {processor.py:830} INFO - Processing file /opt/airflow/dags/indicator_dag.py for tasks to queue
[2025-04-24T18:29:15.359+0000] {logging_mixin.py:188} INFO - [2025-04-24T18:29:15.359+0000] {dagbag.py:538} INFO - Filling up the DagBag from /opt/airflow/dags/indicator_dag.py
[2025-04-24T18:29:15.634+0000] {processor.py:840} INFO - DAG(s) 'read_excel_from_mongo_dag_with_rsi' retrieved from /opt/airflow/dags/indicator_dag.py
[2025-04-24T18:29:15.830+0000] {logging_mixin.py:188} INFO - [2025-04-24T18:29:15.830+0000] {dag.py:3036} INFO - Sync 1 DAGs
[2025-04-24T18:29:15.841+0000] {logging_mixin.py:188} INFO - [2025-04-24T18:29:15.841+0000] {dag.py:3823} INFO - Setting next_dagrun for read_excel_from_mongo_dag_with_rsi to None, run_after=None
[2025-04-24T18:29:15.857+0000] {processor.py:183} INFO - Processing /opt/airflow/dags/indicator_dag.py took 0.503 seconds
[2025-04-24T18:29:46.703+0000] {processor.py:161} INFO - Started process (PID=502) to work on /opt/airflow/dags/indicator_dag.py
[2025-04-24T18:29:46.704+0000] {processor.py:830} INFO - Processing file /opt/airflow/dags/indicator_dag.py for tasks to queue
[2025-04-24T18:29:46.705+0000] {logging_mixin.py:188} INFO - [2025-04-24T18:29:46.704+0000] {dagbag.py:538} INFO - Filling up the DagBag from /opt/airflow/dags/indicator_dag.py
[2025-04-24T18:29:47.143+0000] {processor.py:840} INFO - DAG(s) 'read_excel_from_mongo_dag_with_rsi' retrieved from /opt/airflow/dags/indicator_dag.py
[2025-04-24T18:29:47.200+0000] {logging_mixin.py:188} INFO - [2025-04-24T18:29:47.199+0000] {dag.py:3036} INFO - Sync 1 DAGs
[2025-04-24T18:29:47.236+0000] {logging_mixin.py:188} INFO - [2025-04-24T18:29:47.236+0000] {dag.py:3823} INFO - Setting next_dagrun for read_excel_from_mongo_dag_with_rsi to None, run_after=None
[2025-04-24T18:29:47.266+0000] {processor.py:183} INFO - Processing /opt/airflow/dags/indicator_dag.py took 0.566 seconds
[2025-04-24T18:30:17.730+0000] {processor.py:161} INFO - Started process (PID=529) to work on /opt/airflow/dags/indicator_dag.py
[2025-04-24T18:30:17.731+0000] {processor.py:830} INFO - Processing file /opt/airflow/dags/indicator_dag.py for tasks to queue
[2025-04-24T18:30:17.732+0000] {logging_mixin.py:188} INFO - [2025-04-24T18:30:17.732+0000] {dagbag.py:538} INFO - Filling up the DagBag from /opt/airflow/dags/indicator_dag.py
[2025-04-24T18:30:18.008+0000] {processor.py:840} INFO - DAG(s) 'read_excel_from_mongo_dag_with_rsi' retrieved from /opt/airflow/dags/indicator_dag.py
[2025-04-24T18:30:18.041+0000] {logging_mixin.py:188} INFO - [2025-04-24T18:30:18.041+0000] {dag.py:3036} INFO - Sync 1 DAGs
[2025-04-24T18:30:18.052+0000] {logging_mixin.py:188} INFO - [2025-04-24T18:30:18.052+0000] {dag.py:3823} INFO - Setting next_dagrun for read_excel_from_mongo_dag_with_rsi to None, run_after=None
[2025-04-24T18:30:18.299+0000] {processor.py:183} INFO - Processing /opt/airflow/dags/indicator_dag.py took 0.571 seconds
[2025-04-24T18:30:48.572+0000] {processor.py:161} INFO - Started process (PID=547) to work on /opt/airflow/dags/indicator_dag.py
[2025-04-24T18:30:48.574+0000] {processor.py:830} INFO - Processing file /opt/airflow/dags/indicator_dag.py for tasks to queue
[2025-04-24T18:30:48.575+0000] {logging_mixin.py:188} INFO - [2025-04-24T18:30:48.574+0000] {dagbag.py:538} INFO - Filling up the DagBag from /opt/airflow/dags/indicator_dag.py
[2025-04-24T18:30:48.841+0000] {processor.py:840} INFO - DAG(s) 'read_excel_from_mongo_dag_with_rsi' retrieved from /opt/airflow/dags/indicator_dag.py
[2025-04-24T18:30:49.132+0000] {logging_mixin.py:188} INFO - [2025-04-24T18:30:49.132+0000] {dag.py:3036} INFO - Sync 1 DAGs
[2025-04-24T18:30:49.152+0000] {logging_mixin.py:188} INFO - [2025-04-24T18:30:49.152+0000] {dag.py:3823} INFO - Setting next_dagrun for read_excel_from_mongo_dag_with_rsi to None, run_after=None
[2025-04-24T18:30:49.176+0000] {processor.py:183} INFO - Processing /opt/airflow/dags/indicator_dag.py took 0.607 seconds
[2025-04-24T18:30:56.731+0000] {processor.py:161} INFO - Started process (PID=553) to work on /opt/airflow/dags/indicator_dag.py
[2025-04-24T18:30:56.739+0000] {processor.py:830} INFO - Processing file /opt/airflow/dags/indicator_dag.py for tasks to queue
[2025-04-24T18:30:56.744+0000] {logging_mixin.py:188} INFO - [2025-04-24T18:30:56.742+0000] {dagbag.py:538} INFO - Filling up the DagBag from /opt/airflow/dags/indicator_dag.py
[2025-04-24T18:30:57.135+0000] {processor.py:840} INFO - DAG(s) 'read_excel_from_mongo_dag_with_rsi' retrieved from /opt/airflow/dags/indicator_dag.py
[2025-04-24T18:30:57.937+0000] {logging_mixin.py:188} INFO - [2025-04-24T18:30:57.936+0000] {dag.py:3036} INFO - Sync 1 DAGs
[2025-04-24T18:30:57.959+0000] {logging_mixin.py:188} INFO - [2025-04-24T18:30:57.959+0000] {dag.py:3823} INFO - Setting next_dagrun for read_excel_from_mongo_dag_with_rsi to None, run_after=None
[2025-04-24T18:30:57.986+0000] {processor.py:183} INFO - Processing /opt/airflow/dags/indicator_dag.py took 1.258 seconds
[2025-04-24T18:31:08.780+0000] {processor.py:161} INFO - Started process (PID=568) to work on /opt/airflow/dags/indicator_dag.py
[2025-04-24T18:31:08.782+0000] {processor.py:830} INFO - Processing file /opt/airflow/dags/indicator_dag.py for tasks to queue
[2025-04-24T18:31:08.782+0000] {logging_mixin.py:188} INFO - [2025-04-24T18:31:08.782+0000] {dagbag.py:538} INFO - Filling up the DagBag from /opt/airflow/dags/indicator_dag.py
[2025-04-24T18:31:09.217+0000] {processor.py:840} INFO - DAG(s) 'read_excel_from_mongo_dag_with_rsi' retrieved from /opt/airflow/dags/indicator_dag.py
[2025-04-24T18:31:09.242+0000] {logging_mixin.py:188} INFO - [2025-04-24T18:31:09.242+0000] {dag.py:3036} INFO - Sync 1 DAGs
[2025-04-24T18:31:09.252+0000] {logging_mixin.py:188} INFO - [2025-04-24T18:31:09.252+0000] {dag.py:3823} INFO - Setting next_dagrun for read_excel_from_mongo_dag_with_rsi to None, run_after=None
[2025-04-24T18:31:09.270+0000] {processor.py:183} INFO - Processing /opt/airflow/dags/indicator_dag.py took 0.493 seconds
[2025-04-24T18:31:39.644+0000] {processor.py:161} INFO - Started process (PID=598) to work on /opt/airflow/dags/indicator_dag.py
[2025-04-24T18:31:39.645+0000] {processor.py:830} INFO - Processing file /opt/airflow/dags/indicator_dag.py for tasks to queue
[2025-04-24T18:31:39.646+0000] {logging_mixin.py:188} INFO - [2025-04-24T18:31:39.646+0000] {dagbag.py:538} INFO - Filling up the DagBag from /opt/airflow/dags/indicator_dag.py
[2025-04-24T18:31:39.908+0000] {processor.py:840} INFO - DAG(s) 'read_excel_from_mongo_dag_with_rsi' retrieved from /opt/airflow/dags/indicator_dag.py
[2025-04-24T18:31:39.930+0000] {logging_mixin.py:188} INFO - [2025-04-24T18:31:39.929+0000] {dag.py:3036} INFO - Sync 1 DAGs
[2025-04-24T18:31:39.940+0000] {logging_mixin.py:188} INFO - [2025-04-24T18:31:39.940+0000] {dag.py:3823} INFO - Setting next_dagrun for read_excel_from_mongo_dag_with_rsi to None, run_after=None
[2025-04-24T18:31:40.090+0000] {processor.py:183} INFO - Processing /opt/airflow/dags/indicator_dag.py took 0.448 seconds
[2025-04-24T18:32:10.966+0000] {processor.py:161} INFO - Started process (PID=613) to work on /opt/airflow/dags/indicator_dag.py
[2025-04-24T18:32:10.968+0000] {processor.py:830} INFO - Processing file /opt/airflow/dags/indicator_dag.py for tasks to queue
[2025-04-24T18:32:10.969+0000] {logging_mixin.py:188} INFO - [2025-04-24T18:32:10.969+0000] {dagbag.py:538} INFO - Filling up the DagBag from /opt/airflow/dags/indicator_dag.py
[2025-04-24T18:32:11.391+0000] {processor.py:840} INFO - DAG(s) 'read_excel_from_mongo_dag_with_rsi' retrieved from /opt/airflow/dags/indicator_dag.py
[2025-04-24T18:32:11.415+0000] {logging_mixin.py:188} INFO - [2025-04-24T18:32:11.414+0000] {dag.py:3036} INFO - Sync 1 DAGs
[2025-04-24T18:32:11.638+0000] {logging_mixin.py:188} INFO - [2025-04-24T18:32:11.638+0000] {dag.py:3823} INFO - Setting next_dagrun for read_excel_from_mongo_dag_with_rsi to None, run_after=None
[2025-04-24T18:32:11.655+0000] {processor.py:183} INFO - Processing /opt/airflow/dags/indicator_dag.py took 0.695 seconds
[2025-04-24T18:32:41.898+0000] {processor.py:161} INFO - Started process (PID=623) to work on /opt/airflow/dags/indicator_dag.py
[2025-04-24T18:32:41.900+0000] {processor.py:830} INFO - Processing file /opt/airflow/dags/indicator_dag.py for tasks to queue
[2025-04-24T18:32:41.904+0000] {logging_mixin.py:188} INFO - [2025-04-24T18:32:41.903+0000] {dagbag.py:538} INFO - Filling up the DagBag from /opt/airflow/dags/indicator_dag.py
[2025-04-24T18:32:42.571+0000] {processor.py:840} INFO - DAG(s) 'read_excel_from_mongo_dag_with_rsi' retrieved from /opt/airflow/dags/indicator_dag.py
[2025-04-24T18:32:42.725+0000] {logging_mixin.py:188} INFO - [2025-04-24T18:32:42.724+0000] {dag.py:3036} INFO - Sync 1 DAGs
[2025-04-24T18:32:42.735+0000] {logging_mixin.py:188} INFO - [2025-04-24T18:32:42.735+0000] {dag.py:3823} INFO - Setting next_dagrun for read_excel_from_mongo_dag_with_rsi to None, run_after=None
[2025-04-24T18:32:42.752+0000] {processor.py:183} INFO - Processing /opt/airflow/dags/indicator_dag.py took 0.882 seconds
[2025-04-24T18:32:45.795+0000] {processor.py:161} INFO - Started process (PID=634) to work on /opt/airflow/dags/indicator_dag.py
[2025-04-24T18:32:45.795+0000] {processor.py:830} INFO - Processing file /opt/airflow/dags/indicator_dag.py for tasks to queue
[2025-04-24T18:32:45.796+0000] {logging_mixin.py:188} INFO - [2025-04-24T18:32:45.796+0000] {dagbag.py:538} INFO - Filling up the DagBag from /opt/airflow/dags/indicator_dag.py
[2025-04-24T18:32:46.262+0000] {processor.py:840} INFO - DAG(s) 'read_excel_from_mongo_dag_with_rsi' retrieved from /opt/airflow/dags/indicator_dag.py
[2025-04-24T18:32:46.284+0000] {logging_mixin.py:188} INFO - [2025-04-24T18:32:46.283+0000] {dag.py:3036} INFO - Sync 1 DAGs
[2025-04-24T18:32:46.296+0000] {logging_mixin.py:188} INFO - [2025-04-24T18:32:46.295+0000] {dag.py:3823} INFO - Setting next_dagrun for read_excel_from_mongo_dag_with_rsi to None, run_after=None
[2025-04-24T18:32:46.319+0000] {processor.py:183} INFO - Processing /opt/airflow/dags/indicator_dag.py took 0.527 seconds
[2025-04-24T18:33:16.375+0000] {processor.py:161} INFO - Started process (PID=679) to work on /opt/airflow/dags/indicator_dag.py
[2025-04-24T18:33:16.376+0000] {processor.py:830} INFO - Processing file /opt/airflow/dags/indicator_dag.py for tasks to queue
[2025-04-24T18:33:16.377+0000] {logging_mixin.py:188} INFO - [2025-04-24T18:33:16.377+0000] {dagbag.py:538} INFO - Filling up the DagBag from /opt/airflow/dags/indicator_dag.py
[2025-04-24T18:33:16.771+0000] {processor.py:840} INFO - DAG(s) 'read_excel_from_mongo_dag_with_rsi' retrieved from /opt/airflow/dags/indicator_dag.py
[2025-04-24T18:33:16.789+0000] {logging_mixin.py:188} INFO - [2025-04-24T18:33:16.789+0000] {dag.py:3036} INFO - Sync 1 DAGs
[2025-04-24T18:33:16.798+0000] {logging_mixin.py:188} INFO - [2025-04-24T18:33:16.798+0000] {dag.py:3823} INFO - Setting next_dagrun for read_excel_from_mongo_dag_with_rsi to None, run_after=None
[2025-04-24T18:33:16.812+0000] {processor.py:183} INFO - Processing /opt/airflow/dags/indicator_dag.py took 0.440 seconds
[2025-04-24T18:33:47.171+0000] {processor.py:161} INFO - Started process (PID=694) to work on /opt/airflow/dags/indicator_dag.py
[2025-04-24T18:33:47.172+0000] {processor.py:830} INFO - Processing file /opt/airflow/dags/indicator_dag.py for tasks to queue
[2025-04-24T18:33:47.173+0000] {logging_mixin.py:188} INFO - [2025-04-24T18:33:47.173+0000] {dagbag.py:538} INFO - Filling up the DagBag from /opt/airflow/dags/indicator_dag.py
[2025-04-24T18:33:47.424+0000] {processor.py:840} INFO - DAG(s) 'read_excel_from_mongo_dag_with_rsi' retrieved from /opt/airflow/dags/indicator_dag.py
[2025-04-24T18:33:47.444+0000] {logging_mixin.py:188} INFO - [2025-04-24T18:33:47.444+0000] {dag.py:3036} INFO - Sync 1 DAGs
[2025-04-24T18:33:47.583+0000] {logging_mixin.py:188} INFO - [2025-04-24T18:33:47.583+0000] {dag.py:3823} INFO - Setting next_dagrun for read_excel_from_mongo_dag_with_rsi to None, run_after=None
[2025-04-24T18:33:47.598+0000] {processor.py:183} INFO - Processing /opt/airflow/dags/indicator_dag.py took 0.429 seconds
[2025-04-24T18:33:52.658+0000] {processor.py:161} INFO - Started process (PID=700) to work on /opt/airflow/dags/indicator_dag.py
[2025-04-24T18:33:52.659+0000] {processor.py:830} INFO - Processing file /opt/airflow/dags/indicator_dag.py for tasks to queue
[2025-04-24T18:33:52.660+0000] {logging_mixin.py:188} INFO - [2025-04-24T18:33:52.659+0000] {dagbag.py:538} INFO - Filling up the DagBag from /opt/airflow/dags/indicator_dag.py
[2025-04-24T18:33:52.928+0000] {processor.py:840} INFO - DAG(s) 'read_excel_from_mongo_dag_with_rsi' retrieved from /opt/airflow/dags/indicator_dag.py
[2025-04-24T18:33:53.113+0000] {logging_mixin.py:188} INFO - [2025-04-24T18:33:53.113+0000] {dag.py:3036} INFO - Sync 1 DAGs
[2025-04-24T18:33:53.123+0000] {logging_mixin.py:188} INFO - [2025-04-24T18:33:53.123+0000] {dag.py:3823} INFO - Setting next_dagrun for read_excel_from_mongo_dag_with_rsi to None, run_after=None
[2025-04-24T18:33:53.140+0000] {processor.py:183} INFO - Processing /opt/airflow/dags/indicator_dag.py took 0.485 seconds
[2025-04-24T18:34:23.494+0000] {processor.py:161} INFO - Started process (PID=715) to work on /opt/airflow/dags/indicator_dag.py
[2025-04-24T18:34:23.495+0000] {processor.py:830} INFO - Processing file /opt/airflow/dags/indicator_dag.py for tasks to queue
[2025-04-24T18:34:23.495+0000] {logging_mixin.py:188} INFO - [2025-04-24T18:34:23.495+0000] {dagbag.py:538} INFO - Filling up the DagBag from /opt/airflow/dags/indicator_dag.py
[2025-04-24T18:34:23.954+0000] {processor.py:840} INFO - DAG(s) 'read_excel_from_mongo_dag_with_rsi' retrieved from /opt/airflow/dags/indicator_dag.py
[2025-04-24T18:34:23.975+0000] {logging_mixin.py:188} INFO - [2025-04-24T18:34:23.975+0000] {dag.py:3036} INFO - Sync 1 DAGs
[2025-04-24T18:34:23.984+0000] {logging_mixin.py:188} INFO - [2025-04-24T18:34:23.984+0000] {dag.py:3823} INFO - Setting next_dagrun for read_excel_from_mongo_dag_with_rsi to None, run_after=None
[2025-04-24T18:34:23.999+0000] {processor.py:183} INFO - Processing /opt/airflow/dags/indicator_dag.py took 0.507 seconds
[2025-04-24T18:34:54.368+0000] {processor.py:161} INFO - Started process (PID=730) to work on /opt/airflow/dags/indicator_dag.py
[2025-04-24T18:34:54.369+0000] {processor.py:830} INFO - Processing file /opt/airflow/dags/indicator_dag.py for tasks to queue
[2025-04-24T18:34:54.370+0000] {logging_mixin.py:188} INFO - [2025-04-24T18:34:54.369+0000] {dagbag.py:538} INFO - Filling up the DagBag from /opt/airflow/dags/indicator_dag.py
[2025-04-24T18:34:54.915+0000] {processor.py:840} INFO - DAG(s) 'read_excel_from_mongo_dag_with_rsi' retrieved from /opt/airflow/dags/indicator_dag.py
[2025-04-24T18:34:54.941+0000] {logging_mixin.py:188} INFO - [2025-04-24T18:34:54.941+0000] {dag.py:3036} INFO - Sync 1 DAGs
[2025-04-24T18:34:54.956+0000] {logging_mixin.py:188} INFO - [2025-04-24T18:34:54.956+0000] {dag.py:3823} INFO - Setting next_dagrun for read_excel_from_mongo_dag_with_rsi to None, run_after=None
[2025-04-24T18:34:54.977+0000] {processor.py:183} INFO - Processing /opt/airflow/dags/indicator_dag.py took 0.612 seconds
[2025-04-24T18:35:08.592+0000] {processor.py:161} INFO - Started process (PID=736) to work on /opt/airflow/dags/indicator_dag.py
[2025-04-24T18:35:08.592+0000] {processor.py:830} INFO - Processing file /opt/airflow/dags/indicator_dag.py for tasks to queue
[2025-04-24T18:35:08.593+0000] {logging_mixin.py:188} INFO - [2025-04-24T18:35:08.593+0000] {dagbag.py:538} INFO - Filling up the DagBag from /opt/airflow/dags/indicator_dag.py
[2025-04-24T18:35:11.850+0000] {processor.py:840} INFO - DAG(s) 'read_excel_from_mongo_dag_with_rsi' retrieved from /opt/airflow/dags/indicator_dag.py
[2025-04-24T18:35:11.884+0000] {logging_mixin.py:188} INFO - [2025-04-24T18:35:11.883+0000] {dag.py:3036} INFO - Sync 1 DAGs
[2025-04-24T18:35:11.901+0000] {logging_mixin.py:188} INFO - [2025-04-24T18:35:11.901+0000] {dag.py:3823} INFO - Setting next_dagrun for read_excel_from_mongo_dag_with_rsi to None, run_after=None
[2025-04-24T18:35:11.923+0000] {processor.py:183} INFO - Processing /opt/airflow/dags/indicator_dag.py took 0.591 seconds
[2025-04-24T18:35:44.793+0000] {processor.py:161} INFO - Started process (PID=766) to work on /opt/airflow/dags/indicator_dag.py
[2025-04-24T18:35:44.795+0000] {processor.py:830} INFO - Processing file /opt/airflow/dags/indicator_dag.py for tasks to queue
[2025-04-24T18:35:44.796+0000] {logging_mixin.py:188} INFO - [2025-04-24T18:35:44.795+0000] {dagbag.py:538} INFO - Filling up the DagBag from /opt/airflow/dags/indicator_dag.py
[2025-04-24T18:35:45.060+0000] {processor.py:840} INFO - DAG(s) 'read_excel_from_mongo_dag_with_rsi' retrieved from /opt/airflow/dags/indicator_dag.py
[2025-04-24T18:35:45.312+0000] {logging_mixin.py:188} INFO - [2025-04-24T18:35:45.312+0000] {dag.py:3036} INFO - Sync 1 DAGs
[2025-04-24T18:35:45.322+0000] {logging_mixin.py:188} INFO - [2025-04-24T18:35:45.321+0000] {dag.py:3823} INFO - Setting next_dagrun for read_excel_from_mongo_dag_with_rsi to None, run_after=None
[2025-04-24T18:35:45.337+0000] {processor.py:183} INFO - Processing /opt/airflow/dags/indicator_dag.py took 0.546 seconds
[2025-04-24T18:36:17.209+0000] {processor.py:161} INFO - Started process (PID=781) to work on /opt/airflow/dags/indicator_dag.py
[2025-04-24T18:36:17.210+0000] {processor.py:830} INFO - Processing file /opt/airflow/dags/indicator_dag.py for tasks to queue
[2025-04-24T18:36:17.211+0000] {logging_mixin.py:188} INFO - [2025-04-24T18:36:17.211+0000] {dagbag.py:538} INFO - Filling up the DagBag from /opt/airflow/dags/indicator_dag.py
[2025-04-24T18:36:17.677+0000] {processor.py:840} INFO - DAG(s) 'read_excel_from_mongo_dag_with_rsi' retrieved from /opt/airflow/dags/indicator_dag.py
[2025-04-24T18:36:17.701+0000] {logging_mixin.py:188} INFO - [2025-04-24T18:36:17.701+0000] {dag.py:3036} INFO - Sync 1 DAGs
[2025-04-24T18:36:17.712+0000] {logging_mixin.py:188} INFO - [2025-04-24T18:36:17.712+0000] {dag.py:3823} INFO - Setting next_dagrun for read_excel_from_mongo_dag_with_rsi to None, run_after=None
[2025-04-24T18:36:17.729+0000] {processor.py:183} INFO - Processing /opt/airflow/dags/indicator_dag.py took 0.524 seconds
[2025-04-24T18:36:48.341+0000] {processor.py:161} INFO - Started process (PID=796) to work on /opt/airflow/dags/indicator_dag.py
[2025-04-24T18:36:48.346+0000] {processor.py:830} INFO - Processing file /opt/airflow/dags/indicator_dag.py for tasks to queue
[2025-04-24T18:36:48.347+0000] {logging_mixin.py:188} INFO - [2025-04-24T18:36:48.347+0000] {dagbag.py:538} INFO - Filling up the DagBag from /opt/airflow/dags/indicator_dag.py
[2025-04-24T18:36:50.120+0000] {processor.py:840} INFO - DAG(s) 'read_excel_from_mongo_dag_with_rsi' retrieved from /opt/airflow/dags/indicator_dag.py
[2025-04-24T18:36:50.154+0000] {logging_mixin.py:188} INFO - [2025-04-24T18:36:50.154+0000] {dag.py:3036} INFO - Sync 1 DAGs
[2025-04-24T18:36:50.166+0000] {logging_mixin.py:188} INFO - [2025-04-24T18:36:50.165+0000] {dag.py:3823} INFO - Setting next_dagrun for read_excel_from_mongo_dag_with_rsi to None, run_after=None
[2025-04-24T18:36:50.181+0000] {processor.py:183} INFO - Processing /opt/airflow/dags/indicator_dag.py took 0.959 seconds
[2025-04-24T18:36:53.244+0000] {processor.py:161} INFO - Started process (PID=811) to work on /opt/airflow/dags/indicator_dag.py
[2025-04-24T18:36:53.246+0000] {processor.py:830} INFO - Processing file /opt/airflow/dags/indicator_dag.py for tasks to queue
[2025-04-24T18:36:53.247+0000] {logging_mixin.py:188} INFO - [2025-04-24T18:36:53.247+0000] {dagbag.py:538} INFO - Filling up the DagBag from /opt/airflow/dags/indicator_dag.py
[2025-04-24T18:36:53.913+0000] {processor.py:840} INFO - DAG(s) 'read_excel_from_mongo_dag_with_rsi' retrieved from /opt/airflow/dags/indicator_dag.py
[2025-04-24T18:36:53.954+0000] {logging_mixin.py:188} INFO - [2025-04-24T18:36:53.953+0000] {dag.py:3036} INFO - Sync 1 DAGs
[2025-04-24T18:36:53.976+0000] {logging_mixin.py:188} INFO - [2025-04-24T18:36:53.975+0000] {dag.py:3823} INFO - Setting next_dagrun for read_excel_from_mongo_dag_with_rsi to None, run_after=None
[2025-04-24T18:36:54.014+0000] {processor.py:183} INFO - Processing /opt/airflow/dags/indicator_dag.py took 0.775 seconds
[2025-04-24T18:37:25.107+0000] {processor.py:161} INFO - Started process (PID=822) to work on /opt/airflow/dags/indicator_dag.py
[2025-04-24T18:37:25.111+0000] {processor.py:830} INFO - Processing file /opt/airflow/dags/indicator_dag.py for tasks to queue
[2025-04-24T18:37:25.116+0000] {logging_mixin.py:188} INFO - [2025-04-24T18:37:25.112+0000] {dagbag.py:538} INFO - Filling up the DagBag from /opt/airflow/dags/indicator_dag.py
[2025-04-24T18:37:48.031+0000] {processor.py:840} INFO - DAG(s) 'read_excel_from_mongo_dag_with_rsi' retrieved from /opt/airflow/dags/indicator_dag.py
[2025-04-24T18:37:48.146+0000] {logging_mixin.py:188} INFO - [2025-04-24T18:37:48.144+0000] {dag.py:3036} INFO - Sync 1 DAGs
[2025-04-24T18:37:48.173+0000] {logging_mixin.py:188} INFO - [2025-04-24T18:37:48.173+0000] {dag.py:3823} INFO - Setting next_dagrun for read_excel_from_mongo_dag_with_rsi to None, run_after=None
[2025-04-24T18:37:48.217+0000] {processor.py:183} INFO - Processing /opt/airflow/dags/indicator_dag.py took 21.212 seconds
[2025-04-24T18:38:21.351+0000] {processor.py:161} INFO - Started process (PID=838) to work on /opt/airflow/dags/indicator_dag.py
[2025-04-24T18:38:21.358+0000] {processor.py:830} INFO - Processing file /opt/airflow/dags/indicator_dag.py for tasks to queue
[2025-04-24T18:38:21.367+0000] {logging_mixin.py:188} INFO - [2025-04-24T18:38:21.364+0000] {dagbag.py:538} INFO - Filling up the DagBag from /opt/airflow/dags/indicator_dag.py
[2025-04-24T18:38:23.680+0000] {processor.py:840} INFO - DAG(s) 'read_excel_from_mongo_dag_with_rsi' retrieved from /opt/airflow/dags/indicator_dag.py
[2025-04-24T18:38:23.882+0000] {logging_mixin.py:188} INFO - [2025-04-24T18:38:23.877+0000] {dag.py:3036} INFO - Sync 1 DAGs
[2025-04-24T18:38:23.898+0000] {logging_mixin.py:188} INFO - [2025-04-24T18:38:23.898+0000] {dag.py:3823} INFO - Setting next_dagrun for read_excel_from_mongo_dag_with_rsi to None, run_after=None
[2025-04-24T18:38:23.928+0000] {processor.py:183} INFO - Processing /opt/airflow/dags/indicator_dag.py took 2.616 seconds
[2025-04-24T18:38:54.796+0000] {processor.py:161} INFO - Started process (PID=864) to work on /opt/airflow/dags/indicator_dag.py
[2025-04-24T18:38:54.799+0000] {processor.py:830} INFO - Processing file /opt/airflow/dags/indicator_dag.py for tasks to queue
[2025-04-24T18:38:54.800+0000] {logging_mixin.py:188} INFO - [2025-04-24T18:38:54.799+0000] {dagbag.py:538} INFO - Filling up the DagBag from /opt/airflow/dags/indicator_dag.py
[2025-04-24T18:38:55.783+0000] {processor.py:840} INFO - DAG(s) 'read_excel_from_mongo_dag_with_rsi' retrieved from /opt/airflow/dags/indicator_dag.py
[2025-04-24T18:38:55.884+0000] {logging_mixin.py:188} INFO - [2025-04-24T18:38:55.881+0000] {dag.py:3036} INFO - Sync 1 DAGs
[2025-04-24T18:38:55.900+0000] {logging_mixin.py:188} INFO - [2025-04-24T18:38:55.900+0000] {dag.py:3823} INFO - Setting next_dagrun for read_excel_from_mongo_dag_with_rsi to None, run_after=None
[2025-04-24T18:38:55.921+0000] {processor.py:183} INFO - Processing /opt/airflow/dags/indicator_dag.py took 1.132 seconds
[2025-04-24T18:39:26.825+0000] {processor.py:161} INFO - Started process (PID=881) to work on /opt/airflow/dags/indicator_dag.py
[2025-04-24T18:39:26.826+0000] {processor.py:830} INFO - Processing file /opt/airflow/dags/indicator_dag.py for tasks to queue
[2025-04-24T18:39:26.827+0000] {logging_mixin.py:188} INFO - [2025-04-24T18:39:26.827+0000] {dagbag.py:538} INFO - Filling up the DagBag from /opt/airflow/dags/indicator_dag.py
[2025-04-24T18:39:27.547+0000] {processor.py:840} INFO - DAG(s) 'read_excel_from_mongo_dag_with_rsi' retrieved from /opt/airflow/dags/indicator_dag.py
[2025-04-24T18:39:27.618+0000] {logging_mixin.py:188} INFO - [2025-04-24T18:39:27.617+0000] {dag.py:3036} INFO - Sync 1 DAGs
[2025-04-24T18:39:27.629+0000] {logging_mixin.py:188} INFO - [2025-04-24T18:39:27.629+0000] {dag.py:3823} INFO - Setting next_dagrun for read_excel_from_mongo_dag_with_rsi to None, run_after=None
[2025-04-24T18:39:27.653+0000] {processor.py:183} INFO - Processing /opt/airflow/dags/indicator_dag.py took 0.831 seconds
[2025-04-24T18:39:59.526+0000] {processor.py:161} INFO - Started process (PID=896) to work on /opt/airflow/dags/indicator_dag.py
[2025-04-24T18:39:59.528+0000] {processor.py:830} INFO - Processing file /opt/airflow/dags/indicator_dag.py for tasks to queue
[2025-04-24T18:39:59.529+0000] {logging_mixin.py:188} INFO - [2025-04-24T18:39:59.528+0000] {dagbag.py:538} INFO - Filling up the DagBag from /opt/airflow/dags/indicator_dag.py
[2025-04-24T18:40:00.387+0000] {processor.py:840} INFO - DAG(s) 'read_excel_from_mongo_dag_with_rsi' retrieved from /opt/airflow/dags/indicator_dag.py
[2025-04-24T18:40:00.483+0000] {logging_mixin.py:188} INFO - [2025-04-24T18:40:00.480+0000] {dag.py:3036} INFO - Sync 1 DAGs
[2025-04-24T18:40:00.493+0000] {logging_mixin.py:188} INFO - [2025-04-24T18:40:00.493+0000] {dag.py:3823} INFO - Setting next_dagrun for read_excel_from_mongo_dag_with_rsi to None, run_after=None
[2025-04-24T18:40:00.514+0000] {processor.py:183} INFO - Processing /opt/airflow/dags/indicator_dag.py took 0.994 seconds
[2025-04-24T18:40:32.428+0000] {processor.py:161} INFO - Started process (PID=911) to work on /opt/airflow/dags/indicator_dag.py
[2025-04-24T18:40:32.429+0000] {processor.py:830} INFO - Processing file /opt/airflow/dags/indicator_dag.py for tasks to queue
[2025-04-24T18:40:32.431+0000] {logging_mixin.py:188} INFO - [2025-04-24T18:40:32.430+0000] {dagbag.py:538} INFO - Filling up the DagBag from /opt/airflow/dags/indicator_dag.py
[2025-04-24T18:40:33.051+0000] {processor.py:840} INFO - DAG(s) 'read_excel_from_mongo_dag_with_rsi' retrieved from /opt/airflow/dags/indicator_dag.py
[2025-04-24T18:40:33.134+0000] {logging_mixin.py:188} INFO - [2025-04-24T18:40:33.134+0000] {dag.py:3036} INFO - Sync 1 DAGs
[2025-04-24T18:40:33.144+0000] {logging_mixin.py:188} INFO - [2025-04-24T18:40:33.144+0000] {dag.py:3823} INFO - Setting next_dagrun for read_excel_from_mongo_dag_with_rsi to None, run_after=None
[2025-04-24T18:40:33.163+0000] {processor.py:183} INFO - Processing /opt/airflow/dags/indicator_dag.py took 0.738 seconds
[2025-04-24T18:41:05.060+0000] {processor.py:161} INFO - Started process (PID=926) to work on /opt/airflow/dags/indicator_dag.py
[2025-04-24T18:41:05.061+0000] {processor.py:830} INFO - Processing file /opt/airflow/dags/indicator_dag.py for tasks to queue
[2025-04-24T18:41:05.062+0000] {logging_mixin.py:188} INFO - [2025-04-24T18:41:05.062+0000] {dagbag.py:538} INFO - Filling up the DagBag from /opt/airflow/dags/indicator_dag.py
[2025-04-24T18:41:05.942+0000] {processor.py:840} INFO - DAG(s) 'read_excel_from_mongo_dag_with_rsi' retrieved from /opt/airflow/dags/indicator_dag.py
[2025-04-24T18:41:06.033+0000] {logging_mixin.py:188} INFO - [2025-04-24T18:41:06.029+0000] {dag.py:3036} INFO - Sync 1 DAGs
[2025-04-24T18:41:06.044+0000] {logging_mixin.py:188} INFO - [2025-04-24T18:41:06.044+0000] {dag.py:3823} INFO - Setting next_dagrun for read_excel_from_mongo_dag_with_rsi to None, run_after=None
[2025-04-24T18:41:06.062+0000] {processor.py:183} INFO - Processing /opt/airflow/dags/indicator_dag.py took 1.013 seconds
[2025-04-24T18:41:37.954+0000] {processor.py:161} INFO - Started process (PID=941) to work on /opt/airflow/dags/indicator_dag.py
[2025-04-24T18:41:37.955+0000] {processor.py:830} INFO - Processing file /opt/airflow/dags/indicator_dag.py for tasks to queue
[2025-04-24T18:41:37.956+0000] {logging_mixin.py:188} INFO - [2025-04-24T18:41:37.955+0000] {dagbag.py:538} INFO - Filling up the DagBag from /opt/airflow/dags/indicator_dag.py
[2025-04-24T18:41:38.657+0000] {processor.py:840} INFO - DAG(s) 'read_excel_from_mongo_dag_with_rsi' retrieved from /opt/airflow/dags/indicator_dag.py
[2025-04-24T18:41:38.748+0000] {logging_mixin.py:188} INFO - [2025-04-24T18:41:38.745+0000] {dag.py:3036} INFO - Sync 1 DAGs
[2025-04-24T18:41:38.757+0000] {logging_mixin.py:188} INFO - [2025-04-24T18:41:38.757+0000] {dag.py:3823} INFO - Setting next_dagrun for read_excel_from_mongo_dag_with_rsi to None, run_after=None
[2025-04-24T18:41:38.774+0000] {processor.py:183} INFO - Processing /opt/airflow/dags/indicator_dag.py took 0.824 seconds
[2025-04-24T18:42:10.657+0000] {processor.py:161} INFO - Started process (PID=956) to work on /opt/airflow/dags/indicator_dag.py
[2025-04-24T18:42:10.658+0000] {processor.py:830} INFO - Processing file /opt/airflow/dags/indicator_dag.py for tasks to queue
[2025-04-24T18:42:10.658+0000] {logging_mixin.py:188} INFO - [2025-04-24T18:42:10.658+0000] {dagbag.py:538} INFO - Filling up the DagBag from /opt/airflow/dags/indicator_dag.py
[2025-04-24T18:42:11.296+0000] {processor.py:840} INFO - DAG(s) 'read_excel_from_mongo_dag_with_rsi' retrieved from /opt/airflow/dags/indicator_dag.py
[2025-04-24T18:42:11.370+0000] {logging_mixin.py:188} INFO - [2025-04-24T18:42:11.370+0000] {dag.py:3036} INFO - Sync 1 DAGs
[2025-04-24T18:42:11.380+0000] {logging_mixin.py:188} INFO - [2025-04-24T18:42:11.380+0000] {dag.py:3823} INFO - Setting next_dagrun for read_excel_from_mongo_dag_with_rsi to None, run_after=None
[2025-04-24T18:42:11.397+0000] {processor.py:183} INFO - Processing /opt/airflow/dags/indicator_dag.py took 0.743 seconds
[2025-04-24T18:42:43.264+0000] {processor.py:161} INFO - Started process (PID=971) to work on /opt/airflow/dags/indicator_dag.py
[2025-04-24T18:42:43.265+0000] {processor.py:830} INFO - Processing file /opt/airflow/dags/indicator_dag.py for tasks to queue
[2025-04-24T18:42:43.266+0000] {logging_mixin.py:188} INFO - [2025-04-24T18:42:43.266+0000] {dagbag.py:538} INFO - Filling up the DagBag from /opt/airflow/dags/indicator_dag.py
[2025-04-24T18:42:43.875+0000] {processor.py:840} INFO - DAG(s) 'read_excel_from_mongo_dag_with_rsi' retrieved from /opt/airflow/dags/indicator_dag.py
[2025-04-24T18:42:43.953+0000] {logging_mixin.py:188} INFO - [2025-04-24T18:42:43.953+0000] {dag.py:3036} INFO - Sync 1 DAGs
[2025-04-24T18:42:43.964+0000] {logging_mixin.py:188} INFO - [2025-04-24T18:42:43.964+0000] {dag.py:3823} INFO - Setting next_dagrun for read_excel_from_mongo_dag_with_rsi to None, run_after=None
[2025-04-24T18:42:43.983+0000] {processor.py:183} INFO - Processing /opt/airflow/dags/indicator_dag.py took 0.722 seconds
[2025-04-24T18:43:15.904+0000] {processor.py:161} INFO - Started process (PID=986) to work on /opt/airflow/dags/indicator_dag.py
[2025-04-24T18:43:15.905+0000] {processor.py:830} INFO - Processing file /opt/airflow/dags/indicator_dag.py for tasks to queue
[2025-04-24T18:43:15.906+0000] {logging_mixin.py:188} INFO - [2025-04-24T18:43:15.906+0000] {dagbag.py:538} INFO - Filling up the DagBag from /opt/airflow/dags/indicator_dag.py
[2025-04-24T18:43:16.595+0000] {processor.py:840} INFO - DAG(s) 'read_excel_from_mongo_dag_with_rsi' retrieved from /opt/airflow/dags/indicator_dag.py
[2025-04-24T18:43:16.688+0000] {logging_mixin.py:188} INFO - [2025-04-24T18:43:16.686+0000] {dag.py:3036} INFO - Sync 1 DAGs
[2025-04-24T18:43:16.698+0000] {logging_mixin.py:188} INFO - [2025-04-24T18:43:16.698+0000] {dag.py:3823} INFO - Setting next_dagrun for read_excel_from_mongo_dag_with_rsi to None, run_after=None
[2025-04-24T18:43:16.714+0000] {processor.py:183} INFO - Processing /opt/airflow/dags/indicator_dag.py took 0.813 seconds
[2025-04-24T18:43:48.632+0000] {processor.py:161} INFO - Started process (PID=1000) to work on /opt/airflow/dags/indicator_dag.py
[2025-04-24T18:43:48.634+0000] {processor.py:830} INFO - Processing file /opt/airflow/dags/indicator_dag.py for tasks to queue
[2025-04-24T18:43:48.635+0000] {logging_mixin.py:188} INFO - [2025-04-24T18:43:48.634+0000] {dagbag.py:538} INFO - Filling up the DagBag from /opt/airflow/dags/indicator_dag.py
[2025-04-24T18:43:49.430+0000] {processor.py:840} INFO - DAG(s) 'read_excel_from_mongo_dag_with_rsi' retrieved from /opt/airflow/dags/indicator_dag.py
[2025-04-24T18:43:49.534+0000] {logging_mixin.py:188} INFO - [2025-04-24T18:43:49.531+0000] {dag.py:3036} INFO - Sync 1 DAGs
[2025-04-24T18:43:49.544+0000] {logging_mixin.py:188} INFO - [2025-04-24T18:43:49.544+0000] {dag.py:3823} INFO - Setting next_dagrun for read_excel_from_mongo_dag_with_rsi to None, run_after=None
[2025-04-24T18:43:49.564+0000] {processor.py:183} INFO - Processing /opt/airflow/dags/indicator_dag.py took 0.936 seconds
[2025-04-24T18:44:21.453+0000] {processor.py:161} INFO - Started process (PID=1015) to work on /opt/airflow/dags/indicator_dag.py
[2025-04-24T18:44:21.454+0000] {processor.py:830} INFO - Processing file /opt/airflow/dags/indicator_dag.py for tasks to queue
[2025-04-24T18:44:21.454+0000] {logging_mixin.py:188} INFO - [2025-04-24T18:44:21.454+0000] {dagbag.py:538} INFO - Filling up the DagBag from /opt/airflow/dags/indicator_dag.py
[2025-04-24T18:44:22.177+0000] {processor.py:840} INFO - DAG(s) 'read_excel_from_mongo_dag_with_rsi' retrieved from /opt/airflow/dags/indicator_dag.py
[2025-04-24T18:44:22.276+0000] {logging_mixin.py:188} INFO - [2025-04-24T18:44:22.274+0000] {dag.py:3036} INFO - Sync 1 DAGs
[2025-04-24T18:44:22.285+0000] {logging_mixin.py:188} INFO - [2025-04-24T18:44:22.285+0000] {dag.py:3823} INFO - Setting next_dagrun for read_excel_from_mongo_dag_with_rsi to None, run_after=None
[2025-04-24T18:44:22.304+0000] {processor.py:183} INFO - Processing /opt/airflow/dags/indicator_dag.py took 0.854 seconds
[2025-04-24T18:44:54.193+0000] {processor.py:161} INFO - Started process (PID=1029) to work on /opt/airflow/dags/indicator_dag.py
[2025-04-24T18:44:54.194+0000] {processor.py:830} INFO - Processing file /opt/airflow/dags/indicator_dag.py for tasks to queue
[2025-04-24T18:44:54.195+0000] {logging_mixin.py:188} INFO - [2025-04-24T18:44:54.194+0000] {dagbag.py:538} INFO - Filling up the DagBag from /opt/airflow/dags/indicator_dag.py
[2025-04-24T18:44:54.966+0000] {processor.py:840} INFO - DAG(s) 'read_excel_from_mongo_dag_with_rsi' retrieved from /opt/airflow/dags/indicator_dag.py
[2025-04-24T18:44:55.115+0000] {logging_mixin.py:188} INFO - [2025-04-24T18:44:55.110+0000] {dag.py:3036} INFO - Sync 1 DAGs
[2025-04-24T18:44:55.139+0000] {logging_mixin.py:188} INFO - [2025-04-24T18:44:55.139+0000] {dag.py:3823} INFO - Setting next_dagrun for read_excel_from_mongo_dag_with_rsi to None, run_after=None
[2025-04-24T18:44:55.166+0000] {processor.py:183} INFO - Processing /opt/airflow/dags/indicator_dag.py took 0.978 seconds
[2025-04-24T18:45:27.075+0000] {processor.py:161} INFO - Started process (PID=1044) to work on /opt/airflow/dags/indicator_dag.py
[2025-04-24T18:45:27.076+0000] {processor.py:830} INFO - Processing file /opt/airflow/dags/indicator_dag.py for tasks to queue
[2025-04-24T18:45:27.077+0000] {logging_mixin.py:188} INFO - [2025-04-24T18:45:27.077+0000] {dagbag.py:538} INFO - Filling up the DagBag from /opt/airflow/dags/indicator_dag.py
[2025-04-24T18:45:27.869+0000] {processor.py:840} INFO - DAG(s) 'read_excel_from_mongo_dag_with_rsi' retrieved from /opt/airflow/dags/indicator_dag.py
[2025-04-24T18:45:28.087+0000] {logging_mixin.py:188} INFO - [2025-04-24T18:45:28.081+0000] {dag.py:3036} INFO - Sync 1 DAGs
[2025-04-24T18:45:28.101+0000] {logging_mixin.py:188} INFO - [2025-04-24T18:45:28.101+0000] {dag.py:3823} INFO - Setting next_dagrun for read_excel_from_mongo_dag_with_rsi to None, run_after=None
[2025-04-24T18:45:28.141+0000] {processor.py:183} INFO - Processing /opt/airflow/dags/indicator_dag.py took 1.071 seconds
[2025-04-24T18:45:49.288+0000] {processor.py:161} INFO - Started process (PID=1059) to work on /opt/airflow/dags/indicator_dag.py
[2025-04-24T18:45:49.289+0000] {processor.py:830} INFO - Processing file /opt/airflow/dags/indicator_dag.py for tasks to queue
[2025-04-24T18:45:49.289+0000] {logging_mixin.py:188} INFO - [2025-04-24T18:45:49.289+0000] {dagbag.py:538} INFO - Filling up the DagBag from /opt/airflow/dags/indicator_dag.py
[2025-04-24T18:45:50.126+0000] {processor.py:840} INFO - DAG(s) 'read_excel_from_mongo_dag_with_rsi' retrieved from /opt/airflow/dags/indicator_dag.py
[2025-04-24T18:45:50.203+0000] {logging_mixin.py:188} INFO - [2025-04-24T18:45:50.201+0000] {dag.py:3036} INFO - Sync 1 DAGs
[2025-04-24T18:45:50.214+0000] {logging_mixin.py:188} INFO - [2025-04-24T18:45:50.214+0000] {dag.py:3823} INFO - Setting next_dagrun for read_excel_from_mongo_dag_with_rsi to None, run_after=None
[2025-04-24T18:45:50.237+0000] {processor.py:183} INFO - Processing /opt/airflow/dags/indicator_dag.py took 0.953 seconds
[2025-04-24T18:46:20.609+0000] {processor.py:161} INFO - Started process (PID=1074) to work on /opt/airflow/dags/indicator_dag.py
[2025-04-24T18:46:20.611+0000] {processor.py:830} INFO - Processing file /opt/airflow/dags/indicator_dag.py for tasks to queue
[2025-04-24T18:46:20.613+0000] {logging_mixin.py:188} INFO - [2025-04-24T18:46:20.612+0000] {dagbag.py:538} INFO - Filling up the DagBag from /opt/airflow/dags/indicator_dag.py
[2025-04-24T18:46:41.200+0000] {processor.py:840} INFO - DAG(s) 'read_excel_from_mongo_dag_with_rsi' retrieved from /opt/airflow/dags/indicator_dag.py
[2025-04-24T18:46:41.309+0000] {logging_mixin.py:188} INFO - [2025-04-24T18:46:41.304+0000] {dag.py:3036} INFO - Sync 1 DAGs
[2025-04-24T18:46:41.344+0000] {logging_mixin.py:188} INFO - [2025-04-24T18:46:41.344+0000] {dag.py:3823} INFO - Setting next_dagrun for read_excel_from_mongo_dag_with_rsi to None, run_after=None
[2025-04-24T18:46:41.383+0000] {processor.py:183} INFO - Processing /opt/airflow/dags/indicator_dag.py took 17.388 seconds
[2025-04-24T18:46:50.004+0000] {processor.py:161} INFO - Started process (PID=1082) to work on /opt/airflow/dags/indicator_dag.py
[2025-04-24T18:46:50.009+0000] {processor.py:830} INFO - Processing file /opt/airflow/dags/indicator_dag.py for tasks to queue
[2025-04-24T18:46:50.013+0000] {logging_mixin.py:188} INFO - [2025-04-24T18:46:50.011+0000] {dagbag.py:538} INFO - Filling up the DagBag from /opt/airflow/dags/indicator_dag.py
[2025-04-24T18:46:51.658+0000] {processor.py:840} INFO - DAG(s) 'read_excel_from_mongo_dag_with_rsi' retrieved from /opt/airflow/dags/indicator_dag.py
[2025-04-24T18:46:51.726+0000] {logging_mixin.py:188} INFO - [2025-04-24T18:46:51.726+0000] {taskinstance.py:2700} ERROR - {'DAG Id': 'read_excel_from_mongo_dag_with_rsi', 'Task Id': 'fetch_excel_from_mongo', 'Run Id': 'manual__2025-04-24T18:45:54.610296+00:00', 'Hostname': '8291240c5d79'}
[2025-04-24T18:46:51.759+0000] {logging_mixin.py:188} INFO - [2025-04-24T18:46:51.758+0000] {taskinstance.py:1138} INFO - Marking task as UP_FOR_RETRY. dag_id=read_excel_from_mongo_dag_with_rsi, task_id=fetch_excel_from_mongo, execution_date=20250424T184554, start_date=20250424T184559, end_date=20250424T184651
[2025-04-24T18:46:51.774+0000] {processor.py:791} INFO - Executed failure callback for <TaskInstance: read_excel_from_mongo_dag_with_rsi.fetch_excel_from_mongo manual__2025-04-24T18:45:54.610296+00:00 [up_for_retry]> in state up_for_retry
[2025-04-24T18:46:51.813+0000] {logging_mixin.py:188} INFO - [2025-04-24T18:46:51.812+0000] {dag.py:3036} INFO - Sync 1 DAGs
[2025-04-24T18:46:51.831+0000] {logging_mixin.py:188} INFO - [2025-04-24T18:46:51.830+0000] {dag.py:3823} INFO - Setting next_dagrun for read_excel_from_mongo_dag_with_rsi to None, run_after=None
[2025-04-24T18:46:51.855+0000] {processor.py:183} INFO - Processing /opt/airflow/dags/indicator_dag.py took 1.869 seconds
[2025-04-24T18:47:21.922+0000] {processor.py:161} INFO - Started process (PID=1097) to work on /opt/airflow/dags/indicator_dag.py
[2025-04-24T18:47:21.929+0000] {processor.py:830} INFO - Processing file /opt/airflow/dags/indicator_dag.py for tasks to queue
[2025-04-24T18:47:21.930+0000] {logging_mixin.py:188} INFO - [2025-04-24T18:47:21.930+0000] {dagbag.py:538} INFO - Filling up the DagBag from /opt/airflow/dags/indicator_dag.py
[2025-04-24T18:47:22.612+0000] {processor.py:840} INFO - DAG(s) 'read_excel_from_mongo_dag_with_rsi' retrieved from /opt/airflow/dags/indicator_dag.py
[2025-04-24T18:47:22.679+0000] {logging_mixin.py:188} INFO - [2025-04-24T18:47:22.679+0000] {dag.py:3036} INFO - Sync 1 DAGs
[2025-04-24T18:47:22.688+0000] {logging_mixin.py:188} INFO - [2025-04-24T18:47:22.688+0000] {dag.py:3823} INFO - Setting next_dagrun for read_excel_from_mongo_dag_with_rsi to None, run_after=None
[2025-04-24T18:47:22.702+0000] {processor.py:183} INFO - Processing /opt/airflow/dags/indicator_dag.py took 0.787 seconds
[2025-04-24T18:47:48.576+0000] {processor.py:161} INFO - Started process (PID=1112) to work on /opt/airflow/dags/indicator_dag.py
[2025-04-24T18:47:48.577+0000] {processor.py:830} INFO - Processing file /opt/airflow/dags/indicator_dag.py for tasks to queue
[2025-04-24T18:47:48.578+0000] {logging_mixin.py:188} INFO - [2025-04-24T18:47:48.577+0000] {dagbag.py:538} INFO - Filling up the DagBag from /opt/airflow/dags/indicator_dag.py
[2025-04-24T18:47:49.024+0000] {processor.py:840} INFO - DAG(s) 'read_excel_from_mongo_dag_with_rsi' retrieved from /opt/airflow/dags/indicator_dag.py
[2025-04-24T18:47:49.047+0000] {logging_mixin.py:188} INFO - [2025-04-24T18:47:49.047+0000] {dag.py:3036} INFO - Sync 1 DAGs
[2025-04-24T18:47:49.056+0000] {logging_mixin.py:188} INFO - [2025-04-24T18:47:49.056+0000] {dag.py:3823} INFO - Setting next_dagrun for read_excel_from_mongo_dag_with_rsi to None, run_after=None
[2025-04-24T18:47:49.075+0000] {processor.py:183} INFO - Processing /opt/airflow/dags/indicator_dag.py took 0.501 seconds
[2025-04-24T18:48:19.451+0000] {processor.py:161} INFO - Started process (PID=1124) to work on /opt/airflow/dags/indicator_dag.py
[2025-04-24T18:48:19.453+0000] {processor.py:830} INFO - Processing file /opt/airflow/dags/indicator_dag.py for tasks to queue
[2025-04-24T18:48:19.454+0000] {logging_mixin.py:188} INFO - [2025-04-24T18:48:19.454+0000] {dagbag.py:538} INFO - Filling up the DagBag from /opt/airflow/dags/indicator_dag.py
[2025-04-24T18:48:20.492+0000] {processor.py:840} INFO - DAG(s) 'read_excel_from_mongo_dag_with_rsi' retrieved from /opt/airflow/dags/indicator_dag.py
[2025-04-24T18:48:20.540+0000] {logging_mixin.py:188} INFO - [2025-04-24T18:48:20.537+0000] {dag.py:3036} INFO - Sync 1 DAGs
[2025-04-24T18:48:20.553+0000] {logging_mixin.py:188} INFO - [2025-04-24T18:48:20.552+0000] {dag.py:3823} INFO - Setting next_dagrun for read_excel_from_mongo_dag_with_rsi to None, run_after=None
[2025-04-24T18:48:20.575+0000] {processor.py:183} INFO - Processing /opt/airflow/dags/indicator_dag.py took 1.130 seconds
[2025-04-24T18:48:51.448+0000] {processor.py:161} INFO - Started process (PID=1147) to work on /opt/airflow/dags/indicator_dag.py
[2025-04-24T18:48:51.449+0000] {processor.py:830} INFO - Processing file /opt/airflow/dags/indicator_dag.py for tasks to queue
[2025-04-24T18:48:51.450+0000] {logging_mixin.py:188} INFO - [2025-04-24T18:48:51.449+0000] {dagbag.py:538} INFO - Filling up the DagBag from /opt/airflow/dags/indicator_dag.py
[2025-04-24T18:48:52.290+0000] {processor.py:840} INFO - DAG(s) 'read_excel_from_mongo_dag_with_rsi' retrieved from /opt/airflow/dags/indicator_dag.py
[2025-04-24T18:48:52.423+0000] {logging_mixin.py:188} INFO - [2025-04-24T18:48:52.420+0000] {dag.py:3036} INFO - Sync 1 DAGs
[2025-04-24T18:48:52.441+0000] {logging_mixin.py:188} INFO - [2025-04-24T18:48:52.440+0000] {dag.py:3823} INFO - Setting next_dagrun for read_excel_from_mongo_dag_with_rsi to None, run_after=None
[2025-04-24T18:48:52.472+0000] {processor.py:183} INFO - Processing /opt/airflow/dags/indicator_dag.py took 1.027 seconds
[2025-04-24T18:48:59.545+0000] {processor.py:161} INFO - Started process (PID=1161) to work on /opt/airflow/dags/indicator_dag.py
[2025-04-24T18:48:59.545+0000] {processor.py:830} INFO - Processing file /opt/airflow/dags/indicator_dag.py for tasks to queue
[2025-04-24T18:48:59.546+0000] {logging_mixin.py:188} INFO - [2025-04-24T18:48:59.546+0000] {dagbag.py:538} INFO - Filling up the DagBag from /opt/airflow/dags/indicator_dag.py
[2025-04-24T18:49:00.388+0000] {processor.py:840} INFO - DAG(s) 'read_excel_from_mongo_dag_with_rsi' retrieved from /opt/airflow/dags/indicator_dag.py
[2025-04-24T18:49:00.446+0000] {logging_mixin.py:188} INFO - [2025-04-24T18:49:00.444+0000] {dag.py:3036} INFO - Sync 1 DAGs
[2025-04-24T18:49:00.459+0000] {logging_mixin.py:188} INFO - [2025-04-24T18:49:00.459+0000] {dag.py:3823} INFO - Setting next_dagrun for read_excel_from_mongo_dag_with_rsi to None, run_after=None
[2025-04-24T18:49:00.487+0000] {processor.py:183} INFO - Processing /opt/airflow/dags/indicator_dag.py took 0.946 seconds
[2025-04-24T18:49:31.385+0000] {processor.py:161} INFO - Started process (PID=1191) to work on /opt/airflow/dags/indicator_dag.py
[2025-04-24T18:49:31.387+0000] {processor.py:830} INFO - Processing file /opt/airflow/dags/indicator_dag.py for tasks to queue
[2025-04-24T18:49:31.388+0000] {logging_mixin.py:188} INFO - [2025-04-24T18:49:31.388+0000] {dagbag.py:538} INFO - Filling up the DagBag from /opt/airflow/dags/indicator_dag.py
[2025-04-24T18:49:31.997+0000] {processor.py:840} INFO - DAG(s) 'read_excel_from_mongo_dag_with_rsi' retrieved from /opt/airflow/dags/indicator_dag.py
[2025-04-24T18:49:32.066+0000] {logging_mixin.py:188} INFO - [2025-04-24T18:49:32.066+0000] {dag.py:3036} INFO - Sync 1 DAGs
[2025-04-24T18:49:32.077+0000] {logging_mixin.py:188} INFO - [2025-04-24T18:49:32.077+0000] {dag.py:3823} INFO - Setting next_dagrun for read_excel_from_mongo_dag_with_rsi to None, run_after=None
[2025-04-24T18:49:32.101+0000] {processor.py:183} INFO - Processing /opt/airflow/dags/indicator_dag.py took 0.719 seconds
[2025-04-24T18:50:02.297+0000] {processor.py:161} INFO - Started process (PID=1206) to work on /opt/airflow/dags/indicator_dag.py
[2025-04-24T18:50:02.298+0000] {processor.py:830} INFO - Processing file /opt/airflow/dags/indicator_dag.py for tasks to queue
[2025-04-24T18:50:02.299+0000] {logging_mixin.py:188} INFO - [2025-04-24T18:50:02.298+0000] {dagbag.py:538} INFO - Filling up the DagBag from /opt/airflow/dags/indicator_dag.py
[2025-04-24T18:50:02.852+0000] {processor.py:840} INFO - DAG(s) 'read_excel_from_mongo_dag_with_rsi' retrieved from /opt/airflow/dags/indicator_dag.py
[2025-04-24T18:50:02.876+0000] {logging_mixin.py:188} INFO - [2025-04-24T18:50:02.875+0000] {dag.py:3036} INFO - Sync 1 DAGs
[2025-04-24T18:50:02.890+0000] {logging_mixin.py:188} INFO - [2025-04-24T18:50:02.889+0000] {dag.py:3823} INFO - Setting next_dagrun for read_excel_from_mongo_dag_with_rsi to None, run_after=None
[2025-04-24T18:50:02.910+0000] {processor.py:183} INFO - Processing /opt/airflow/dags/indicator_dag.py took 0.617 seconds
[2025-04-24T18:50:33.406+0000] {processor.py:161} INFO - Started process (PID=1221) to work on /opt/airflow/dags/indicator_dag.py
[2025-04-24T18:50:33.407+0000] {processor.py:830} INFO - Processing file /opt/airflow/dags/indicator_dag.py for tasks to queue
[2025-04-24T18:50:33.408+0000] {logging_mixin.py:188} INFO - [2025-04-24T18:50:33.408+0000] {dagbag.py:538} INFO - Filling up the DagBag from /opt/airflow/dags/indicator_dag.py
[2025-04-24T18:50:33.830+0000] {processor.py:840} INFO - DAG(s) 'read_excel_from_mongo_dag_with_rsi' retrieved from /opt/airflow/dags/indicator_dag.py
[2025-04-24T18:50:33.862+0000] {logging_mixin.py:188} INFO - [2025-04-24T18:50:33.861+0000] {dag.py:3036} INFO - Sync 1 DAGs
[2025-04-24T18:50:33.871+0000] {logging_mixin.py:188} INFO - [2025-04-24T18:50:33.870+0000] {dag.py:3823} INFO - Setting next_dagrun for read_excel_from_mongo_dag_with_rsi to None, run_after=None
[2025-04-24T18:50:33.885+0000] {processor.py:183} INFO - Processing /opt/airflow/dags/indicator_dag.py took 0.481 seconds
[2025-04-24T18:51:04.589+0000] {processor.py:161} INFO - Started process (PID=1236) to work on /opt/airflow/dags/indicator_dag.py
[2025-04-24T18:51:04.590+0000] {processor.py:830} INFO - Processing file /opt/airflow/dags/indicator_dag.py for tasks to queue
[2025-04-24T18:51:04.591+0000] {logging_mixin.py:188} INFO - [2025-04-24T18:51:04.590+0000] {dagbag.py:538} INFO - Filling up the DagBag from /opt/airflow/dags/indicator_dag.py
[2025-04-24T18:51:05.126+0000] {processor.py:840} INFO - DAG(s) 'read_excel_from_mongo_dag_with_rsi' retrieved from /opt/airflow/dags/indicator_dag.py
[2025-04-24T18:51:05.158+0000] {logging_mixin.py:188} INFO - [2025-04-24T18:51:05.158+0000] {dag.py:3036} INFO - Sync 1 DAGs
[2025-04-24T18:51:05.168+0000] {logging_mixin.py:188} INFO - [2025-04-24T18:51:05.168+0000] {dag.py:3823} INFO - Setting next_dagrun for read_excel_from_mongo_dag_with_rsi to None, run_after=None
[2025-04-24T18:51:05.185+0000] {processor.py:183} INFO - Processing /opt/airflow/dags/indicator_dag.py took 0.598 seconds
[2025-04-24T18:51:09.761+0000] {processor.py:161} INFO - Started process (PID=1242) to work on /opt/airflow/dags/indicator_dag.py
[2025-04-24T18:51:09.761+0000] {processor.py:830} INFO - Processing file /opt/airflow/dags/indicator_dag.py for tasks to queue
[2025-04-24T18:51:09.762+0000] {logging_mixin.py:188} INFO - [2025-04-24T18:51:09.762+0000] {dagbag.py:538} INFO - Filling up the DagBag from /opt/airflow/dags/indicator_dag.py
[2025-04-24T18:51:10.372+0000] {processor.py:840} INFO - DAG(s) 'read_excel_from_mongo_dag_with_rsi' retrieved from /opt/airflow/dags/indicator_dag.py
[2025-04-24T18:51:10.421+0000] {logging_mixin.py:188} INFO - [2025-04-24T18:51:10.420+0000] {dag.py:3036} INFO - Sync 1 DAGs
[2025-04-24T18:51:10.432+0000] {logging_mixin.py:188} INFO - [2025-04-24T18:51:10.432+0000] {dag.py:3823} INFO - Setting next_dagrun for read_excel_from_mongo_dag_with_rsi to None, run_after=None
[2025-04-24T18:51:10.458+0000] {processor.py:183} INFO - Processing /opt/airflow/dags/indicator_dag.py took 0.700 seconds
[2025-04-24T18:51:41.098+0000] {processor.py:161} INFO - Started process (PID=1271) to work on /opt/airflow/dags/indicator_dag.py
[2025-04-24T18:51:41.100+0000] {processor.py:830} INFO - Processing file /opt/airflow/dags/indicator_dag.py for tasks to queue
[2025-04-24T18:51:41.100+0000] {logging_mixin.py:188} INFO - [2025-04-24T18:51:41.100+0000] {dagbag.py:538} INFO - Filling up the DagBag from /opt/airflow/dags/indicator_dag.py
[2025-04-24T18:51:41.761+0000] {processor.py:840} INFO - DAG(s) 'read_excel_from_mongo_dag_with_rsi' retrieved from /opt/airflow/dags/indicator_dag.py
[2025-04-24T18:51:41.814+0000] {logging_mixin.py:188} INFO - [2025-04-24T18:51:41.814+0000] {dag.py:3036} INFO - Sync 1 DAGs
[2025-04-24T18:51:41.825+0000] {logging_mixin.py:188} INFO - [2025-04-24T18:51:41.825+0000] {dag.py:3823} INFO - Setting next_dagrun for read_excel_from_mongo_dag_with_rsi to None, run_after=None
[2025-04-24T18:51:41.843+0000] {processor.py:183} INFO - Processing /opt/airflow/dags/indicator_dag.py took 0.748 seconds
[2025-04-24T18:52:12.777+0000] {processor.py:161} INFO - Started process (PID=1286) to work on /opt/airflow/dags/indicator_dag.py
[2025-04-24T18:52:12.778+0000] {processor.py:830} INFO - Processing file /opt/airflow/dags/indicator_dag.py for tasks to queue
[2025-04-24T18:52:12.779+0000] {logging_mixin.py:188} INFO - [2025-04-24T18:52:12.779+0000] {dagbag.py:538} INFO - Filling up the DagBag from /opt/airflow/dags/indicator_dag.py
[2025-04-24T18:52:13.417+0000] {processor.py:840} INFO - DAG(s) 'read_excel_from_mongo_dag_with_rsi' retrieved from /opt/airflow/dags/indicator_dag.py
[2025-04-24T18:52:13.495+0000] {logging_mixin.py:188} INFO - [2025-04-24T18:52:13.495+0000] {dag.py:3036} INFO - Sync 1 DAGs
[2025-04-24T18:52:13.504+0000] {logging_mixin.py:188} INFO - [2025-04-24T18:52:13.504+0000] {dag.py:3823} INFO - Setting next_dagrun for read_excel_from_mongo_dag_with_rsi to None, run_after=None
[2025-04-24T18:52:13.520+0000] {processor.py:183} INFO - Processing /opt/airflow/dags/indicator_dag.py took 0.745 seconds
[2025-04-24T18:52:43.633+0000] {processor.py:161} INFO - Started process (PID=1301) to work on /opt/airflow/dags/indicator_dag.py
[2025-04-24T18:52:43.635+0000] {processor.py:830} INFO - Processing file /opt/airflow/dags/indicator_dag.py for tasks to queue
[2025-04-24T18:52:43.635+0000] {logging_mixin.py:188} INFO - [2025-04-24T18:52:43.635+0000] {dagbag.py:538} INFO - Filling up the DagBag from /opt/airflow/dags/indicator_dag.py
[2025-04-24T18:52:44.189+0000] {processor.py:840} INFO - DAG(s) 'read_excel_from_mongo_dag_with_rsi' retrieved from /opt/airflow/dags/indicator_dag.py
[2025-04-24T18:52:44.234+0000] {logging_mixin.py:188} INFO - [2025-04-24T18:52:44.233+0000] {dag.py:3036} INFO - Sync 1 DAGs
[2025-04-24T18:52:44.243+0000] {logging_mixin.py:188} INFO - [2025-04-24T18:52:44.243+0000] {dag.py:3823} INFO - Setting next_dagrun for read_excel_from_mongo_dag_with_rsi to None, run_after=None
[2025-04-24T18:52:44.258+0000] {processor.py:183} INFO - Processing /opt/airflow/dags/indicator_dag.py took 0.627 seconds
[2025-04-24T18:52:44.648+0000] {processor.py:161} INFO - Started process (PID=1307) to work on /opt/airflow/dags/indicator_dag.py
[2025-04-24T18:52:44.649+0000] {processor.py:830} INFO - Processing file /opt/airflow/dags/indicator_dag.py for tasks to queue
[2025-04-24T18:52:44.649+0000] {logging_mixin.py:188} INFO - [2025-04-24T18:52:44.649+0000] {dagbag.py:538} INFO - Filling up the DagBag from /opt/airflow/dags/indicator_dag.py
[2025-04-24T18:52:45.150+0000] {processor.py:840} INFO - DAG(s) 'read_excel_from_mongo_dag_with_rsi' retrieved from /opt/airflow/dags/indicator_dag.py
[2025-04-24T18:52:45.185+0000] {logging_mixin.py:188} INFO - [2025-04-24T18:52:45.185+0000] {dag.py:3036} INFO - Sync 1 DAGs
[2025-04-24T18:52:45.195+0000] {logging_mixin.py:188} INFO - [2025-04-24T18:52:45.194+0000] {dag.py:3823} INFO - Setting next_dagrun for read_excel_from_mongo_dag_with_rsi to None, run_after=None
[2025-04-24T18:52:45.213+0000] {processor.py:183} INFO - Processing /opt/airflow/dags/indicator_dag.py took 0.568 seconds
[2025-04-24T18:53:15.512+0000] {processor.py:161} INFO - Started process (PID=1336) to work on /opt/airflow/dags/indicator_dag.py
[2025-04-24T18:53:15.513+0000] {processor.py:830} INFO - Processing file /opt/airflow/dags/indicator_dag.py for tasks to queue
[2025-04-24T18:53:15.514+0000] {logging_mixin.py:188} INFO - [2025-04-24T18:53:15.514+0000] {dagbag.py:538} INFO - Filling up the DagBag from /opt/airflow/dags/indicator_dag.py
[2025-04-24T18:53:16.190+0000] {processor.py:840} INFO - DAG(s) 'read_excel_from_mongo_dag_with_rsi' retrieved from /opt/airflow/dags/indicator_dag.py
[2025-04-24T18:53:16.236+0000] {logging_mixin.py:188} INFO - [2025-04-24T18:53:16.236+0000] {dag.py:3036} INFO - Sync 1 DAGs
[2025-04-24T18:53:16.248+0000] {logging_mixin.py:188} INFO - [2025-04-24T18:53:16.248+0000] {dag.py:3823} INFO - Setting next_dagrun for read_excel_from_mongo_dag_with_rsi to None, run_after=None
[2025-04-24T18:53:16.264+0000] {processor.py:183} INFO - Processing /opt/airflow/dags/indicator_dag.py took 0.756 seconds
[2025-04-24T18:53:37.375+0000] {processor.py:161} INFO - Started process (PID=1342) to work on /opt/airflow/dags/indicator_dag.py
[2025-04-24T18:53:37.376+0000] {processor.py:830} INFO - Processing file /opt/airflow/dags/indicator_dag.py for tasks to queue
[2025-04-24T18:53:37.377+0000] {logging_mixin.py:188} INFO - [2025-04-24T18:53:37.376+0000] {dagbag.py:538} INFO - Filling up the DagBag from /opt/airflow/dags/indicator_dag.py
[2025-04-24T18:53:37.383+0000] {logging_mixin.py:188} INFO - [2025-04-24T18:53:37.381+0000] {dagbag.py:348} ERROR - Failed to import: /opt/airflow/dags/indicator_dag.py
Traceback (most recent call last):
  File "/home/airflow/.local/lib/python3.10/site-packages/airflow/models/dagbag.py", line 344, in parse
    loader.exec_module(new_module)
  File "<frozen importlib._bootstrap_external>", line 879, in exec_module
  File "<frozen importlib._bootstrap_external>", line 1017, in get_code
  File "<frozen importlib._bootstrap_external>", line 947, in source_to_code
  File "<frozen importlib._bootstrap>", line 241, in _call_with_frames_removed
  File "/opt/airflow/dags/indicator_dag.py", line 66
    password=MYSQL_PASSWORD
             
SyntaxError: invalid syntax. Perhaps you forgot a comma?
[2025-04-24T18:53:37.383+0000] {processor.py:842} WARNING - No viable dags retrieved from /opt/airflow/dags/indicator_dag.py
[2025-04-24T18:53:37.407+0000] {processor.py:183} INFO - Processing /opt/airflow/dags/indicator_dag.py took 0.035 seconds
[2025-04-24T18:53:42.445+0000] {processor.py:161} INFO - Started process (PID=1347) to work on /opt/airflow/dags/indicator_dag.py
[2025-04-24T18:53:42.446+0000] {processor.py:830} INFO - Processing file /opt/airflow/dags/indicator_dag.py for tasks to queue
[2025-04-24T18:53:42.447+0000] {logging_mixin.py:188} INFO - [2025-04-24T18:53:42.447+0000] {dagbag.py:538} INFO - Filling up the DagBag from /opt/airflow/dags/indicator_dag.py
[2025-04-24T18:53:42.995+0000] {processor.py:840} INFO - DAG(s) 'read_excel_from_mongo_dag_with_rsi' retrieved from /opt/airflow/dags/indicator_dag.py
[2025-04-24T18:53:43.041+0000] {logging_mixin.py:188} INFO - [2025-04-24T18:53:43.041+0000] {dag.py:3036} INFO - Sync 1 DAGs
[2025-04-24T18:53:43.051+0000] {logging_mixin.py:188} INFO - [2025-04-24T18:53:43.051+0000] {dag.py:3823} INFO - Setting next_dagrun for read_excel_from_mongo_dag_with_rsi to None, run_after=None
[2025-04-24T18:53:43.071+0000] {processor.py:183} INFO - Processing /opt/airflow/dags/indicator_dag.py took 0.628 seconds
[2025-04-24T18:54:13.935+0000] {processor.py:161} INFO - Started process (PID=1361) to work on /opt/airflow/dags/indicator_dag.py
[2025-04-24T18:54:13.936+0000] {processor.py:830} INFO - Processing file /opt/airflow/dags/indicator_dag.py for tasks to queue
[2025-04-24T18:54:13.937+0000] {logging_mixin.py:188} INFO - [2025-04-24T18:54:13.937+0000] {dagbag.py:538} INFO - Filling up the DagBag from /opt/airflow/dags/indicator_dag.py
[2025-04-24T18:54:14.584+0000] {processor.py:840} INFO - DAG(s) 'read_excel_from_mongo_dag_with_rsi' retrieved from /opt/airflow/dags/indicator_dag.py
[2025-04-24T18:54:14.641+0000] {logging_mixin.py:188} INFO - [2025-04-24T18:54:14.641+0000] {dag.py:3036} INFO - Sync 1 DAGs
[2025-04-24T18:54:14.650+0000] {logging_mixin.py:188} INFO - [2025-04-24T18:54:14.650+0000] {dag.py:3823} INFO - Setting next_dagrun for read_excel_from_mongo_dag_with_rsi to None, run_after=None
[2025-04-24T18:54:14.665+0000] {processor.py:183} INFO - Processing /opt/airflow/dags/indicator_dag.py took 0.733 seconds
[2025-04-24T18:54:44.331+0000] {processor.py:161} INFO - Started process (PID=1376) to work on /opt/airflow/dags/indicator_dag.py
[2025-04-24T18:54:44.333+0000] {processor.py:830} INFO - Processing file /opt/airflow/dags/indicator_dag.py for tasks to queue
[2025-04-24T18:54:44.335+0000] {logging_mixin.py:188} INFO - [2025-04-24T18:54:44.333+0000] {dagbag.py:538} INFO - Filling up the DagBag from /opt/airflow/dags/indicator_dag.py
[2025-04-24T18:54:45.092+0000] {processor.py:840} INFO - DAG(s) 'read_excel_from_mongo_dag_with_rsi' retrieved from /opt/airflow/dags/indicator_dag.py
[2025-04-24T18:54:45.171+0000] {logging_mixin.py:188} INFO - [2025-04-24T18:54:45.170+0000] {dag.py:3036} INFO - Sync 1 DAGs
[2025-04-24T18:54:45.180+0000] {logging_mixin.py:188} INFO - [2025-04-24T18:54:45.180+0000] {dag.py:3823} INFO - Setting next_dagrun for read_excel_from_mongo_dag_with_rsi to None, run_after=None
[2025-04-24T18:54:45.197+0000] {processor.py:183} INFO - Processing /opt/airflow/dags/indicator_dag.py took 0.870 seconds
[2025-04-24T18:55:15.745+0000] {processor.py:161} INFO - Started process (PID=1405) to work on /opt/airflow/dags/indicator_dag.py
[2025-04-24T18:55:15.746+0000] {processor.py:830} INFO - Processing file /opt/airflow/dags/indicator_dag.py for tasks to queue
[2025-04-24T18:55:15.747+0000] {logging_mixin.py:188} INFO - [2025-04-24T18:55:15.746+0000] {dagbag.py:538} INFO - Filling up the DagBag from /opt/airflow/dags/indicator_dag.py
[2025-04-24T18:55:16.322+0000] {processor.py:840} INFO - DAG(s) 'read_excel_from_mongo_dag_with_rsi' retrieved from /opt/airflow/dags/indicator_dag.py
[2025-04-24T18:55:16.354+0000] {logging_mixin.py:188} INFO - [2025-04-24T18:55:16.354+0000] {dag.py:3036} INFO - Sync 1 DAGs
[2025-04-24T18:55:16.364+0000] {logging_mixin.py:188} INFO - [2025-04-24T18:55:16.363+0000] {dag.py:3823} INFO - Setting next_dagrun for read_excel_from_mongo_dag_with_rsi to None, run_after=None
[2025-04-24T18:55:16.377+0000] {processor.py:183} INFO - Processing /opt/airflow/dags/indicator_dag.py took 0.636 seconds
[2025-04-24T18:55:46.709+0000] {processor.py:161} INFO - Started process (PID=1420) to work on /opt/airflow/dags/indicator_dag.py
[2025-04-24T18:55:46.710+0000] {processor.py:830} INFO - Processing file /opt/airflow/dags/indicator_dag.py for tasks to queue
[2025-04-24T18:55:46.711+0000] {logging_mixin.py:188} INFO - [2025-04-24T18:55:46.711+0000] {dagbag.py:538} INFO - Filling up the DagBag from /opt/airflow/dags/indicator_dag.py
[2025-04-24T18:55:47.338+0000] {processor.py:840} INFO - DAG(s) 'read_excel_from_mongo_dag_with_rsi' retrieved from /opt/airflow/dags/indicator_dag.py
[2025-04-24T18:55:47.396+0000] {logging_mixin.py:188} INFO - [2025-04-24T18:55:47.396+0000] {dag.py:3036} INFO - Sync 1 DAGs
[2025-04-24T18:55:47.413+0000] {logging_mixin.py:188} INFO - [2025-04-24T18:55:47.413+0000] {dag.py:3823} INFO - Setting next_dagrun for read_excel_from_mongo_dag_with_rsi to None, run_after=None
[2025-04-24T18:55:47.430+0000] {processor.py:183} INFO - Processing /opt/airflow/dags/indicator_dag.py took 0.723 seconds
[2025-04-24T18:56:18.089+0000] {processor.py:161} INFO - Started process (PID=1435) to work on /opt/airflow/dags/indicator_dag.py
[2025-04-24T18:56:18.090+0000] {processor.py:830} INFO - Processing file /opt/airflow/dags/indicator_dag.py for tasks to queue
[2025-04-24T18:56:18.091+0000] {logging_mixin.py:188} INFO - [2025-04-24T18:56:18.090+0000] {dagbag.py:538} INFO - Filling up the DagBag from /opt/airflow/dags/indicator_dag.py
[2025-04-24T18:56:18.667+0000] {processor.py:840} INFO - DAG(s) 'read_excel_from_mongo_dag_with_rsi' retrieved from /opt/airflow/dags/indicator_dag.py
[2025-04-24T18:56:18.728+0000] {logging_mixin.py:188} INFO - [2025-04-24T18:56:18.728+0000] {dag.py:3036} INFO - Sync 1 DAGs
[2025-04-24T18:56:18.737+0000] {logging_mixin.py:188} INFO - [2025-04-24T18:56:18.737+0000] {dag.py:3823} INFO - Setting next_dagrun for read_excel_from_mongo_dag_with_rsi to None, run_after=None
[2025-04-24T18:56:18.751+0000] {processor.py:183} INFO - Processing /opt/airflow/dags/indicator_dag.py took 0.665 seconds
[2025-04-24T18:56:48.943+0000] {processor.py:161} INFO - Started process (PID=1449) to work on /opt/airflow/dags/indicator_dag.py
[2025-04-24T18:56:48.944+0000] {processor.py:830} INFO - Processing file /opt/airflow/dags/indicator_dag.py for tasks to queue
[2025-04-24T18:56:48.945+0000] {logging_mixin.py:188} INFO - [2025-04-24T18:56:48.944+0000] {dagbag.py:538} INFO - Filling up the DagBag from /opt/airflow/dags/indicator_dag.py
[2025-04-24T18:56:49.631+0000] {processor.py:840} INFO - DAG(s) 'read_excel_from_mongo_dag_with_rsi' retrieved from /opt/airflow/dags/indicator_dag.py
[2025-04-24T18:56:49.671+0000] {logging_mixin.py:188} INFO - [2025-04-24T18:56:49.670+0000] {dag.py:3036} INFO - Sync 1 DAGs
[2025-04-24T18:56:49.680+0000] {logging_mixin.py:188} INFO - [2025-04-24T18:56:49.680+0000] {dag.py:3823} INFO - Setting next_dagrun for read_excel_from_mongo_dag_with_rsi to None, run_after=None
[2025-04-24T18:56:49.695+0000] {processor.py:183} INFO - Processing /opt/airflow/dags/indicator_dag.py took 0.756 seconds
[2025-04-24T18:57:20.330+0000] {processor.py:161} INFO - Started process (PID=1464) to work on /opt/airflow/dags/indicator_dag.py
[2025-04-24T18:57:20.332+0000] {processor.py:830} INFO - Processing file /opt/airflow/dags/indicator_dag.py for tasks to queue
[2025-04-24T18:57:20.332+0000] {logging_mixin.py:188} INFO - [2025-04-24T18:57:20.332+0000] {dagbag.py:538} INFO - Filling up the DagBag from /opt/airflow/dags/indicator_dag.py
[2025-04-24T18:57:20.886+0000] {processor.py:840} INFO - DAG(s) 'read_excel_from_mongo_dag_with_rsi' retrieved from /opt/airflow/dags/indicator_dag.py
[2025-04-24T18:57:20.944+0000] {logging_mixin.py:188} INFO - [2025-04-24T18:57:20.944+0000] {dag.py:3036} INFO - Sync 1 DAGs
[2025-04-24T18:57:20.954+0000] {logging_mixin.py:188} INFO - [2025-04-24T18:57:20.954+0000] {dag.py:3823} INFO - Setting next_dagrun for read_excel_from_mongo_dag_with_rsi to None, run_after=None
[2025-04-24T18:57:20.975+0000] {processor.py:183} INFO - Processing /opt/airflow/dags/indicator_dag.py took 0.648 seconds
[2025-04-24T18:57:29.045+0000] {processor.py:161} INFO - Started process (PID=1470) to work on /opt/airflow/dags/indicator_dag.py
[2025-04-24T18:57:29.046+0000] {processor.py:830} INFO - Processing file /opt/airflow/dags/indicator_dag.py for tasks to queue
[2025-04-24T18:57:29.047+0000] {logging_mixin.py:188} INFO - [2025-04-24T18:57:29.047+0000] {dagbag.py:538} INFO - Filling up the DagBag from /opt/airflow/dags/indicator_dag.py
[2025-04-24T18:57:29.549+0000] {processor.py:840} INFO - DAG(s) 'read_excel_from_mongo_dag_with_rsi' retrieved from /opt/airflow/dags/indicator_dag.py
[2025-04-24T18:57:29.581+0000] {logging_mixin.py:188} INFO - [2025-04-24T18:57:29.580+0000] {dag.py:3036} INFO - Sync 1 DAGs
[2025-04-24T18:57:29.590+0000] {logging_mixin.py:188} INFO - [2025-04-24T18:57:29.589+0000] {dag.py:3823} INFO - Setting next_dagrun for read_excel_from_mongo_dag_with_rsi to None, run_after=None
[2025-04-24T18:57:29.608+0000] {processor.py:183} INFO - Processing /opt/airflow/dags/indicator_dag.py took 0.566 seconds
[2025-04-24T18:58:00.245+0000] {processor.py:161} INFO - Started process (PID=1496) to work on /opt/airflow/dags/indicator_dag.py
[2025-04-24T18:58:00.247+0000] {processor.py:830} INFO - Processing file /opt/airflow/dags/indicator_dag.py for tasks to queue
[2025-04-24T18:58:00.247+0000] {logging_mixin.py:188} INFO - [2025-04-24T18:58:00.247+0000] {dagbag.py:538} INFO - Filling up the DagBag from /opt/airflow/dags/indicator_dag.py
[2025-04-24T18:58:00.806+0000] {processor.py:840} INFO - DAG(s) 'read_excel_from_mongo_dag_with_rsi' retrieved from /opt/airflow/dags/indicator_dag.py
[2025-04-24T18:58:02.627+0000] {logging_mixin.py:188} INFO - [2025-04-24T18:58:02.625+0000] {dag.py:3036} INFO - Sync 1 DAGs
[2025-04-24T18:58:02.647+0000] {logging_mixin.py:188} INFO - [2025-04-24T18:58:02.647+0000] {dag.py:3823} INFO - Setting next_dagrun for read_excel_from_mongo_dag_with_rsi to None, run_after=None
[2025-04-24T18:58:02.698+0000] {processor.py:183} INFO - Processing /opt/airflow/dags/indicator_dag.py took 2.456 seconds
[2025-04-24T18:58:30.387+0000] {processor.py:161} INFO - Started process (PID=1515) to work on /opt/airflow/dags/indicator_dag.py
[2025-04-24T18:58:30.388+0000] {processor.py:830} INFO - Processing file /opt/airflow/dags/indicator_dag.py for tasks to queue
[2025-04-24T18:58:30.390+0000] {logging_mixin.py:188} INFO - [2025-04-24T18:58:30.389+0000] {dagbag.py:538} INFO - Filling up the DagBag from /opt/airflow/dags/indicator_dag.py
[2025-04-24T18:58:31.035+0000] {processor.py:840} INFO - DAG(s) 'read_excel_from_mongo_dag_with_rsi' retrieved from /opt/airflow/dags/indicator_dag.py
[2025-04-24T18:58:31.110+0000] {logging_mixin.py:188} INFO - [2025-04-24T18:58:31.109+0000] {dag.py:3036} INFO - Sync 1 DAGs
[2025-04-24T18:58:31.119+0000] {logging_mixin.py:188} INFO - [2025-04-24T18:58:31.119+0000] {dag.py:3823} INFO - Setting next_dagrun for read_excel_from_mongo_dag_with_rsi to None, run_after=None
[2025-04-24T18:58:31.138+0000] {processor.py:183} INFO - Processing /opt/airflow/dags/indicator_dag.py took 0.753 seconds
[2025-04-24T18:59:01.271+0000] {processor.py:161} INFO - Started process (PID=1529) to work on /opt/airflow/dags/indicator_dag.py
[2025-04-24T18:59:01.273+0000] {processor.py:830} INFO - Processing file /opt/airflow/dags/indicator_dag.py for tasks to queue
[2025-04-24T18:59:01.275+0000] {logging_mixin.py:188} INFO - [2025-04-24T18:59:01.274+0000] {dagbag.py:538} INFO - Filling up the DagBag from /opt/airflow/dags/indicator_dag.py
[2025-04-24T18:59:02.334+0000] {processor.py:840} INFO - DAG(s) 'read_excel_from_mongo_dag_with_rsi' retrieved from /opt/airflow/dags/indicator_dag.py
[2025-04-24T18:59:02.401+0000] {logging_mixin.py:188} INFO - [2025-04-24T18:59:02.400+0000] {dag.py:3036} INFO - Sync 1 DAGs
[2025-04-24T18:59:02.413+0000] {logging_mixin.py:188} INFO - [2025-04-24T18:59:02.413+0000] {dag.py:3823} INFO - Setting next_dagrun for read_excel_from_mongo_dag_with_rsi to None, run_after=None
[2025-04-24T18:59:02.440+0000] {processor.py:183} INFO - Processing /opt/airflow/dags/indicator_dag.py took 1.177 seconds
[2025-04-24T18:59:33.183+0000] {processor.py:161} INFO - Started process (PID=1544) to work on /opt/airflow/dags/indicator_dag.py
[2025-04-24T18:59:33.185+0000] {processor.py:830} INFO - Processing file /opt/airflow/dags/indicator_dag.py for tasks to queue
[2025-04-24T18:59:33.187+0000] {logging_mixin.py:188} INFO - [2025-04-24T18:59:33.186+0000] {dagbag.py:538} INFO - Filling up the DagBag from /opt/airflow/dags/indicator_dag.py
[2025-04-24T18:59:34.065+0000] {processor.py:840} INFO - DAG(s) 'read_excel_from_mongo_dag_with_rsi' retrieved from /opt/airflow/dags/indicator_dag.py
[2025-04-24T18:59:34.122+0000] {logging_mixin.py:188} INFO - [2025-04-24T18:59:34.122+0000] {dag.py:3036} INFO - Sync 1 DAGs
[2025-04-24T18:59:34.133+0000] {logging_mixin.py:188} INFO - [2025-04-24T18:59:34.133+0000] {dag.py:3823} INFO - Setting next_dagrun for read_excel_from_mongo_dag_with_rsi to None, run_after=None
[2025-04-24T18:59:34.152+0000] {processor.py:183} INFO - Processing /opt/airflow/dags/indicator_dag.py took 0.976 seconds
[2025-04-24T19:00:04.977+0000] {processor.py:161} INFO - Started process (PID=1559) to work on /opt/airflow/dags/indicator_dag.py
[2025-04-24T19:00:04.978+0000] {processor.py:830} INFO - Processing file /opt/airflow/dags/indicator_dag.py for tasks to queue
[2025-04-24T19:00:04.979+0000] {logging_mixin.py:188} INFO - [2025-04-24T19:00:04.979+0000] {dagbag.py:538} INFO - Filling up the DagBag from /opt/airflow/dags/indicator_dag.py
[2025-04-24T19:00:05.631+0000] {processor.py:840} INFO - DAG(s) 'read_excel_from_mongo_dag_with_rsi' retrieved from /opt/airflow/dags/indicator_dag.py
[2025-04-24T19:00:05.668+0000] {logging_mixin.py:188} INFO - [2025-04-24T19:00:05.668+0000] {dag.py:3036} INFO - Sync 1 DAGs
[2025-04-24T19:00:05.678+0000] {logging_mixin.py:188} INFO - [2025-04-24T19:00:05.678+0000] {dag.py:3823} INFO - Setting next_dagrun for read_excel_from_mongo_dag_with_rsi to None, run_after=None
[2025-04-24T19:00:05.694+0000] {processor.py:183} INFO - Processing /opt/airflow/dags/indicator_dag.py took 0.722 seconds
