[2025-04-24T19:02:04.153+0000] {processor.py:161} INFO - Started process (PID=1565) to work on /opt/airflow/dags/intermediate_data.py
[2025-04-24T19:02:04.153+0000] {processor.py:830} INFO - Processing file /opt/airflow/dags/intermediate_data.py for tasks to queue
[2025-04-24T19:02:04.155+0000] {logging_mixin.py:188} INFO - [2025-04-24T19:02:04.154+0000] {dagbag.py:538} INFO - Filling up the DagBag from /opt/airflow/dags/intermediate_data.py
[2025-04-24T19:02:05.199+0000] {processor.py:840} INFO - DAG(s) 'read_excel_from_mongo_dag_with_rsi' retrieved from /opt/airflow/dags/intermediate_data.py
[2025-04-24T19:02:05.603+0000] {logging_mixin.py:188} INFO - [2025-04-24T19:02:05.594+0000] {dag.py:3036} INFO - Sync 1 DAGs
[2025-04-24T19:02:05.617+0000] {logging_mixin.py:188} INFO - [2025-04-24T19:02:05.617+0000] {dag.py:3823} INFO - Setting next_dagrun for read_excel_from_mongo_dag_with_rsi to None, run_after=None
[2025-04-24T19:02:05.669+0000] {processor.py:183} INFO - Processing /opt/airflow/dags/intermediate_data.py took 1.522 seconds
[2025-04-24T19:02:35.844+0000] {processor.py:161} INFO - Started process (PID=1580) to work on /opt/airflow/dags/intermediate_data.py
[2025-04-24T19:02:35.846+0000] {processor.py:830} INFO - Processing file /opt/airflow/dags/intermediate_data.py for tasks to queue
[2025-04-24T19:02:35.848+0000] {logging_mixin.py:188} INFO - [2025-04-24T19:02:35.847+0000] {dagbag.py:538} INFO - Filling up the DagBag from /opt/airflow/dags/intermediate_data.py
[2025-04-24T19:02:36.916+0000] {processor.py:840} INFO - DAG(s) 'read_excel_from_mongo_dag_with_rsi' retrieved from /opt/airflow/dags/intermediate_data.py
[2025-04-24T19:02:37.017+0000] {logging_mixin.py:188} INFO - [2025-04-24T19:02:37.015+0000] {dag.py:3036} INFO - Sync 1 DAGs
[2025-04-24T19:02:37.028+0000] {logging_mixin.py:188} INFO - [2025-04-24T19:02:37.028+0000] {dag.py:3823} INFO - Setting next_dagrun for read_excel_from_mongo_dag_with_rsi to None, run_after=None
[2025-04-24T19:02:37.046+0000] {processor.py:183} INFO - Processing /opt/airflow/dags/intermediate_data.py took 1.208 seconds
[2025-04-24T19:03:07.257+0000] {processor.py:161} INFO - Started process (PID=1594) to work on /opt/airflow/dags/intermediate_data.py
[2025-04-24T19:03:07.258+0000] {processor.py:830} INFO - Processing file /opt/airflow/dags/intermediate_data.py for tasks to queue
[2025-04-24T19:03:07.260+0000] {logging_mixin.py:188} INFO - [2025-04-24T19:03:07.259+0000] {dagbag.py:538} INFO - Filling up the DagBag from /opt/airflow/dags/intermediate_data.py
[2025-04-24T19:03:13.470+0000] {processor.py:840} INFO - DAG(s) 'read_excel_from_mongo_dag_with_rsi' retrieved from /opt/airflow/dags/intermediate_data.py
[2025-04-24T19:03:13.580+0000] {logging_mixin.py:188} INFO - [2025-04-24T19:03:13.579+0000] {dag.py:3036} INFO - Sync 1 DAGs
[2025-04-24T19:03:13.589+0000] {logging_mixin.py:188} INFO - [2025-04-24T19:03:13.589+0000] {dag.py:3823} INFO - Setting next_dagrun for read_excel_from_mongo_dag_with_rsi to None, run_after=None
[2025-04-24T19:03:13.605+0000] {processor.py:183} INFO - Processing /opt/airflow/dags/intermediate_data.py took 6.354 seconds
[2025-04-24T19:03:44.483+0000] {processor.py:161} INFO - Started process (PID=1609) to work on /opt/airflow/dags/intermediate_data.py
[2025-04-24T19:03:44.484+0000] {processor.py:830} INFO - Processing file /opt/airflow/dags/intermediate_data.py for tasks to queue
[2025-04-24T19:03:44.485+0000] {logging_mixin.py:188} INFO - [2025-04-24T19:03:44.485+0000] {dagbag.py:538} INFO - Filling up the DagBag from /opt/airflow/dags/intermediate_data.py
[2025-04-24T19:03:45.278+0000] {processor.py:840} INFO - DAG(s) 'read_excel_from_mongo_dag_with_rsi' retrieved from /opt/airflow/dags/intermediate_data.py
[2025-04-24T19:03:45.347+0000] {logging_mixin.py:188} INFO - [2025-04-24T19:03:45.347+0000] {dag.py:3036} INFO - Sync 1 DAGs
[2025-04-24T19:03:45.356+0000] {logging_mixin.py:188} INFO - [2025-04-24T19:03:45.356+0000] {dag.py:3823} INFO - Setting next_dagrun for read_excel_from_mongo_dag_with_rsi to None, run_after=None
[2025-04-24T19:03:45.375+0000] {processor.py:183} INFO - Processing /opt/airflow/dags/intermediate_data.py took 0.895 seconds
[2025-04-24T19:04:13.334+0000] {processor.py:161} INFO - Started process (PID=1633) to work on /opt/airflow/dags/intermediate_data.py
[2025-04-24T19:04:13.336+0000] {processor.py:830} INFO - Processing file /opt/airflow/dags/intermediate_data.py for tasks to queue
[2025-04-24T19:04:13.338+0000] {logging_mixin.py:188} INFO - [2025-04-24T19:04:13.337+0000] {dagbag.py:538} INFO - Filling up the DagBag from /opt/airflow/dags/intermediate_data.py
[2025-04-24T19:04:14.675+0000] {processor.py:840} INFO - DAG(s) 'ticker_insicator_downloader' retrieved from /opt/airflow/dags/intermediate_data.py
[2025-04-24T19:04:14.925+0000] {logging_mixin.py:188} INFO - [2025-04-24T19:04:14.922+0000] {override.py:1769} INFO - Created Permission View: can edit on DAG:ticker_insicator_downloader
[2025-04-24T19:04:14.936+0000] {logging_mixin.py:188} INFO - [2025-04-24T19:04:14.936+0000] {override.py:1769} INFO - Created Permission View: can read on DAG:ticker_insicator_downloader
[2025-04-24T19:04:14.943+0000] {logging_mixin.py:188} INFO - [2025-04-24T19:04:14.943+0000] {override.py:1769} INFO - Created Permission View: can delete on DAG:ticker_insicator_downloader
[2025-04-24T19:04:14.944+0000] {logging_mixin.py:188} INFO - [2025-04-24T19:04:14.943+0000] {dag.py:3036} INFO - Sync 1 DAGs
[2025-04-24T19:04:14.956+0000] {logging_mixin.py:188} INFO - [2025-04-24T19:04:14.956+0000] {dag.py:3058} INFO - Creating ORM DAG for ticker_insicator_downloader
[2025-04-24T19:04:14.957+0000] {logging_mixin.py:188} INFO - [2025-04-24T19:04:14.957+0000] {dag.py:3823} INFO - Setting next_dagrun for ticker_insicator_downloader to None, run_after=None
[2025-04-24T19:04:14.980+0000] {processor.py:183} INFO - Processing /opt/airflow/dags/intermediate_data.py took 1.651 seconds
[2025-04-24T19:04:45.862+0000] {processor.py:161} INFO - Started process (PID=1670) to work on /opt/airflow/dags/intermediate_data.py
[2025-04-24T19:04:45.863+0000] {processor.py:830} INFO - Processing file /opt/airflow/dags/intermediate_data.py for tasks to queue
[2025-04-24T19:04:45.864+0000] {logging_mixin.py:188} INFO - [2025-04-24T19:04:45.863+0000] {dagbag.py:538} INFO - Filling up the DagBag from /opt/airflow/dags/intermediate_data.py
[2025-04-24T19:04:46.595+0000] {processor.py:840} INFO - DAG(s) 'ticker_insicator_downloader' retrieved from /opt/airflow/dags/intermediate_data.py
[2025-04-24T19:04:46.665+0000] {logging_mixin.py:188} INFO - [2025-04-24T19:04:46.662+0000] {dag.py:3036} INFO - Sync 1 DAGs
[2025-04-24T19:04:46.677+0000] {logging_mixin.py:188} INFO - [2025-04-24T19:04:46.676+0000] {dag.py:3823} INFO - Setting next_dagrun for ticker_insicator_downloader to None, run_after=None
[2025-04-24T19:04:46.693+0000] {processor.py:183} INFO - Processing /opt/airflow/dags/intermediate_data.py took 0.833 seconds
[2025-04-24T19:05:16.819+0000] {processor.py:161} INFO - Started process (PID=1685) to work on /opt/airflow/dags/intermediate_data.py
[2025-04-24T19:05:16.820+0000] {processor.py:830} INFO - Processing file /opt/airflow/dags/intermediate_data.py for tasks to queue
[2025-04-24T19:05:16.820+0000] {logging_mixin.py:188} INFO - [2025-04-24T19:05:16.820+0000] {dagbag.py:538} INFO - Filling up the DagBag from /opt/airflow/dags/intermediate_data.py
[2025-04-24T19:05:17.287+0000] {processor.py:840} INFO - DAG(s) 'ticker_insicator_downloader' retrieved from /opt/airflow/dags/intermediate_data.py
[2025-04-24T19:05:17.322+0000] {logging_mixin.py:188} INFO - [2025-04-24T19:05:17.321+0000] {dag.py:3036} INFO - Sync 1 DAGs
[2025-04-24T19:05:17.331+0000] {logging_mixin.py:188} INFO - [2025-04-24T19:05:17.331+0000] {dag.py:3823} INFO - Setting next_dagrun for ticker_insicator_downloader to None, run_after=None
[2025-04-24T19:05:17.347+0000] {processor.py:183} INFO - Processing /opt/airflow/dags/intermediate_data.py took 0.531 seconds
[2025-04-24T19:05:48.192+0000] {processor.py:161} INFO - Started process (PID=1700) to work on /opt/airflow/dags/intermediate_data.py
[2025-04-24T19:05:48.195+0000] {processor.py:830} INFO - Processing file /opt/airflow/dags/intermediate_data.py for tasks to queue
[2025-04-24T19:05:48.196+0000] {logging_mixin.py:188} INFO - [2025-04-24T19:05:48.196+0000] {dagbag.py:538} INFO - Filling up the DagBag from /opt/airflow/dags/intermediate_data.py
[2025-04-24T19:05:48.700+0000] {processor.py:840} INFO - DAG(s) 'ticker_insicator_downloader' retrieved from /opt/airflow/dags/intermediate_data.py
[2025-04-24T19:05:48.723+0000] {logging_mixin.py:188} INFO - [2025-04-24T19:05:48.722+0000] {dag.py:3036} INFO - Sync 1 DAGs
[2025-04-24T19:05:48.733+0000] {logging_mixin.py:188} INFO - [2025-04-24T19:05:48.733+0000] {dag.py:3823} INFO - Setting next_dagrun for ticker_insicator_downloader to None, run_after=None
[2025-04-24T19:05:48.749+0000] {processor.py:183} INFO - Processing /opt/airflow/dags/intermediate_data.py took 0.564 seconds
[2025-04-24T19:06:19.066+0000] {processor.py:161} INFO - Started process (PID=1730) to work on /opt/airflow/dags/intermediate_data.py
[2025-04-24T19:06:19.067+0000] {processor.py:830} INFO - Processing file /opt/airflow/dags/intermediate_data.py for tasks to queue
[2025-04-24T19:06:19.067+0000] {logging_mixin.py:188} INFO - [2025-04-24T19:06:19.067+0000] {dagbag.py:538} INFO - Filling up the DagBag from /opt/airflow/dags/intermediate_data.py
[2025-04-24T19:06:19.460+0000] {processor.py:840} INFO - DAG(s) 'ticker_insicator_downloader' retrieved from /opt/airflow/dags/intermediate_data.py
[2025-04-24T19:06:19.495+0000] {logging_mixin.py:188} INFO - [2025-04-24T19:06:19.495+0000] {dag.py:3036} INFO - Sync 1 DAGs
[2025-04-24T19:06:19.504+0000] {logging_mixin.py:188} INFO - [2025-04-24T19:06:19.504+0000] {dag.py:3823} INFO - Setting next_dagrun for ticker_insicator_downloader to None, run_after=None
[2025-04-24T19:06:19.517+0000] {processor.py:183} INFO - Processing /opt/airflow/dags/intermediate_data.py took 0.454 seconds
[2025-04-24T19:06:49.805+0000] {processor.py:161} INFO - Started process (PID=1745) to work on /opt/airflow/dags/intermediate_data.py
[2025-04-24T19:06:49.806+0000] {processor.py:830} INFO - Processing file /opt/airflow/dags/intermediate_data.py for tasks to queue
[2025-04-24T19:06:49.807+0000] {logging_mixin.py:188} INFO - [2025-04-24T19:06:49.806+0000] {dagbag.py:538} INFO - Filling up the DagBag from /opt/airflow/dags/intermediate_data.py
[2025-04-24T19:06:50.200+0000] {processor.py:840} INFO - DAG(s) 'ticker_insicator_downloader' retrieved from /opt/airflow/dags/intermediate_data.py
[2025-04-24T19:06:50.220+0000] {logging_mixin.py:188} INFO - [2025-04-24T19:06:50.220+0000] {dag.py:3036} INFO - Sync 1 DAGs
[2025-04-24T19:06:50.229+0000] {logging_mixin.py:188} INFO - [2025-04-24T19:06:50.229+0000] {dag.py:3823} INFO - Setting next_dagrun for ticker_insicator_downloader to None, run_after=None
[2025-04-24T19:06:50.242+0000] {processor.py:183} INFO - Processing /opt/airflow/dags/intermediate_data.py took 0.440 seconds
[2025-04-24T19:07:20.672+0000] {processor.py:161} INFO - Started process (PID=1760) to work on /opt/airflow/dags/intermediate_data.py
[2025-04-24T19:07:20.673+0000] {processor.py:830} INFO - Processing file /opt/airflow/dags/intermediate_data.py for tasks to queue
[2025-04-24T19:07:20.674+0000] {logging_mixin.py:188} INFO - [2025-04-24T19:07:20.674+0000] {dagbag.py:538} INFO - Filling up the DagBag from /opt/airflow/dags/intermediate_data.py
[2025-04-24T19:07:21.084+0000] {processor.py:840} INFO - DAG(s) 'ticker_insicator_downloader' retrieved from /opt/airflow/dags/intermediate_data.py
[2025-04-24T19:07:21.117+0000] {logging_mixin.py:188} INFO - [2025-04-24T19:07:21.116+0000] {dag.py:3036} INFO - Sync 1 DAGs
[2025-04-24T19:07:21.125+0000] {logging_mixin.py:188} INFO - [2025-04-24T19:07:21.125+0000] {dag.py:3823} INFO - Setting next_dagrun for ticker_insicator_downloader to None, run_after=None
[2025-04-24T19:07:21.138+0000] {processor.py:183} INFO - Processing /opt/airflow/dags/intermediate_data.py took 0.468 seconds
[2025-04-24T19:07:51.596+0000] {processor.py:161} INFO - Started process (PID=1775) to work on /opt/airflow/dags/intermediate_data.py
[2025-04-24T19:07:51.596+0000] {processor.py:830} INFO - Processing file /opt/airflow/dags/intermediate_data.py for tasks to queue
[2025-04-24T19:07:51.597+0000] {logging_mixin.py:188} INFO - [2025-04-24T19:07:51.597+0000] {dagbag.py:538} INFO - Filling up the DagBag from /opt/airflow/dags/intermediate_data.py
[2025-04-24T19:07:52.013+0000] {processor.py:840} INFO - DAG(s) 'ticker_insicator_downloader' retrieved from /opt/airflow/dags/intermediate_data.py
[2025-04-24T19:07:52.034+0000] {logging_mixin.py:188} INFO - [2025-04-24T19:07:52.034+0000] {dag.py:3036} INFO - Sync 1 DAGs
[2025-04-24T19:07:52.043+0000] {logging_mixin.py:188} INFO - [2025-04-24T19:07:52.043+0000] {dag.py:3823} INFO - Setting next_dagrun for ticker_insicator_downloader to None, run_after=None
[2025-04-24T19:07:52.057+0000] {processor.py:183} INFO - Processing /opt/airflow/dags/intermediate_data.py took 0.464 seconds
[2025-04-24T19:08:23.467+0000] {processor.py:161} INFO - Started process (PID=1790) to work on /opt/airflow/dags/intermediate_data.py
[2025-04-24T19:08:23.468+0000] {processor.py:830} INFO - Processing file /opt/airflow/dags/intermediate_data.py for tasks to queue
[2025-04-24T19:08:23.469+0000] {logging_mixin.py:188} INFO - [2025-04-24T19:08:23.469+0000] {dagbag.py:538} INFO - Filling up the DagBag from /opt/airflow/dags/intermediate_data.py
[2025-04-24T19:08:23.895+0000] {processor.py:840} INFO - DAG(s) 'ticker_insicator_downloader' retrieved from /opt/airflow/dags/intermediate_data.py
[2025-04-24T19:08:23.923+0000] {logging_mixin.py:188} INFO - [2025-04-24T19:08:23.922+0000] {dag.py:3036} INFO - Sync 1 DAGs
[2025-04-24T19:08:23.936+0000] {logging_mixin.py:188} INFO - [2025-04-24T19:08:23.936+0000] {dag.py:3823} INFO - Setting next_dagrun for ticker_insicator_downloader to None, run_after=None
[2025-04-24T19:08:23.951+0000] {processor.py:183} INFO - Processing /opt/airflow/dags/intermediate_data.py took 0.488 seconds
[2025-04-24T19:08:56.401+0000] {processor.py:161} INFO - Started process (PID=1805) to work on /opt/airflow/dags/intermediate_data.py
[2025-04-24T19:08:56.402+0000] {processor.py:830} INFO - Processing file /opt/airflow/dags/intermediate_data.py for tasks to queue
[2025-04-24T19:08:56.403+0000] {logging_mixin.py:188} INFO - [2025-04-24T19:08:56.402+0000] {dagbag.py:538} INFO - Filling up the DagBag from /opt/airflow/dags/intermediate_data.py
[2025-04-24T19:08:56.914+0000] {processor.py:840} INFO - DAG(s) 'ticker_insicator_downloader' retrieved from /opt/airflow/dags/intermediate_data.py
[2025-04-24T19:08:56.937+0000] {logging_mixin.py:188} INFO - [2025-04-24T19:08:56.936+0000] {dag.py:3036} INFO - Sync 1 DAGs
[2025-04-24T19:08:56.946+0000] {logging_mixin.py:188} INFO - [2025-04-24T19:08:56.946+0000] {dag.py:3823} INFO - Setting next_dagrun for ticker_insicator_downloader to None, run_after=None
[2025-04-24T19:08:56.960+0000] {processor.py:183} INFO - Processing /opt/airflow/dags/intermediate_data.py took 0.562 seconds
