[2025-04-24T18:15:06.508+0000] {processor.py:161} INFO - Started process (PID=221) to work on /opt/airflow/dags/prices_data_diff_method.py
[2025-04-24T18:15:06.513+0000] {processor.py:830} INFO - Processing file /opt/airflow/dags/prices_data_diff_method.py for tasks to queue
[2025-04-24T18:15:06.516+0000] {logging_mixin.py:188} INFO - [2025-04-24T18:15:06.515+0000] {dagbag.py:538} INFO - Filling up the DagBag from /opt/airflow/dags/prices_data_diff_method.py
[2025-04-24T18:15:08.347+0000] {processor.py:840} INFO - DAG(s) 'prices_dag_taskflow' retrieved from /opt/airflow/dags/prices_data_diff_method.py
[2025-04-24T18:15:08.376+0000] {logging_mixin.py:188} INFO - [2025-04-24T18:15:08.376+0000] {dag.py:3036} INFO - Sync 1 DAGs
[2025-04-24T18:15:08.392+0000] {logging_mixin.py:188} INFO - [2025-04-24T18:15:08.392+0000] {dag.py:3823} INFO - Setting next_dagrun for prices_dag_taskflow to None, run_after=None
[2025-04-24T18:15:08.412+0000] {processor.py:183} INFO - Processing /opt/airflow/dags/prices_data_diff_method.py took 1.919 seconds
[2025-04-24T18:15:38.528+0000] {processor.py:161} INFO - Started process (PID=243) to work on /opt/airflow/dags/prices_data_diff_method.py
[2025-04-24T18:15:38.531+0000] {processor.py:830} INFO - Processing file /opt/airflow/dags/prices_data_diff_method.py for tasks to queue
[2025-04-24T18:15:38.533+0000] {logging_mixin.py:188} INFO - [2025-04-24T18:15:38.532+0000] {dagbag.py:538} INFO - Filling up the DagBag from /opt/airflow/dags/prices_data_diff_method.py
[2025-04-24T18:15:39.595+0000] {processor.py:840} INFO - DAG(s) 'prices_dag_taskflow' retrieved from /opt/airflow/dags/prices_data_diff_method.py
[2025-04-24T18:15:39.681+0000] {logging_mixin.py:188} INFO - [2025-04-24T18:15:39.680+0000] {dag.py:3036} INFO - Sync 1 DAGs
[2025-04-24T18:15:39.691+0000] {logging_mixin.py:188} INFO - [2025-04-24T18:15:39.690+0000] {dag.py:3823} INFO - Setting next_dagrun for prices_dag_taskflow to None, run_after=None
[2025-04-24T18:15:39.708+0000] {processor.py:183} INFO - Processing /opt/airflow/dags/prices_data_diff_method.py took 1.196 seconds
[2025-04-24T18:16:10.499+0000] {processor.py:161} INFO - Started process (PID=257) to work on /opt/airflow/dags/prices_data_diff_method.py
[2025-04-24T18:16:10.502+0000] {processor.py:830} INFO - Processing file /opt/airflow/dags/prices_data_diff_method.py for tasks to queue
[2025-04-24T18:16:10.503+0000] {logging_mixin.py:188} INFO - [2025-04-24T18:16:10.502+0000] {dagbag.py:538} INFO - Filling up the DagBag from /opt/airflow/dags/prices_data_diff_method.py
[2025-04-24T18:16:11.480+0000] {processor.py:840} INFO - DAG(s) 'prices_dag_taskflow' retrieved from /opt/airflow/dags/prices_data_diff_method.py
[2025-04-24T18:16:11.500+0000] {logging_mixin.py:188} INFO - [2025-04-24T18:16:11.500+0000] {dag.py:3036} INFO - Sync 1 DAGs
[2025-04-24T18:16:11.509+0000] {logging_mixin.py:188} INFO - [2025-04-24T18:16:11.509+0000] {dag.py:3823} INFO - Setting next_dagrun for prices_dag_taskflow to None, run_after=None
[2025-04-24T18:16:11.523+0000] {processor.py:183} INFO - Processing /opt/airflow/dags/prices_data_diff_method.py took 1.036 seconds
[2025-04-24T18:16:41.913+0000] {processor.py:161} INFO - Started process (PID=276) to work on /opt/airflow/dags/prices_data_diff_method.py
[2025-04-24T18:16:41.914+0000] {processor.py:830} INFO - Processing file /opt/airflow/dags/prices_data_diff_method.py for tasks to queue
[2025-04-24T18:16:41.915+0000] {logging_mixin.py:188} INFO - [2025-04-24T18:16:41.914+0000] {dagbag.py:538} INFO - Filling up the DagBag from /opt/airflow/dags/prices_data_diff_method.py
[2025-04-24T18:16:42.499+0000] {processor.py:840} INFO - DAG(s) 'prices_dag_taskflow' retrieved from /opt/airflow/dags/prices_data_diff_method.py
[2025-04-24T18:16:42.529+0000] {logging_mixin.py:188} INFO - [2025-04-24T18:16:42.529+0000] {dag.py:3036} INFO - Sync 1 DAGs
[2025-04-24T18:16:42.541+0000] {logging_mixin.py:188} INFO - [2025-04-24T18:16:42.541+0000] {dag.py:3823} INFO - Setting next_dagrun for prices_dag_taskflow to None, run_after=None
[2025-04-24T18:16:42.561+0000] {processor.py:183} INFO - Processing /opt/airflow/dags/prices_data_diff_method.py took 0.651 seconds
[2025-04-24T18:17:13.339+0000] {processor.py:161} INFO - Started process (PID=296) to work on /opt/airflow/dags/prices_data_diff_method.py
[2025-04-24T18:17:13.351+0000] {processor.py:830} INFO - Processing file /opt/airflow/dags/prices_data_diff_method.py for tasks to queue
[2025-04-24T18:17:13.359+0000] {logging_mixin.py:188} INFO - [2025-04-24T18:17:13.355+0000] {dagbag.py:538} INFO - Filling up the DagBag from /opt/airflow/dags/prices_data_diff_method.py
[2025-04-24T18:17:14.358+0000] {processor.py:840} INFO - DAG(s) 'prices_dag_taskflow' retrieved from /opt/airflow/dags/prices_data_diff_method.py
[2025-04-24T18:17:14.380+0000] {logging_mixin.py:188} INFO - [2025-04-24T18:17:14.379+0000] {dag.py:3036} INFO - Sync 1 DAGs
[2025-04-24T18:17:14.391+0000] {logging_mixin.py:188} INFO - [2025-04-24T18:17:14.391+0000] {dag.py:3823} INFO - Setting next_dagrun for prices_dag_taskflow to None, run_after=None
[2025-04-24T18:17:14.408+0000] {processor.py:183} INFO - Processing /opt/airflow/dags/prices_data_diff_method.py took 1.103 seconds
[2025-04-24T18:17:44.598+0000] {processor.py:161} INFO - Started process (PID=332) to work on /opt/airflow/dags/prices_data_diff_method.py
[2025-04-24T18:17:44.599+0000] {processor.py:830} INFO - Processing file /opt/airflow/dags/prices_data_diff_method.py for tasks to queue
[2025-04-24T18:17:44.600+0000] {logging_mixin.py:188} INFO - [2025-04-24T18:17:44.600+0000] {dagbag.py:538} INFO - Filling up the DagBag from /opt/airflow/dags/prices_data_diff_method.py
[2025-04-24T18:17:45.212+0000] {processor.py:840} INFO - DAG(s) 'prices_dag_taskflow' retrieved from /opt/airflow/dags/prices_data_diff_method.py
[2025-04-24T18:17:45.235+0000] {logging_mixin.py:188} INFO - [2025-04-24T18:17:45.234+0000] {dag.py:3036} INFO - Sync 1 DAGs
[2025-04-24T18:17:45.245+0000] {logging_mixin.py:188} INFO - [2025-04-24T18:17:45.245+0000] {dag.py:3823} INFO - Setting next_dagrun for prices_dag_taskflow to None, run_after=None
[2025-04-24T18:17:45.261+0000] {processor.py:183} INFO - Processing /opt/airflow/dags/prices_data_diff_method.py took 0.671 seconds
[2025-04-24T18:18:15.609+0000] {processor.py:161} INFO - Started process (PID=346) to work on /opt/airflow/dags/prices_data_diff_method.py
[2025-04-24T18:18:15.610+0000] {processor.py:830} INFO - Processing file /opt/airflow/dags/prices_data_diff_method.py for tasks to queue
[2025-04-24T18:18:15.611+0000] {logging_mixin.py:188} INFO - [2025-04-24T18:18:15.611+0000] {dagbag.py:538} INFO - Filling up the DagBag from /opt/airflow/dags/prices_data_diff_method.py
[2025-04-24T18:18:17.193+0000] {processor.py:840} INFO - DAG(s) 'prices_dag_taskflow' retrieved from /opt/airflow/dags/prices_data_diff_method.py
[2025-04-24T18:18:17.258+0000] {logging_mixin.py:188} INFO - [2025-04-24T18:18:17.257+0000] {dag.py:3036} INFO - Sync 1 DAGs
[2025-04-24T18:18:17.270+0000] {logging_mixin.py:188} INFO - [2025-04-24T18:18:17.270+0000] {dag.py:3823} INFO - Setting next_dagrun for prices_dag_taskflow to None, run_after=None
[2025-04-24T18:18:17.287+0000] {processor.py:183} INFO - Processing /opt/airflow/dags/prices_data_diff_method.py took 1.684 seconds
[2025-04-24T18:18:49.014+0000] {processor.py:161} INFO - Started process (PID=383) to work on /opt/airflow/dags/prices_data_diff_method.py
[2025-04-24T18:18:49.015+0000] {processor.py:830} INFO - Processing file /opt/airflow/dags/prices_data_diff_method.py for tasks to queue
[2025-04-24T18:18:49.017+0000] {logging_mixin.py:188} INFO - [2025-04-24T18:18:49.016+0000] {dagbag.py:538} INFO - Filling up the DagBag from /opt/airflow/dags/prices_data_diff_method.py
[2025-04-24T18:18:49.576+0000] {processor.py:840} INFO - DAG(s) 'prices_dag_taskflow' retrieved from /opt/airflow/dags/prices_data_diff_method.py
[2025-04-24T18:18:49.595+0000] {logging_mixin.py:188} INFO - [2025-04-24T18:18:49.594+0000] {dag.py:3036} INFO - Sync 1 DAGs
[2025-04-24T18:18:49.604+0000] {logging_mixin.py:188} INFO - [2025-04-24T18:18:49.603+0000] {dag.py:3823} INFO - Setting next_dagrun for prices_dag_taskflow to None, run_after=None
[2025-04-24T18:18:49.621+0000] {processor.py:183} INFO - Processing /opt/airflow/dags/prices_data_diff_method.py took 0.612 seconds
[2025-04-24T18:19:21.283+0000] {processor.py:161} INFO - Started process (PID=398) to work on /opt/airflow/dags/prices_data_diff_method.py
[2025-04-24T18:19:21.285+0000] {processor.py:830} INFO - Processing file /opt/airflow/dags/prices_data_diff_method.py for tasks to queue
[2025-04-24T18:19:21.285+0000] {logging_mixin.py:188} INFO - [2025-04-24T18:19:21.285+0000] {dagbag.py:538} INFO - Filling up the DagBag from /opt/airflow/dags/prices_data_diff_method.py
[2025-04-24T18:19:22.040+0000] {processor.py:840} INFO - DAG(s) 'prices_dag_taskflow' retrieved from /opt/airflow/dags/prices_data_diff_method.py
[2025-04-24T18:19:22.060+0000] {logging_mixin.py:188} INFO - [2025-04-24T18:19:22.060+0000] {dag.py:3036} INFO - Sync 1 DAGs
[2025-04-24T18:19:22.069+0000] {logging_mixin.py:188} INFO - [2025-04-24T18:19:22.069+0000] {dag.py:3823} INFO - Setting next_dagrun for prices_dag_taskflow to None, run_after=None
[2025-04-24T18:19:22.084+0000] {processor.py:183} INFO - Processing /opt/airflow/dags/prices_data_diff_method.py took 0.804 seconds
[2025-04-24T18:19:53.951+0000] {processor.py:161} INFO - Started process (PID=425) to work on /opt/airflow/dags/prices_data_diff_method.py
[2025-04-24T18:19:53.952+0000] {processor.py:830} INFO - Processing file /opt/airflow/dags/prices_data_diff_method.py for tasks to queue
[2025-04-24T18:19:53.953+0000] {logging_mixin.py:188} INFO - [2025-04-24T18:19:53.952+0000] {dagbag.py:538} INFO - Filling up the DagBag from /opt/airflow/dags/prices_data_diff_method.py
[2025-04-24T18:19:54.529+0000] {processor.py:840} INFO - DAG(s) 'prices_dag_taskflow' retrieved from /opt/airflow/dags/prices_data_diff_method.py
[2025-04-24T18:19:54.550+0000] {logging_mixin.py:188} INFO - [2025-04-24T18:19:54.549+0000] {dag.py:3036} INFO - Sync 1 DAGs
[2025-04-24T18:19:54.562+0000] {logging_mixin.py:188} INFO - [2025-04-24T18:19:54.561+0000] {dag.py:3823} INFO - Setting next_dagrun for prices_dag_taskflow to None, run_after=None
[2025-04-24T18:19:54.578+0000] {processor.py:183} INFO - Processing /opt/airflow/dags/prices_data_diff_method.py took 0.630 seconds
[2025-04-24T18:20:27.416+0000] {processor.py:161} INFO - Started process (PID=440) to work on /opt/airflow/dags/prices_data_diff_method.py
[2025-04-24T18:20:27.417+0000] {processor.py:830} INFO - Processing file /opt/airflow/dags/prices_data_diff_method.py for tasks to queue
[2025-04-24T18:20:27.418+0000] {logging_mixin.py:188} INFO - [2025-04-24T18:20:27.417+0000] {dagbag.py:538} INFO - Filling up the DagBag from /opt/airflow/dags/prices_data_diff_method.py
[2025-04-24T18:20:27.991+0000] {processor.py:840} INFO - DAG(s) 'prices_dag_taskflow' retrieved from /opt/airflow/dags/prices_data_diff_method.py
[2025-04-24T18:20:28.012+0000] {logging_mixin.py:188} INFO - [2025-04-24T18:20:28.012+0000] {dag.py:3036} INFO - Sync 1 DAGs
[2025-04-24T18:20:28.021+0000] {logging_mixin.py:188} INFO - [2025-04-24T18:20:28.021+0000] {dag.py:3823} INFO - Setting next_dagrun for prices_dag_taskflow to None, run_after=None
[2025-04-24T18:20:28.035+0000] {processor.py:183} INFO - Processing /opt/airflow/dags/prices_data_diff_method.py took 0.621 seconds
[2025-04-24T18:20:59.683+0000] {processor.py:161} INFO - Started process (PID=455) to work on /opt/airflow/dags/prices_data_diff_method.py
[2025-04-24T18:20:59.684+0000] {processor.py:830} INFO - Processing file /opt/airflow/dags/prices_data_diff_method.py for tasks to queue
[2025-04-24T18:20:59.685+0000] {logging_mixin.py:188} INFO - [2025-04-24T18:20:59.685+0000] {dagbag.py:538} INFO - Filling up the DagBag from /opt/airflow/dags/prices_data_diff_method.py
[2025-04-24T18:21:01.418+0000] {processor.py:840} INFO - DAG(s) 'prices_dag_taskflow' retrieved from /opt/airflow/dags/prices_data_diff_method.py
[2025-04-24T18:21:01.482+0000] {logging_mixin.py:188} INFO - [2025-04-24T18:21:01.481+0000] {dag.py:3036} INFO - Sync 1 DAGs
[2025-04-24T18:21:01.502+0000] {logging_mixin.py:188} INFO - [2025-04-24T18:21:01.501+0000] {dag.py:3823} INFO - Setting next_dagrun for prices_dag_taskflow to None, run_after=None
[2025-04-24T18:21:01.536+0000] {processor.py:183} INFO - Processing /opt/airflow/dags/prices_data_diff_method.py took 1.858 seconds
[2025-04-24T18:22:00.245+0000] {processor.py:161} INFO - Started process (PID=221) to work on /opt/airflow/dags/prices_data_diff_method.py
[2025-04-24T18:22:00.257+0000] {processor.py:830} INFO - Processing file /opt/airflow/dags/prices_data_diff_method.py for tasks to queue
[2025-04-24T18:22:00.262+0000] {logging_mixin.py:188} INFO - [2025-04-24T18:22:00.260+0000] {dagbag.py:538} INFO - Filling up the DagBag from /opt/airflow/dags/prices_data_diff_method.py
[2025-04-24T18:22:01.771+0000] {processor.py:840} INFO - DAG(s) 'prices_dag_taskflow' retrieved from /opt/airflow/dags/prices_data_diff_method.py
[2025-04-24T18:22:01.798+0000] {logging_mixin.py:188} INFO - [2025-04-24T18:22:01.797+0000] {dag.py:3036} INFO - Sync 1 DAGs
[2025-04-24T18:22:01.807+0000] {logging_mixin.py:188} INFO - [2025-04-24T18:22:01.807+0000] {dag.py:3823} INFO - Setting next_dagrun for prices_dag_taskflow to None, run_after=None
[2025-04-24T18:22:01.825+0000] {processor.py:183} INFO - Processing /opt/airflow/dags/prices_data_diff_method.py took 1.617 seconds
[2025-04-24T18:22:29.342+0000] {processor.py:161} INFO - Started process (PID=234) to work on /opt/airflow/dags/prices_data_diff_method.py
[2025-04-24T18:22:29.344+0000] {processor.py:830} INFO - Processing file /opt/airflow/dags/prices_data_diff_method.py for tasks to queue
[2025-04-24T18:22:29.346+0000] {logging_mixin.py:188} INFO - [2025-04-24T18:22:29.346+0000] {dagbag.py:538} INFO - Filling up the DagBag from /opt/airflow/dags/prices_data_diff_method.py
[2025-04-24T18:22:30.554+0000] {processor.py:840} INFO - DAG(s) 'prices_dag_taskflow' retrieved from /opt/airflow/dags/prices_data_diff_method.py
[2025-04-24T18:22:30.725+0000] {logging_mixin.py:188} INFO - [2025-04-24T18:22:30.723+0000] {dag.py:3036} INFO - Sync 1 DAGs
[2025-04-24T18:22:30.742+0000] {logging_mixin.py:188} INFO - [2025-04-24T18:22:30.741+0000] {dag.py:3823} INFO - Setting next_dagrun for prices_dag_taskflow to None, run_after=None
[2025-04-24T18:22:30.763+0000] {processor.py:183} INFO - Processing /opt/airflow/dags/prices_data_diff_method.py took 1.440 seconds
[2025-04-24T18:23:01.127+0000] {processor.py:161} INFO - Started process (PID=249) to work on /opt/airflow/dags/prices_data_diff_method.py
[2025-04-24T18:23:01.132+0000] {processor.py:830} INFO - Processing file /opt/airflow/dags/prices_data_diff_method.py for tasks to queue
[2025-04-24T18:23:01.136+0000] {logging_mixin.py:188} INFO - [2025-04-24T18:23:01.135+0000] {dagbag.py:538} INFO - Filling up the DagBag from /opt/airflow/dags/prices_data_diff_method.py
[2025-04-24T18:23:02.657+0000] {processor.py:840} INFO - DAG(s) 'prices_dag_taskflow' retrieved from /opt/airflow/dags/prices_data_diff_method.py
[2025-04-24T18:23:02.699+0000] {logging_mixin.py:188} INFO - [2025-04-24T18:23:02.699+0000] {dag.py:3036} INFO - Sync 1 DAGs
[2025-04-24T18:23:02.721+0000] {logging_mixin.py:188} INFO - [2025-04-24T18:23:02.720+0000] {dag.py:3823} INFO - Setting next_dagrun for prices_dag_taskflow to None, run_after=None
[2025-04-24T18:23:02.746+0000] {processor.py:183} INFO - Processing /opt/airflow/dags/prices_data_diff_method.py took 1.641 seconds
[2025-04-24T18:23:33.015+0000] {processor.py:161} INFO - Started process (PID=264) to work on /opt/airflow/dags/prices_data_diff_method.py
[2025-04-24T18:23:33.017+0000] {processor.py:830} INFO - Processing file /opt/airflow/dags/prices_data_diff_method.py for tasks to queue
[2025-04-24T18:23:33.018+0000] {logging_mixin.py:188} INFO - [2025-04-24T18:23:33.018+0000] {dagbag.py:538} INFO - Filling up the DagBag from /opt/airflow/dags/prices_data_diff_method.py
[2025-04-24T18:23:34.301+0000] {processor.py:840} INFO - DAG(s) 'prices_dag_taskflow' retrieved from /opt/airflow/dags/prices_data_diff_method.py
[2025-04-24T18:23:34.344+0000] {logging_mixin.py:188} INFO - [2025-04-24T18:23:34.343+0000] {dag.py:3036} INFO - Sync 1 DAGs
[2025-04-24T18:23:34.364+0000] {logging_mixin.py:188} INFO - [2025-04-24T18:23:34.363+0000] {dag.py:3823} INFO - Setting next_dagrun for prices_dag_taskflow to None, run_after=None
[2025-04-24T18:23:34.384+0000] {processor.py:183} INFO - Processing /opt/airflow/dags/prices_data_diff_method.py took 1.377 seconds
[2025-04-24T18:24:05.299+0000] {processor.py:161} INFO - Started process (PID=288) to work on /opt/airflow/dags/prices_data_diff_method.py
[2025-04-24T18:24:05.306+0000] {processor.py:830} INFO - Processing file /opt/airflow/dags/prices_data_diff_method.py for tasks to queue
[2025-04-24T18:24:05.312+0000] {logging_mixin.py:188} INFO - [2025-04-24T18:24:05.312+0000] {dagbag.py:538} INFO - Filling up the DagBag from /opt/airflow/dags/prices_data_diff_method.py
[2025-04-24T18:24:06.121+0000] {processor.py:840} INFO - DAG(s) 'prices_dag_taskflow' retrieved from /opt/airflow/dags/prices_data_diff_method.py
[2025-04-24T18:24:06.168+0000] {logging_mixin.py:188} INFO - [2025-04-24T18:24:06.168+0000] {dag.py:3036} INFO - Sync 1 DAGs
[2025-04-24T18:24:06.187+0000] {logging_mixin.py:188} INFO - [2025-04-24T18:24:06.187+0000] {dag.py:3823} INFO - Setting next_dagrun for prices_dag_taskflow to None, run_after=None
[2025-04-24T18:24:06.206+0000] {processor.py:183} INFO - Processing /opt/airflow/dags/prices_data_diff_method.py took 0.916 seconds
[2025-04-24T18:24:36.939+0000] {processor.py:161} INFO - Started process (PID=303) to work on /opt/airflow/dags/prices_data_diff_method.py
[2025-04-24T18:24:36.940+0000] {processor.py:830} INFO - Processing file /opt/airflow/dags/prices_data_diff_method.py for tasks to queue
[2025-04-24T18:24:36.941+0000] {logging_mixin.py:188} INFO - [2025-04-24T18:24:36.941+0000] {dagbag.py:538} INFO - Filling up the DagBag from /opt/airflow/dags/prices_data_diff_method.py
[2025-04-24T18:24:37.700+0000] {processor.py:840} INFO - DAG(s) 'prices_dag_taskflow' retrieved from /opt/airflow/dags/prices_data_diff_method.py
[2025-04-24T18:24:37.722+0000] {logging_mixin.py:188} INFO - [2025-04-24T18:24:37.721+0000] {dag.py:3036} INFO - Sync 1 DAGs
[2025-04-24T18:24:37.732+0000] {logging_mixin.py:188} INFO - [2025-04-24T18:24:37.731+0000] {dag.py:3823} INFO - Setting next_dagrun for prices_dag_taskflow to None, run_after=None
[2025-04-24T18:24:37.746+0000] {processor.py:183} INFO - Processing /opt/airflow/dags/prices_data_diff_method.py took 0.814 seconds
[2025-04-24T18:24:51.312+0000] {processor.py:161} INFO - Started process (PID=315) to work on /opt/airflow/dags/prices_data_diff_method.py
[2025-04-24T18:24:51.313+0000] {processor.py:830} INFO - Processing file /opt/airflow/dags/prices_data_diff_method.py for tasks to queue
[2025-04-24T18:24:51.314+0000] {logging_mixin.py:188} INFO - [2025-04-24T18:24:51.314+0000] {dagbag.py:538} INFO - Filling up the DagBag from /opt/airflow/dags/prices_data_diff_method.py
[2025-04-24T18:24:52.479+0000] {processor.py:840} INFO - DAG(s) 'prices_dag_taskflow' retrieved from /opt/airflow/dags/prices_data_diff_method.py
[2025-04-24T18:24:52.528+0000] {logging_mixin.py:188} INFO - [2025-04-24T18:24:52.527+0000] {dag.py:3036} INFO - Sync 1 DAGs
[2025-04-24T18:24:52.548+0000] {logging_mixin.py:188} INFO - [2025-04-24T18:24:52.548+0000] {dag.py:3823} INFO - Setting next_dagrun for prices_dag_taskflow to None, run_after=None
[2025-04-24T18:24:52.571+0000] {processor.py:183} INFO - Processing /opt/airflow/dags/prices_data_diff_method.py took 1.264 seconds
[2025-04-24T18:25:23.301+0000] {processor.py:161} INFO - Started process (PID=330) to work on /opt/airflow/dags/prices_data_diff_method.py
[2025-04-24T18:25:23.305+0000] {processor.py:830} INFO - Processing file /opt/airflow/dags/prices_data_diff_method.py for tasks to queue
[2025-04-24T18:25:23.306+0000] {logging_mixin.py:188} INFO - [2025-04-24T18:25:23.306+0000] {dagbag.py:538} INFO - Filling up the DagBag from /opt/airflow/dags/prices_data_diff_method.py
[2025-04-24T18:25:24.119+0000] {processor.py:840} INFO - DAG(s) 'prices_dag_taskflow' retrieved from /opt/airflow/dags/prices_data_diff_method.py
[2025-04-24T18:25:24.155+0000] {logging_mixin.py:188} INFO - [2025-04-24T18:25:24.154+0000] {dag.py:3036} INFO - Sync 1 DAGs
[2025-04-24T18:25:24.169+0000] {logging_mixin.py:188} INFO - [2025-04-24T18:25:24.168+0000] {dag.py:3823} INFO - Setting next_dagrun for prices_dag_taskflow to None, run_after=None
[2025-04-24T18:25:24.192+0000] {processor.py:183} INFO - Processing /opt/airflow/dags/prices_data_diff_method.py took 0.901 seconds
[2025-04-24T18:25:54.292+0000] {processor.py:161} INFO - Started process (PID=351) to work on /opt/airflow/dags/prices_data_diff_method.py
[2025-04-24T18:25:54.293+0000] {processor.py:830} INFO - Processing file /opt/airflow/dags/prices_data_diff_method.py for tasks to queue
[2025-04-24T18:25:54.294+0000] {logging_mixin.py:188} INFO - [2025-04-24T18:25:54.294+0000] {dagbag.py:538} INFO - Filling up the DagBag from /opt/airflow/dags/prices_data_diff_method.py
[2025-04-24T18:25:54.783+0000] {processor.py:840} INFO - DAG(s) 'prices_dag_taskflow' retrieved from /opt/airflow/dags/prices_data_diff_method.py
[2025-04-24T18:25:54.805+0000] {logging_mixin.py:188} INFO - [2025-04-24T18:25:54.805+0000] {dag.py:3036} INFO - Sync 1 DAGs
[2025-04-24T18:25:54.817+0000] {logging_mixin.py:188} INFO - [2025-04-24T18:25:54.817+0000] {dag.py:3823} INFO - Setting next_dagrun for prices_dag_taskflow to None, run_after=None
[2025-04-24T18:25:54.833+0000] {processor.py:183} INFO - Processing /opt/airflow/dags/prices_data_diff_method.py took 0.543 seconds
[2025-04-24T18:26:26.706+0000] {processor.py:161} INFO - Started process (PID=366) to work on /opt/airflow/dags/prices_data_diff_method.py
[2025-04-24T18:26:26.707+0000] {processor.py:830} INFO - Processing file /opt/airflow/dags/prices_data_diff_method.py for tasks to queue
[2025-04-24T18:26:26.708+0000] {logging_mixin.py:188} INFO - [2025-04-24T18:26:26.708+0000] {dagbag.py:538} INFO - Filling up the DagBag from /opt/airflow/dags/prices_data_diff_method.py
[2025-04-24T18:26:27.195+0000] {processor.py:840} INFO - DAG(s) 'prices_dag_taskflow' retrieved from /opt/airflow/dags/prices_data_diff_method.py
[2025-04-24T18:26:27.237+0000] {logging_mixin.py:188} INFO - [2025-04-24T18:26:27.236+0000] {dag.py:3036} INFO - Sync 1 DAGs
[2025-04-24T18:26:27.259+0000] {logging_mixin.py:188} INFO - [2025-04-24T18:26:27.259+0000] {dag.py:3823} INFO - Setting next_dagrun for prices_dag_taskflow to None, run_after=None
[2025-04-24T18:26:27.273+0000] {processor.py:183} INFO - Processing /opt/airflow/dags/prices_data_diff_method.py took 0.570 seconds
[2025-04-24T18:26:59.450+0000] {processor.py:161} INFO - Started process (PID=381) to work on /opt/airflow/dags/prices_data_diff_method.py
[2025-04-24T18:26:59.451+0000] {processor.py:830} INFO - Processing file /opt/airflow/dags/prices_data_diff_method.py for tasks to queue
[2025-04-24T18:26:59.452+0000] {logging_mixin.py:188} INFO - [2025-04-24T18:26:59.452+0000] {dagbag.py:538} INFO - Filling up the DagBag from /opt/airflow/dags/prices_data_diff_method.py
[2025-04-24T18:27:00.034+0000] {processor.py:840} INFO - DAG(s) 'prices_dag_taskflow' retrieved from /opt/airflow/dags/prices_data_diff_method.py
[2025-04-24T18:27:00.057+0000] {logging_mixin.py:188} INFO - [2025-04-24T18:27:00.057+0000] {dag.py:3036} INFO - Sync 1 DAGs
[2025-04-24T18:27:00.068+0000] {logging_mixin.py:188} INFO - [2025-04-24T18:27:00.068+0000] {dag.py:3823} INFO - Setting next_dagrun for prices_dag_taskflow to None, run_after=None
[2025-04-24T18:27:00.083+0000] {processor.py:183} INFO - Processing /opt/airflow/dags/prices_data_diff_method.py took 0.641 seconds
[2025-04-24T18:27:30.350+0000] {processor.py:161} INFO - Started process (PID=433) to work on /opt/airflow/dags/prices_data_diff_method.py
[2025-04-24T18:27:30.351+0000] {processor.py:830} INFO - Processing file /opt/airflow/dags/prices_data_diff_method.py for tasks to queue
[2025-04-24T18:27:30.352+0000] {logging_mixin.py:188} INFO - [2025-04-24T18:27:30.352+0000] {dagbag.py:538} INFO - Filling up the DagBag from /opt/airflow/dags/prices_data_diff_method.py
[2025-04-24T18:27:30.845+0000] {processor.py:840} INFO - DAG(s) 'prices_dag_taskflow' retrieved from /opt/airflow/dags/prices_data_diff_method.py
[2025-04-24T18:27:30.865+0000] {logging_mixin.py:188} INFO - [2025-04-24T18:27:30.865+0000] {dag.py:3036} INFO - Sync 1 DAGs
[2025-04-24T18:27:30.875+0000] {logging_mixin.py:188} INFO - [2025-04-24T18:27:30.875+0000] {dag.py:3823} INFO - Setting next_dagrun for prices_dag_taskflow to None, run_after=None
[2025-04-24T18:27:30.890+0000] {processor.py:183} INFO - Processing /opt/airflow/dags/prices_data_diff_method.py took 0.543 seconds
[2025-04-24T18:28:01.483+0000] {processor.py:161} INFO - Started process (PID=448) to work on /opt/airflow/dags/prices_data_diff_method.py
[2025-04-24T18:28:01.484+0000] {processor.py:830} INFO - Processing file /opt/airflow/dags/prices_data_diff_method.py for tasks to queue
[2025-04-24T18:28:01.485+0000] {logging_mixin.py:188} INFO - [2025-04-24T18:28:01.485+0000] {dagbag.py:538} INFO - Filling up the DagBag from /opt/airflow/dags/prices_data_diff_method.py
[2025-04-24T18:27:59.371+0000] {processor.py:840} INFO - DAG(s) 'prices_dag_taskflow' retrieved from /opt/airflow/dags/prices_data_diff_method.py
[2025-04-24T18:27:59.398+0000] {logging_mixin.py:188} INFO - [2025-04-24T18:27:59.398+0000] {dag.py:3036} INFO - Sync 1 DAGs
[2025-04-24T18:27:59.415+0000] {logging_mixin.py:188} INFO - [2025-04-24T18:27:59.414+0000] {dag.py:3823} INFO - Setting next_dagrun for prices_dag_taskflow to None, run_after=None
[2025-04-24T18:27:59.434+0000] {processor.py:183} INFO - Processing /opt/airflow/dags/prices_data_diff_method.py took 0.554 seconds
[2025-04-24T18:28:29.909+0000] {processor.py:161} INFO - Started process (PID=463) to work on /opt/airflow/dags/prices_data_diff_method.py
[2025-04-24T18:28:29.910+0000] {processor.py:830} INFO - Processing file /opt/airflow/dags/prices_data_diff_method.py for tasks to queue
[2025-04-24T18:28:29.911+0000] {logging_mixin.py:188} INFO - [2025-04-24T18:28:29.910+0000] {dagbag.py:538} INFO - Filling up the DagBag from /opt/airflow/dags/prices_data_diff_method.py
[2025-04-24T18:28:30.470+0000] {processor.py:840} INFO - DAG(s) 'prices_dag_taskflow' retrieved from /opt/airflow/dags/prices_data_diff_method.py
[2025-04-24T18:28:30.503+0000] {logging_mixin.py:188} INFO - [2025-04-24T18:28:30.503+0000] {dag.py:3036} INFO - Sync 1 DAGs
[2025-04-24T18:28:30.519+0000] {logging_mixin.py:188} INFO - [2025-04-24T18:28:30.518+0000] {dag.py:3823} INFO - Setting next_dagrun for prices_dag_taskflow to None, run_after=None
[2025-04-24T18:28:30.533+0000] {processor.py:183} INFO - Processing /opt/airflow/dags/prices_data_diff_method.py took 0.634 seconds
[2025-04-24T18:29:00.904+0000] {processor.py:161} INFO - Started process (PID=478) to work on /opt/airflow/dags/prices_data_diff_method.py
[2025-04-24T18:29:00.905+0000] {processor.py:830} INFO - Processing file /opt/airflow/dags/prices_data_diff_method.py for tasks to queue
[2025-04-24T18:29:00.905+0000] {logging_mixin.py:188} INFO - [2025-04-24T18:29:00.905+0000] {dagbag.py:538} INFO - Filling up the DagBag from /opt/airflow/dags/prices_data_diff_method.py
[2025-04-24T18:29:01.493+0000] {processor.py:840} INFO - DAG(s) 'prices_dag_taskflow' retrieved from /opt/airflow/dags/prices_data_diff_method.py
[2025-04-24T18:29:01.518+0000] {logging_mixin.py:188} INFO - [2025-04-24T18:29:01.518+0000] {dag.py:3036} INFO - Sync 1 DAGs
[2025-04-24T18:29:01.530+0000] {logging_mixin.py:188} INFO - [2025-04-24T18:29:01.530+0000] {dag.py:3823} INFO - Setting next_dagrun for prices_dag_taskflow to None, run_after=None
[2025-04-24T18:29:01.548+0000] {processor.py:183} INFO - Processing /opt/airflow/dags/prices_data_diff_method.py took 0.647 seconds
[2025-04-24T18:29:31.757+0000] {processor.py:161} INFO - Started process (PID=493) to work on /opt/airflow/dags/prices_data_diff_method.py
[2025-04-24T18:29:31.758+0000] {processor.py:830} INFO - Processing file /opt/airflow/dags/prices_data_diff_method.py for tasks to queue
[2025-04-24T18:29:31.760+0000] {logging_mixin.py:188} INFO - [2025-04-24T18:29:31.759+0000] {dagbag.py:538} INFO - Filling up the DagBag from /opt/airflow/dags/prices_data_diff_method.py
[2025-04-24T18:29:33.002+0000] {processor.py:840} INFO - DAG(s) 'prices_dag_taskflow' retrieved from /opt/airflow/dags/prices_data_diff_method.py
[2025-04-24T18:29:33.030+0000] {logging_mixin.py:188} INFO - [2025-04-24T18:29:33.029+0000] {dag.py:3036} INFO - Sync 1 DAGs
[2025-04-24T18:29:33.042+0000] {logging_mixin.py:188} INFO - [2025-04-24T18:29:33.042+0000] {dag.py:3823} INFO - Setting next_dagrun for prices_dag_taskflow to None, run_after=None
[2025-04-24T18:29:33.060+0000] {processor.py:183} INFO - Processing /opt/airflow/dags/prices_data_diff_method.py took 1.309 seconds
[2025-04-24T18:30:03.410+0000] {processor.py:161} INFO - Started process (PID=508) to work on /opt/airflow/dags/prices_data_diff_method.py
[2025-04-24T18:30:03.415+0000] {processor.py:830} INFO - Processing file /opt/airflow/dags/prices_data_diff_method.py for tasks to queue
[2025-04-24T18:30:03.421+0000] {logging_mixin.py:188} INFO - [2025-04-24T18:30:03.419+0000] {dagbag.py:538} INFO - Filling up the DagBag from /opt/airflow/dags/prices_data_diff_method.py
[2025-04-24T18:30:05.790+0000] {processor.py:840} INFO - DAG(s) 'prices_dag_taskflow' retrieved from /opt/airflow/dags/prices_data_diff_method.py
[2025-04-24T18:30:05.861+0000] {logging_mixin.py:188} INFO - [2025-04-24T18:30:05.861+0000] {dag.py:3036} INFO - Sync 1 DAGs
[2025-04-24T18:30:05.902+0000] {logging_mixin.py:188} INFO - [2025-04-24T18:30:05.902+0000] {dag.py:3823} INFO - Setting next_dagrun for prices_dag_taskflow to None, run_after=None
[2025-04-24T18:30:05.942+0000] {processor.py:183} INFO - Processing /opt/airflow/dags/prices_data_diff_method.py took 2.562 seconds
[2025-04-24T18:30:36.397+0000] {processor.py:161} INFO - Started process (PID=538) to work on /opt/airflow/dags/prices_data_diff_method.py
[2025-04-24T18:30:36.398+0000] {processor.py:830} INFO - Processing file /opt/airflow/dags/prices_data_diff_method.py for tasks to queue
[2025-04-24T18:30:36.399+0000] {logging_mixin.py:188} INFO - [2025-04-24T18:30:36.399+0000] {dagbag.py:538} INFO - Filling up the DagBag from /opt/airflow/dags/prices_data_diff_method.py
[2025-04-24T18:30:36.874+0000] {processor.py:840} INFO - DAG(s) 'prices_dag_taskflow' retrieved from /opt/airflow/dags/prices_data_diff_method.py
[2025-04-24T18:30:36.894+0000] {logging_mixin.py:188} INFO - [2025-04-24T18:30:36.893+0000] {dag.py:3036} INFO - Sync 1 DAGs
[2025-04-24T18:30:36.904+0000] {logging_mixin.py:188} INFO - [2025-04-24T18:30:36.904+0000] {dag.py:3823} INFO - Setting next_dagrun for prices_dag_taskflow to None, run_after=None
[2025-04-24T18:30:36.917+0000] {processor.py:183} INFO - Processing /opt/airflow/dags/prices_data_diff_method.py took 0.522 seconds
[2025-04-24T18:31:07.049+0000] {processor.py:161} INFO - Started process (PID=559) to work on /opt/airflow/dags/prices_data_diff_method.py
[2025-04-24T18:31:07.051+0000] {processor.py:830} INFO - Processing file /opt/airflow/dags/prices_data_diff_method.py for tasks to queue
[2025-04-24T18:31:07.052+0000] {logging_mixin.py:188} INFO - [2025-04-24T18:31:07.051+0000] {dagbag.py:538} INFO - Filling up the DagBag from /opt/airflow/dags/prices_data_diff_method.py
[2025-04-24T18:31:07.762+0000] {processor.py:840} INFO - DAG(s) 'prices_dag_taskflow' retrieved from /opt/airflow/dags/prices_data_diff_method.py
[2025-04-24T18:31:07.801+0000] {logging_mixin.py:188} INFO - [2025-04-24T18:31:07.799+0000] {dag.py:3036} INFO - Sync 1 DAGs
[2025-04-24T18:31:07.834+0000] {logging_mixin.py:188} INFO - [2025-04-24T18:31:07.834+0000] {dag.py:3823} INFO - Setting next_dagrun for prices_dag_taskflow to None, run_after=None
[2025-04-24T18:31:07.864+0000] {processor.py:183} INFO - Processing /opt/airflow/dags/prices_data_diff_method.py took 0.819 seconds
[2025-04-24T18:31:38.097+0000] {processor.py:161} INFO - Started process (PID=589) to work on /opt/airflow/dags/prices_data_diff_method.py
[2025-04-24T18:31:38.098+0000] {processor.py:830} INFO - Processing file /opt/airflow/dags/prices_data_diff_method.py for tasks to queue
[2025-04-24T18:31:38.099+0000] {logging_mixin.py:188} INFO - [2025-04-24T18:31:38.099+0000] {dagbag.py:538} INFO - Filling up the DagBag from /opt/airflow/dags/prices_data_diff_method.py
[2025-04-24T18:31:38.563+0000] {processor.py:840} INFO - DAG(s) 'prices_dag_taskflow' retrieved from /opt/airflow/dags/prices_data_diff_method.py
[2025-04-24T18:31:38.582+0000] {logging_mixin.py:188} INFO - [2025-04-24T18:31:38.581+0000] {dag.py:3036} INFO - Sync 1 DAGs
[2025-04-24T18:31:38.591+0000] {logging_mixin.py:188} INFO - [2025-04-24T18:31:38.591+0000] {dag.py:3823} INFO - Setting next_dagrun for prices_dag_taskflow to None, run_after=None
[2025-04-24T18:31:38.605+0000] {processor.py:183} INFO - Processing /opt/airflow/dags/prices_data_diff_method.py took 0.511 seconds
[2025-04-24T18:32:08.936+0000] {processor.py:161} INFO - Started process (PID=604) to work on /opt/airflow/dags/prices_data_diff_method.py
[2025-04-24T18:32:08.938+0000] {processor.py:830} INFO - Processing file /opt/airflow/dags/prices_data_diff_method.py for tasks to queue
[2025-04-24T18:32:08.939+0000] {logging_mixin.py:188} INFO - [2025-04-24T18:32:08.939+0000] {dagbag.py:538} INFO - Filling up the DagBag from /opt/airflow/dags/prices_data_diff_method.py
[2025-04-24T18:32:09.827+0000] {processor.py:840} INFO - DAG(s) 'prices_dag_taskflow' retrieved from /opt/airflow/dags/prices_data_diff_method.py
[2025-04-24T18:32:09.930+0000] {logging_mixin.py:188} INFO - [2025-04-24T18:32:09.929+0000] {dag.py:3036} INFO - Sync 1 DAGs
[2025-04-24T18:32:09.957+0000] {logging_mixin.py:188} INFO - [2025-04-24T18:32:09.957+0000] {dag.py:3823} INFO - Setting next_dagrun for prices_dag_taskflow to None, run_after=None
[2025-04-24T18:32:09.976+0000] {processor.py:183} INFO - Processing /opt/airflow/dags/prices_data_diff_method.py took 1.042 seconds
[2025-04-24T18:32:40.528+0000] {processor.py:161} INFO - Started process (PID=619) to work on /opt/airflow/dags/prices_data_diff_method.py
[2025-04-24T18:32:40.529+0000] {processor.py:830} INFO - Processing file /opt/airflow/dags/prices_data_diff_method.py for tasks to queue
[2025-04-24T18:32:40.530+0000] {logging_mixin.py:188} INFO - [2025-04-24T18:32:40.529+0000] {dagbag.py:538} INFO - Filling up the DagBag from /opt/airflow/dags/prices_data_diff_method.py
[2025-04-24T18:32:42.108+0000] {processor.py:840} INFO - DAG(s) 'prices_dag_taskflow' retrieved from /opt/airflow/dags/prices_data_diff_method.py
[2025-04-24T18:32:42.180+0000] {logging_mixin.py:188} INFO - [2025-04-24T18:32:42.180+0000] {dag.py:3036} INFO - Sync 1 DAGs
[2025-04-24T18:32:42.207+0000] {logging_mixin.py:188} INFO - [2025-04-24T18:32:42.206+0000] {dag.py:3823} INFO - Setting next_dagrun for prices_dag_taskflow to None, run_after=None
[2025-04-24T18:32:42.238+0000] {processor.py:183} INFO - Processing /opt/airflow/dags/prices_data_diff_method.py took 1.714 seconds
[2025-04-24T18:33:12.369+0000] {processor.py:161} INFO - Started process (PID=670) to work on /opt/airflow/dags/prices_data_diff_method.py
[2025-04-24T18:33:12.371+0000] {processor.py:830} INFO - Processing file /opt/airflow/dags/prices_data_diff_method.py for tasks to queue
[2025-04-24T18:33:12.373+0000] {logging_mixin.py:188} INFO - [2025-04-24T18:33:12.372+0000] {dagbag.py:538} INFO - Filling up the DagBag from /opt/airflow/dags/prices_data_diff_method.py
[2025-04-24T18:33:13.008+0000] {processor.py:840} INFO - DAG(s) 'prices_dag_taskflow' retrieved from /opt/airflow/dags/prices_data_diff_method.py
[2025-04-24T18:33:13.040+0000] {logging_mixin.py:188} INFO - [2025-04-24T18:33:13.040+0000] {dag.py:3036} INFO - Sync 1 DAGs
[2025-04-24T18:33:13.050+0000] {logging_mixin.py:188} INFO - [2025-04-24T18:33:13.049+0000] {dag.py:3823} INFO - Setting next_dagrun for prices_dag_taskflow to None, run_after=None
[2025-04-24T18:33:13.064+0000] {processor.py:183} INFO - Processing /opt/airflow/dags/prices_data_diff_method.py took 0.706 seconds
[2025-04-24T18:33:43.205+0000] {processor.py:161} INFO - Started process (PID=685) to work on /opt/airflow/dags/prices_data_diff_method.py
[2025-04-24T18:33:43.211+0000] {processor.py:830} INFO - Processing file /opt/airflow/dags/prices_data_diff_method.py for tasks to queue
[2025-04-24T18:33:43.214+0000] {logging_mixin.py:188} INFO - [2025-04-24T18:33:43.213+0000] {dagbag.py:538} INFO - Filling up the DagBag from /opt/airflow/dags/prices_data_diff_method.py
[2025-04-24T18:33:44.083+0000] {processor.py:840} INFO - DAG(s) 'prices_dag_taskflow' retrieved from /opt/airflow/dags/prices_data_diff_method.py
[2025-04-24T18:33:44.103+0000] {logging_mixin.py:188} INFO - [2025-04-24T18:33:44.103+0000] {dag.py:3036} INFO - Sync 1 DAGs
[2025-04-24T18:33:44.113+0000] {logging_mixin.py:188} INFO - [2025-04-24T18:33:44.113+0000] {dag.py:3823} INFO - Setting next_dagrun for prices_dag_taskflow to None, run_after=None
[2025-04-24T18:33:44.128+0000] {processor.py:183} INFO - Processing /opt/airflow/dags/prices_data_diff_method.py took 0.931 seconds
[2025-04-24T18:34:14.456+0000] {processor.py:161} INFO - Started process (PID=706) to work on /opt/airflow/dags/prices_data_diff_method.py
[2025-04-24T18:34:14.457+0000] {processor.py:830} INFO - Processing file /opt/airflow/dags/prices_data_diff_method.py for tasks to queue
[2025-04-24T18:34:14.458+0000] {logging_mixin.py:188} INFO - [2025-04-24T18:34:14.458+0000] {dagbag.py:538} INFO - Filling up the DagBag from /opt/airflow/dags/prices_data_diff_method.py
[2025-04-24T18:34:15.356+0000] {processor.py:840} INFO - DAG(s) 'prices_dag_taskflow' retrieved from /opt/airflow/dags/prices_data_diff_method.py
[2025-04-24T18:34:15.409+0000] {logging_mixin.py:188} INFO - [2025-04-24T18:34:15.408+0000] {dag.py:3036} INFO - Sync 1 DAGs
[2025-04-24T18:34:15.426+0000] {logging_mixin.py:188} INFO - [2025-04-24T18:34:15.425+0000] {dag.py:3823} INFO - Setting next_dagrun for prices_dag_taskflow to None, run_after=None
[2025-04-24T18:34:15.448+0000] {processor.py:183} INFO - Processing /opt/airflow/dags/prices_data_diff_method.py took 0.995 seconds
[2025-04-24T18:34:45.856+0000] {processor.py:161} INFO - Started process (PID=721) to work on /opt/airflow/dags/prices_data_diff_method.py
[2025-04-24T18:34:45.858+0000] {processor.py:830} INFO - Processing file /opt/airflow/dags/prices_data_diff_method.py for tasks to queue
[2025-04-24T18:34:45.859+0000] {logging_mixin.py:188} INFO - [2025-04-24T18:34:45.859+0000] {dagbag.py:538} INFO - Filling up the DagBag from /opt/airflow/dags/prices_data_diff_method.py
[2025-04-24T18:34:46.429+0000] {processor.py:840} INFO - DAG(s) 'prices_dag_taskflow' retrieved from /opt/airflow/dags/prices_data_diff_method.py
[2025-04-24T18:34:46.452+0000] {logging_mixin.py:188} INFO - [2025-04-24T18:34:46.452+0000] {dag.py:3036} INFO - Sync 1 DAGs
[2025-04-24T18:34:46.463+0000] {logging_mixin.py:188} INFO - [2025-04-24T18:34:46.463+0000] {dag.py:3823} INFO - Setting next_dagrun for prices_dag_taskflow to None, run_after=None
[2025-04-24T18:34:46.480+0000] {processor.py:183} INFO - Processing /opt/airflow/dags/prices_data_diff_method.py took 0.630 seconds
[2025-04-24T18:35:16.825+0000] {processor.py:161} INFO - Started process (PID=742) to work on /opt/airflow/dags/prices_data_diff_method.py
[2025-04-24T18:35:16.837+0000] {processor.py:830} INFO - Processing file /opt/airflow/dags/prices_data_diff_method.py for tasks to queue
[2025-04-24T18:35:16.838+0000] {logging_mixin.py:188} INFO - [2025-04-24T18:35:16.838+0000] {dagbag.py:538} INFO - Filling up the DagBag from /opt/airflow/dags/prices_data_diff_method.py
[2025-04-24T18:35:17.411+0000] {processor.py:840} INFO - DAG(s) 'prices_dag_taskflow' retrieved from /opt/airflow/dags/prices_data_diff_method.py
[2025-04-24T18:35:17.449+0000] {logging_mixin.py:188} INFO - [2025-04-24T18:35:17.448+0000] {dag.py:3036} INFO - Sync 1 DAGs
[2025-04-24T18:35:17.469+0000] {logging_mixin.py:188} INFO - [2025-04-24T18:35:17.469+0000] {dag.py:3823} INFO - Setting next_dagrun for prices_dag_taskflow to None, run_after=None
[2025-04-24T18:35:17.491+0000] {processor.py:183} INFO - Processing /opt/airflow/dags/prices_data_diff_method.py took 0.669 seconds
[2025-04-24T18:35:48.362+0000] {processor.py:161} INFO - Started process (PID=772) to work on /opt/airflow/dags/prices_data_diff_method.py
[2025-04-24T18:35:48.363+0000] {processor.py:830} INFO - Processing file /opt/airflow/dags/prices_data_diff_method.py for tasks to queue
[2025-04-24T18:35:48.363+0000] {logging_mixin.py:188} INFO - [2025-04-24T18:35:48.363+0000] {dagbag.py:538} INFO - Filling up the DagBag from /opt/airflow/dags/prices_data_diff_method.py
[2025-04-24T18:35:48.829+0000] {processor.py:840} INFO - DAG(s) 'prices_dag_taskflow' retrieved from /opt/airflow/dags/prices_data_diff_method.py
[2025-04-24T18:35:48.850+0000] {logging_mixin.py:188} INFO - [2025-04-24T18:35:48.850+0000] {dag.py:3036} INFO - Sync 1 DAGs
[2025-04-24T18:35:48.862+0000] {logging_mixin.py:188} INFO - [2025-04-24T18:35:48.861+0000] {dag.py:3823} INFO - Setting next_dagrun for prices_dag_taskflow to None, run_after=None
[2025-04-24T18:35:48.876+0000] {processor.py:183} INFO - Processing /opt/airflow/dags/prices_data_diff_method.py took 0.517 seconds
[2025-04-24T18:36:19.756+0000] {processor.py:161} INFO - Started process (PID=787) to work on /opt/airflow/dags/prices_data_diff_method.py
[2025-04-24T18:36:19.757+0000] {processor.py:830} INFO - Processing file /opt/airflow/dags/prices_data_diff_method.py for tasks to queue
[2025-04-24T18:36:19.758+0000] {logging_mixin.py:188} INFO - [2025-04-24T18:36:19.757+0000] {dagbag.py:538} INFO - Filling up the DagBag from /opt/airflow/dags/prices_data_diff_method.py
[2025-04-24T18:36:20.356+0000] {processor.py:840} INFO - DAG(s) 'prices_dag_taskflow' retrieved from /opt/airflow/dags/prices_data_diff_method.py
[2025-04-24T18:36:20.379+0000] {logging_mixin.py:188} INFO - [2025-04-24T18:36:20.379+0000] {dag.py:3036} INFO - Sync 1 DAGs
[2025-04-24T18:36:20.390+0000] {logging_mixin.py:188} INFO - [2025-04-24T18:36:20.390+0000] {dag.py:3823} INFO - Setting next_dagrun for prices_dag_taskflow to None, run_after=None
[2025-04-24T18:36:20.414+0000] {processor.py:183} INFO - Processing /opt/airflow/dags/prices_data_diff_method.py took 0.662 seconds
[2025-04-24T18:36:50.552+0000] {processor.py:161} INFO - Started process (PID=802) to work on /opt/airflow/dags/prices_data_diff_method.py
[2025-04-24T18:36:50.553+0000] {processor.py:830} INFO - Processing file /opt/airflow/dags/prices_data_diff_method.py for tasks to queue
[2025-04-24T18:36:50.553+0000] {logging_mixin.py:188} INFO - [2025-04-24T18:36:50.553+0000] {dagbag.py:538} INFO - Filling up the DagBag from /opt/airflow/dags/prices_data_diff_method.py
[2025-04-24T18:36:51.244+0000] {processor.py:840} INFO - DAG(s) 'prices_dag_taskflow' retrieved from /opt/airflow/dags/prices_data_diff_method.py
[2025-04-24T18:36:51.277+0000] {logging_mixin.py:188} INFO - [2025-04-24T18:36:51.276+0000] {dag.py:3036} INFO - Sync 1 DAGs
[2025-04-24T18:36:51.295+0000] {logging_mixin.py:188} INFO - [2025-04-24T18:36:51.295+0000] {dag.py:3823} INFO - Setting next_dagrun for prices_dag_taskflow to None, run_after=None
[2025-04-24T18:36:51.315+0000] {processor.py:183} INFO - Processing /opt/airflow/dags/prices_data_diff_method.py took 0.766 seconds
[2025-04-24T18:37:25.107+0000] {processor.py:161} INFO - Started process (PID=823) to work on /opt/airflow/dags/prices_data_diff_method.py
[2025-04-24T18:37:25.111+0000] {processor.py:830} INFO - Processing file /opt/airflow/dags/prices_data_diff_method.py for tasks to queue
[2025-04-24T18:37:25.116+0000] {logging_mixin.py:188} INFO - [2025-04-24T18:37:25.112+0000] {dagbag.py:538} INFO - Filling up the DagBag from /opt/airflow/dags/prices_data_diff_method.py
[2025-04-24T18:37:48.345+0000] {processor.py:840} INFO - DAG(s) 'prices_dag_taskflow' retrieved from /opt/airflow/dags/prices_data_diff_method.py
[2025-04-24T18:37:48.389+0000] {logging_mixin.py:188} INFO - [2025-04-24T18:37:48.388+0000] {dag.py:3036} INFO - Sync 1 DAGs
[2025-04-24T18:37:48.406+0000] {logging_mixin.py:188} INFO - [2025-04-24T18:37:48.406+0000] {dag.py:3823} INFO - Setting next_dagrun for prices_dag_taskflow to None, run_after=None
[2025-04-24T18:37:48.432+0000] {processor.py:183} INFO - Processing /opt/airflow/dags/prices_data_diff_method.py took 21.427 seconds
[2025-04-24T18:38:21.355+0000] {processor.py:161} INFO - Started process (PID=841) to work on /opt/airflow/dags/prices_data_diff_method.py
[2025-04-24T18:38:21.359+0000] {processor.py:830} INFO - Processing file /opt/airflow/dags/prices_data_diff_method.py for tasks to queue
[2025-04-24T18:38:21.367+0000] {logging_mixin.py:188} INFO - [2025-04-24T18:38:21.364+0000] {dagbag.py:538} INFO - Filling up the DagBag from /opt/airflow/dags/prices_data_diff_method.py
[2025-04-24T18:38:23.983+0000] {processor.py:840} INFO - DAG(s) 'prices_dag_taskflow' retrieved from /opt/airflow/dags/prices_data_diff_method.py
[2025-04-24T18:38:24.027+0000] {logging_mixin.py:188} INFO - [2025-04-24T18:38:24.025+0000] {dag.py:3036} INFO - Sync 1 DAGs
[2025-04-24T18:38:24.041+0000] {logging_mixin.py:188} INFO - [2025-04-24T18:38:24.041+0000] {dag.py:3823} INFO - Setting next_dagrun for prices_dag_taskflow to None, run_after=None
[2025-04-24T18:38:24.068+0000] {processor.py:183} INFO - Processing /opt/airflow/dags/prices_data_diff_method.py took 2.742 seconds
[2025-04-24T18:38:54.807+0000] {processor.py:161} INFO - Started process (PID=867) to work on /opt/airflow/dags/prices_data_diff_method.py
[2025-04-24T18:38:54.809+0000] {processor.py:830} INFO - Processing file /opt/airflow/dags/prices_data_diff_method.py for tasks to queue
[2025-04-24T18:38:54.810+0000] {logging_mixin.py:188} INFO - [2025-04-24T18:38:54.810+0000] {dagbag.py:538} INFO - Filling up the DagBag from /opt/airflow/dags/prices_data_diff_method.py
[2025-04-24T18:38:55.905+0000] {processor.py:840} INFO - DAG(s) 'prices_dag_taskflow' retrieved from /opt/airflow/dags/prices_data_diff_method.py
[2025-04-24T18:38:55.939+0000] {logging_mixin.py:188} INFO - [2025-04-24T18:38:55.936+0000] {dag.py:3036} INFO - Sync 1 DAGs
[2025-04-24T18:38:55.956+0000] {logging_mixin.py:188} INFO - [2025-04-24T18:38:55.956+0000] {dag.py:3823} INFO - Setting next_dagrun for prices_dag_taskflow to None, run_after=None
[2025-04-24T18:38:55.975+0000] {processor.py:183} INFO - Processing /opt/airflow/dags/prices_data_diff_method.py took 1.172 seconds
[2025-04-24T18:39:26.835+0000] {processor.py:161} INFO - Started process (PID=884) to work on /opt/airflow/dags/prices_data_diff_method.py
[2025-04-24T18:39:26.836+0000] {processor.py:830} INFO - Processing file /opt/airflow/dags/prices_data_diff_method.py for tasks to queue
[2025-04-24T18:39:26.836+0000] {logging_mixin.py:188} INFO - [2025-04-24T18:39:26.836+0000] {dagbag.py:538} INFO - Filling up the DagBag from /opt/airflow/dags/prices_data_diff_method.py
[2025-04-24T18:39:27.687+0000] {processor.py:840} INFO - DAG(s) 'prices_dag_taskflow' retrieved from /opt/airflow/dags/prices_data_diff_method.py
[2025-04-24T18:39:27.716+0000] {logging_mixin.py:188} INFO - [2025-04-24T18:39:27.716+0000] {dag.py:3036} INFO - Sync 1 DAGs
[2025-04-24T18:39:27.729+0000] {logging_mixin.py:188} INFO - [2025-04-24T18:39:27.729+0000] {dag.py:3823} INFO - Setting next_dagrun for prices_dag_taskflow to None, run_after=None
[2025-04-24T18:39:27.755+0000] {processor.py:183} INFO - Processing /opt/airflow/dags/prices_data_diff_method.py took 0.925 seconds
[2025-04-24T18:39:59.531+0000] {processor.py:161} INFO - Started process (PID=899) to work on /opt/airflow/dags/prices_data_diff_method.py
[2025-04-24T18:39:59.532+0000] {processor.py:830} INFO - Processing file /opt/airflow/dags/prices_data_diff_method.py for tasks to queue
[2025-04-24T18:39:59.533+0000] {logging_mixin.py:188} INFO - [2025-04-24T18:39:59.533+0000] {dagbag.py:538} INFO - Filling up the DagBag from /opt/airflow/dags/prices_data_diff_method.py
[2025-04-24T18:40:00.500+0000] {processor.py:840} INFO - DAG(s) 'prices_dag_taskflow' retrieved from /opt/airflow/dags/prices_data_diff_method.py
[2025-04-24T18:40:00.525+0000] {logging_mixin.py:188} INFO - [2025-04-24T18:40:00.525+0000] {dag.py:3036} INFO - Sync 1 DAGs
[2025-04-24T18:40:00.537+0000] {logging_mixin.py:188} INFO - [2025-04-24T18:40:00.536+0000] {dag.py:3823} INFO - Setting next_dagrun for prices_dag_taskflow to None, run_after=None
[2025-04-24T18:40:00.559+0000] {processor.py:183} INFO - Processing /opt/airflow/dags/prices_data_diff_method.py took 1.032 seconds
[2025-04-24T18:40:32.433+0000] {processor.py:161} INFO - Started process (PID=914) to work on /opt/airflow/dags/prices_data_diff_method.py
[2025-04-24T18:40:32.434+0000] {processor.py:830} INFO - Processing file /opt/airflow/dags/prices_data_diff_method.py for tasks to queue
[2025-04-24T18:40:32.435+0000] {logging_mixin.py:188} INFO - [2025-04-24T18:40:32.435+0000] {dagbag.py:538} INFO - Filling up the DagBag from /opt/airflow/dags/prices_data_diff_method.py
[2025-04-24T18:40:33.146+0000] {processor.py:840} INFO - DAG(s) 'prices_dag_taskflow' retrieved from /opt/airflow/dags/prices_data_diff_method.py
[2025-04-24T18:40:33.169+0000] {logging_mixin.py:188} INFO - [2025-04-24T18:40:33.167+0000] {dag.py:3036} INFO - Sync 1 DAGs
[2025-04-24T18:40:33.182+0000] {logging_mixin.py:188} INFO - [2025-04-24T18:40:33.182+0000] {dag.py:3823} INFO - Setting next_dagrun for prices_dag_taskflow to None, run_after=None
[2025-04-24T18:40:33.201+0000] {processor.py:183} INFO - Processing /opt/airflow/dags/prices_data_diff_method.py took 0.770 seconds
[2025-04-24T18:41:05.061+0000] {processor.py:161} INFO - Started process (PID=929) to work on /opt/airflow/dags/prices_data_diff_method.py
[2025-04-24T18:41:05.062+0000] {processor.py:830} INFO - Processing file /opt/airflow/dags/prices_data_diff_method.py for tasks to queue
[2025-04-24T18:41:05.063+0000] {logging_mixin.py:188} INFO - [2025-04-24T18:41:05.062+0000] {dagbag.py:538} INFO - Filling up the DagBag from /opt/airflow/dags/prices_data_diff_method.py
[2025-04-24T18:41:06.022+0000] {processor.py:840} INFO - DAG(s) 'prices_dag_taskflow' retrieved from /opt/airflow/dags/prices_data_diff_method.py
[2025-04-24T18:41:06.048+0000] {logging_mixin.py:188} INFO - [2025-04-24T18:41:06.047+0000] {dag.py:3036} INFO - Sync 1 DAGs
[2025-04-24T18:41:06.060+0000] {logging_mixin.py:188} INFO - [2025-04-24T18:41:06.060+0000] {dag.py:3823} INFO - Setting next_dagrun for prices_dag_taskflow to None, run_after=None
[2025-04-24T18:41:06.078+0000] {processor.py:183} INFO - Processing /opt/airflow/dags/prices_data_diff_method.py took 1.020 seconds
[2025-04-24T18:41:37.960+0000] {processor.py:161} INFO - Started process (PID=944) to work on /opt/airflow/dags/prices_data_diff_method.py
[2025-04-24T18:41:37.962+0000] {processor.py:830} INFO - Processing file /opt/airflow/dags/prices_data_diff_method.py for tasks to queue
[2025-04-24T18:41:37.963+0000] {logging_mixin.py:188} INFO - [2025-04-24T18:41:37.962+0000] {dagbag.py:538} INFO - Filling up the DagBag from /opt/airflow/dags/prices_data_diff_method.py
[2025-04-24T18:41:38.788+0000] {processor.py:840} INFO - DAG(s) 'prices_dag_taskflow' retrieved from /opt/airflow/dags/prices_data_diff_method.py
[2025-04-24T18:41:38.809+0000] {logging_mixin.py:188} INFO - [2025-04-24T18:41:38.809+0000] {dag.py:3036} INFO - Sync 1 DAGs
[2025-04-24T18:41:38.819+0000] {logging_mixin.py:188} INFO - [2025-04-24T18:41:38.819+0000] {dag.py:3823} INFO - Setting next_dagrun for prices_dag_taskflow to None, run_after=None
[2025-04-24T18:41:38.834+0000] {processor.py:183} INFO - Processing /opt/airflow/dags/prices_data_diff_method.py took 0.877 seconds
[2025-04-24T18:42:10.662+0000] {processor.py:161} INFO - Started process (PID=959) to work on /opt/airflow/dags/prices_data_diff_method.py
[2025-04-24T18:42:10.663+0000] {processor.py:830} INFO - Processing file /opt/airflow/dags/prices_data_diff_method.py for tasks to queue
[2025-04-24T18:42:10.664+0000] {logging_mixin.py:188} INFO - [2025-04-24T18:42:10.664+0000] {dagbag.py:538} INFO - Filling up the DagBag from /opt/airflow/dags/prices_data_diff_method.py
[2025-04-24T18:42:11.409+0000] {processor.py:840} INFO - DAG(s) 'prices_dag_taskflow' retrieved from /opt/airflow/dags/prices_data_diff_method.py
[2025-04-24T18:42:11.433+0000] {logging_mixin.py:188} INFO - [2025-04-24T18:42:11.432+0000] {dag.py:3036} INFO - Sync 1 DAGs
[2025-04-24T18:42:11.442+0000] {logging_mixin.py:188} INFO - [2025-04-24T18:42:11.442+0000] {dag.py:3823} INFO - Setting next_dagrun for prices_dag_taskflow to None, run_after=None
[2025-04-24T18:42:11.457+0000] {processor.py:183} INFO - Processing /opt/airflow/dags/prices_data_diff_method.py took 0.797 seconds
[2025-04-24T18:42:43.273+0000] {processor.py:161} INFO - Started process (PID=974) to work on /opt/airflow/dags/prices_data_diff_method.py
[2025-04-24T18:42:43.273+0000] {processor.py:830} INFO - Processing file /opt/airflow/dags/prices_data_diff_method.py for tasks to queue
[2025-04-24T18:42:43.274+0000] {logging_mixin.py:188} INFO - [2025-04-24T18:42:43.274+0000] {dagbag.py:538} INFO - Filling up the DagBag from /opt/airflow/dags/prices_data_diff_method.py
[2025-04-24T18:42:43.962+0000] {processor.py:840} INFO - DAG(s) 'prices_dag_taskflow' retrieved from /opt/airflow/dags/prices_data_diff_method.py
[2025-04-24T18:42:43.982+0000] {logging_mixin.py:188} INFO - [2025-04-24T18:42:43.981+0000] {dag.py:3036} INFO - Sync 1 DAGs
[2025-04-24T18:42:43.992+0000] {logging_mixin.py:188} INFO - [2025-04-24T18:42:43.992+0000] {dag.py:3823} INFO - Setting next_dagrun for prices_dag_taskflow to None, run_after=None
[2025-04-24T18:42:44.011+0000] {processor.py:183} INFO - Processing /opt/airflow/dags/prices_data_diff_method.py took 0.741 seconds
[2025-04-24T18:43:15.910+0000] {processor.py:161} INFO - Started process (PID=989) to work on /opt/airflow/dags/prices_data_diff_method.py
[2025-04-24T18:43:15.911+0000] {processor.py:830} INFO - Processing file /opt/airflow/dags/prices_data_diff_method.py for tasks to queue
[2025-04-24T18:43:15.912+0000] {logging_mixin.py:188} INFO - [2025-04-24T18:43:15.911+0000] {dagbag.py:538} INFO - Filling up the DagBag from /opt/airflow/dags/prices_data_diff_method.py
[2025-04-24T18:43:16.730+0000] {processor.py:840} INFO - DAG(s) 'prices_dag_taskflow' retrieved from /opt/airflow/dags/prices_data_diff_method.py
[2025-04-24T18:43:16.749+0000] {logging_mixin.py:188} INFO - [2025-04-24T18:43:16.748+0000] {dag.py:3036} INFO - Sync 1 DAGs
[2025-04-24T18:43:16.757+0000] {logging_mixin.py:188} INFO - [2025-04-24T18:43:16.757+0000] {dag.py:3823} INFO - Setting next_dagrun for prices_dag_taskflow to None, run_after=None
[2025-04-24T18:43:16.771+0000] {processor.py:183} INFO - Processing /opt/airflow/dags/prices_data_diff_method.py took 0.864 seconds
[2025-04-24T18:43:48.642+0000] {processor.py:161} INFO - Started process (PID=1003) to work on /opt/airflow/dags/prices_data_diff_method.py
[2025-04-24T18:43:48.644+0000] {processor.py:830} INFO - Processing file /opt/airflow/dags/prices_data_diff_method.py for tasks to queue
[2025-04-24T18:43:48.645+0000] {logging_mixin.py:188} INFO - [2025-04-24T18:43:48.645+0000] {dagbag.py:538} INFO - Filling up the DagBag from /opt/airflow/dags/prices_data_diff_method.py
[2025-04-24T18:43:49.555+0000] {processor.py:840} INFO - DAG(s) 'prices_dag_taskflow' retrieved from /opt/airflow/dags/prices_data_diff_method.py
[2025-04-24T18:43:49.582+0000] {logging_mixin.py:188} INFO - [2025-04-24T18:43:49.579+0000] {dag.py:3036} INFO - Sync 1 DAGs
[2025-04-24T18:43:49.594+0000] {logging_mixin.py:188} INFO - [2025-04-24T18:43:49.593+0000] {dag.py:3823} INFO - Setting next_dagrun for prices_dag_taskflow to None, run_after=None
[2025-04-24T18:43:49.612+0000] {processor.py:183} INFO - Processing /opt/airflow/dags/prices_data_diff_method.py took 0.974 seconds
[2025-04-24T18:44:21.458+0000] {processor.py:161} INFO - Started process (PID=1018) to work on /opt/airflow/dags/prices_data_diff_method.py
[2025-04-24T18:44:21.459+0000] {processor.py:830} INFO - Processing file /opt/airflow/dags/prices_data_diff_method.py for tasks to queue
[2025-04-24T18:44:21.460+0000] {logging_mixin.py:188} INFO - [2025-04-24T18:44:21.460+0000] {dagbag.py:538} INFO - Filling up the DagBag from /opt/airflow/dags/prices_data_diff_method.py
[2025-04-24T18:44:22.299+0000] {processor.py:840} INFO - DAG(s) 'prices_dag_taskflow' retrieved from /opt/airflow/dags/prices_data_diff_method.py
[2025-04-24T18:44:22.322+0000] {logging_mixin.py:188} INFO - [2025-04-24T18:44:22.321+0000] {dag.py:3036} INFO - Sync 1 DAGs
[2025-04-24T18:44:22.333+0000] {logging_mixin.py:188} INFO - [2025-04-24T18:44:22.332+0000] {dag.py:3823} INFO - Setting next_dagrun for prices_dag_taskflow to None, run_after=None
[2025-04-24T18:44:22.350+0000] {processor.py:183} INFO - Processing /opt/airflow/dags/prices_data_diff_method.py took 0.894 seconds
[2025-04-24T18:44:54.201+0000] {processor.py:161} INFO - Started process (PID=1032) to work on /opt/airflow/dags/prices_data_diff_method.py
[2025-04-24T18:44:54.202+0000] {processor.py:830} INFO - Processing file /opt/airflow/dags/prices_data_diff_method.py for tasks to queue
[2025-04-24T18:44:54.202+0000] {logging_mixin.py:188} INFO - [2025-04-24T18:44:54.202+0000] {dagbag.py:538} INFO - Filling up the DagBag from /opt/airflow/dags/prices_data_diff_method.py
[2025-04-24T18:44:55.177+0000] {processor.py:840} INFO - DAG(s) 'prices_dag_taskflow' retrieved from /opt/airflow/dags/prices_data_diff_method.py
[2025-04-24T18:44:55.340+0000] {logging_mixin.py:188} INFO - [2025-04-24T18:44:55.338+0000] {dag.py:3036} INFO - Sync 1 DAGs
[2025-04-24T18:44:55.352+0000] {logging_mixin.py:188} INFO - [2025-04-24T18:44:55.352+0000] {dag.py:3823} INFO - Setting next_dagrun for prices_dag_taskflow to None, run_after=None
[2025-04-24T18:44:55.369+0000] {processor.py:183} INFO - Processing /opt/airflow/dags/prices_data_diff_method.py took 1.170 seconds
[2025-04-24T18:45:27.078+0000] {processor.py:161} INFO - Started process (PID=1047) to work on /opt/airflow/dags/prices_data_diff_method.py
[2025-04-24T18:45:27.079+0000] {processor.py:830} INFO - Processing file /opt/airflow/dags/prices_data_diff_method.py for tasks to queue
[2025-04-24T18:45:27.080+0000] {logging_mixin.py:188} INFO - [2025-04-24T18:45:27.080+0000] {dagbag.py:538} INFO - Filling up the DagBag from /opt/airflow/dags/prices_data_diff_method.py
[2025-04-24T18:45:28.151+0000] {processor.py:840} INFO - DAG(s) 'prices_dag_taskflow' retrieved from /opt/airflow/dags/prices_data_diff_method.py
[2025-04-24T18:45:28.321+0000] {logging_mixin.py:188} INFO - [2025-04-24T18:45:28.318+0000] {dag.py:3036} INFO - Sync 1 DAGs
[2025-04-24T18:45:28.331+0000] {logging_mixin.py:188} INFO - [2025-04-24T18:45:28.331+0000] {dag.py:3823} INFO - Setting next_dagrun for prices_dag_taskflow to None, run_after=None
[2025-04-24T18:45:28.346+0000] {processor.py:183} INFO - Processing /opt/airflow/dags/prices_data_diff_method.py took 1.270 seconds
[2025-04-24T18:45:59.220+0000] {processor.py:161} INFO - Started process (PID=1067) to work on /opt/airflow/dags/prices_data_diff_method.py
[2025-04-24T18:45:59.222+0000] {processor.py:830} INFO - Processing file /opt/airflow/dags/prices_data_diff_method.py for tasks to queue
[2025-04-24T18:45:59.223+0000] {logging_mixin.py:188} INFO - [2025-04-24T18:45:59.223+0000] {dagbag.py:538} INFO - Filling up the DagBag from /opt/airflow/dags/prices_data_diff_method.py
[2025-04-24T18:46:00.761+0000] {processor.py:840} INFO - DAG(s) 'prices_dag_taskflow' retrieved from /opt/airflow/dags/prices_data_diff_method.py
[2025-04-24T18:46:35.292+0000] {processor.py:186} ERROR - Got an exception! Propagating...
Traceback (most recent call last):
  File "/home/airflow/.local/lib/python3.10/site-packages/sqlalchemy/engine/base.py", line 3371, in _wrap_pool_connect
    return fn()
  File "/home/airflow/.local/lib/python3.10/site-packages/sqlalchemy/pool/base.py", line 327, in connect
    return _ConnectionFairy._checkout(self)
  File "/home/airflow/.local/lib/python3.10/site-packages/sqlalchemy/pool/base.py", line 894, in _checkout
    fairy = _ConnectionRecord.checkout(pool)
  File "/home/airflow/.local/lib/python3.10/site-packages/sqlalchemy/pool/base.py", line 493, in checkout
    rec = pool._do_get()
  File "/home/airflow/.local/lib/python3.10/site-packages/sqlalchemy/pool/impl.py", line 145, in _do_get
    with util.safe_reraise():
  File "/home/airflow/.local/lib/python3.10/site-packages/sqlalchemy/util/langhelpers.py", line 70, in __exit__
    compat.raise_(
  File "/home/airflow/.local/lib/python3.10/site-packages/sqlalchemy/util/compat.py", line 211, in raise_
    raise exception
  File "/home/airflow/.local/lib/python3.10/site-packages/sqlalchemy/pool/impl.py", line 143, in _do_get
    return self._create_connection()
  File "/home/airflow/.local/lib/python3.10/site-packages/sqlalchemy/pool/base.py", line 273, in _create_connection
    return _ConnectionRecord(self)
  File "/home/airflow/.local/lib/python3.10/site-packages/sqlalchemy/pool/base.py", line 388, in __init__
    self.__connect()
  File "/home/airflow/.local/lib/python3.10/site-packages/sqlalchemy/pool/base.py", line 690, in __connect
    with util.safe_reraise():
  File "/home/airflow/.local/lib/python3.10/site-packages/sqlalchemy/util/langhelpers.py", line 70, in __exit__
    compat.raise_(
  File "/home/airflow/.local/lib/python3.10/site-packages/sqlalchemy/util/compat.py", line 211, in raise_
    raise exception
  File "/home/airflow/.local/lib/python3.10/site-packages/sqlalchemy/pool/base.py", line 686, in __connect
    self.dbapi_connection = connection = pool._invoke_creator(self)
  File "/home/airflow/.local/lib/python3.10/site-packages/sqlalchemy/engine/create.py", line 574, in connect
    return dialect.connect(*cargs, **cparams)
  File "/home/airflow/.local/lib/python3.10/site-packages/sqlalchemy/engine/default.py", line 598, in connect
    return self.dbapi.connect(*cargs, **cparams)
  File "/home/airflow/.local/lib/python3.10/site-packages/psycopg2/__init__.py", line 122, in connect
    conn = _connect(dsn, connection_factory=connection_factory, **kwasync)
psycopg2.OperationalError: could not translate host name "postgres" to address: Temporary failure in name resolution


The above exception was the direct cause of the following exception:

Traceback (most recent call last):
  File "/home/airflow/.local/lib/python3.10/site-packages/airflow/dag_processing/processor.py", line 182, in _run_file_processor
    _handle_dag_file_processing()
  File "/home/airflow/.local/lib/python3.10/site-packages/airflow/dag_processing/processor.py", line 163, in _handle_dag_file_processing
    result: tuple[int, int] = dag_file_processor.process_file(
  File "/home/airflow/.local/lib/python3.10/site-packages/airflow/utils/session.py", line 79, in wrapper
    return func(*args, session=session, **kwargs)
  File "/home/airflow/.local/lib/python3.10/site-packages/airflow/dag_processing/processor.py", line 859, in process_file
    serialize_errors = DagFileProcessor.save_dag_to_db(
  File "/home/airflow/.local/lib/python3.10/site-packages/airflow/api_internal/internal_api_call.py", line 114, in wrapper
    return func(*args, **kwargs)
  File "/home/airflow/.local/lib/python3.10/site-packages/airflow/utils/session.py", line 79, in wrapper
    return func(*args, session=session, **kwargs)
  File "/home/airflow/.local/lib/python3.10/site-packages/airflow/dag_processing/processor.py", line 895, in save_dag_to_db
    import_errors = DagBag._sync_to_db(dags=dags, processor_subdir=dag_directory, session=session)
  File "/home/airflow/.local/lib/python3.10/site-packages/airflow/utils/session.py", line 76, in wrapper
    return func(*args, **kwargs)
  File "/home/airflow/.local/lib/python3.10/site-packages/airflow/models/dagbag.py", line 657, in _sync_to_db
    for attempt in run_with_db_retries(logger=log):
  File "/home/airflow/.local/lib/python3.10/site-packages/tenacity/__init__.py", line 347, in __iter__
    do = self.iter(retry_state=retry_state)
  File "/home/airflow/.local/lib/python3.10/site-packages/tenacity/__init__.py", line 325, in iter
    raise retry_exc.reraise()
  File "/home/airflow/.local/lib/python3.10/site-packages/tenacity/__init__.py", line 158, in reraise
    raise self.last_attempt.result()
  File "/usr/local/lib/python3.10/concurrent/futures/_base.py", line 451, in result
    return self.__get_result()
  File "/usr/local/lib/python3.10/concurrent/futures/_base.py", line 403, in __get_result
    raise self._exception
  File "/home/airflow/.local/lib/python3.10/site-packages/airflow/models/dagbag.py", line 670, in _sync_to_db
    _serialize_dag_capturing_errors(dag, session, processor_subdir)
  File "/home/airflow/.local/lib/python3.10/site-packages/airflow/models/dagbag.py", line 635, in _serialize_dag_capturing_errors
    dag_was_updated = SerializedDagModel.write_dag(
  File "/home/airflow/.local/lib/python3.10/site-packages/airflow/utils/session.py", line 76, in wrapper
    return func(*args, **kwargs)
  File "/home/airflow/.local/lib/python3.10/site-packages/airflow/models/serialized_dag.py", line 157, in write_dag
    if session.scalar(
  File "/home/airflow/.local/lib/python3.10/site-packages/sqlalchemy/orm/session.py", line 1747, in scalar
    return self.execute(
  File "/home/airflow/.local/lib/python3.10/site-packages/sqlalchemy/orm/session.py", line 1716, in execute
    conn = self._connection_for_bind(bind)
  File "/home/airflow/.local/lib/python3.10/site-packages/sqlalchemy/orm/session.py", line 1555, in _connection_for_bind
    return self._transaction._connection_for_bind(
  File "/home/airflow/.local/lib/python3.10/site-packages/sqlalchemy/orm/session.py", line 750, in _connection_for_bind
    conn = bind.connect()
  File "/home/airflow/.local/lib/python3.10/site-packages/sqlalchemy/future/engine.py", line 412, in connect
    return super(Engine, self).connect()
  File "/home/airflow/.local/lib/python3.10/site-packages/sqlalchemy/engine/base.py", line 3325, in connect
    return self._connection_cls(self, close_with_result=close_with_result)
  File "/home/airflow/.local/lib/python3.10/site-packages/sqlalchemy/engine/base.py", line 96, in __init__
    else engine.raw_connection()
  File "/home/airflow/.local/lib/python3.10/site-packages/sqlalchemy/engine/base.py", line 3404, in raw_connection
    return self._wrap_pool_connect(self.pool.connect, _connection)
  File "/home/airflow/.local/lib/python3.10/site-packages/sqlalchemy/engine/base.py", line 3374, in _wrap_pool_connect
    Connection._handle_dbapi_exception_noconnection(
  File "/home/airflow/.local/lib/python3.10/site-packages/sqlalchemy/engine/base.py", line 2208, in _handle_dbapi_exception_noconnection
    util.raise_(
  File "/home/airflow/.local/lib/python3.10/site-packages/sqlalchemy/util/compat.py", line 211, in raise_
    raise exception
  File "/home/airflow/.local/lib/python3.10/site-packages/sqlalchemy/engine/base.py", line 3371, in _wrap_pool_connect
    return fn()
  File "/home/airflow/.local/lib/python3.10/site-packages/sqlalchemy/pool/base.py", line 327, in connect
    return _ConnectionFairy._checkout(self)
  File "/home/airflow/.local/lib/python3.10/site-packages/sqlalchemy/pool/base.py", line 894, in _checkout
    fairy = _ConnectionRecord.checkout(pool)
  File "/home/airflow/.local/lib/python3.10/site-packages/sqlalchemy/pool/base.py", line 493, in checkout
    rec = pool._do_get()
  File "/home/airflow/.local/lib/python3.10/site-packages/sqlalchemy/pool/impl.py", line 145, in _do_get
    with util.safe_reraise():
  File "/home/airflow/.local/lib/python3.10/site-packages/sqlalchemy/util/langhelpers.py", line 70, in __exit__
    compat.raise_(
  File "/home/airflow/.local/lib/python3.10/site-packages/sqlalchemy/util/compat.py", line 211, in raise_
    raise exception
  File "/home/airflow/.local/lib/python3.10/site-packages/sqlalchemy/pool/impl.py", line 143, in _do_get
    return self._create_connection()
  File "/home/airflow/.local/lib/python3.10/site-packages/sqlalchemy/pool/base.py", line 273, in _create_connection
    return _ConnectionRecord(self)
  File "/home/airflow/.local/lib/python3.10/site-packages/sqlalchemy/pool/base.py", line 388, in __init__
    self.__connect()
  File "/home/airflow/.local/lib/python3.10/site-packages/sqlalchemy/pool/base.py", line 690, in __connect
    with util.safe_reraise():
  File "/home/airflow/.local/lib/python3.10/site-packages/sqlalchemy/util/langhelpers.py", line 70, in __exit__
    compat.raise_(
  File "/home/airflow/.local/lib/python3.10/site-packages/sqlalchemy/util/compat.py", line 211, in raise_
    raise exception
  File "/home/airflow/.local/lib/python3.10/site-packages/sqlalchemy/pool/base.py", line 686, in __connect
    self.dbapi_connection = connection = pool._invoke_creator(self)
  File "/home/airflow/.local/lib/python3.10/site-packages/sqlalchemy/engine/create.py", line 574, in connect
    return dialect.connect(*cargs, **cparams)
  File "/home/airflow/.local/lib/python3.10/site-packages/sqlalchemy/engine/default.py", line 598, in connect
    return self.dbapi.connect(*cargs, **cparams)
  File "/home/airflow/.local/lib/python3.10/site-packages/psycopg2/__init__.py", line 122, in connect
    conn = _connect(dsn, connection_factory=connection_factory, **kwasync)
sqlalchemy.exc.OperationalError: (psycopg2.OperationalError) could not translate host name "postgres" to address: Temporary failure in name resolution

(Background on this error at: https://sqlalche.me/e/14/e3q8)
[2025-04-24T18:47:09.875+0000] {processor.py:161} INFO - Started process (PID=1088) to work on /opt/airflow/dags/prices_data_diff_method.py
[2025-04-24T18:47:09.877+0000] {processor.py:830} INFO - Processing file /opt/airflow/dags/prices_data_diff_method.py for tasks to queue
[2025-04-24T18:47:09.880+0000] {logging_mixin.py:188} INFO - [2025-04-24T18:47:09.879+0000] {dagbag.py:538} INFO - Filling up the DagBag from /opt/airflow/dags/prices_data_diff_method.py
[2025-04-24T18:47:13.598+0000] {processor.py:840} INFO - DAG(s) 'prices_dag_taskflow' retrieved from /opt/airflow/dags/prices_data_diff_method.py
[2025-04-24T18:47:13.820+0000] {logging_mixin.py:188} INFO - [2025-04-24T18:47:13.818+0000] {dag.py:3036} INFO - Sync 1 DAGs
[2025-04-24T18:47:13.829+0000] {logging_mixin.py:188} INFO - [2025-04-24T18:47:13.829+0000] {dag.py:3823} INFO - Setting next_dagrun for prices_dag_taskflow to None, run_after=None
[2025-04-24T18:47:13.845+0000] {processor.py:183} INFO - Processing /opt/airflow/dags/prices_data_diff_method.py took 1.235 seconds
[2025-04-24T18:47:45.742+0000] {processor.py:161} INFO - Started process (PID=1103) to work on /opt/airflow/dags/prices_data_diff_method.py
[2025-04-24T18:47:45.743+0000] {processor.py:830} INFO - Processing file /opt/airflow/dags/prices_data_diff_method.py for tasks to queue
[2025-04-24T18:47:45.744+0000] {logging_mixin.py:188} INFO - [2025-04-24T18:47:45.744+0000] {dagbag.py:538} INFO - Filling up the DagBag from /opt/airflow/dags/prices_data_diff_method.py
[2025-04-24T18:47:46.472+0000] {processor.py:840} INFO - DAG(s) 'prices_dag_taskflow' retrieved from /opt/airflow/dags/prices_data_diff_method.py
[2025-04-24T18:47:46.512+0000] {logging_mixin.py:188} INFO - [2025-04-24T18:47:46.511+0000] {dag.py:3036} INFO - Sync 1 DAGs
[2025-04-24T18:47:46.523+0000] {logging_mixin.py:188} INFO - [2025-04-24T18:47:46.522+0000] {dag.py:3823} INFO - Setting next_dagrun for prices_dag_taskflow to None, run_after=None
[2025-04-24T18:47:46.539+0000] {processor.py:183} INFO - Processing /opt/airflow/dags/prices_data_diff_method.py took 0.800 seconds
[2025-04-24T18:48:18.960+0000] {processor.py:161} INFO - Started process (PID=1119) to work on /opt/airflow/dags/prices_data_diff_method.py
[2025-04-24T18:48:18.963+0000] {processor.py:830} INFO - Processing file /opt/airflow/dags/prices_data_diff_method.py for tasks to queue
[2025-04-24T18:48:18.965+0000] {logging_mixin.py:188} INFO - [2025-04-24T18:48:18.965+0000] {dagbag.py:538} INFO - Filling up the DagBag from /opt/airflow/dags/prices_data_diff_method.py
[2025-04-24T18:48:19.931+0000] {processor.py:840} INFO - DAG(s) 'prices_dag_taskflow' retrieved from /opt/airflow/dags/prices_data_diff_method.py
[2025-04-24T18:48:20.105+0000] {logging_mixin.py:188} INFO - [2025-04-24T18:48:20.101+0000] {dag.py:3036} INFO - Sync 1 DAGs
[2025-04-24T18:48:20.126+0000] {logging_mixin.py:188} INFO - [2025-04-24T18:48:20.125+0000] {dag.py:3823} INFO - Setting next_dagrun for prices_dag_taskflow to None, run_after=None
[2025-04-24T18:48:20.220+0000] {processor.py:183} INFO - Processing /opt/airflow/dags/prices_data_diff_method.py took 1.269 seconds
[2025-04-24T18:48:51.459+0000] {processor.py:161} INFO - Started process (PID=1150) to work on /opt/airflow/dags/prices_data_diff_method.py
[2025-04-24T18:48:51.460+0000] {processor.py:830} INFO - Processing file /opt/airflow/dags/prices_data_diff_method.py for tasks to queue
[2025-04-24T18:48:51.461+0000] {logging_mixin.py:188} INFO - [2025-04-24T18:48:51.461+0000] {dagbag.py:538} INFO - Filling up the DagBag from /opt/airflow/dags/prices_data_diff_method.py
[2025-04-24T18:48:52.505+0000] {processor.py:840} INFO - DAG(s) 'prices_dag_taskflow' retrieved from /opt/airflow/dags/prices_data_diff_method.py
[2025-04-24T18:48:52.531+0000] {logging_mixin.py:188} INFO - [2025-04-24T18:48:52.530+0000] {dag.py:3036} INFO - Sync 1 DAGs
[2025-04-24T18:48:52.542+0000] {logging_mixin.py:188} INFO - [2025-04-24T18:48:52.542+0000] {dag.py:3823} INFO - Setting next_dagrun for prices_dag_taskflow to None, run_after=None
[2025-04-24T18:48:52.564+0000] {processor.py:183} INFO - Processing /opt/airflow/dags/prices_data_diff_method.py took 1.107 seconds
[2025-04-24T18:49:24.359+0000] {processor.py:161} INFO - Started process (PID=1182) to work on /opt/airflow/dags/prices_data_diff_method.py
[2025-04-24T18:49:24.360+0000] {processor.py:830} INFO - Processing file /opt/airflow/dags/prices_data_diff_method.py for tasks to queue
[2025-04-24T18:49:24.362+0000] {logging_mixin.py:188} INFO - [2025-04-24T18:49:24.361+0000] {dagbag.py:538} INFO - Filling up the DagBag from /opt/airflow/dags/prices_data_diff_method.py
[2025-04-24T18:49:25.219+0000] {processor.py:840} INFO - DAG(s) 'prices_dag_taskflow' retrieved from /opt/airflow/dags/prices_data_diff_method.py
[2025-04-24T18:49:25.286+0000] {logging_mixin.py:188} INFO - [2025-04-24T18:49:25.285+0000] {dag.py:3036} INFO - Sync 1 DAGs
[2025-04-24T18:49:25.296+0000] {logging_mixin.py:188} INFO - [2025-04-24T18:49:25.295+0000] {dag.py:3823} INFO - Setting next_dagrun for prices_dag_taskflow to None, run_after=None
[2025-04-24T18:49:25.319+0000] {processor.py:183} INFO - Processing /opt/airflow/dags/prices_data_diff_method.py took 0.964 seconds
[2025-04-24T18:49:56.955+0000] {processor.py:161} INFO - Started process (PID=1197) to work on /opt/airflow/dags/prices_data_diff_method.py
[2025-04-24T18:49:56.957+0000] {processor.py:830} INFO - Processing file /opt/airflow/dags/prices_data_diff_method.py for tasks to queue
[2025-04-24T18:49:56.958+0000] {logging_mixin.py:188} INFO - [2025-04-24T18:49:56.957+0000] {dagbag.py:538} INFO - Filling up the DagBag from /opt/airflow/dags/prices_data_diff_method.py
[2025-04-24T18:49:57.621+0000] {processor.py:840} INFO - DAG(s) 'prices_dag_taskflow' retrieved from /opt/airflow/dags/prices_data_diff_method.py
[2025-04-24T18:49:57.654+0000] {logging_mixin.py:188} INFO - [2025-04-24T18:49:57.654+0000] {dag.py:3036} INFO - Sync 1 DAGs
[2025-04-24T18:49:57.664+0000] {logging_mixin.py:188} INFO - [2025-04-24T18:49:57.663+0000] {dag.py:3823} INFO - Setting next_dagrun for prices_dag_taskflow to None, run_after=None
[2025-04-24T18:49:57.678+0000] {processor.py:183} INFO - Processing /opt/airflow/dags/prices_data_diff_method.py took 0.726 seconds
[2025-04-24T18:50:29.574+0000] {processor.py:161} INFO - Started process (PID=1212) to work on /opt/airflow/dags/prices_data_diff_method.py
[2025-04-24T18:50:29.575+0000] {processor.py:830} INFO - Processing file /opt/airflow/dags/prices_data_diff_method.py for tasks to queue
[2025-04-24T18:50:29.576+0000] {logging_mixin.py:188} INFO - [2025-04-24T18:50:29.576+0000] {dagbag.py:538} INFO - Filling up the DagBag from /opt/airflow/dags/prices_data_diff_method.py
[2025-04-24T18:50:30.277+0000] {processor.py:840} INFO - DAG(s) 'prices_dag_taskflow' retrieved from /opt/airflow/dags/prices_data_diff_method.py
[2025-04-24T18:50:30.322+0000] {logging_mixin.py:188} INFO - [2025-04-24T18:50:30.322+0000] {dag.py:3036} INFO - Sync 1 DAGs
[2025-04-24T18:50:30.335+0000] {logging_mixin.py:188} INFO - [2025-04-24T18:50:30.335+0000] {dag.py:3823} INFO - Setting next_dagrun for prices_dag_taskflow to None, run_after=None
[2025-04-24T18:50:30.352+0000] {processor.py:183} INFO - Processing /opt/airflow/dags/prices_data_diff_method.py took 0.782 seconds
[2025-04-24T18:51:02.650+0000] {processor.py:161} INFO - Started process (PID=1227) to work on /opt/airflow/dags/prices_data_diff_method.py
[2025-04-24T18:51:02.651+0000] {processor.py:830} INFO - Processing file /opt/airflow/dags/prices_data_diff_method.py for tasks to queue
[2025-04-24T18:51:02.652+0000] {logging_mixin.py:188} INFO - [2025-04-24T18:51:02.652+0000] {dagbag.py:538} INFO - Filling up the DagBag from /opt/airflow/dags/prices_data_diff_method.py
[2025-04-24T18:51:03.443+0000] {processor.py:840} INFO - DAG(s) 'prices_dag_taskflow' retrieved from /opt/airflow/dags/prices_data_diff_method.py
[2025-04-24T18:51:03.508+0000] {logging_mixin.py:188} INFO - [2025-04-24T18:51:03.507+0000] {dag.py:3036} INFO - Sync 1 DAGs
[2025-04-24T18:51:03.523+0000] {logging_mixin.py:188} INFO - [2025-04-24T18:51:03.522+0000] {dag.py:3823} INFO - Setting next_dagrun for prices_dag_taskflow to None, run_after=None
[2025-04-24T18:51:03.542+0000] {processor.py:183} INFO - Processing /opt/airflow/dags/prices_data_diff_method.py took 0.896 seconds
[2025-04-24T18:51:35.072+0000] {processor.py:161} INFO - Started process (PID=1257) to work on /opt/airflow/dags/prices_data_diff_method.py
[2025-04-24T18:51:35.074+0000] {processor.py:830} INFO - Processing file /opt/airflow/dags/prices_data_diff_method.py for tasks to queue
[2025-04-24T18:51:35.075+0000] {logging_mixin.py:188} INFO - [2025-04-24T18:51:35.075+0000] {dagbag.py:538} INFO - Filling up the DagBag from /opt/airflow/dags/prices_data_diff_method.py
[2025-04-24T18:51:35.974+0000] {processor.py:840} INFO - DAG(s) 'prices_dag_taskflow' retrieved from /opt/airflow/dags/prices_data_diff_method.py
[2025-04-24T18:51:36.028+0000] {logging_mixin.py:188} INFO - [2025-04-24T18:51:36.026+0000] {dag.py:3036} INFO - Sync 1 DAGs
[2025-04-24T18:51:36.040+0000] {logging_mixin.py:188} INFO - [2025-04-24T18:51:36.040+0000] {dag.py:3823} INFO - Setting next_dagrun for prices_dag_taskflow to None, run_after=None
[2025-04-24T18:51:36.060+0000] {processor.py:183} INFO - Processing /opt/airflow/dags/prices_data_diff_method.py took 0.992 seconds
[2025-04-24T18:52:07.958+0000] {processor.py:161} INFO - Started process (PID=1277) to work on /opt/airflow/dags/prices_data_diff_method.py
[2025-04-24T18:52:07.959+0000] {processor.py:830} INFO - Processing file /opt/airflow/dags/prices_data_diff_method.py for tasks to queue
[2025-04-24T18:52:07.960+0000] {logging_mixin.py:188} INFO - [2025-04-24T18:52:07.959+0000] {dagbag.py:538} INFO - Filling up the DagBag from /opt/airflow/dags/prices_data_diff_method.py
[2025-04-24T18:52:08.741+0000] {processor.py:840} INFO - DAG(s) 'prices_dag_taskflow' retrieved from /opt/airflow/dags/prices_data_diff_method.py
[2025-04-24T18:52:08.794+0000] {logging_mixin.py:188} INFO - [2025-04-24T18:52:08.792+0000] {dag.py:3036} INFO - Sync 1 DAGs
[2025-04-24T18:52:08.805+0000] {logging_mixin.py:188} INFO - [2025-04-24T18:52:08.804+0000] {dag.py:3823} INFO - Setting next_dagrun for prices_dag_taskflow to None, run_after=None
[2025-04-24T18:52:08.825+0000] {processor.py:183} INFO - Processing /opt/airflow/dags/prices_data_diff_method.py took 0.870 seconds
[2025-04-24T18:52:40.671+0000] {processor.py:161} INFO - Started process (PID=1292) to work on /opt/airflow/dags/prices_data_diff_method.py
[2025-04-24T18:52:40.672+0000] {processor.py:830} INFO - Processing file /opt/airflow/dags/prices_data_diff_method.py for tasks to queue
[2025-04-24T18:52:40.673+0000] {logging_mixin.py:188} INFO - [2025-04-24T18:52:40.673+0000] {dagbag.py:538} INFO - Filling up the DagBag from /opt/airflow/dags/prices_data_diff_method.py
[2025-04-24T18:52:41.494+0000] {processor.py:840} INFO - DAG(s) 'prices_dag_taskflow' retrieved from /opt/airflow/dags/prices_data_diff_method.py
[2025-04-24T18:52:41.565+0000] {logging_mixin.py:188} INFO - [2025-04-24T18:52:41.564+0000] {dag.py:3036} INFO - Sync 1 DAGs
[2025-04-24T18:52:41.575+0000] {logging_mixin.py:188} INFO - [2025-04-24T18:52:41.575+0000] {dag.py:3823} INFO - Setting next_dagrun for prices_dag_taskflow to None, run_after=None
[2025-04-24T18:52:41.593+0000] {processor.py:183} INFO - Processing /opt/airflow/dags/prices_data_diff_method.py took 0.926 seconds
[2025-04-24T18:53:13.484+0000] {processor.py:161} INFO - Started process (PID=1328) to work on /opt/airflow/dags/prices_data_diff_method.py
[2025-04-24T18:53:13.485+0000] {processor.py:830} INFO - Processing file /opt/airflow/dags/prices_data_diff_method.py for tasks to queue
[2025-04-24T18:53:13.486+0000] {logging_mixin.py:188} INFO - [2025-04-24T18:53:13.486+0000] {dagbag.py:538} INFO - Filling up the DagBag from /opt/airflow/dags/prices_data_diff_method.py
[2025-04-24T18:53:14.388+0000] {processor.py:840} INFO - DAG(s) 'prices_dag_taskflow' retrieved from /opt/airflow/dags/prices_data_diff_method.py
[2025-04-24T18:53:14.475+0000] {logging_mixin.py:188} INFO - [2025-04-24T18:53:14.472+0000] {dag.py:3036} INFO - Sync 1 DAGs
[2025-04-24T18:53:14.485+0000] {logging_mixin.py:188} INFO - [2025-04-24T18:53:14.484+0000] {dag.py:3823} INFO - Setting next_dagrun for prices_dag_taskflow to None, run_after=None
[2025-04-24T18:53:14.502+0000] {processor.py:183} INFO - Processing /opt/airflow/dags/prices_data_diff_method.py took 1.023 seconds
[2025-04-24T18:53:46.173+0000] {processor.py:161} INFO - Started process (PID=1353) to work on /opt/airflow/dags/prices_data_diff_method.py
[2025-04-24T18:53:46.174+0000] {processor.py:830} INFO - Processing file /opt/airflow/dags/prices_data_diff_method.py for tasks to queue
[2025-04-24T18:53:46.175+0000] {logging_mixin.py:188} INFO - [2025-04-24T18:53:46.174+0000] {dagbag.py:538} INFO - Filling up the DagBag from /opt/airflow/dags/prices_data_diff_method.py
[2025-04-24T18:53:46.871+0000] {processor.py:840} INFO - DAG(s) 'prices_dag_taskflow' retrieved from /opt/airflow/dags/prices_data_diff_method.py
[2025-04-24T18:53:46.902+0000] {logging_mixin.py:188} INFO - [2025-04-24T18:53:46.902+0000] {dag.py:3036} INFO - Sync 1 DAGs
[2025-04-24T18:53:46.910+0000] {logging_mixin.py:188} INFO - [2025-04-24T18:53:46.910+0000] {dag.py:3823} INFO - Setting next_dagrun for prices_dag_taskflow to None, run_after=None
[2025-04-24T18:53:46.928+0000] {processor.py:183} INFO - Processing /opt/airflow/dags/prices_data_diff_method.py took 0.758 seconds
[2025-04-24T18:54:19.435+0000] {processor.py:161} INFO - Started process (PID=1367) to work on /opt/airflow/dags/prices_data_diff_method.py
[2025-04-24T18:54:19.436+0000] {processor.py:830} INFO - Processing file /opt/airflow/dags/prices_data_diff_method.py for tasks to queue
[2025-04-24T18:54:19.437+0000] {logging_mixin.py:188} INFO - [2025-04-24T18:54:19.437+0000] {dagbag.py:538} INFO - Filling up the DagBag from /opt/airflow/dags/prices_data_diff_method.py
[2025-04-24T18:54:20.127+0000] {processor.py:840} INFO - DAG(s) 'prices_dag_taskflow' retrieved from /opt/airflow/dags/prices_data_diff_method.py
[2025-04-24T18:54:20.184+0000] {logging_mixin.py:188} INFO - [2025-04-24T18:54:20.183+0000] {dag.py:3036} INFO - Sync 1 DAGs
[2025-04-24T18:54:20.193+0000] {logging_mixin.py:188} INFO - [2025-04-24T18:54:20.193+0000] {dag.py:3823} INFO - Setting next_dagrun for prices_dag_taskflow to None, run_after=None
[2025-04-24T18:54:20.210+0000] {processor.py:183} INFO - Processing /opt/airflow/dags/prices_data_diff_method.py took 0.778 seconds
[2025-04-24T18:54:51.653+0000] {processor.py:161} INFO - Started process (PID=1382) to work on /opt/airflow/dags/prices_data_diff_method.py
[2025-04-24T18:54:51.655+0000] {processor.py:830} INFO - Processing file /opt/airflow/dags/prices_data_diff_method.py for tasks to queue
[2025-04-24T18:54:51.657+0000] {logging_mixin.py:188} INFO - [2025-04-24T18:54:51.656+0000] {dagbag.py:538} INFO - Filling up the DagBag from /opt/airflow/dags/prices_data_diff_method.py
[2025-04-24T18:54:52.526+0000] {processor.py:840} INFO - DAG(s) 'prices_dag_taskflow' retrieved from /opt/airflow/dags/prices_data_diff_method.py
[2025-04-24T18:54:52.577+0000] {logging_mixin.py:188} INFO - [2025-04-24T18:54:52.574+0000] {dag.py:3036} INFO - Sync 1 DAGs
[2025-04-24T18:54:52.586+0000] {logging_mixin.py:188} INFO - [2025-04-24T18:54:52.586+0000] {dag.py:3823} INFO - Setting next_dagrun for prices_dag_taskflow to None, run_after=None
[2025-04-24T18:54:52.608+0000] {processor.py:183} INFO - Processing /opt/airflow/dags/prices_data_diff_method.py took 0.961 seconds
[2025-04-24T18:55:24.874+0000] {processor.py:161} INFO - Started process (PID=1411) to work on /opt/airflow/dags/prices_data_diff_method.py
[2025-04-24T18:55:24.876+0000] {processor.py:830} INFO - Processing file /opt/airflow/dags/prices_data_diff_method.py for tasks to queue
[2025-04-24T18:55:24.877+0000] {logging_mixin.py:188} INFO - [2025-04-24T18:55:24.877+0000] {dagbag.py:538} INFO - Filling up the DagBag from /opt/airflow/dags/prices_data_diff_method.py
[2025-04-24T18:55:25.541+0000] {processor.py:840} INFO - DAG(s) 'prices_dag_taskflow' retrieved from /opt/airflow/dags/prices_data_diff_method.py
[2025-04-24T18:55:25.573+0000] {logging_mixin.py:188} INFO - [2025-04-24T18:55:25.572+0000] {dag.py:3036} INFO - Sync 1 DAGs
[2025-04-24T18:55:25.582+0000] {logging_mixin.py:188} INFO - [2025-04-24T18:55:25.582+0000] {dag.py:3823} INFO - Setting next_dagrun for prices_dag_taskflow to None, run_after=None
[2025-04-24T18:55:25.600+0000] {processor.py:183} INFO - Processing /opt/airflow/dags/prices_data_diff_method.py took 0.730 seconds
[2025-04-24T18:55:57.231+0000] {processor.py:161} INFO - Started process (PID=1426) to work on /opt/airflow/dags/prices_data_diff_method.py
[2025-04-24T18:55:57.232+0000] {processor.py:830} INFO - Processing file /opt/airflow/dags/prices_data_diff_method.py for tasks to queue
[2025-04-24T18:55:57.232+0000] {logging_mixin.py:188} INFO - [2025-04-24T18:55:57.232+0000] {dagbag.py:538} INFO - Filling up the DagBag from /opt/airflow/dags/prices_data_diff_method.py
[2025-04-24T18:55:57.924+0000] {processor.py:840} INFO - DAG(s) 'prices_dag_taskflow' retrieved from /opt/airflow/dags/prices_data_diff_method.py
[2025-04-24T18:55:57.956+0000] {logging_mixin.py:188} INFO - [2025-04-24T18:55:57.956+0000] {dag.py:3036} INFO - Sync 1 DAGs
[2025-04-24T18:55:57.965+0000] {logging_mixin.py:188} INFO - [2025-04-24T18:55:57.965+0000] {dag.py:3823} INFO - Setting next_dagrun for prices_dag_taskflow to None, run_after=None
[2025-04-24T18:55:57.980+0000] {processor.py:183} INFO - Processing /opt/airflow/dags/prices_data_diff_method.py took 0.752 seconds
[2025-04-24T18:56:30.084+0000] {processor.py:161} INFO - Started process (PID=1441) to work on /opt/airflow/dags/prices_data_diff_method.py
[2025-04-24T18:56:30.085+0000] {processor.py:830} INFO - Processing file /opt/airflow/dags/prices_data_diff_method.py for tasks to queue
[2025-04-24T18:56:30.086+0000] {logging_mixin.py:188} INFO - [2025-04-24T18:56:30.086+0000] {dagbag.py:538} INFO - Filling up the DagBag from /opt/airflow/dags/prices_data_diff_method.py
[2025-04-24T18:56:30.773+0000] {processor.py:840} INFO - DAG(s) 'prices_dag_taskflow' retrieved from /opt/airflow/dags/prices_data_diff_method.py
[2025-04-24T18:56:30.810+0000] {logging_mixin.py:188} INFO - [2025-04-24T18:56:30.810+0000] {dag.py:3036} INFO - Sync 1 DAGs
[2025-04-24T18:56:30.822+0000] {logging_mixin.py:188} INFO - [2025-04-24T18:56:30.821+0000] {dag.py:3823} INFO - Setting next_dagrun for prices_dag_taskflow to None, run_after=None
[2025-04-24T18:56:30.841+0000] {processor.py:183} INFO - Processing /opt/airflow/dags/prices_data_diff_method.py took 0.762 seconds
[2025-04-24T18:57:03.436+0000] {processor.py:161} INFO - Started process (PID=1455) to work on /opt/airflow/dags/prices_data_diff_method.py
[2025-04-24T18:57:03.438+0000] {processor.py:830} INFO - Processing file /opt/airflow/dags/prices_data_diff_method.py for tasks to queue
[2025-04-24T18:57:03.439+0000] {logging_mixin.py:188} INFO - [2025-04-24T18:57:03.438+0000] {dagbag.py:538} INFO - Filling up the DagBag from /opt/airflow/dags/prices_data_diff_method.py
[2025-04-24T18:57:04.170+0000] {processor.py:840} INFO - DAG(s) 'prices_dag_taskflow' retrieved from /opt/airflow/dags/prices_data_diff_method.py
[2025-04-24T18:57:04.210+0000] {logging_mixin.py:188} INFO - [2025-04-24T18:57:04.209+0000] {dag.py:3036} INFO - Sync 1 DAGs
[2025-04-24T18:57:04.221+0000] {logging_mixin.py:188} INFO - [2025-04-24T18:57:04.221+0000] {dag.py:3823} INFO - Setting next_dagrun for prices_dag_taskflow to None, run_after=None
[2025-04-24T18:57:04.237+0000] {processor.py:183} INFO - Processing /opt/airflow/dags/prices_data_diff_method.py took 0.807 seconds
[2025-04-24T18:57:36.358+0000] {processor.py:161} INFO - Started process (PID=1476) to work on /opt/airflow/dags/prices_data_diff_method.py
[2025-04-24T18:57:36.359+0000] {processor.py:830} INFO - Processing file /opt/airflow/dags/prices_data_diff_method.py for tasks to queue
[2025-04-24T18:57:36.360+0000] {logging_mixin.py:188} INFO - [2025-04-24T18:57:36.359+0000] {dagbag.py:538} INFO - Filling up the DagBag from /opt/airflow/dags/prices_data_diff_method.py
[2025-04-24T18:57:37.025+0000] {processor.py:840} INFO - DAG(s) 'prices_dag_taskflow' retrieved from /opt/airflow/dags/prices_data_diff_method.py
[2025-04-24T18:57:37.078+0000] {logging_mixin.py:188} INFO - [2025-04-24T18:57:37.078+0000] {dag.py:3036} INFO - Sync 1 DAGs
[2025-04-24T18:57:37.089+0000] {logging_mixin.py:188} INFO - [2025-04-24T18:57:37.089+0000] {dag.py:3823} INFO - Setting next_dagrun for prices_dag_taskflow to None, run_after=None
[2025-04-24T18:57:37.105+0000] {processor.py:183} INFO - Processing /opt/airflow/dags/prices_data_diff_method.py took 0.750 seconds
[2025-04-24T18:58:08.298+0000] {processor.py:161} INFO - Started process (PID=1506) to work on /opt/airflow/dags/prices_data_diff_method.py
[2025-04-24T18:58:08.299+0000] {processor.py:830} INFO - Processing file /opt/airflow/dags/prices_data_diff_method.py for tasks to queue
[2025-04-24T18:58:08.300+0000] {logging_mixin.py:188} INFO - [2025-04-24T18:58:08.300+0000] {dagbag.py:538} INFO - Filling up the DagBag from /opt/airflow/dags/prices_data_diff_method.py
[2025-04-24T18:58:09.176+0000] {processor.py:840} INFO - DAG(s) 'prices_dag_taskflow' retrieved from /opt/airflow/dags/prices_data_diff_method.py
[2025-04-24T18:58:09.242+0000] {logging_mixin.py:188} INFO - [2025-04-24T18:58:09.242+0000] {dag.py:3036} INFO - Sync 1 DAGs
[2025-04-24T18:58:09.253+0000] {logging_mixin.py:188} INFO - [2025-04-24T18:58:09.253+0000] {dag.py:3823} INFO - Setting next_dagrun for prices_dag_taskflow to None, run_after=None
[2025-04-24T18:58:09.275+0000] {processor.py:183} INFO - Processing /opt/airflow/dags/prices_data_diff_method.py took 0.982 seconds
[2025-04-24T18:58:41.165+0000] {processor.py:161} INFO - Started process (PID=1521) to work on /opt/airflow/dags/prices_data_diff_method.py
[2025-04-24T18:58:41.167+0000] {processor.py:830} INFO - Processing file /opt/airflow/dags/prices_data_diff_method.py for tasks to queue
[2025-04-24T18:58:41.168+0000] {logging_mixin.py:188} INFO - [2025-04-24T18:58:41.167+0000] {dagbag.py:538} INFO - Filling up the DagBag from /opt/airflow/dags/prices_data_diff_method.py
[2025-04-24T18:58:42.034+0000] {processor.py:840} INFO - DAG(s) 'prices_dag_taskflow' retrieved from /opt/airflow/dags/prices_data_diff_method.py
[2025-04-24T18:58:42.109+0000] {logging_mixin.py:188} INFO - [2025-04-24T18:58:42.109+0000] {dag.py:3036} INFO - Sync 1 DAGs
[2025-04-24T18:58:42.122+0000] {logging_mixin.py:188} INFO - [2025-04-24T18:58:42.122+0000] {dag.py:3823} INFO - Setting next_dagrun for prices_dag_taskflow to None, run_after=None
[2025-04-24T18:58:42.145+0000] {processor.py:183} INFO - Processing /opt/airflow/dags/prices_data_diff_method.py took 0.983 seconds
[2025-04-24T18:59:14.076+0000] {processor.py:161} INFO - Started process (PID=1535) to work on /opt/airflow/dags/prices_data_diff_method.py
[2025-04-24T18:59:14.079+0000] {processor.py:830} INFO - Processing file /opt/airflow/dags/prices_data_diff_method.py for tasks to queue
[2025-04-24T18:59:14.080+0000] {logging_mixin.py:188} INFO - [2025-04-24T18:59:14.079+0000] {dagbag.py:538} INFO - Filling up the DagBag from /opt/airflow/dags/prices_data_diff_method.py
[2025-04-24T18:59:15.016+0000] {processor.py:840} INFO - DAG(s) 'prices_dag_taskflow' retrieved from /opt/airflow/dags/prices_data_diff_method.py
[2025-04-24T18:59:15.083+0000] {logging_mixin.py:188} INFO - [2025-04-24T18:59:15.082+0000] {dag.py:3036} INFO - Sync 1 DAGs
[2025-04-24T18:59:15.098+0000] {logging_mixin.py:188} INFO - [2025-04-24T18:59:15.097+0000] {dag.py:3823} INFO - Setting next_dagrun for prices_dag_taskflow to None, run_after=None
[2025-04-24T18:59:15.127+0000] {processor.py:183} INFO - Processing /opt/airflow/dags/prices_data_diff_method.py took 1.054 seconds
[2025-04-24T18:59:46.977+0000] {processor.py:161} INFO - Started process (PID=1550) to work on /opt/airflow/dags/prices_data_diff_method.py
[2025-04-24T18:59:46.978+0000] {processor.py:830} INFO - Processing file /opt/airflow/dags/prices_data_diff_method.py for tasks to queue
[2025-04-24T18:59:46.979+0000] {logging_mixin.py:188} INFO - [2025-04-24T18:59:46.979+0000] {dagbag.py:538} INFO - Filling up the DagBag from /opt/airflow/dags/prices_data_diff_method.py
[2025-04-24T18:59:47.713+0000] {processor.py:840} INFO - DAG(s) 'prices_dag_taskflow' retrieved from /opt/airflow/dags/prices_data_diff_method.py
[2025-04-24T18:59:47.776+0000] {logging_mixin.py:188} INFO - [2025-04-24T18:59:47.775+0000] {dag.py:3036} INFO - Sync 1 DAGs
[2025-04-24T18:59:47.804+0000] {logging_mixin.py:188} INFO - [2025-04-24T18:59:47.804+0000] {dag.py:3823} INFO - Setting next_dagrun for prices_dag_taskflow to None, run_after=None
[2025-04-24T18:59:47.846+0000] {processor.py:183} INFO - Processing /opt/airflow/dags/prices_data_diff_method.py took 0.873 seconds
