[2025-04-22T12:05:37.057+0000] {processor.py:161} INFO - Started process (PID=218) to work on /opt/airflow/dags/prices_data_diff_method.py
[2025-04-22T12:05:37.073+0000] {processor.py:830} INFO - Processing file /opt/airflow/dags/prices_data_diff_method.py for tasks to queue
[2025-04-22T12:05:37.082+0000] {logging_mixin.py:188} INFO - [2025-04-22T12:05:37.078+0000] {dagbag.py:538} INFO - Filling up the DagBag from /opt/airflow/dags/prices_data_diff_method.py
[2025-04-22T12:05:44.279+0000] {logging_mixin.py:188} INFO - /opt/airflow/data
[2025-04-22T12:05:44.339+0000] {processor.py:840} INFO - DAG(s) 'prices_dag' retrieved from /opt/airflow/dags/prices_data_diff_method.py
[2025-04-22T12:05:44.910+0000] {logging_mixin.py:188} INFO - [2025-04-22T12:05:44.899+0000] {dag.py:3036} INFO - Sync 1 DAGs
[2025-04-22T12:05:45.908+0000] {logging_mixin.py:188} INFO - [2025-04-22T12:05:45.893+0000] {dag.py:3823} INFO - Setting next_dagrun for prices_dag to None, run_after=None
[2025-04-22T12:05:48.521+0000] {processor.py:183} INFO - Processing /opt/airflow/dags/prices_data_diff_method.py took 11.526 seconds
[2025-04-22T12:06:19.640+0000] {processor.py:161} INFO - Started process (PID=235) to work on /opt/airflow/dags/prices_data_diff_method.py
[2025-04-22T12:06:19.651+0000] {processor.py:830} INFO - Processing file /opt/airflow/dags/prices_data_diff_method.py for tasks to queue
[2025-04-22T12:06:19.663+0000] {logging_mixin.py:188} INFO - [2025-04-22T12:06:19.655+0000] {dagbag.py:538} INFO - Filling up the DagBag from /opt/airflow/dags/prices_data_diff_method.py
[2025-04-22T12:06:55.194+0000] {logging_mixin.py:188} INFO - [2025-04-22T12:06:55.182+0000] {timeout.py:68} ERROR - Process timed out, PID: 235
[2025-04-22T12:06:55.196+0000] {logging_mixin.py:188} WARNING - Exception ignored in: <function WeakKeyDictionary.__init__.<locals>.remove at 0x7f8fb19515a0>
[2025-04-22T12:06:55.197+0000] {logging_mixin.py:188} WARNING - Traceback (most recent call last):
[2025-04-22T12:06:55.197+0000] {logging_mixin.py:188} WARNING -   File "/usr/local/lib/python3.10/weakref.py", line 370, in remove
[2025-04-22T12:06:55.205+0000] {logging_mixin.py:188} WARNING -     def remove(k, selfref=ref(self)):
[2025-04-22T12:06:55.205+0000] {logging_mixin.py:188} WARNING -   File "/home/airflow/.local/lib/python3.10/site-packages/airflow/utils/timeout.py", line 69, in handle_timeout
[2025-04-22T12:06:55.210+0000] {logging_mixin.py:188} WARNING -     raise AirflowTaskTimeout(self.error_message)
[2025-04-22T12:06:55.211+0000] {logging_mixin.py:188} WARNING - airflow.exceptions.AirflowTaskTimeout: DagBag import timeout for /opt/airflow/dags/prices_data_diff_method.py after 30.0s.
Please take a look at these docs to improve your DAG import time:
* https://airflow.apache.org/docs/apache-airflow/2.8.1/best-practices.html#top-level-python-code
* https://airflow.apache.org/docs/apache-airflow/2.8.1/best-practices.html#reducing-dag-complexity, PID: 235
[2025-04-22T12:06:55.422+0000] {logging_mixin.py:188} INFO - /opt/airflow/data
[2025-04-22T12:06:55.498+0000] {processor.py:840} INFO - DAG(s) 'prices_dag' retrieved from /opt/airflow/dags/prices_data_diff_method.py
[2025-04-22T12:06:55.880+0000] {logging_mixin.py:188} INFO - [2025-04-22T12:06:55.879+0000] {dag.py:3036} INFO - Sync 1 DAGs
[2025-04-22T12:06:55.896+0000] {logging_mixin.py:188} INFO - [2025-04-22T12:06:55.896+0000] {dag.py:3823} INFO - Setting next_dagrun for prices_dag to None, run_after=None
[2025-04-22T12:06:55.923+0000] {processor.py:183} INFO - Processing /opt/airflow/dags/prices_data_diff_method.py took 32.757 seconds
[2025-04-22T12:07:30.592+0000] {processor.py:161} INFO - Started process (PID=251) to work on /opt/airflow/dags/prices_data_diff_method.py
[2025-04-22T12:07:30.598+0000] {processor.py:830} INFO - Processing file /opt/airflow/dags/prices_data_diff_method.py for tasks to queue
[2025-04-22T12:07:30.621+0000] {logging_mixin.py:188} INFO - [2025-04-22T12:07:30.606+0000] {dagbag.py:538} INFO - Filling up the DagBag from /opt/airflow/dags/prices_data_diff_method.py
[2025-04-22T12:07:59.504+0000] {logging_mixin.py:188} INFO - /opt/airflow/data
[2025-04-22T12:07:59.595+0000] {processor.py:840} INFO - DAG(s) 'prices_dag' retrieved from /opt/airflow/dags/prices_data_diff_method.py
[2025-04-22T12:08:19.923+0000] {logging_mixin.py:188} INFO - [2025-04-22T12:08:19.894+0000] {dag.py:3036} INFO - Sync 1 DAGs
[2025-04-22T12:08:19.995+0000] {logging_mixin.py:188} INFO - [2025-04-22T12:08:19.995+0000] {dag.py:3823} INFO - Setting next_dagrun for prices_dag to None, run_after=None
[2025-04-22T12:08:20.053+0000] {processor.py:183} INFO - Processing /opt/airflow/dags/prices_data_diff_method.py took 42.896 seconds
[2025-04-22T12:08:53.812+0000] {processor.py:161} INFO - Started process (PID=267) to work on /opt/airflow/dags/prices_data_diff_method.py
[2025-04-22T12:08:53.818+0000] {processor.py:830} INFO - Processing file /opt/airflow/dags/prices_data_diff_method.py for tasks to queue
[2025-04-22T12:08:53.829+0000] {logging_mixin.py:188} INFO - [2025-04-22T12:08:53.824+0000] {dagbag.py:538} INFO - Filling up the DagBag from /opt/airflow/dags/prices_data_diff_method.py
[2025-04-22T12:08:58.549+0000] {logging_mixin.py:188} INFO - /opt/airflow/data
[2025-04-22T12:08:58.596+0000] {processor.py:840} INFO - DAG(s) 'prices_dag' retrieved from /opt/airflow/dags/prices_data_diff_method.py
[2025-04-22T12:08:58.790+0000] {logging_mixin.py:188} INFO - [2025-04-22T12:08:58.790+0000] {dag.py:3036} INFO - Sync 1 DAGs
[2025-04-22T12:08:58.806+0000] {logging_mixin.py:188} INFO - [2025-04-22T12:08:58.805+0000] {dag.py:3823} INFO - Setting next_dagrun for prices_dag to None, run_after=None
[2025-04-22T12:08:58.828+0000] {processor.py:183} INFO - Processing /opt/airflow/dags/prices_data_diff_method.py took 5.081 seconds
[2025-04-22T12:09:29.246+0000] {processor.py:161} INFO - Started process (PID=285) to work on /opt/airflow/dags/prices_data_diff_method.py
[2025-04-22T12:09:29.249+0000] {processor.py:830} INFO - Processing file /opt/airflow/dags/prices_data_diff_method.py for tasks to queue
[2025-04-22T12:09:29.251+0000] {logging_mixin.py:188} INFO - [2025-04-22T12:09:29.249+0000] {dagbag.py:538} INFO - Filling up the DagBag from /opt/airflow/dags/prices_data_diff_method.py
[2025-04-22T12:09:30.479+0000] {logging_mixin.py:188} INFO - /opt/airflow/data
[2025-04-22T12:09:30.543+0000] {processor.py:840} INFO - DAG(s) 'prices_dag' retrieved from /opt/airflow/dags/prices_data_diff_method.py
[2025-04-22T12:09:30.643+0000] {logging_mixin.py:188} INFO - [2025-04-22T12:09:30.642+0000] {dag.py:3036} INFO - Sync 1 DAGs
[2025-04-22T12:09:30.863+0000] {logging_mixin.py:188} INFO - [2025-04-22T12:09:30.863+0000] {dag.py:3823} INFO - Setting next_dagrun for prices_dag to None, run_after=None
[2025-04-22T12:09:31.106+0000] {processor.py:183} INFO - Processing /opt/airflow/dags/prices_data_diff_method.py took 1.867 seconds
[2025-04-22T12:10:02.046+0000] {processor.py:161} INFO - Started process (PID=303) to work on /opt/airflow/dags/prices_data_diff_method.py
[2025-04-22T12:10:02.062+0000] {processor.py:830} INFO - Processing file /opt/airflow/dags/prices_data_diff_method.py for tasks to queue
[2025-04-22T12:10:02.079+0000] {logging_mixin.py:188} INFO - [2025-04-22T12:10:02.067+0000] {dagbag.py:538} INFO - Filling up the DagBag from /opt/airflow/dags/prices_data_diff_method.py
[2025-04-22T12:10:11.947+0000] {logging_mixin.py:188} INFO - /opt/airflow/data
[2025-04-22T12:10:12.110+0000] {processor.py:840} INFO - DAG(s) 'prices_dag' retrieved from /opt/airflow/dags/prices_data_diff_method.py
[2025-04-22T12:10:47.293+0000] {processor.py:186} ERROR - Got an exception! Propagating...
Traceback (most recent call last):
  File "/home/airflow/.local/lib/python3.10/site-packages/sqlalchemy/engine/base.py", line 3371, in _wrap_pool_connect
    return fn()
  File "/home/airflow/.local/lib/python3.10/site-packages/sqlalchemy/pool/base.py", line 327, in connect
    return _ConnectionFairy._checkout(self)
  File "/home/airflow/.local/lib/python3.10/site-packages/sqlalchemy/pool/base.py", line 894, in _checkout
    fairy = _ConnectionRecord.checkout(pool)
  File "/home/airflow/.local/lib/python3.10/site-packages/sqlalchemy/pool/base.py", line 493, in checkout
    rec = pool._do_get()
  File "/home/airflow/.local/lib/python3.10/site-packages/sqlalchemy/pool/impl.py", line 145, in _do_get
    with util.safe_reraise():
  File "/home/airflow/.local/lib/python3.10/site-packages/sqlalchemy/util/langhelpers.py", line 70, in __exit__
    compat.raise_(
  File "/home/airflow/.local/lib/python3.10/site-packages/sqlalchemy/util/compat.py", line 211, in raise_
    raise exception
  File "/home/airflow/.local/lib/python3.10/site-packages/sqlalchemy/pool/impl.py", line 143, in _do_get
    return self._create_connection()
  File "/home/airflow/.local/lib/python3.10/site-packages/sqlalchemy/pool/base.py", line 273, in _create_connection
    return _ConnectionRecord(self)
  File "/home/airflow/.local/lib/python3.10/site-packages/sqlalchemy/pool/base.py", line 388, in __init__
    self.__connect()
  File "/home/airflow/.local/lib/python3.10/site-packages/sqlalchemy/pool/base.py", line 690, in __connect
    with util.safe_reraise():
  File "/home/airflow/.local/lib/python3.10/site-packages/sqlalchemy/util/langhelpers.py", line 70, in __exit__
    compat.raise_(
  File "/home/airflow/.local/lib/python3.10/site-packages/sqlalchemy/util/compat.py", line 211, in raise_
    raise exception
  File "/home/airflow/.local/lib/python3.10/site-packages/sqlalchemy/pool/base.py", line 686, in __connect
    self.dbapi_connection = connection = pool._invoke_creator(self)
  File "/home/airflow/.local/lib/python3.10/site-packages/sqlalchemy/engine/create.py", line 574, in connect
    return dialect.connect(*cargs, **cparams)
  File "/home/airflow/.local/lib/python3.10/site-packages/sqlalchemy/engine/default.py", line 598, in connect
    return self.dbapi.connect(*cargs, **cparams)
  File "/home/airflow/.local/lib/python3.10/site-packages/psycopg2/__init__.py", line 122, in connect
    conn = _connect(dsn, connection_factory=connection_factory, **kwasync)
psycopg2.OperationalError: could not translate host name "postgres" to address: Temporary failure in name resolution


The above exception was the direct cause of the following exception:

Traceback (most recent call last):
  File "/home/airflow/.local/lib/python3.10/site-packages/airflow/dag_processing/processor.py", line 182, in _run_file_processor
    _handle_dag_file_processing()
  File "/home/airflow/.local/lib/python3.10/site-packages/airflow/dag_processing/processor.py", line 163, in _handle_dag_file_processing
    result: tuple[int, int] = dag_file_processor.process_file(
  File "/home/airflow/.local/lib/python3.10/site-packages/airflow/utils/session.py", line 79, in wrapper
    return func(*args, session=session, **kwargs)
  File "/home/airflow/.local/lib/python3.10/site-packages/airflow/dag_processing/processor.py", line 859, in process_file
    serialize_errors = DagFileProcessor.save_dag_to_db(
  File "/home/airflow/.local/lib/python3.10/site-packages/airflow/api_internal/internal_api_call.py", line 114, in wrapper
    return func(*args, **kwargs)
  File "/home/airflow/.local/lib/python3.10/site-packages/airflow/utils/session.py", line 79, in wrapper
    return func(*args, session=session, **kwargs)
  File "/home/airflow/.local/lib/python3.10/site-packages/airflow/dag_processing/processor.py", line 895, in save_dag_to_db
    import_errors = DagBag._sync_to_db(dags=dags, processor_subdir=dag_directory, session=session)
  File "/home/airflow/.local/lib/python3.10/site-packages/airflow/utils/session.py", line 76, in wrapper
    return func(*args, **kwargs)
  File "/home/airflow/.local/lib/python3.10/site-packages/airflow/models/dagbag.py", line 657, in _sync_to_db
    for attempt in run_with_db_retries(logger=log):
  File "/home/airflow/.local/lib/python3.10/site-packages/tenacity/__init__.py", line 347, in __iter__
    do = self.iter(retry_state=retry_state)
  File "/home/airflow/.local/lib/python3.10/site-packages/tenacity/__init__.py", line 325, in iter
    raise retry_exc.reraise()
  File "/home/airflow/.local/lib/python3.10/site-packages/tenacity/__init__.py", line 158, in reraise
    raise self.last_attempt.result()
  File "/usr/local/lib/python3.10/concurrent/futures/_base.py", line 451, in result
    return self.__get_result()
  File "/usr/local/lib/python3.10/concurrent/futures/_base.py", line 403, in __get_result
    raise self._exception
  File "/home/airflow/.local/lib/python3.10/site-packages/airflow/models/dagbag.py", line 670, in _sync_to_db
    _serialize_dag_capturing_errors(dag, session, processor_subdir)
  File "/home/airflow/.local/lib/python3.10/site-packages/airflow/models/dagbag.py", line 635, in _serialize_dag_capturing_errors
    dag_was_updated = SerializedDagModel.write_dag(
  File "/home/airflow/.local/lib/python3.10/site-packages/airflow/utils/session.py", line 76, in wrapper
    return func(*args, **kwargs)
  File "/home/airflow/.local/lib/python3.10/site-packages/airflow/models/serialized_dag.py", line 157, in write_dag
    if session.scalar(
  File "/home/airflow/.local/lib/python3.10/site-packages/sqlalchemy/orm/session.py", line 1747, in scalar
    return self.execute(
  File "/home/airflow/.local/lib/python3.10/site-packages/sqlalchemy/orm/session.py", line 1716, in execute
    conn = self._connection_for_bind(bind)
  File "/home/airflow/.local/lib/python3.10/site-packages/sqlalchemy/orm/session.py", line 1555, in _connection_for_bind
    return self._transaction._connection_for_bind(
  File "/home/airflow/.local/lib/python3.10/site-packages/sqlalchemy/orm/session.py", line 750, in _connection_for_bind
    conn = bind.connect()
  File "/home/airflow/.local/lib/python3.10/site-packages/sqlalchemy/future/engine.py", line 412, in connect
    return super(Engine, self).connect()
  File "/home/airflow/.local/lib/python3.10/site-packages/sqlalchemy/engine/base.py", line 3325, in connect
    return self._connection_cls(self, close_with_result=close_with_result)
  File "/home/airflow/.local/lib/python3.10/site-packages/sqlalchemy/engine/base.py", line 96, in __init__
    else engine.raw_connection()
  File "/home/airflow/.local/lib/python3.10/site-packages/sqlalchemy/engine/base.py", line 3404, in raw_connection
    return self._wrap_pool_connect(self.pool.connect, _connection)
  File "/home/airflow/.local/lib/python3.10/site-packages/sqlalchemy/engine/base.py", line 3374, in _wrap_pool_connect
    Connection._handle_dbapi_exception_noconnection(
  File "/home/airflow/.local/lib/python3.10/site-packages/sqlalchemy/engine/base.py", line 2208, in _handle_dbapi_exception_noconnection
    util.raise_(
  File "/home/airflow/.local/lib/python3.10/site-packages/sqlalchemy/util/compat.py", line 211, in raise_
    raise exception
  File "/home/airflow/.local/lib/python3.10/site-packages/sqlalchemy/engine/base.py", line 3371, in _wrap_pool_connect
    return fn()
  File "/home/airflow/.local/lib/python3.10/site-packages/sqlalchemy/pool/base.py", line 327, in connect
    return _ConnectionFairy._checkout(self)
  File "/home/airflow/.local/lib/python3.10/site-packages/sqlalchemy/pool/base.py", line 894, in _checkout
    fairy = _ConnectionRecord.checkout(pool)
  File "/home/airflow/.local/lib/python3.10/site-packages/sqlalchemy/pool/base.py", line 493, in checkout
    rec = pool._do_get()
  File "/home/airflow/.local/lib/python3.10/site-packages/sqlalchemy/pool/impl.py", line 145, in _do_get
    with util.safe_reraise():
  File "/home/airflow/.local/lib/python3.10/site-packages/sqlalchemy/util/langhelpers.py", line 70, in __exit__
    compat.raise_(
  File "/home/airflow/.local/lib/python3.10/site-packages/sqlalchemy/util/compat.py", line 211, in raise_
    raise exception
  File "/home/airflow/.local/lib/python3.10/site-packages/sqlalchemy/pool/impl.py", line 143, in _do_get
    return self._create_connection()
  File "/home/airflow/.local/lib/python3.10/site-packages/sqlalchemy/pool/base.py", line 273, in _create_connection
    return _ConnectionRecord(self)
  File "/home/airflow/.local/lib/python3.10/site-packages/sqlalchemy/pool/base.py", line 388, in __init__
    self.__connect()
  File "/home/airflow/.local/lib/python3.10/site-packages/sqlalchemy/pool/base.py", line 690, in __connect
    with util.safe_reraise():
  File "/home/airflow/.local/lib/python3.10/site-packages/sqlalchemy/util/langhelpers.py", line 70, in __exit__
    compat.raise_(
  File "/home/airflow/.local/lib/python3.10/site-packages/sqlalchemy/util/compat.py", line 211, in raise_
    raise exception
  File "/home/airflow/.local/lib/python3.10/site-packages/sqlalchemy/pool/base.py", line 686, in __connect
    self.dbapi_connection = connection = pool._invoke_creator(self)
  File "/home/airflow/.local/lib/python3.10/site-packages/sqlalchemy/engine/create.py", line 574, in connect
    return dialect.connect(*cargs, **cparams)
  File "/home/airflow/.local/lib/python3.10/site-packages/sqlalchemy/engine/default.py", line 598, in connect
    return self.dbapi.connect(*cargs, **cparams)
  File "/home/airflow/.local/lib/python3.10/site-packages/psycopg2/__init__.py", line 122, in connect
    conn = _connect(dsn, connection_factory=connection_factory, **kwasync)
sqlalchemy.exc.OperationalError: (psycopg2.OperationalError) could not translate host name "postgres" to address: Temporary failure in name resolution

(Background on this error at: https://sqlalche.me/e/14/e3q8)
[2025-04-22T12:10:51.205+0000] {processor.py:161} INFO - Started process (PID=319) to work on /opt/airflow/dags/prices_data_diff_method.py
[2025-04-22T12:10:51.208+0000] {processor.py:830} INFO - Processing file /opt/airflow/dags/prices_data_diff_method.py for tasks to queue
[2025-04-22T12:10:51.216+0000] {logging_mixin.py:188} INFO - [2025-04-22T12:10:51.211+0000] {dagbag.py:538} INFO - Filling up the DagBag from /opt/airflow/dags/prices_data_diff_method.py
[2025-04-22T12:10:55.175+0000] {processor.py:840} INFO - DAG(s) 'prices_dag_taskflow' retrieved from /opt/airflow/dags/prices_data_diff_method.py
[2025-04-22T12:10:55.545+0000] {logging_mixin.py:188} INFO - [2025-04-22T12:10:55.541+0000] {override.py:1769} INFO - Created Permission View: can delete on DAG:prices_dag_taskflow
[2025-04-22T12:10:55.575+0000] {logging_mixin.py:188} INFO - [2025-04-22T12:10:55.574+0000] {override.py:1769} INFO - Created Permission View: can edit on DAG:prices_dag_taskflow
[2025-04-22T12:10:55.595+0000] {logging_mixin.py:188} INFO - [2025-04-22T12:10:55.595+0000] {override.py:1769} INFO - Created Permission View: can read on DAG:prices_dag_taskflow
[2025-04-22T12:10:55.596+0000] {logging_mixin.py:188} INFO - [2025-04-22T12:10:55.596+0000] {dag.py:3036} INFO - Sync 1 DAGs
[2025-04-22T12:10:55.628+0000] {logging_mixin.py:188} INFO - [2025-04-22T12:10:55.627+0000] {dag.py:3058} INFO - Creating ORM DAG for prices_dag_taskflow
[2025-04-22T12:10:55.641+0000] {logging_mixin.py:188} INFO - [2025-04-22T12:10:55.641+0000] {dag.py:3823} INFO - Setting next_dagrun for prices_dag_taskflow to None, run_after=None
[2025-04-22T12:10:55.693+0000] {processor.py:183} INFO - Processing /opt/airflow/dags/prices_data_diff_method.py took 4.537 seconds
[2025-04-22T12:11:26.943+0000] {processor.py:161} INFO - Started process (PID=332) to work on /opt/airflow/dags/prices_data_diff_method.py
[2025-04-22T12:11:26.948+0000] {processor.py:830} INFO - Processing file /opt/airflow/dags/prices_data_diff_method.py for tasks to queue
[2025-04-22T12:11:26.956+0000] {logging_mixin.py:188} INFO - [2025-04-22T12:11:26.951+0000] {dagbag.py:538} INFO - Filling up the DagBag from /opt/airflow/dags/prices_data_diff_method.py
[2025-04-22T12:11:54.173+0000] {processor.py:840} INFO - DAG(s) 'prices_dag_taskflow' retrieved from /opt/airflow/dags/prices_data_diff_method.py
[2025-04-22T12:11:52.441+0000] {logging_mixin.py:188} INFO - [2025-04-22T12:11:52.439+0000] {dag.py:3036} INFO - Sync 1 DAGs
[2025-04-22T12:11:59.769+0000] {logging_mixin.py:188} INFO - [2025-04-22T12:11:59.769+0000] {dag.py:3823} INFO - Setting next_dagrun for prices_dag_taskflow to None, run_after=None
[2025-04-22T12:11:59.926+0000] {processor.py:183} INFO - Processing /opt/airflow/dags/prices_data_diff_method.py took 29.652 seconds
[2025-04-22T12:12:30.987+0000] {processor.py:161} INFO - Started process (PID=345) to work on /opt/airflow/dags/prices_data_diff_method.py
[2025-04-22T12:12:31.003+0000] {processor.py:830} INFO - Processing file /opt/airflow/dags/prices_data_diff_method.py for tasks to queue
[2025-04-22T12:12:31.035+0000] {logging_mixin.py:188} INFO - [2025-04-22T12:12:31.018+0000] {dagbag.py:538} INFO - Filling up the DagBag from /opt/airflow/dags/prices_data_diff_method.py
[2025-04-22T12:13:13.756+0000] {logging_mixin.py:188} INFO - [2025-04-22T12:13:13.739+0000] {timeout.py:68} ERROR - Process timed out, PID: 345
[2025-04-22T12:13:13.762+0000] {logging_mixin.py:188} WARNING - Exception ignored in: <function WeakKeyDictionary.__init__.<locals>.remove at 0x7f8fb19515a0>
[2025-04-22T12:13:13.762+0000] {logging_mixin.py:188} WARNING - Traceback (most recent call last):
[2025-04-22T12:13:13.763+0000] {logging_mixin.py:188} WARNING -   File "/usr/local/lib/python3.10/weakref.py", line 370, in remove
[2025-04-22T12:13:13.783+0000] {logging_mixin.py:188} WARNING -     def remove(k, selfref=ref(self)):
[2025-04-22T12:13:13.783+0000] {logging_mixin.py:188} WARNING -   File "/home/airflow/.local/lib/python3.10/site-packages/airflow/utils/timeout.py", line 69, in handle_timeout
[2025-04-22T12:13:13.789+0000] {logging_mixin.py:188} WARNING -     raise AirflowTaskTimeout(self.error_message)
[2025-04-22T12:13:13.790+0000] {logging_mixin.py:188} WARNING - airflow.exceptions.AirflowTaskTimeout: DagBag import timeout for /opt/airflow/dags/prices_data_diff_method.py after 30.0s.
Please take a look at these docs to improve your DAG import time:
* https://airflow.apache.org/docs/apache-airflow/2.8.1/best-practices.html#top-level-python-code
* https://airflow.apache.org/docs/apache-airflow/2.8.1/best-practices.html#reducing-dag-complexity, PID: 345
[2025-04-22T12:13:14.582+0000] {processor.py:840} INFO - DAG(s) 'prices_dag_taskflow' retrieved from /opt/airflow/dags/prices_data_diff_method.py
[2025-04-22T12:13:16.525+0000] {logging_mixin.py:188} INFO - [2025-04-22T12:13:16.501+0000] {dag.py:3036} INFO - Sync 1 DAGs
[2025-04-22T12:13:16.631+0000] {logging_mixin.py:188} INFO - [2025-04-22T12:13:16.630+0000] {dag.py:3823} INFO - Setting next_dagrun for prices_dag_taskflow to None, run_after=None
[2025-04-22T12:13:16.823+0000] {processor.py:183} INFO - Processing /opt/airflow/dags/prices_data_diff_method.py took 39.032 seconds
[2025-04-22T12:13:47.895+0000] {processor.py:161} INFO - Started process (PID=363) to work on /opt/airflow/dags/prices_data_diff_method.py
[2025-04-22T12:13:47.914+0000] {processor.py:830} INFO - Processing file /opt/airflow/dags/prices_data_diff_method.py for tasks to queue
[2025-04-22T12:13:47.931+0000] {logging_mixin.py:188} INFO - [2025-04-22T12:13:47.920+0000] {dagbag.py:538} INFO - Filling up the DagBag from /opt/airflow/dags/prices_data_diff_method.py
[2025-04-22T12:13:54.107+0000] {processor.py:840} INFO - DAG(s) 'prices_dag_taskflow' retrieved from /opt/airflow/dags/prices_data_diff_method.py
[2025-04-22T12:14:29.748+0000] {logging_mixin.py:188} INFO - [2025-04-22T12:14:29.722+0000] {dag.py:3036} INFO - Sync 1 DAGs
[2025-04-22T12:14:29.842+0000] {logging_mixin.py:188} INFO - [2025-04-22T12:14:29.841+0000] {dag.py:3823} INFO - Setting next_dagrun for prices_dag_taskflow to None, run_after=None
[2025-04-22T12:14:29.923+0000] {processor.py:183} INFO - Processing /opt/airflow/dags/prices_data_diff_method.py took 40.357 seconds
[2025-04-22T12:15:00.563+0000] {processor.py:161} INFO - Started process (PID=379) to work on /opt/airflow/dags/prices_data_diff_method.py
[2025-04-22T12:15:00.568+0000] {processor.py:830} INFO - Processing file /opt/airflow/dags/prices_data_diff_method.py for tasks to queue
[2025-04-22T12:15:00.592+0000] {logging_mixin.py:188} INFO - [2025-04-22T12:15:00.573+0000] {dagbag.py:538} INFO - Filling up the DagBag from /opt/airflow/dags/prices_data_diff_method.py
[2025-04-22T12:15:06.971+0000] {processor.py:840} INFO - DAG(s) 'prices_dag_taskflow' retrieved from /opt/airflow/dags/prices_data_diff_method.py
[2025-04-22T12:15:07.223+0000] {logging_mixin.py:188} INFO - [2025-04-22T12:15:07.217+0000] {dag.py:3036} INFO - Sync 1 DAGs
[2025-04-22T12:15:07.261+0000] {logging_mixin.py:188} INFO - [2025-04-22T12:15:07.260+0000] {dag.py:3823} INFO - Setting next_dagrun for prices_dag_taskflow to None, run_after=None
[2025-04-22T12:15:07.307+0000] {processor.py:183} INFO - Processing /opt/airflow/dags/prices_data_diff_method.py took 7.073 seconds
[2025-04-22T12:15:39.986+0000] {processor.py:161} INFO - Started process (PID=395) to work on /opt/airflow/dags/prices_data_diff_method.py
[2025-04-22T12:15:39.989+0000] {processor.py:830} INFO - Processing file /opt/airflow/dags/prices_data_diff_method.py for tasks to queue
[2025-04-22T12:15:39.996+0000] {logging_mixin.py:188} INFO - [2025-04-22T12:15:39.993+0000] {dagbag.py:538} INFO - Filling up the DagBag from /opt/airflow/dags/prices_data_diff_method.py
[2025-04-22T12:15:42.012+0000] {processor.py:840} INFO - DAG(s) 'prices_dag_taskflow' retrieved from /opt/airflow/dags/prices_data_diff_method.py
[2025-04-22T12:15:42.234+0000] {logging_mixin.py:188} INFO - [2025-04-22T12:15:42.232+0000] {dag.py:3036} INFO - Sync 1 DAGs
[2025-04-22T12:15:42.256+0000] {logging_mixin.py:188} INFO - [2025-04-22T12:15:42.256+0000] {dag.py:3823} INFO - Setting next_dagrun for prices_dag_taskflow to None, run_after=None
[2025-04-22T12:15:42.292+0000] {processor.py:183} INFO - Processing /opt/airflow/dags/prices_data_diff_method.py took 2.371 seconds
[2025-04-22T12:16:15.062+0000] {processor.py:161} INFO - Started process (PID=411) to work on /opt/airflow/dags/prices_data_diff_method.py
[2025-04-22T12:16:15.063+0000] {processor.py:830} INFO - Processing file /opt/airflow/dags/prices_data_diff_method.py for tasks to queue
[2025-04-22T12:16:15.065+0000] {logging_mixin.py:188} INFO - [2025-04-22T12:16:15.065+0000] {dagbag.py:538} INFO - Filling up the DagBag from /opt/airflow/dags/prices_data_diff_method.py
[2025-04-22T12:16:16.387+0000] {processor.py:840} INFO - DAG(s) 'prices_dag_taskflow' retrieved from /opt/airflow/dags/prices_data_diff_method.py
[2025-04-22T12:16:16.500+0000] {logging_mixin.py:188} INFO - [2025-04-22T12:16:16.499+0000] {dag.py:3036} INFO - Sync 1 DAGs
[2025-04-22T12:16:16.522+0000] {logging_mixin.py:188} INFO - [2025-04-22T12:16:16.522+0000] {dag.py:3823} INFO - Setting next_dagrun for prices_dag_taskflow to None, run_after=None
[2025-04-22T12:16:16.552+0000] {processor.py:183} INFO - Processing /opt/airflow/dags/prices_data_diff_method.py took 1.495 seconds
[2025-04-22T12:16:49.241+0000] {processor.py:161} INFO - Started process (PID=427) to work on /opt/airflow/dags/prices_data_diff_method.py
[2025-04-22T12:16:49.283+0000] {processor.py:830} INFO - Processing file /opt/airflow/dags/prices_data_diff_method.py for tasks to queue
[2025-04-22T12:16:49.295+0000] {logging_mixin.py:188} INFO - [2025-04-22T12:16:49.290+0000] {dagbag.py:538} INFO - Filling up the DagBag from /opt/airflow/dags/prices_data_diff_method.py
[2025-04-22T12:16:55.782+0000] {processor.py:840} INFO - DAG(s) 'prices_dag_taskflow' retrieved from /opt/airflow/dags/prices_data_diff_method.py
[2025-04-22T12:16:55.977+0000] {logging_mixin.py:188} INFO - [2025-04-22T12:16:55.976+0000] {dag.py:3036} INFO - Sync 1 DAGs
[2025-04-22T12:16:55.998+0000] {logging_mixin.py:188} INFO - [2025-04-22T12:16:55.998+0000] {dag.py:3823} INFO - Setting next_dagrun for prices_dag_taskflow to None, run_after=None
[2025-04-22T12:16:56.038+0000] {processor.py:183} INFO - Processing /opt/airflow/dags/prices_data_diff_method.py took 6.925 seconds
[2025-04-22T12:17:27.965+0000] {processor.py:161} INFO - Started process (PID=443) to work on /opt/airflow/dags/prices_data_diff_method.py
[2025-04-22T12:17:28.007+0000] {processor.py:830} INFO - Processing file /opt/airflow/dags/prices_data_diff_method.py for tasks to queue
[2025-04-22T12:17:28.040+0000] {logging_mixin.py:188} INFO - [2025-04-22T12:17:28.027+0000] {dagbag.py:538} INFO - Filling up the DagBag from /opt/airflow/dags/prices_data_diff_method.py
[2025-04-22T12:17:36.074+0000] {processor.py:840} INFO - DAG(s) 'prices_dag_taskflow' retrieved from /opt/airflow/dags/prices_data_diff_method.py
[2025-04-22T12:17:36.467+0000] {logging_mixin.py:188} INFO - [2025-04-22T12:17:36.466+0000] {dag.py:3036} INFO - Sync 1 DAGs
[2025-04-22T12:17:36.534+0000] {logging_mixin.py:188} INFO - [2025-04-22T12:17:36.534+0000] {dag.py:3823} INFO - Setting next_dagrun for prices_dag_taskflow to None, run_after=None
[2025-04-22T12:17:36.601+0000] {processor.py:183} INFO - Processing /opt/airflow/dags/prices_data_diff_method.py took 8.849 seconds
[2025-04-22T12:18:07.529+0000] {processor.py:161} INFO - Started process (PID=461) to work on /opt/airflow/dags/prices_data_diff_method.py
[2025-04-22T12:18:07.537+0000] {processor.py:830} INFO - Processing file /opt/airflow/dags/prices_data_diff_method.py for tasks to queue
[2025-04-22T12:18:07.547+0000] {logging_mixin.py:188} INFO - [2025-04-22T12:18:07.543+0000] {dagbag.py:538} INFO - Filling up the DagBag from /opt/airflow/dags/prices_data_diff_method.py
[2025-04-22T12:18:11.955+0000] {processor.py:840} INFO - DAG(s) 'prices_dag_taskflow' retrieved from /opt/airflow/dags/prices_data_diff_method.py
[2025-04-22T12:18:12.293+0000] {logging_mixin.py:188} INFO - [2025-04-22T12:18:12.291+0000] {dag.py:3036} INFO - Sync 1 DAGs
[2025-04-22T12:18:12.320+0000] {logging_mixin.py:188} INFO - [2025-04-22T12:18:12.319+0000] {dag.py:3823} INFO - Setting next_dagrun for prices_dag_taskflow to None, run_after=None
[2025-04-22T12:18:12.360+0000] {processor.py:183} INFO - Processing /opt/airflow/dags/prices_data_diff_method.py took 4.899 seconds
[2025-04-22T12:18:43.063+0000] {processor.py:161} INFO - Started process (PID=479) to work on /opt/airflow/dags/prices_data_diff_method.py
[2025-04-22T12:18:43.068+0000] {processor.py:830} INFO - Processing file /opt/airflow/dags/prices_data_diff_method.py for tasks to queue
[2025-04-22T12:18:43.072+0000] {logging_mixin.py:188} INFO - [2025-04-22T12:18:43.070+0000] {dagbag.py:538} INFO - Filling up the DagBag from /opt/airflow/dags/prices_data_diff_method.py
[2025-04-22T12:18:45.019+0000] {processor.py:840} INFO - DAG(s) 'prices_dag_taskflow' retrieved from /opt/airflow/dags/prices_data_diff_method.py
[2025-04-22T12:18:45.282+0000] {logging_mixin.py:188} INFO - [2025-04-22T12:18:45.281+0000] {dag.py:3036} INFO - Sync 1 DAGs
[2025-04-22T12:18:45.311+0000] {logging_mixin.py:188} INFO - [2025-04-22T12:18:45.310+0000] {dag.py:3823} INFO - Setting next_dagrun for prices_dag_taskflow to None, run_after=None
[2025-04-22T12:18:45.377+0000] {processor.py:183} INFO - Processing /opt/airflow/dags/prices_data_diff_method.py took 2.334 seconds
[2025-04-22T12:19:16.184+0000] {processor.py:161} INFO - Started process (PID=497) to work on /opt/airflow/dags/prices_data_diff_method.py
[2025-04-22T12:19:16.205+0000] {processor.py:830} INFO - Processing file /opt/airflow/dags/prices_data_diff_method.py for tasks to queue
[2025-04-22T12:19:16.224+0000] {logging_mixin.py:188} INFO - [2025-04-22T12:19:16.215+0000] {dagbag.py:538} INFO - Filling up the DagBag from /opt/airflow/dags/prices_data_diff_method.py
[2025-04-22T12:19:28.904+0000] {processor.py:840} INFO - DAG(s) 'prices_dag_taskflow' retrieved from /opt/airflow/dags/prices_data_diff_method.py
[2025-04-22T12:19:29.192+0000] {logging_mixin.py:188} INFO - [2025-04-22T12:19:29.191+0000] {dag.py:3036} INFO - Sync 1 DAGs
[2025-04-22T12:19:29.223+0000] {logging_mixin.py:188} INFO - [2025-04-22T12:19:29.222+0000] {dag.py:3823} INFO - Setting next_dagrun for prices_dag_taskflow to None, run_after=None
[2025-04-22T12:19:29.263+0000] {processor.py:183} INFO - Processing /opt/airflow/dags/prices_data_diff_method.py took 8.048 seconds
[2025-04-22T12:20:00.713+0000] {processor.py:161} INFO - Started process (PID=515) to work on /opt/airflow/dags/prices_data_diff_method.py
[2025-04-22T12:20:00.736+0000] {processor.py:830} INFO - Processing file /opt/airflow/dags/prices_data_diff_method.py for tasks to queue
[2025-04-22T12:20:00.755+0000] {logging_mixin.py:188} INFO - [2025-04-22T12:20:00.745+0000] {dagbag.py:538} INFO - Filling up the DagBag from /opt/airflow/dags/prices_data_diff_method.py
[2025-04-22T12:20:08.245+0000] {processor.py:840} INFO - DAG(s) 'prices_dag_taskflow' retrieved from /opt/airflow/dags/prices_data_diff_method.py
[2025-04-22T12:20:08.714+0000] {logging_mixin.py:188} INFO - [2025-04-22T12:20:08.713+0000] {dag.py:3036} INFO - Sync 1 DAGs
[2025-04-22T12:20:08.751+0000] {logging_mixin.py:188} INFO - [2025-04-22T12:20:08.751+0000] {dag.py:3823} INFO - Setting next_dagrun for prices_dag_taskflow to None, run_after=None
[2025-04-22T12:20:08.799+0000] {processor.py:183} INFO - Processing /opt/airflow/dags/prices_data_diff_method.py took 8.208 seconds
[2025-04-22T12:20:39.375+0000] {processor.py:161} INFO - Started process (PID=533) to work on /opt/airflow/dags/prices_data_diff_method.py
[2025-04-22T12:20:39.392+0000] {processor.py:830} INFO - Processing file /opt/airflow/dags/prices_data_diff_method.py for tasks to queue
[2025-04-22T12:20:39.403+0000] {logging_mixin.py:188} INFO - [2025-04-22T12:20:39.398+0000] {dagbag.py:538} INFO - Filling up the DagBag from /opt/airflow/dags/prices_data_diff_method.py
[2025-04-22T12:20:47.070+0000] {processor.py:840} INFO - DAG(s) 'prices_dag_taskflow' retrieved from /opt/airflow/dags/prices_data_diff_method.py
[2025-04-22T12:20:47.590+0000] {logging_mixin.py:188} INFO - [2025-04-22T12:20:47.588+0000] {dag.py:3036} INFO - Sync 1 DAGs
[2025-04-22T12:20:47.636+0000] {logging_mixin.py:188} INFO - [2025-04-22T12:20:47.635+0000] {dag.py:3823} INFO - Setting next_dagrun for prices_dag_taskflow to None, run_after=None
[2025-04-22T12:20:47.691+0000] {processor.py:183} INFO - Processing /opt/airflow/dags/prices_data_diff_method.py took 8.410 seconds
[2025-04-22T12:21:18.399+0000] {processor.py:161} INFO - Started process (PID=551) to work on /opt/airflow/dags/prices_data_diff_method.py
[2025-04-22T12:21:18.405+0000] {processor.py:830} INFO - Processing file /opt/airflow/dags/prices_data_diff_method.py for tasks to queue
[2025-04-22T12:21:18.411+0000] {logging_mixin.py:188} INFO - [2025-04-22T12:21:18.409+0000] {dagbag.py:538} INFO - Filling up the DagBag from /opt/airflow/dags/prices_data_diff_method.py
[2025-04-22T12:21:20.575+0000] {processor.py:840} INFO - DAG(s) 'prices_dag_taskflow' retrieved from /opt/airflow/dags/prices_data_diff_method.py
[2025-04-22T12:21:20.842+0000] {logging_mixin.py:188} INFO - [2025-04-22T12:21:20.842+0000] {dag.py:3036} INFO - Sync 1 DAGs
[2025-04-22T12:21:20.869+0000] {logging_mixin.py:188} INFO - [2025-04-22T12:21:20.869+0000] {dag.py:3823} INFO - Setting next_dagrun for prices_dag_taskflow to None, run_after=None
[2025-04-22T12:21:20.904+0000] {processor.py:183} INFO - Processing /opt/airflow/dags/prices_data_diff_method.py took 2.551 seconds
[2025-04-22T12:21:51.340+0000] {processor.py:161} INFO - Started process (PID=567) to work on /opt/airflow/dags/prices_data_diff_method.py
[2025-04-22T12:21:51.344+0000] {processor.py:830} INFO - Processing file /opt/airflow/dags/prices_data_diff_method.py for tasks to queue
[2025-04-22T12:21:51.347+0000] {logging_mixin.py:188} INFO - [2025-04-22T12:21:51.346+0000] {dagbag.py:538} INFO - Filling up the DagBag from /opt/airflow/dags/prices_data_diff_method.py
[2025-04-22T12:21:54.931+0000] {processor.py:840} INFO - DAG(s) 'prices_dag_taskflow' retrieved from /opt/airflow/dags/prices_data_diff_method.py
[2025-04-22T12:21:55.135+0000] {logging_mixin.py:188} INFO - [2025-04-22T12:21:55.133+0000] {dag.py:3036} INFO - Sync 1 DAGs
[2025-04-22T12:21:55.158+0000] {logging_mixin.py:188} INFO - [2025-04-22T12:21:55.158+0000] {dag.py:3823} INFO - Setting next_dagrun for prices_dag_taskflow to None, run_after=None
[2025-04-22T12:21:55.198+0000] {processor.py:183} INFO - Processing /opt/airflow/dags/prices_data_diff_method.py took 3.886 seconds
[2025-04-22T12:22:26.251+0000] {processor.py:161} INFO - Started process (PID=585) to work on /opt/airflow/dags/prices_data_diff_method.py
[2025-04-22T12:22:26.280+0000] {processor.py:830} INFO - Processing file /opt/airflow/dags/prices_data_diff_method.py for tasks to queue
[2025-04-22T12:22:26.300+0000] {logging_mixin.py:188} INFO - [2025-04-22T12:22:26.290+0000] {dagbag.py:538} INFO - Filling up the DagBag from /opt/airflow/dags/prices_data_diff_method.py
[2025-04-22T12:22:34.388+0000] {processor.py:840} INFO - DAG(s) 'prices_dag_taskflow' retrieved from /opt/airflow/dags/prices_data_diff_method.py
[2025-04-22T12:22:34.657+0000] {logging_mixin.py:188} INFO - [2025-04-22T12:22:34.656+0000] {dag.py:3036} INFO - Sync 1 DAGs
[2025-04-22T12:22:34.689+0000] {logging_mixin.py:188} INFO - [2025-04-22T12:22:34.688+0000] {dag.py:3823} INFO - Setting next_dagrun for prices_dag_taskflow to None, run_after=None
[2025-04-22T12:22:34.730+0000] {processor.py:183} INFO - Processing /opt/airflow/dags/prices_data_diff_method.py took 8.622 seconds
[2025-04-22T12:23:05.537+0000] {processor.py:161} INFO - Started process (PID=603) to work on /opt/airflow/dags/prices_data_diff_method.py
[2025-04-22T12:23:05.546+0000] {processor.py:830} INFO - Processing file /opt/airflow/dags/prices_data_diff_method.py for tasks to queue
[2025-04-22T12:23:05.552+0000] {logging_mixin.py:188} INFO - [2025-04-22T12:23:05.549+0000] {dagbag.py:538} INFO - Filling up the DagBag from /opt/airflow/dags/prices_data_diff_method.py
[2025-04-22T15:01:20.579+0000] {processor.py:161} INFO - Started process (PID=219) to work on /opt/airflow/dags/prices_data_diff_method.py
[2025-04-22T15:01:20.584+0000] {processor.py:830} INFO - Processing file /opt/airflow/dags/prices_data_diff_method.py for tasks to queue
[2025-04-22T15:01:20.588+0000] {logging_mixin.py:188} INFO - [2025-04-22T15:01:20.586+0000] {dagbag.py:538} INFO - Filling up the DagBag from /opt/airflow/dags/prices_data_diff_method.py
[2025-04-22T15:01:22.496+0000] {processor.py:840} INFO - DAG(s) 'prices_dag_taskflow' retrieved from /opt/airflow/dags/prices_data_diff_method.py
[2025-04-22T15:01:22.542+0000] {logging_mixin.py:188} INFO - [2025-04-22T15:01:22.542+0000] {dag.py:3036} INFO - Sync 1 DAGs
[2025-04-22T15:01:22.574+0000] {logging_mixin.py:188} INFO - [2025-04-22T15:01:22.573+0000] {dag.py:3823} INFO - Setting next_dagrun for prices_dag_taskflow to None, run_after=None
[2025-04-22T15:01:22.610+0000] {processor.py:183} INFO - Processing /opt/airflow/dags/prices_data_diff_method.py took 2.056 seconds
[2025-04-22T15:01:52.813+0000] {processor.py:161} INFO - Started process (PID=237) to work on /opt/airflow/dags/prices_data_diff_method.py
[2025-04-22T15:01:52.815+0000] {processor.py:830} INFO - Processing file /opt/airflow/dags/prices_data_diff_method.py for tasks to queue
[2025-04-22T15:01:52.816+0000] {logging_mixin.py:188} INFO - [2025-04-22T15:01:52.815+0000] {dagbag.py:538} INFO - Filling up the DagBag from /opt/airflow/dags/prices_data_diff_method.py
[2025-04-22T15:01:54.447+0000] {processor.py:840} INFO - DAG(s) 'prices_dag_taskflow' retrieved from /opt/airflow/dags/prices_data_diff_method.py
[2025-04-22T15:01:54.822+0000] {logging_mixin.py:188} INFO - [2025-04-22T15:01:54.820+0000] {dag.py:3036} INFO - Sync 1 DAGs
[2025-04-22T15:01:54.849+0000] {logging_mixin.py:188} INFO - [2025-04-22T15:01:54.848+0000] {dag.py:3823} INFO - Setting next_dagrun for prices_dag_taskflow to None, run_after=None
[2025-04-22T15:01:54.913+0000] {processor.py:183} INFO - Processing /opt/airflow/dags/prices_data_diff_method.py took 2.115 seconds
[2025-04-22T15:02:25.114+0000] {processor.py:161} INFO - Started process (PID=277) to work on /opt/airflow/dags/prices_data_diff_method.py
[2025-04-22T15:02:25.117+0000] {processor.py:830} INFO - Processing file /opt/airflow/dags/prices_data_diff_method.py for tasks to queue
[2025-04-22T15:02:25.118+0000] {logging_mixin.py:188} INFO - [2025-04-22T15:02:25.118+0000] {dagbag.py:538} INFO - Filling up the DagBag from /opt/airflow/dags/prices_data_diff_method.py
[2025-04-22T15:02:25.830+0000] {processor.py:840} INFO - DAG(s) 'prices_dag_taskflow' retrieved from /opt/airflow/dags/prices_data_diff_method.py
[2025-04-22T15:02:25.868+0000] {logging_mixin.py:188} INFO - [2025-04-22T15:02:25.868+0000] {dag.py:3036} INFO - Sync 1 DAGs
[2025-04-22T15:02:25.883+0000] {logging_mixin.py:188} INFO - [2025-04-22T15:02:25.883+0000] {dag.py:3823} INFO - Setting next_dagrun for prices_dag_taskflow to None, run_after=None
[2025-04-22T15:02:25.934+0000] {processor.py:183} INFO - Processing /opt/airflow/dags/prices_data_diff_method.py took 0.825 seconds
[2025-04-22T15:02:56.092+0000] {processor.py:161} INFO - Started process (PID=295) to work on /opt/airflow/dags/prices_data_diff_method.py
[2025-04-22T15:02:56.095+0000] {processor.py:830} INFO - Processing file /opt/airflow/dags/prices_data_diff_method.py for tasks to queue
[2025-04-22T15:02:56.096+0000] {logging_mixin.py:188} INFO - [2025-04-22T15:02:56.096+0000] {dagbag.py:538} INFO - Filling up the DagBag from /opt/airflow/dags/prices_data_diff_method.py
[2025-04-22T15:02:59.254+0000] {processor.py:840} INFO - DAG(s) 'prices_dag_taskflow' retrieved from /opt/airflow/dags/prices_data_diff_method.py
[2025-04-22T15:02:59.296+0000] {logging_mixin.py:188} INFO - [2025-04-22T15:02:59.296+0000] {dag.py:3036} INFO - Sync 1 DAGs
[2025-04-22T15:02:59.313+0000] {logging_mixin.py:188} INFO - [2025-04-22T15:02:59.313+0000] {dag.py:3823} INFO - Setting next_dagrun for prices_dag_taskflow to None, run_after=None
[2025-04-22T15:02:59.331+0000] {processor.py:183} INFO - Processing /opt/airflow/dags/prices_data_diff_method.py took 0.723 seconds
