[2025-04-23T17:42:20.288+0000] {taskinstance.py:1956} INFO - Dependencies all met for dep_context=non-requeueable deps ti=<TaskInstance: read_excel_from_mongo_dag_with_rsi.fetch_excel_from_mongo manual__2025-04-23T17:42:19.032169+00:00 [queued]>
[2025-04-23T17:42:20.295+0000] {taskinstance.py:1956} INFO - Dependencies all met for dep_context=requeueable deps ti=<TaskInstance: read_excel_from_mongo_dag_with_rsi.fetch_excel_from_mongo manual__2025-04-23T17:42:19.032169+00:00 [queued]>
[2025-04-23T17:42:20.295+0000] {taskinstance.py:2170} INFO - Starting attempt 1 of 2
[2025-04-23T17:42:20.306+0000] {taskinstance.py:2191} INFO - Executing <Task(_PythonDecoratedOperator): fetch_excel_from_mongo> on 2025-04-23 17:42:19.032169+00:00
[2025-04-23T17:42:20.313+0000] {standard_task_runner.py:60} INFO - Started process 407 to run task
[2025-04-23T17:42:20.316+0000] {standard_task_runner.py:87} INFO - Running: ['***', 'tasks', 'run', 'read_excel_from_mongo_dag_with_rsi', 'fetch_excel_from_mongo', 'manual__2025-04-23T17:42:19.032169+00:00', '--job-id', '77', '--raw', '--subdir', 'DAGS_FOLDER/indicator_dag.py', '--cfg-path', '/tmp/tmp0gx8rqav']
[2025-04-23T17:42:20.318+0000] {standard_task_runner.py:88} INFO - Job 77: Subtask fetch_excel_from_mongo
[2025-04-23T17:42:20.365+0000] {task_command.py:423} INFO - Running <TaskInstance: read_excel_from_mongo_dag_with_rsi.fetch_excel_from_mongo manual__2025-04-23T17:42:19.032169+00:00 [running]> on host 8291240c5d79
[2025-04-23T17:42:20.441+0000] {taskinstance.py:2480} INFO - Exporting env vars: AIRFLOW_CTX_DAG_OWNER='***' AIRFLOW_CTX_DAG_ID='read_excel_from_mongo_dag_with_rsi' AIRFLOW_CTX_TASK_ID='fetch_excel_from_mongo' AIRFLOW_CTX_EXECUTION_DATE='2025-04-23T17:42:19.032169+00:00' AIRFLOW_CTX_TRY_NUMBER='1' AIRFLOW_CTX_DAG_RUN_ID='manual__2025-04-23T17:42:19.032169+00:00'
[2025-04-23T17:42:20.621+0000] {logging_mixin.py:188} INFO - DataFrame Loaded: 
[2025-04-23T17:42:20.636+0000] {logging_mixin.py:188} INFO -            Ticker       Date        Open  ...         Low       Close    Volume
0    TATASTEEL.NS 2024-04-22  160.564988  ...  158.310410  158.653503  39304790
1    TATASTEEL.NS 2024-04-23  160.270910  ...  157.624237  157.967316  30295177
2    TATASTEEL.NS 2024-04-24  159.241644  ...  158.261394  162.280426  59894921
3    TATASTEEL.NS 2024-04-25  162.133376  ...  160.908064  164.387955  50128523
4    TATASTEEL.NS 2024-04-26  164.682030  ...  161.986342  162.525482  65355111
..            ...        ...         ...  ...         ...         ...       ...
242  TATASTEEL.NS 2025-04-11  134.669998  ...  130.490005  133.419998  73706472
243  TATASTEEL.NS 2025-04-15  135.600006  ...  134.839996  136.410004  38967608
244  TATASTEEL.NS 2025-04-16  136.410004  ...  134.619995  136.970001  42684087
245  TATASTEEL.NS 2025-04-17  134.399994  ...  133.699997  137.139999  62282856
246  TATASTEEL.NS 2025-04-21  137.649994  ...  137.050003  139.179993  26503486

[247 rows x 7 columns]
[2025-04-23T17:42:20.636+0000] {python.py:201} INFO - Done. Returned value was:            Ticker       Date        Open  ...         Low       Close    Volume
0    TATASTEEL.NS 2024-04-22  160.564988  ...  158.310410  158.653503  39304790
1    TATASTEEL.NS 2024-04-23  160.270910  ...  157.624237  157.967316  30295177
2    TATASTEEL.NS 2024-04-24  159.241644  ...  158.261394  162.280426  59894921
3    TATASTEEL.NS 2024-04-25  162.133376  ...  160.908064  164.387955  50128523
4    TATASTEEL.NS 2024-04-26  164.682030  ...  161.986342  162.525482  65355111
..            ...        ...         ...  ...         ...         ...       ...
242  TATASTEEL.NS 2025-04-11  134.669998  ...  130.490005  133.419998  73706472
243  TATASTEEL.NS 2025-04-15  135.600006  ...  134.839996  136.410004  38967608
244  TATASTEEL.NS 2025-04-16  136.410004  ...  134.619995  136.970001  42684087
245  TATASTEEL.NS 2025-04-17  134.399994  ...  133.699997  137.139999  62282856
246  TATASTEEL.NS 2025-04-21  137.649994  ...  137.050003  139.179993  26503486

[247 rows x 7 columns]
[2025-04-23T17:42:20.683+0000] {taskinstance.py:1138} INFO - Marking task as SUCCESS. dag_id=read_excel_from_mongo_dag_with_rsi, task_id=fetch_excel_from_mongo, execution_date=20250423T174219, start_date=20250423T174220, end_date=20250423T174220
[2025-04-23T17:42:20.729+0000] {local_task_job_runner.py:234} INFO - Task exited with return code 0
[2025-04-23T17:42:20.757+0000] {taskinstance.py:3280} INFO - 1 downstream tasks scheduled from follow-on schedule check
