[2025-04-20T00:51:00.615+0000] {processor.py:161} INFO - Started process (PID=172) to work on /opt/airflow/dags/hello_world.py
[2025-04-20T00:51:00.616+0000] {processor.py:830} INFO - Processing file /opt/airflow/dags/hello_world.py for tasks to queue
[2025-04-20T00:51:00.617+0000] {logging_mixin.py:188} INFO - [2025-04-20T00:51:00.616+0000] {dagbag.py:538} INFO - Filling up the DagBag from /opt/airflow/dags/hello_world.py
[2025-04-20T00:51:00.648+0000] {processor.py:840} INFO - DAG(s) 'hello_world_dag' retrieved from /opt/airflow/dags/hello_world.py
[2025-04-20T00:51:01.024+0000] {logging_mixin.py:188} INFO - [2025-04-20T00:51:01.023+0000] {override.py:1769} INFO - Created Permission View: can read on DAG:hello_world_dag
[2025-04-20T00:51:01.035+0000] {logging_mixin.py:188} INFO - [2025-04-20T00:51:01.035+0000] {override.py:1769} INFO - Created Permission View: can edit on DAG:hello_world_dag
[2025-04-20T00:51:01.044+0000] {logging_mixin.py:188} INFO - [2025-04-20T00:51:01.044+0000] {override.py:1769} INFO - Created Permission View: can delete on DAG:hello_world_dag
[2025-04-20T00:51:01.045+0000] {logging_mixin.py:188} INFO - [2025-04-20T00:51:01.045+0000] {dag.py:3036} INFO - Sync 1 DAGs
[2025-04-20T00:51:01.056+0000] {logging_mixin.py:188} INFO - [2025-04-20T00:51:01.056+0000] {dag.py:3058} INFO - Creating ORM DAG for hello_world_dag
[2025-04-20T00:51:01.068+0000] {logging_mixin.py:188} INFO - [2025-04-20T00:51:01.067+0000] {dag.py:3823} INFO - Setting next_dagrun for hello_world_dag to 2025-04-18 11:45:00+00:00, run_after=2025-04-19 11:45:00+00:00
[2025-04-20T00:51:01.083+0000] {processor.py:183} INFO - Processing /opt/airflow/dags/hello_world.py took 0.475 seconds
[2025-04-20T00:51:31.925+0000] {processor.py:161} INFO - Started process (PID=185) to work on /opt/airflow/dags/hello_world.py
[2025-04-20T00:51:31.927+0000] {processor.py:830} INFO - Processing file /opt/airflow/dags/hello_world.py for tasks to queue
[2025-04-20T00:51:31.929+0000] {logging_mixin.py:188} INFO - [2025-04-20T00:51:31.928+0000] {dagbag.py:538} INFO - Filling up the DagBag from /opt/airflow/dags/hello_world.py
[2025-04-20T00:51:31.944+0000] {processor.py:840} INFO - DAG(s) 'hello_world_dag' retrieved from /opt/airflow/dags/hello_world.py
[2025-04-20T00:51:31.981+0000] {logging_mixin.py:188} INFO - [2025-04-20T00:51:31.981+0000] {dag.py:3036} INFO - Sync 1 DAGs
[2025-04-20T00:51:32.030+0000] {logging_mixin.py:188} INFO - [2025-04-20T00:51:32.030+0000] {dag.py:3823} INFO - Setting next_dagrun for hello_world_dag to 2025-04-18 11:45:00+00:00, run_after=2025-04-19 11:45:00+00:00
[2025-04-20T00:51:32.047+0000] {processor.py:183} INFO - Processing /opt/airflow/dags/hello_world.py took 0.124 seconds
[2025-04-20T00:52:02.877+0000] {processor.py:161} INFO - Started process (PID=195) to work on /opt/airflow/dags/hello_world.py
[2025-04-20T00:52:02.878+0000] {processor.py:830} INFO - Processing file /opt/airflow/dags/hello_world.py for tasks to queue
[2025-04-20T00:52:02.879+0000] {logging_mixin.py:188} INFO - [2025-04-20T00:52:02.879+0000] {dagbag.py:538} INFO - Filling up the DagBag from /opt/airflow/dags/hello_world.py
[2025-04-20T00:52:02.891+0000] {processor.py:840} INFO - DAG(s) 'hello_world_dag' retrieved from /opt/airflow/dags/hello_world.py
[2025-04-20T00:52:02.917+0000] {logging_mixin.py:188} INFO - [2025-04-20T00:52:02.917+0000] {dag.py:3036} INFO - Sync 1 DAGs
[2025-04-20T00:52:02.954+0000] {logging_mixin.py:188} INFO - [2025-04-20T00:52:02.954+0000] {dag.py:3823} INFO - Setting next_dagrun for hello_world_dag to 2025-04-18 11:45:00+00:00, run_after=2025-04-19 11:45:00+00:00
[2025-04-20T00:52:02.972+0000] {processor.py:183} INFO - Processing /opt/airflow/dags/hello_world.py took 0.098 seconds
[2025-04-20T00:52:33.040+0000] {processor.py:161} INFO - Started process (PID=218) to work on /opt/airflow/dags/hello_world.py
[2025-04-20T00:52:33.043+0000] {processor.py:830} INFO - Processing file /opt/airflow/dags/hello_world.py for tasks to queue
[2025-04-20T00:52:33.044+0000] {logging_mixin.py:188} INFO - [2025-04-20T00:52:33.044+0000] {dagbag.py:538} INFO - Filling up the DagBag from /opt/airflow/dags/hello_world.py
[2025-04-20T00:52:33.069+0000] {processor.py:840} INFO - DAG(s) 'hello_world_dag' retrieved from /opt/airflow/dags/hello_world.py
[2025-04-20T00:52:33.107+0000] {logging_mixin.py:188} INFO - [2025-04-20T00:52:33.106+0000] {dag.py:3036} INFO - Sync 1 DAGs
[2025-04-20T00:52:33.140+0000] {logging_mixin.py:188} INFO - [2025-04-20T00:52:33.140+0000] {dag.py:3823} INFO - Setting next_dagrun for hello_world_dag to 2025-04-18 11:45:00+00:00, run_after=2025-04-19 11:45:00+00:00
[2025-04-20T00:52:33.163+0000] {processor.py:183} INFO - Processing /opt/airflow/dags/hello_world.py took 0.127 seconds
[2025-04-20T00:53:03.673+0000] {processor.py:161} INFO - Started process (PID=230) to work on /opt/airflow/dags/hello_world.py
[2025-04-20T00:53:03.675+0000] {processor.py:830} INFO - Processing file /opt/airflow/dags/hello_world.py for tasks to queue
[2025-04-20T00:53:03.675+0000] {logging_mixin.py:188} INFO - [2025-04-20T00:53:03.675+0000] {dagbag.py:538} INFO - Filling up the DagBag from /opt/airflow/dags/hello_world.py
[2025-04-20T00:53:03.693+0000] {processor.py:840} INFO - DAG(s) 'hello_world_dag' retrieved from /opt/airflow/dags/hello_world.py
[2025-04-20T00:53:03.724+0000] {logging_mixin.py:188} INFO - [2025-04-20T00:53:03.724+0000] {dag.py:3036} INFO - Sync 1 DAGs
[2025-04-20T00:53:03.748+0000] {logging_mixin.py:188} INFO - [2025-04-20T00:53:03.748+0000] {dag.py:3823} INFO - Setting next_dagrun for hello_world_dag to 2025-04-18 11:45:00+00:00, run_after=2025-04-19 11:45:00+00:00
[2025-04-20T00:53:03.764+0000] {processor.py:183} INFO - Processing /opt/airflow/dags/hello_world.py took 0.096 seconds
[2025-04-20T00:53:34.559+0000] {processor.py:161} INFO - Started process (PID=240) to work on /opt/airflow/dags/hello_world.py
[2025-04-20T00:53:34.560+0000] {processor.py:830} INFO - Processing file /opt/airflow/dags/hello_world.py for tasks to queue
[2025-04-20T00:53:34.561+0000] {logging_mixin.py:188} INFO - [2025-04-20T00:53:34.561+0000] {dagbag.py:538} INFO - Filling up the DagBag from /opt/airflow/dags/hello_world.py
[2025-04-20T00:53:34.572+0000] {processor.py:840} INFO - DAG(s) 'hello_world_dag' retrieved from /opt/airflow/dags/hello_world.py
[2025-04-20T00:53:34.597+0000] {logging_mixin.py:188} INFO - [2025-04-20T00:53:34.596+0000] {dag.py:3036} INFO - Sync 1 DAGs
[2025-04-20T00:53:34.631+0000] {logging_mixin.py:188} INFO - [2025-04-20T00:53:34.631+0000] {dag.py:3823} INFO - Setting next_dagrun for hello_world_dag to 2025-04-18 11:45:00+00:00, run_after=2025-04-19 11:45:00+00:00
[2025-04-20T00:53:34.656+0000] {processor.py:183} INFO - Processing /opt/airflow/dags/hello_world.py took 0.099 seconds
[2025-04-20T00:54:05.053+0000] {processor.py:161} INFO - Started process (PID=250) to work on /opt/airflow/dags/hello_world.py
[2025-04-20T00:54:05.055+0000] {processor.py:830} INFO - Processing file /opt/airflow/dags/hello_world.py for tasks to queue
[2025-04-20T00:54:05.056+0000] {logging_mixin.py:188} INFO - [2025-04-20T00:54:05.056+0000] {dagbag.py:538} INFO - Filling up the DagBag from /opt/airflow/dags/hello_world.py
[2025-04-20T00:54:05.074+0000] {processor.py:840} INFO - DAG(s) 'hello_world_dag' retrieved from /opt/airflow/dags/hello_world.py
[2025-04-20T00:54:05.122+0000] {logging_mixin.py:188} INFO - [2025-04-20T00:54:05.121+0000] {dag.py:3036} INFO - Sync 1 DAGs
[2025-04-20T00:54:05.163+0000] {logging_mixin.py:188} INFO - [2025-04-20T00:54:05.163+0000] {dag.py:3823} INFO - Setting next_dagrun for hello_world_dag to 2025-04-18 11:45:00+00:00, run_after=2025-04-19 11:45:00+00:00
[2025-04-20T00:54:05.198+0000] {processor.py:183} INFO - Processing /opt/airflow/dags/hello_world.py took 0.148 seconds
[2025-04-20T00:54:35.459+0000] {processor.py:161} INFO - Started process (PID=260) to work on /opt/airflow/dags/hello_world.py
[2025-04-20T00:54:35.492+0000] {processor.py:830} INFO - Processing file /opt/airflow/dags/hello_world.py for tasks to queue
[2025-04-20T00:54:35.493+0000] {logging_mixin.py:188} INFO - [2025-04-20T00:54:35.493+0000] {dagbag.py:538} INFO - Filling up the DagBag from /opt/airflow/dags/hello_world.py
[2025-04-20T00:54:35.523+0000] {processor.py:840} INFO - DAG(s) 'hello_world_dag' retrieved from /opt/airflow/dags/hello_world.py
[2025-04-20T00:54:35.553+0000] {logging_mixin.py:188} INFO - [2025-04-20T00:54:35.553+0000] {dag.py:3036} INFO - Sync 1 DAGs
[2025-04-20T00:54:35.597+0000] {logging_mixin.py:188} INFO - [2025-04-20T00:54:35.597+0000] {dag.py:3823} INFO - Setting next_dagrun for hello_world_dag to 2025-04-18 11:45:00+00:00, run_after=2025-04-19 11:45:00+00:00
[2025-04-20T00:54:35.614+0000] {processor.py:183} INFO - Processing /opt/airflow/dags/hello_world.py took 0.159 seconds
[2025-04-20T00:55:05.884+0000] {processor.py:161} INFO - Started process (PID=270) to work on /opt/airflow/dags/hello_world.py
[2025-04-20T00:55:05.885+0000] {processor.py:830} INFO - Processing file /opt/airflow/dags/hello_world.py for tasks to queue
[2025-04-20T00:55:05.886+0000] {logging_mixin.py:188} INFO - [2025-04-20T00:55:05.885+0000] {dagbag.py:538} INFO - Filling up the DagBag from /opt/airflow/dags/hello_world.py
[2025-04-20T00:55:05.896+0000] {processor.py:840} INFO - DAG(s) 'hello_world_dag' retrieved from /opt/airflow/dags/hello_world.py
[2025-04-20T00:55:05.926+0000] {logging_mixin.py:188} INFO - [2025-04-20T00:55:05.925+0000] {dag.py:3036} INFO - Sync 1 DAGs
[2025-04-20T00:55:05.965+0000] {logging_mixin.py:188} INFO - [2025-04-20T00:55:05.965+0000] {dag.py:3823} INFO - Setting next_dagrun for hello_world_dag to 2025-04-18 11:45:00+00:00, run_after=2025-04-19 11:45:00+00:00
[2025-04-20T00:55:05.983+0000] {processor.py:183} INFO - Processing /opt/airflow/dags/hello_world.py took 0.102 seconds
[2025-04-20T00:55:36.092+0000] {processor.py:161} INFO - Started process (PID=280) to work on /opt/airflow/dags/hello_world.py
[2025-04-20T00:55:36.093+0000] {processor.py:830} INFO - Processing file /opt/airflow/dags/hello_world.py for tasks to queue
[2025-04-20T00:55:36.093+0000] {logging_mixin.py:188} INFO - [2025-04-20T00:55:36.093+0000] {dagbag.py:538} INFO - Filling up the DagBag from /opt/airflow/dags/hello_world.py
[2025-04-20T00:55:36.102+0000] {processor.py:840} INFO - DAG(s) 'hello_world_dag' retrieved from /opt/airflow/dags/hello_world.py
[2025-04-20T00:55:36.124+0000] {logging_mixin.py:188} INFO - [2025-04-20T00:55:36.124+0000] {dag.py:3036} INFO - Sync 1 DAGs
[2025-04-20T00:55:36.147+0000] {logging_mixin.py:188} INFO - [2025-04-20T00:55:36.147+0000] {dag.py:3823} INFO - Setting next_dagrun for hello_world_dag to 2025-04-18 11:45:00+00:00, run_after=2025-04-19 11:45:00+00:00
[2025-04-20T00:55:36.162+0000] {processor.py:183} INFO - Processing /opt/airflow/dags/hello_world.py took 0.073 seconds
[2025-04-20T00:56:07.001+0000] {processor.py:161} INFO - Started process (PID=290) to work on /opt/airflow/dags/hello_world.py
[2025-04-20T00:56:07.022+0000] {processor.py:830} INFO - Processing file /opt/airflow/dags/hello_world.py for tasks to queue
[2025-04-20T00:56:07.024+0000] {logging_mixin.py:188} INFO - [2025-04-20T00:56:07.023+0000] {dagbag.py:538} INFO - Filling up the DagBag from /opt/airflow/dags/hello_world.py
[2025-04-20T00:56:07.038+0000] {processor.py:840} INFO - DAG(s) 'hello_world_dag' retrieved from /opt/airflow/dags/hello_world.py
[2025-04-20T00:56:07.074+0000] {logging_mixin.py:188} INFO - [2025-04-20T00:56:07.073+0000] {dag.py:3036} INFO - Sync 1 DAGs
[2025-04-20T00:56:07.103+0000] {logging_mixin.py:188} INFO - [2025-04-20T00:56:07.103+0000] {dag.py:3823} INFO - Setting next_dagrun for hello_world_dag to 2025-04-18 11:45:00+00:00, run_after=2025-04-19 11:45:00+00:00
[2025-04-20T00:56:07.152+0000] {processor.py:183} INFO - Processing /opt/airflow/dags/hello_world.py took 0.155 seconds
[2025-04-20T00:56:37.885+0000] {processor.py:161} INFO - Started process (PID=300) to work on /opt/airflow/dags/hello_world.py
[2025-04-20T00:56:37.887+0000] {processor.py:830} INFO - Processing file /opt/airflow/dags/hello_world.py for tasks to queue
[2025-04-20T00:56:37.888+0000] {logging_mixin.py:188} INFO - [2025-04-20T00:56:37.888+0000] {dagbag.py:538} INFO - Filling up the DagBag from /opt/airflow/dags/hello_world.py
[2025-04-20T00:56:37.906+0000] {processor.py:840} INFO - DAG(s) 'hello_world_dag' retrieved from /opt/airflow/dags/hello_world.py
[2025-04-20T00:56:37.937+0000] {logging_mixin.py:188} INFO - [2025-04-20T00:56:37.937+0000] {dag.py:3036} INFO - Sync 1 DAGs
[2025-04-20T00:56:37.962+0000] {logging_mixin.py:188} INFO - [2025-04-20T00:56:37.962+0000] {dag.py:3823} INFO - Setting next_dagrun for hello_world_dag to 2025-04-18 11:45:00+00:00, run_after=2025-04-19 11:45:00+00:00
[2025-04-20T00:56:37.986+0000] {processor.py:183} INFO - Processing /opt/airflow/dags/hello_world.py took 0.105 seconds
[2025-04-20T00:57:52.607+0000] {processor.py:161} INFO - Started process (PID=173) to work on /opt/airflow/dags/hello_world.py
[2025-04-20T00:57:52.613+0000] {processor.py:830} INFO - Processing file /opt/airflow/dags/hello_world.py for tasks to queue
[2025-04-20T00:57:52.615+0000] {logging_mixin.py:188} INFO - [2025-04-20T00:57:52.614+0000] {dagbag.py:538} INFO - Filling up the DagBag from /opt/airflow/dags/hello_world.py
[2025-04-20T00:57:52.684+0000] {processor.py:840} INFO - DAG(s) 'hello_world_dag' retrieved from /opt/airflow/dags/hello_world.py
[2025-04-20T00:57:52.735+0000] {logging_mixin.py:188} INFO - [2025-04-20T00:57:52.735+0000] {dag.py:3036} INFO - Sync 1 DAGs
[2025-04-20T00:57:52.759+0000] {logging_mixin.py:188} INFO - [2025-04-20T00:57:52.759+0000] {dag.py:3823} INFO - Setting next_dagrun for hello_world_dag to 2025-04-18 11:45:00+00:00, run_after=2025-04-19 11:45:00+00:00
[2025-04-20T00:57:52.781+0000] {processor.py:183} INFO - Processing /opt/airflow/dags/hello_world.py took 0.180 seconds
[2025-04-20T00:58:23.607+0000] {processor.py:161} INFO - Started process (PID=184) to work on /opt/airflow/dags/hello_world.py
[2025-04-20T00:58:23.615+0000] {processor.py:830} INFO - Processing file /opt/airflow/dags/hello_world.py for tasks to queue
[2025-04-20T00:58:23.619+0000] {logging_mixin.py:188} INFO - [2025-04-20T00:58:23.617+0000] {dagbag.py:538} INFO - Filling up the DagBag from /opt/airflow/dags/hello_world.py
[2025-04-20T00:58:23.680+0000] {processor.py:840} INFO - DAG(s) 'hello_world_dag' retrieved from /opt/airflow/dags/hello_world.py
[2025-04-20T00:58:23.898+0000] {logging_mixin.py:188} INFO - [2025-04-20T00:58:23.898+0000] {dag.py:3036} INFO - Sync 1 DAGs
[2025-04-20T00:58:23.922+0000] {logging_mixin.py:188} INFO - [2025-04-20T00:58:23.922+0000] {dag.py:3823} INFO - Setting next_dagrun for hello_world_dag to 2025-04-18 11:45:00+00:00, run_after=2025-04-19 11:45:00+00:00
[2025-04-20T00:58:23.945+0000] {processor.py:183} INFO - Processing /opt/airflow/dags/hello_world.py took 0.384 seconds
[2025-04-20T00:58:54.815+0000] {processor.py:161} INFO - Started process (PID=196) to work on /opt/airflow/dags/hello_world.py
[2025-04-20T00:58:54.816+0000] {processor.py:830} INFO - Processing file /opt/airflow/dags/hello_world.py for tasks to queue
[2025-04-20T00:58:54.817+0000] {logging_mixin.py:188} INFO - [2025-04-20T00:58:54.817+0000] {dagbag.py:538} INFO - Filling up the DagBag from /opt/airflow/dags/hello_world.py
[2025-04-20T00:58:54.826+0000] {processor.py:840} INFO - DAG(s) 'hello_world_dag' retrieved from /opt/airflow/dags/hello_world.py
[2025-04-20T00:58:54.852+0000] {logging_mixin.py:188} INFO - [2025-04-20T00:58:54.852+0000] {dag.py:3036} INFO - Sync 1 DAGs
[2025-04-20T00:58:54.890+0000] {logging_mixin.py:188} INFO - [2025-04-20T00:58:54.890+0000] {dag.py:3823} INFO - Setting next_dagrun for hello_world_dag to 2025-04-18 11:45:00+00:00, run_after=2025-04-19 11:45:00+00:00
[2025-04-20T00:58:54.930+0000] {processor.py:183} INFO - Processing /opt/airflow/dags/hello_world.py took 0.119 seconds
[2025-04-20T00:59:25.679+0000] {processor.py:161} INFO - Started process (PID=206) to work on /opt/airflow/dags/hello_world.py
[2025-04-20T00:59:25.680+0000] {processor.py:830} INFO - Processing file /opt/airflow/dags/hello_world.py for tasks to queue
[2025-04-20T00:59:25.681+0000] {logging_mixin.py:188} INFO - [2025-04-20T00:59:25.681+0000] {dagbag.py:538} INFO - Filling up the DagBag from /opt/airflow/dags/hello_world.py
[2025-04-20T00:59:25.690+0000] {processor.py:840} INFO - DAG(s) 'hello_world_dag' retrieved from /opt/airflow/dags/hello_world.py
[2025-04-20T00:59:25.716+0000] {logging_mixin.py:188} INFO - [2025-04-20T00:59:25.716+0000] {dag.py:3036} INFO - Sync 1 DAGs
[2025-04-20T00:59:25.738+0000] {logging_mixin.py:188} INFO - [2025-04-20T00:59:25.737+0000] {dag.py:3823} INFO - Setting next_dagrun for hello_world_dag to 2025-04-18 11:45:00+00:00, run_after=2025-04-19 11:45:00+00:00
[2025-04-20T00:59:25.753+0000] {processor.py:183} INFO - Processing /opt/airflow/dags/hello_world.py took 0.076 seconds
[2025-04-20T00:59:56.593+0000] {processor.py:161} INFO - Started process (PID=216) to work on /opt/airflow/dags/hello_world.py
[2025-04-20T00:59:56.593+0000] {processor.py:830} INFO - Processing file /opt/airflow/dags/hello_world.py for tasks to queue
[2025-04-20T00:59:56.594+0000] {logging_mixin.py:188} INFO - [2025-04-20T00:59:56.594+0000] {dagbag.py:538} INFO - Filling up the DagBag from /opt/airflow/dags/hello_world.py
[2025-04-20T00:59:56.603+0000] {processor.py:840} INFO - DAG(s) 'hello_world_dag' retrieved from /opt/airflow/dags/hello_world.py
[2025-04-20T00:59:56.627+0000] {logging_mixin.py:188} INFO - [2025-04-20T00:59:56.626+0000] {dag.py:3036} INFO - Sync 1 DAGs
[2025-04-20T00:59:56.655+0000] {logging_mixin.py:188} INFO - [2025-04-20T00:59:56.655+0000] {dag.py:3823} INFO - Setting next_dagrun for hello_world_dag to 2025-04-18 11:45:00+00:00, run_after=2025-04-19 11:45:00+00:00
[2025-04-20T00:59:56.696+0000] {processor.py:183} INFO - Processing /opt/airflow/dags/hello_world.py took 0.106 seconds
[2025-04-20T01:00:27.524+0000] {processor.py:161} INFO - Started process (PID=226) to work on /opt/airflow/dags/hello_world.py
[2025-04-20T01:00:27.525+0000] {processor.py:830} INFO - Processing file /opt/airflow/dags/hello_world.py for tasks to queue
[2025-04-20T01:00:27.526+0000] {logging_mixin.py:188} INFO - [2025-04-20T01:00:27.526+0000] {dagbag.py:538} INFO - Filling up the DagBag from /opt/airflow/dags/hello_world.py
[2025-04-20T01:00:27.535+0000] {processor.py:840} INFO - DAG(s) 'hello_world_dag' retrieved from /opt/airflow/dags/hello_world.py
[2025-04-20T01:00:27.565+0000] {logging_mixin.py:188} INFO - [2025-04-20T01:00:27.565+0000] {dag.py:3036} INFO - Sync 1 DAGs
[2025-04-20T01:00:27.590+0000] {logging_mixin.py:188} INFO - [2025-04-20T01:00:27.590+0000] {dag.py:3823} INFO - Setting next_dagrun for hello_world_dag to 2025-04-18 11:45:00+00:00, run_after=2025-04-19 11:45:00+00:00
[2025-04-20T01:00:27.611+0000] {processor.py:183} INFO - Processing /opt/airflow/dags/hello_world.py took 0.089 seconds
[2025-04-20T01:00:58.381+0000] {processor.py:161} INFO - Started process (PID=236) to work on /opt/airflow/dags/hello_world.py
[2025-04-20T01:00:58.382+0000] {processor.py:830} INFO - Processing file /opt/airflow/dags/hello_world.py for tasks to queue
[2025-04-20T01:00:58.383+0000] {logging_mixin.py:188} INFO - [2025-04-20T01:00:58.382+0000] {dagbag.py:538} INFO - Filling up the DagBag from /opt/airflow/dags/hello_world.py
[2025-04-20T01:00:58.396+0000] {processor.py:840} INFO - DAG(s) 'hello_world_dag' retrieved from /opt/airflow/dags/hello_world.py
[2025-04-20T01:00:58.426+0000] {logging_mixin.py:188} INFO - [2025-04-20T01:00:58.426+0000] {dag.py:3036} INFO - Sync 1 DAGs
[2025-04-20T01:00:58.453+0000] {logging_mixin.py:188} INFO - [2025-04-20T01:00:58.453+0000] {dag.py:3823} INFO - Setting next_dagrun for hello_world_dag to 2025-04-18 11:45:00+00:00, run_after=2025-04-19 11:45:00+00:00
[2025-04-20T01:00:58.470+0000] {processor.py:183} INFO - Processing /opt/airflow/dags/hello_world.py took 0.092 seconds
[2025-04-20T01:01:29.300+0000] {processor.py:161} INFO - Started process (PID=246) to work on /opt/airflow/dags/hello_world.py
[2025-04-20T01:01:29.300+0000] {processor.py:830} INFO - Processing file /opt/airflow/dags/hello_world.py for tasks to queue
[2025-04-20T01:01:29.301+0000] {logging_mixin.py:188} INFO - [2025-04-20T01:01:29.301+0000] {dagbag.py:538} INFO - Filling up the DagBag from /opt/airflow/dags/hello_world.py
[2025-04-20T01:01:29.311+0000] {processor.py:840} INFO - DAG(s) 'hello_world_dag' retrieved from /opt/airflow/dags/hello_world.py
[2025-04-20T01:01:29.333+0000] {logging_mixin.py:188} INFO - [2025-04-20T01:01:29.332+0000] {dag.py:3036} INFO - Sync 1 DAGs
[2025-04-20T01:01:29.353+0000] {logging_mixin.py:188} INFO - [2025-04-20T01:01:29.352+0000] {dag.py:3823} INFO - Setting next_dagrun for hello_world_dag to 2025-04-18 11:45:00+00:00, run_after=2025-04-19 11:45:00+00:00
[2025-04-20T01:01:29.368+0000] {processor.py:183} INFO - Processing /opt/airflow/dags/hello_world.py took 0.070 seconds
[2025-04-20T01:03:21.876+0000] {processor.py:161} INFO - Started process (PID=173) to work on /opt/airflow/dags/hello_world.py
[2025-04-20T01:03:21.877+0000] {processor.py:830} INFO - Processing file /opt/airflow/dags/hello_world.py for tasks to queue
[2025-04-20T01:03:21.878+0000] {logging_mixin.py:188} INFO - [2025-04-20T01:03:21.877+0000] {dagbag.py:538} INFO - Filling up the DagBag from /opt/airflow/dags/hello_world.py
[2025-04-20T01:03:21.893+0000] {processor.py:840} INFO - DAG(s) 'hello_world_dag' retrieved from /opt/airflow/dags/hello_world.py
[2025-04-20T01:03:21.931+0000] {logging_mixin.py:188} INFO - [2025-04-20T01:03:21.931+0000] {dag.py:3036} INFO - Sync 1 DAGs
[2025-04-20T01:03:21.950+0000] {logging_mixin.py:188} INFO - [2025-04-20T01:03:21.950+0000] {dag.py:3823} INFO - Setting next_dagrun for hello_world_dag to 2025-04-18 11:45:00+00:00, run_after=2025-04-19 11:45:00+00:00
[2025-04-20T01:03:21.965+0000] {processor.py:183} INFO - Processing /opt/airflow/dags/hello_world.py took 0.093 seconds
[2025-04-20T01:03:52.750+0000] {processor.py:161} INFO - Started process (PID=184) to work on /opt/airflow/dags/hello_world.py
[2025-04-20T01:03:52.751+0000] {processor.py:830} INFO - Processing file /opt/airflow/dags/hello_world.py for tasks to queue
[2025-04-20T01:03:52.752+0000] {logging_mixin.py:188} INFO - [2025-04-20T01:03:52.752+0000] {dagbag.py:538} INFO - Filling up the DagBag from /opt/airflow/dags/hello_world.py
[2025-04-20T01:03:52.771+0000] {processor.py:840} INFO - DAG(s) 'hello_world_dag' retrieved from /opt/airflow/dags/hello_world.py
[2025-04-20T01:03:52.800+0000] {logging_mixin.py:188} INFO - [2025-04-20T01:03:52.800+0000] {dag.py:3036} INFO - Sync 1 DAGs
[2025-04-20T01:03:52.828+0000] {logging_mixin.py:188} INFO - [2025-04-20T01:03:52.827+0000] {dag.py:3823} INFO - Setting next_dagrun for hello_world_dag to 2025-04-18 11:45:00+00:00, run_after=2025-04-19 11:45:00+00:00
[2025-04-20T01:03:52.848+0000] {processor.py:183} INFO - Processing /opt/airflow/dags/hello_world.py took 0.103 seconds
[2025-04-20T01:04:23.641+0000] {processor.py:161} INFO - Started process (PID=196) to work on /opt/airflow/dags/hello_world.py
[2025-04-20T01:04:23.642+0000] {processor.py:830} INFO - Processing file /opt/airflow/dags/hello_world.py for tasks to queue
[2025-04-20T01:04:23.643+0000] {logging_mixin.py:188} INFO - [2025-04-20T01:04:23.643+0000] {dagbag.py:538} INFO - Filling up the DagBag from /opt/airflow/dags/hello_world.py
[2025-04-20T01:04:23.662+0000] {processor.py:840} INFO - DAG(s) 'hello_world_dag' retrieved from /opt/airflow/dags/hello_world.py
[2025-04-20T01:04:23.693+0000] {logging_mixin.py:188} INFO - [2025-04-20T01:04:23.692+0000] {dag.py:3036} INFO - Sync 1 DAGs
[2025-04-20T01:04:23.718+0000] {logging_mixin.py:188} INFO - [2025-04-20T01:04:23.718+0000] {dag.py:3823} INFO - Setting next_dagrun for hello_world_dag to 2025-04-18 11:45:00+00:00, run_after=2025-04-19 11:45:00+00:00
[2025-04-20T01:04:23.736+0000] {processor.py:183} INFO - Processing /opt/airflow/dags/hello_world.py took 0.101 seconds
[2025-04-20T01:04:54.511+0000] {processor.py:161} INFO - Started process (PID=206) to work on /opt/airflow/dags/hello_world.py
[2025-04-20T01:04:54.513+0000] {processor.py:830} INFO - Processing file /opt/airflow/dags/hello_world.py for tasks to queue
[2025-04-20T01:04:54.515+0000] {logging_mixin.py:188} INFO - [2025-04-20T01:04:54.514+0000] {dagbag.py:538} INFO - Filling up the DagBag from /opt/airflow/dags/hello_world.py
[2025-04-20T01:04:54.535+0000] {processor.py:840} INFO - DAG(s) 'hello_world_dag' retrieved from /opt/airflow/dags/hello_world.py
[2025-04-20T01:04:54.570+0000] {logging_mixin.py:188} INFO - [2025-04-20T01:04:54.570+0000] {dag.py:3036} INFO - Sync 1 DAGs
[2025-04-20T01:04:54.601+0000] {logging_mixin.py:188} INFO - [2025-04-20T01:04:54.601+0000] {dag.py:3823} INFO - Setting next_dagrun for hello_world_dag to 2025-04-18 11:45:00+00:00, run_after=2025-04-19 11:45:00+00:00
[2025-04-20T01:04:54.627+0000] {processor.py:183} INFO - Processing /opt/airflow/dags/hello_world.py took 0.122 seconds
[2025-04-20T01:05:25.390+0000] {processor.py:161} INFO - Started process (PID=216) to work on /opt/airflow/dags/hello_world.py
[2025-04-20T01:05:25.393+0000] {processor.py:830} INFO - Processing file /opt/airflow/dags/hello_world.py for tasks to queue
[2025-04-20T01:05:25.395+0000] {logging_mixin.py:188} INFO - [2025-04-20T01:05:25.394+0000] {dagbag.py:538} INFO - Filling up the DagBag from /opt/airflow/dags/hello_world.py
[2025-04-20T01:05:25.413+0000] {processor.py:840} INFO - DAG(s) 'hello_world_dag' retrieved from /opt/airflow/dags/hello_world.py
[2025-04-20T01:05:25.454+0000] {logging_mixin.py:188} INFO - [2025-04-20T01:05:25.453+0000] {dag.py:3036} INFO - Sync 1 DAGs
[2025-04-20T01:05:25.492+0000] {logging_mixin.py:188} INFO - [2025-04-20T01:05:25.491+0000] {dag.py:3823} INFO - Setting next_dagrun for hello_world_dag to 2025-04-18 11:45:00+00:00, run_after=2025-04-19 11:45:00+00:00
[2025-04-20T01:05:25.518+0000] {processor.py:183} INFO - Processing /opt/airflow/dags/hello_world.py took 0.134 seconds
[2025-04-20T01:05:56.264+0000] {processor.py:161} INFO - Started process (PID=226) to work on /opt/airflow/dags/hello_world.py
[2025-04-20T01:05:56.265+0000] {processor.py:830} INFO - Processing file /opt/airflow/dags/hello_world.py for tasks to queue
[2025-04-20T01:05:56.266+0000] {logging_mixin.py:188} INFO - [2025-04-20T01:05:56.266+0000] {dagbag.py:538} INFO - Filling up the DagBag from /opt/airflow/dags/hello_world.py
[2025-04-20T01:05:56.280+0000] {processor.py:840} INFO - DAG(s) 'hello_world_dag' retrieved from /opt/airflow/dags/hello_world.py
[2025-04-20T01:05:56.313+0000] {logging_mixin.py:188} INFO - [2025-04-20T01:05:56.312+0000] {dag.py:3036} INFO - Sync 1 DAGs
[2025-04-20T01:05:56.339+0000] {logging_mixin.py:188} INFO - [2025-04-20T01:05:56.339+0000] {dag.py:3823} INFO - Setting next_dagrun for hello_world_dag to 2025-04-18 11:45:00+00:00, run_after=2025-04-19 11:45:00+00:00
[2025-04-20T01:05:56.359+0000] {processor.py:183} INFO - Processing /opt/airflow/dags/hello_world.py took 0.100 seconds
[2025-04-20T01:06:27.339+0000] {processor.py:161} INFO - Started process (PID=236) to work on /opt/airflow/dags/hello_world.py
[2025-04-20T01:06:27.340+0000] {processor.py:830} INFO - Processing file /opt/airflow/dags/hello_world.py for tasks to queue
[2025-04-20T01:06:27.341+0000] {logging_mixin.py:188} INFO - [2025-04-20T01:06:27.341+0000] {dagbag.py:538} INFO - Filling up the DagBag from /opt/airflow/dags/hello_world.py
[2025-04-20T01:06:27.354+0000] {processor.py:840} INFO - DAG(s) 'hello_world_dag' retrieved from /opt/airflow/dags/hello_world.py
[2025-04-20T01:06:27.385+0000] {logging_mixin.py:188} INFO - [2025-04-20T01:06:27.384+0000] {dag.py:3036} INFO - Sync 1 DAGs
[2025-04-20T01:06:27.407+0000] {logging_mixin.py:188} INFO - [2025-04-20T01:06:27.407+0000] {dag.py:3823} INFO - Setting next_dagrun for hello_world_dag to 2025-04-18 11:45:00+00:00, run_after=2025-04-19 11:45:00+00:00
[2025-04-20T01:06:27.426+0000] {processor.py:183} INFO - Processing /opt/airflow/dags/hello_world.py took 0.092 seconds
[2025-04-20T01:07:34.259+0000] {processor.py:161} INFO - Started process (PID=173) to work on /opt/airflow/dags/hello_world.py
[2025-04-20T01:07:34.261+0000] {processor.py:830} INFO - Processing file /opt/airflow/dags/hello_world.py for tasks to queue
[2025-04-20T01:07:34.262+0000] {logging_mixin.py:188} INFO - [2025-04-20T01:07:34.262+0000] {dagbag.py:538} INFO - Filling up the DagBag from /opt/airflow/dags/hello_world.py
[2025-04-20T01:07:34.286+0000] {processor.py:840} INFO - DAG(s) 'hello_world_dag' retrieved from /opt/airflow/dags/hello_world.py
[2025-04-20T01:07:34.335+0000] {logging_mixin.py:188} INFO - [2025-04-20T01:07:34.335+0000] {dag.py:3036} INFO - Sync 1 DAGs
[2025-04-20T01:07:34.368+0000] {logging_mixin.py:188} INFO - [2025-04-20T01:07:34.368+0000] {dag.py:3823} INFO - Setting next_dagrun for hello_world_dag to 2025-04-18 11:45:00+00:00, run_after=2025-04-19 11:45:00+00:00
[2025-04-20T01:07:34.406+0000] {processor.py:183} INFO - Processing /opt/airflow/dags/hello_world.py took 0.152 seconds
[2025-04-20T01:08:05.191+0000] {processor.py:161} INFO - Started process (PID=183) to work on /opt/airflow/dags/hello_world.py
[2025-04-20T01:08:05.193+0000] {processor.py:830} INFO - Processing file /opt/airflow/dags/hello_world.py for tasks to queue
[2025-04-20T01:08:05.199+0000] {logging_mixin.py:188} INFO - [2025-04-20T01:08:05.195+0000] {dagbag.py:538} INFO - Filling up the DagBag from /opt/airflow/dags/hello_world.py
[2025-04-20T01:08:05.272+0000] {processor.py:840} INFO - DAG(s) 'hello_world_dag' retrieved from /opt/airflow/dags/hello_world.py
[2025-04-20T01:08:05.292+0000] {logging_mixin.py:188} INFO - [2025-04-20T01:08:05.291+0000] {dag.py:3036} INFO - Sync 1 DAGs
[2025-04-20T01:08:05.326+0000] {logging_mixin.py:188} INFO - [2025-04-20T01:08:05.326+0000] {dag.py:3823} INFO - Setting next_dagrun for hello_world_dag to 2025-04-18 11:45:00+00:00, run_after=2025-04-19 11:45:00+00:00
[2025-04-20T01:08:05.352+0000] {processor.py:183} INFO - Processing /opt/airflow/dags/hello_world.py took 0.172 seconds
[2025-04-20T01:10:12.840+0000] {processor.py:161} INFO - Started process (PID=173) to work on /opt/airflow/dags/hello_world.py
[2025-04-20T01:10:12.844+0000] {processor.py:830} INFO - Processing file /opt/airflow/dags/hello_world.py for tasks to queue
[2025-04-20T01:10:12.847+0000] {logging_mixin.py:188} INFO - [2025-04-20T01:10:12.846+0000] {dagbag.py:538} INFO - Filling up the DagBag from /opt/airflow/dags/hello_world.py
[2025-04-20T01:10:12.887+0000] {processor.py:840} INFO - DAG(s) 'hello_world_dag' retrieved from /opt/airflow/dags/hello_world.py
[2025-04-20T01:10:13.091+0000] {logging_mixin.py:188} INFO - [2025-04-20T01:10:13.090+0000] {dag.py:3036} INFO - Sync 1 DAGs
[2025-04-20T01:10:13.124+0000] {logging_mixin.py:188} INFO - [2025-04-20T01:10:13.123+0000] {dag.py:3823} INFO - Setting next_dagrun for hello_world_dag to 2025-04-18 11:45:00+00:00, run_after=2025-04-19 11:45:00+00:00
[2025-04-20T01:10:13.149+0000] {processor.py:183} INFO - Processing /opt/airflow/dags/hello_world.py took 0.315 seconds
[2025-04-20T01:10:44.016+0000] {processor.py:161} INFO - Started process (PID=186) to work on /opt/airflow/dags/hello_world.py
[2025-04-20T01:10:44.020+0000] {processor.py:830} INFO - Processing file /opt/airflow/dags/hello_world.py for tasks to queue
[2025-04-20T01:10:44.020+0000] {logging_mixin.py:188} INFO - [2025-04-20T01:10:44.020+0000] {dagbag.py:538} INFO - Filling up the DagBag from /opt/airflow/dags/hello_world.py
[2025-04-20T01:10:44.029+0000] {processor.py:840} INFO - DAG(s) 'hello_world_dag' retrieved from /opt/airflow/dags/hello_world.py
[2025-04-20T01:10:44.041+0000] {logging_mixin.py:188} INFO - [2025-04-20T01:10:44.041+0000] {dag.py:3036} INFO - Sync 1 DAGs
[2025-04-20T01:10:44.065+0000] {logging_mixin.py:188} INFO - [2025-04-20T01:10:44.065+0000] {dag.py:3823} INFO - Setting next_dagrun for hello_world_dag to 2025-04-18 11:45:00+00:00, run_after=2025-04-19 11:45:00+00:00
[2025-04-20T01:10:44.081+0000] {processor.py:183} INFO - Processing /opt/airflow/dags/hello_world.py took 0.068 seconds
[2025-04-20T01:11:14.969+0000] {processor.py:161} INFO - Started process (PID=196) to work on /opt/airflow/dags/hello_world.py
[2025-04-20T01:11:14.970+0000] {processor.py:830} INFO - Processing file /opt/airflow/dags/hello_world.py for tasks to queue
[2025-04-20T01:11:14.970+0000] {logging_mixin.py:188} INFO - [2025-04-20T01:11:14.970+0000] {dagbag.py:538} INFO - Filling up the DagBag from /opt/airflow/dags/hello_world.py
[2025-04-20T01:11:14.979+0000] {processor.py:840} INFO - DAG(s) 'hello_world_dag' retrieved from /opt/airflow/dags/hello_world.py
[2025-04-20T01:11:15.104+0000] {logging_mixin.py:188} INFO - [2025-04-20T01:11:15.104+0000] {dag.py:3036} INFO - Sync 1 DAGs
[2025-04-20T01:11:15.123+0000] {logging_mixin.py:188} INFO - [2025-04-20T01:11:15.123+0000] {dag.py:3823} INFO - Setting next_dagrun for hello_world_dag to 2025-04-18 11:45:00+00:00, run_after=2025-04-19 11:45:00+00:00
[2025-04-20T01:11:15.138+0000] {processor.py:183} INFO - Processing /opt/airflow/dags/hello_world.py took 0.172 seconds
[2025-04-20T01:11:45.870+0000] {processor.py:161} INFO - Started process (PID=206) to work on /opt/airflow/dags/hello_world.py
[2025-04-20T01:11:45.871+0000] {processor.py:830} INFO - Processing file /opt/airflow/dags/hello_world.py for tasks to queue
[2025-04-20T01:11:45.872+0000] {logging_mixin.py:188} INFO - [2025-04-20T01:11:45.872+0000] {dagbag.py:538} INFO - Filling up the DagBag from /opt/airflow/dags/hello_world.py
[2025-04-20T01:11:45.883+0000] {processor.py:840} INFO - DAG(s) 'hello_world_dag' retrieved from /opt/airflow/dags/hello_world.py
[2025-04-20T01:11:45.911+0000] {logging_mixin.py:188} INFO - [2025-04-20T01:11:45.911+0000] {dag.py:3036} INFO - Sync 1 DAGs
[2025-04-20T01:11:45.934+0000] {logging_mixin.py:188} INFO - [2025-04-20T01:11:45.934+0000] {dag.py:3823} INFO - Setting next_dagrun for hello_world_dag to 2025-04-18 11:45:00+00:00, run_after=2025-04-19 11:45:00+00:00
[2025-04-20T01:11:45.949+0000] {processor.py:183} INFO - Processing /opt/airflow/dags/hello_world.py took 0.081 seconds
[2025-04-20T01:12:16.969+0000] {processor.py:161} INFO - Started process (PID=214) to work on /opt/airflow/dags/hello_world.py
[2025-04-20T01:12:16.970+0000] {processor.py:830} INFO - Processing file /opt/airflow/dags/hello_world.py for tasks to queue
[2025-04-20T01:12:16.971+0000] {logging_mixin.py:188} INFO - [2025-04-20T01:12:16.970+0000] {dagbag.py:538} INFO - Filling up the DagBag from /opt/airflow/dags/hello_world.py
[2025-04-20T01:12:16.985+0000] {processor.py:840} INFO - DAG(s) 'hello_world_dag' retrieved from /opt/airflow/dags/hello_world.py
[2025-04-20T01:12:17.013+0000] {logging_mixin.py:188} INFO - [2025-04-20T01:12:17.013+0000] {dag.py:3036} INFO - Sync 1 DAGs
[2025-04-20T01:12:17.033+0000] {logging_mixin.py:188} INFO - [2025-04-20T01:12:17.033+0000] {dag.py:3823} INFO - Setting next_dagrun for hello_world_dag to 2025-04-18 11:45:00+00:00, run_after=2025-04-19 11:45:00+00:00
[2025-04-20T01:12:17.051+0000] {processor.py:183} INFO - Processing /opt/airflow/dags/hello_world.py took 0.085 seconds
[2025-04-20T01:12:47.472+0000] {processor.py:161} INFO - Started process (PID=224) to work on /opt/airflow/dags/hello_world.py
[2025-04-20T01:12:47.473+0000] {processor.py:830} INFO - Processing file /opt/airflow/dags/hello_world.py for tasks to queue
[2025-04-20T01:12:47.474+0000] {logging_mixin.py:188} INFO - [2025-04-20T01:12:47.474+0000] {dagbag.py:538} INFO - Filling up the DagBag from /opt/airflow/dags/hello_world.py
[2025-04-20T01:12:47.488+0000] {processor.py:840} INFO - DAG(s) 'hello_world_dag' retrieved from /opt/airflow/dags/hello_world.py
[2025-04-20T01:12:47.512+0000] {logging_mixin.py:188} INFO - [2025-04-20T01:12:47.512+0000] {dag.py:3036} INFO - Sync 1 DAGs
[2025-04-20T01:12:47.530+0000] {logging_mixin.py:188} INFO - [2025-04-20T01:12:47.530+0000] {dag.py:3823} INFO - Setting next_dagrun for hello_world_dag to 2025-04-18 11:45:00+00:00, run_after=2025-04-19 11:45:00+00:00
[2025-04-20T01:12:47.543+0000] {processor.py:183} INFO - Processing /opt/airflow/dags/hello_world.py took 0.074 seconds
[2025-04-20T01:13:18.351+0000] {processor.py:161} INFO - Started process (PID=234) to work on /opt/airflow/dags/hello_world.py
[2025-04-20T01:13:18.351+0000] {processor.py:830} INFO - Processing file /opt/airflow/dags/hello_world.py for tasks to queue
[2025-04-20T01:13:18.352+0000] {logging_mixin.py:188} INFO - [2025-04-20T01:13:18.352+0000] {dagbag.py:538} INFO - Filling up the DagBag from /opt/airflow/dags/hello_world.py
[2025-04-20T01:13:18.364+0000] {processor.py:840} INFO - DAG(s) 'hello_world_dag' retrieved from /opt/airflow/dags/hello_world.py
[2025-04-20T01:13:18.386+0000] {logging_mixin.py:188} INFO - [2025-04-20T01:13:18.386+0000] {dag.py:3036} INFO - Sync 1 DAGs
[2025-04-20T01:13:18.404+0000] {logging_mixin.py:188} INFO - [2025-04-20T01:13:18.404+0000] {dag.py:3823} INFO - Setting next_dagrun for hello_world_dag to 2025-04-18 11:45:00+00:00, run_after=2025-04-19 11:45:00+00:00
[2025-04-20T01:13:18.419+0000] {processor.py:183} INFO - Processing /opt/airflow/dags/hello_world.py took 0.071 seconds
[2025-04-20T01:13:49.259+0000] {processor.py:161} INFO - Started process (PID=244) to work on /opt/airflow/dags/hello_world.py
[2025-04-20T01:13:49.260+0000] {processor.py:830} INFO - Processing file /opt/airflow/dags/hello_world.py for tasks to queue
[2025-04-20T01:13:49.261+0000] {logging_mixin.py:188} INFO - [2025-04-20T01:13:49.261+0000] {dagbag.py:538} INFO - Filling up the DagBag from /opt/airflow/dags/hello_world.py
[2025-04-20T01:13:49.312+0000] {processor.py:840} INFO - DAG(s) 'hello_world_dag' retrieved from /opt/airflow/dags/hello_world.py
[2025-04-20T01:13:49.362+0000] {logging_mixin.py:188} INFO - [2025-04-20T01:13:49.362+0000] {dag.py:3036} INFO - Sync 1 DAGs
[2025-04-20T01:13:49.382+0000] {logging_mixin.py:188} INFO - [2025-04-20T01:13:49.382+0000] {dag.py:3823} INFO - Setting next_dagrun for hello_world_dag to 2025-04-18 11:45:00+00:00, run_after=2025-04-19 11:45:00+00:00
[2025-04-20T01:13:49.397+0000] {processor.py:183} INFO - Processing /opt/airflow/dags/hello_world.py took 0.142 seconds
[2025-04-20T01:14:25.433+0000] {processor.py:161} INFO - Started process (PID=254) to work on /opt/airflow/dags/hello_world.py
[2025-04-20T01:14:25.433+0000] {processor.py:830} INFO - Processing file /opt/airflow/dags/hello_world.py for tasks to queue
[2025-04-20T01:14:25.434+0000] {logging_mixin.py:188} INFO - [2025-04-20T01:14:25.434+0000] {dagbag.py:538} INFO - Filling up the DagBag from /opt/airflow/dags/hello_world.py
[2025-04-20T01:14:25.449+0000] {processor.py:840} INFO - DAG(s) 'hello_world_dag' retrieved from /opt/airflow/dags/hello_world.py
[2025-04-20T01:14:25.473+0000] {logging_mixin.py:188} INFO - [2025-04-20T01:14:25.473+0000] {dag.py:3036} INFO - Sync 1 DAGs
[2025-04-20T01:14:25.492+0000] {logging_mixin.py:188} INFO - [2025-04-20T01:14:25.492+0000] {dag.py:3823} INFO - Setting next_dagrun for hello_world_dag to 2025-04-18 11:45:00+00:00, run_after=2025-04-19 11:45:00+00:00
[2025-04-20T01:14:25.507+0000] {processor.py:183} INFO - Processing /opt/airflow/dags/hello_world.py took 0.078 seconds
[2025-04-20T01:14:56.121+0000] {processor.py:161} INFO - Started process (PID=264) to work on /opt/airflow/dags/hello_world.py
[2025-04-20T01:14:56.122+0000] {processor.py:830} INFO - Processing file /opt/airflow/dags/hello_world.py for tasks to queue
[2025-04-20T01:14:56.123+0000] {logging_mixin.py:188} INFO - [2025-04-20T01:14:56.123+0000] {dagbag.py:538} INFO - Filling up the DagBag from /opt/airflow/dags/hello_world.py
[2025-04-20T01:14:56.141+0000] {processor.py:840} INFO - DAG(s) 'hello_world_dag' retrieved from /opt/airflow/dags/hello_world.py
[2025-04-20T01:14:56.169+0000] {logging_mixin.py:188} INFO - [2025-04-20T01:14:56.169+0000] {dag.py:3036} INFO - Sync 1 DAGs
[2025-04-20T01:14:56.191+0000] {logging_mixin.py:188} INFO - [2025-04-20T01:14:56.190+0000] {dag.py:3823} INFO - Setting next_dagrun for hello_world_dag to 2025-04-18 11:45:00+00:00, run_after=2025-04-19 11:45:00+00:00
[2025-04-20T01:14:56.208+0000] {processor.py:183} INFO - Processing /opt/airflow/dags/hello_world.py took 0.092 seconds
[2025-04-20T01:16:59.019+0000] {processor.py:161} INFO - Started process (PID=173) to work on /opt/airflow/dags/hello_world.py
[2025-04-20T01:16:59.022+0000] {processor.py:830} INFO - Processing file /opt/airflow/dags/hello_world.py for tasks to queue
[2025-04-20T01:16:59.023+0000] {logging_mixin.py:188} INFO - [2025-04-20T01:16:59.023+0000] {dagbag.py:538} INFO - Filling up the DagBag from /opt/airflow/dags/hello_world.py
[2025-04-20T01:16:59.043+0000] {processor.py:840} INFO - DAG(s) 'hello_world_dag' retrieved from /opt/airflow/dags/hello_world.py
[2025-04-20T01:16:59.096+0000] {logging_mixin.py:188} INFO - [2025-04-20T01:16:59.096+0000] {dag.py:3036} INFO - Sync 1 DAGs
[2025-04-20T01:16:59.122+0000] {logging_mixin.py:188} INFO - [2025-04-20T01:16:59.122+0000] {dag.py:3823} INFO - Setting next_dagrun for hello_world_dag to 2025-04-18 11:45:00+00:00, run_after=2025-04-19 11:45:00+00:00
[2025-04-20T01:16:59.143+0000] {processor.py:183} INFO - Processing /opt/airflow/dags/hello_world.py took 0.128 seconds
[2025-04-20T01:17:31.915+0000] {processor.py:161} INFO - Started process (PID=184) to work on /opt/airflow/dags/hello_world.py
[2025-04-20T01:17:31.916+0000] {processor.py:830} INFO - Processing file /opt/airflow/dags/hello_world.py for tasks to queue
[2025-04-20T01:17:31.917+0000] {logging_mixin.py:188} INFO - [2025-04-20T01:17:31.916+0000] {dagbag.py:538} INFO - Filling up the DagBag from /opt/airflow/dags/hello_world.py
[2025-04-20T01:17:31.926+0000] {processor.py:840} INFO - DAG(s) 'hello_world_dag' retrieved from /opt/airflow/dags/hello_world.py
[2025-04-20T01:17:32.024+0000] {logging_mixin.py:188} INFO - [2025-04-20T01:17:32.023+0000] {dag.py:3036} INFO - Sync 1 DAGs
[2025-04-20T01:17:32.042+0000] {logging_mixin.py:188} INFO - [2025-04-20T01:17:32.042+0000] {dag.py:3823} INFO - Setting next_dagrun for hello_world_dag to 2025-04-18 11:45:00+00:00, run_after=2025-04-19 11:45:00+00:00
[2025-04-20T01:17:32.057+0000] {processor.py:183} INFO - Processing /opt/airflow/dags/hello_world.py took 0.144 seconds
[2025-04-20T01:19:07.421+0000] {processor.py:161} INFO - Started process (PID=173) to work on /opt/airflow/dags/hello_world.py
[2025-04-20T01:19:07.422+0000] {processor.py:830} INFO - Processing file /opt/airflow/dags/hello_world.py for tasks to queue
[2025-04-20T01:19:07.423+0000] {logging_mixin.py:188} INFO - [2025-04-20T01:19:07.423+0000] {dagbag.py:538} INFO - Filling up the DagBag from /opt/airflow/dags/hello_world.py
[2025-04-20T01:19:07.440+0000] {processor.py:840} INFO - DAG(s) 'hello_world_dag' retrieved from /opt/airflow/dags/hello_world.py
[2025-04-20T01:19:07.618+0000] {logging_mixin.py:188} INFO - [2025-04-20T01:19:07.618+0000] {dag.py:3036} INFO - Sync 1 DAGs
[2025-04-20T01:19:07.638+0000] {logging_mixin.py:188} INFO - [2025-04-20T01:19:07.638+0000] {dag.py:3823} INFO - Setting next_dagrun for hello_world_dag to 2025-04-18 11:45:00+00:00, run_after=2025-04-19 11:45:00+00:00
[2025-04-20T01:19:07.657+0000] {processor.py:183} INFO - Processing /opt/airflow/dags/hello_world.py took 0.241 seconds
[2025-04-20T01:19:45.627+0000] {processor.py:161} INFO - Started process (PID=183) to work on /opt/airflow/dags/hello_world.py
[2025-04-20T01:19:45.629+0000] {processor.py:830} INFO - Processing file /opt/airflow/dags/hello_world.py for tasks to queue
[2025-04-20T01:19:45.630+0000] {logging_mixin.py:188} INFO - [2025-04-20T01:19:45.630+0000] {dagbag.py:538} INFO - Filling up the DagBag from /opt/airflow/dags/hello_world.py
[2025-04-20T01:19:45.659+0000] {processor.py:840} INFO - DAG(s) 'hello_world_dag' retrieved from /opt/airflow/dags/hello_world.py
[2025-04-20T01:19:45.784+0000] {logging_mixin.py:188} INFO - [2025-04-20T01:19:45.784+0000] {dag.py:3036} INFO - Sync 1 DAGs
[2025-04-20T01:19:45.809+0000] {logging_mixin.py:188} INFO - [2025-04-20T01:19:45.808+0000] {dag.py:3823} INFO - Setting next_dagrun for hello_world_dag to 2025-04-18 11:45:00+00:00, run_after=2025-04-19 11:45:00+00:00
[2025-04-20T01:19:45.826+0000] {processor.py:183} INFO - Processing /opt/airflow/dags/hello_world.py took 0.208 seconds
[2025-04-20T01:20:16.433+0000] {processor.py:161} INFO - Started process (PID=194) to work on /opt/airflow/dags/hello_world.py
[2025-04-20T01:20:16.456+0000] {processor.py:830} INFO - Processing file /opt/airflow/dags/hello_world.py for tasks to queue
[2025-04-20T01:20:16.457+0000] {logging_mixin.py:188} INFO - [2025-04-20T01:20:16.457+0000] {dagbag.py:538} INFO - Filling up the DagBag from /opt/airflow/dags/hello_world.py
[2025-04-20T01:20:16.474+0000] {processor.py:840} INFO - DAG(s) 'hello_world_dag' retrieved from /opt/airflow/dags/hello_world.py
[2025-04-20T01:20:16.504+0000] {logging_mixin.py:188} INFO - [2025-04-20T01:20:16.504+0000] {dag.py:3036} INFO - Sync 1 DAGs
[2025-04-20T01:20:16.524+0000] {logging_mixin.py:188} INFO - [2025-04-20T01:20:16.524+0000] {dag.py:3823} INFO - Setting next_dagrun for hello_world_dag to 2025-04-18 11:45:00+00:00, run_after=2025-04-19 11:45:00+00:00
[2025-04-20T01:20:16.539+0000] {processor.py:183} INFO - Processing /opt/airflow/dags/hello_world.py took 0.109 seconds
[2025-04-20T01:20:47.248+0000] {processor.py:161} INFO - Started process (PID=204) to work on /opt/airflow/dags/hello_world.py
[2025-04-20T01:20:47.249+0000] {processor.py:830} INFO - Processing file /opt/airflow/dags/hello_world.py for tasks to queue
[2025-04-20T01:20:47.250+0000] {logging_mixin.py:188} INFO - [2025-04-20T01:20:47.250+0000] {dagbag.py:538} INFO - Filling up the DagBag from /opt/airflow/dags/hello_world.py
[2025-04-20T01:20:47.265+0000] {processor.py:840} INFO - DAG(s) 'hello_world_dag' retrieved from /opt/airflow/dags/hello_world.py
[2025-04-20T01:20:47.288+0000] {logging_mixin.py:188} INFO - [2025-04-20T01:20:47.287+0000] {dag.py:3036} INFO - Sync 1 DAGs
[2025-04-20T01:20:47.306+0000] {logging_mixin.py:188} INFO - [2025-04-20T01:20:47.306+0000] {dag.py:3823} INFO - Setting next_dagrun for hello_world_dag to 2025-04-18 11:45:00+00:00, run_after=2025-04-19 11:45:00+00:00
[2025-04-20T01:20:47.319+0000] {processor.py:183} INFO - Processing /opt/airflow/dags/hello_world.py took 0.075 seconds
[2025-04-20T01:21:18.143+0000] {processor.py:161} INFO - Started process (PID=214) to work on /opt/airflow/dags/hello_world.py
[2025-04-20T01:21:18.144+0000] {processor.py:830} INFO - Processing file /opt/airflow/dags/hello_world.py for tasks to queue
[2025-04-20T01:21:18.145+0000] {logging_mixin.py:188} INFO - [2025-04-20T01:21:18.145+0000] {dagbag.py:538} INFO - Filling up the DagBag from /opt/airflow/dags/hello_world.py
[2025-04-20T01:21:18.157+0000] {processor.py:840} INFO - DAG(s) 'hello_world_dag' retrieved from /opt/airflow/dags/hello_world.py
[2025-04-20T01:21:18.183+0000] {logging_mixin.py:188} INFO - [2025-04-20T01:21:18.182+0000] {dag.py:3036} INFO - Sync 1 DAGs
[2025-04-20T01:21:18.205+0000] {logging_mixin.py:188} INFO - [2025-04-20T01:21:18.205+0000] {dag.py:3823} INFO - Setting next_dagrun for hello_world_dag to 2025-04-18 11:45:00+00:00, run_after=2025-04-19 11:45:00+00:00
[2025-04-20T01:21:18.222+0000] {processor.py:183} INFO - Processing /opt/airflow/dags/hello_world.py took 0.081 seconds
[2025-04-20T01:21:57.224+0000] {processor.py:161} INFO - Started process (PID=173) to work on /opt/airflow/dags/hello_world.py
[2025-04-20T01:21:57.225+0000] {processor.py:830} INFO - Processing file /opt/airflow/dags/hello_world.py for tasks to queue
[2025-04-20T01:21:57.226+0000] {logging_mixin.py:188} INFO - [2025-04-20T01:21:57.226+0000] {dagbag.py:538} INFO - Filling up the DagBag from /opt/airflow/dags/hello_world.py
[2025-04-20T01:21:57.248+0000] {processor.py:840} INFO - DAG(s) 'hello_world_dag' retrieved from /opt/airflow/dags/hello_world.py
[2025-04-20T01:21:57.293+0000] {logging_mixin.py:188} INFO - [2025-04-20T01:21:57.293+0000] {dag.py:3036} INFO - Sync 1 DAGs
[2025-04-20T01:21:57.311+0000] {logging_mixin.py:188} INFO - [2025-04-20T01:21:57.311+0000] {dag.py:3823} INFO - Setting next_dagrun for hello_world_dag to 2025-04-18 11:45:00+00:00, run_after=2025-04-19 11:45:00+00:00
[2025-04-20T01:21:57.327+0000] {processor.py:183} INFO - Processing /opt/airflow/dags/hello_world.py took 0.106 seconds
[2025-04-20T01:22:29.307+0000] {processor.py:161} INFO - Started process (PID=184) to work on /opt/airflow/dags/hello_world.py
[2025-04-20T01:22:29.309+0000] {processor.py:830} INFO - Processing file /opt/airflow/dags/hello_world.py for tasks to queue
[2025-04-20T01:22:29.310+0000] {logging_mixin.py:188} INFO - [2025-04-20T01:22:29.309+0000] {dagbag.py:538} INFO - Filling up the DagBag from /opt/airflow/dags/hello_world.py
[2025-04-20T01:22:29.325+0000] {processor.py:840} INFO - DAG(s) 'hello_world_dag' retrieved from /opt/airflow/dags/hello_world.py
[2025-04-20T01:22:29.356+0000] {logging_mixin.py:188} INFO - [2025-04-20T01:22:29.355+0000] {dag.py:3036} INFO - Sync 1 DAGs
[2025-04-20T01:22:29.383+0000] {logging_mixin.py:188} INFO - [2025-04-20T01:22:29.383+0000] {dag.py:3823} INFO - Setting next_dagrun for hello_world_dag to 2025-04-18 11:45:00+00:00, run_after=2025-04-19 11:45:00+00:00
[2025-04-20T01:22:29.409+0000] {processor.py:183} INFO - Processing /opt/airflow/dags/hello_world.py took 0.106 seconds
[2025-04-20T01:22:59.597+0000] {processor.py:161} INFO - Started process (PID=208) to work on /opt/airflow/dags/hello_world.py
[2025-04-20T01:22:59.598+0000] {processor.py:830} INFO - Processing file /opt/airflow/dags/hello_world.py for tasks to queue
[2025-04-20T01:22:59.599+0000] {logging_mixin.py:188} INFO - [2025-04-20T01:22:59.599+0000] {dagbag.py:538} INFO - Filling up the DagBag from /opt/airflow/dags/hello_world.py
[2025-04-20T01:22:59.614+0000] {processor.py:840} INFO - DAG(s) 'hello_world_dag' retrieved from /opt/airflow/dags/hello_world.py
[2025-04-20T01:22:59.640+0000] {logging_mixin.py:188} INFO - [2025-04-20T01:22:59.640+0000] {dag.py:3036} INFO - Sync 1 DAGs
[2025-04-20T01:22:59.662+0000] {logging_mixin.py:188} INFO - [2025-04-20T01:22:59.662+0000] {dag.py:3823} INFO - Setting next_dagrun for hello_world_dag to 2025-04-18 11:45:00+00:00, run_after=2025-04-19 11:45:00+00:00
[2025-04-20T01:22:59.680+0000] {processor.py:183} INFO - Processing /opt/airflow/dags/hello_world.py took 0.087 seconds
[2025-04-20T01:23:29.775+0000] {processor.py:161} INFO - Started process (PID=218) to work on /opt/airflow/dags/hello_world.py
[2025-04-20T01:23:29.776+0000] {processor.py:830} INFO - Processing file /opt/airflow/dags/hello_world.py for tasks to queue
[2025-04-20T01:23:29.777+0000] {logging_mixin.py:188} INFO - [2025-04-20T01:23:29.776+0000] {dagbag.py:538} INFO - Filling up the DagBag from /opt/airflow/dags/hello_world.py
[2025-04-20T01:23:29.789+0000] {processor.py:840} INFO - DAG(s) 'hello_world_dag' retrieved from /opt/airflow/dags/hello_world.py
[2025-04-20T01:23:29.814+0000] {logging_mixin.py:188} INFO - [2025-04-20T01:23:29.814+0000] {dag.py:3036} INFO - Sync 1 DAGs
[2025-04-20T01:23:29.837+0000] {logging_mixin.py:188} INFO - [2025-04-20T01:23:29.837+0000] {dag.py:3823} INFO - Setting next_dagrun for hello_world_dag to 2025-04-18 11:45:00+00:00, run_after=2025-04-19 11:45:00+00:00
[2025-04-20T01:23:29.852+0000] {processor.py:183} INFO - Processing /opt/airflow/dags/hello_world.py took 0.079 seconds
[2025-04-20T01:29:42.195+0000] {processor.py:161} INFO - Started process (PID=174) to work on /opt/airflow/dags/hello_world.py
[2025-04-20T01:29:42.198+0000] {processor.py:830} INFO - Processing file /opt/airflow/dags/hello_world.py for tasks to queue
[2025-04-20T01:29:42.199+0000] {logging_mixin.py:188} INFO - [2025-04-20T01:29:42.199+0000] {dagbag.py:538} INFO - Filling up the DagBag from /opt/airflow/dags/hello_world.py
[2025-04-20T01:29:42.238+0000] {processor.py:840} INFO - DAG(s) 'hello_world_dag' retrieved from /opt/airflow/dags/hello_world.py
[2025-04-20T01:29:42.301+0000] {logging_mixin.py:188} INFO - [2025-04-20T01:29:42.300+0000] {dag.py:3036} INFO - Sync 1 DAGs
[2025-04-20T01:29:42.327+0000] {logging_mixin.py:188} INFO - [2025-04-20T01:29:42.326+0000] {dag.py:3823} INFO - Setting next_dagrun for hello_world_dag to 2025-04-18 11:45:00+00:00, run_after=2025-04-19 11:45:00+00:00
[2025-04-20T01:29:42.349+0000] {processor.py:183} INFO - Processing /opt/airflow/dags/hello_world.py took 0.163 seconds
[2025-04-20T01:30:13.154+0000] {processor.py:161} INFO - Started process (PID=192) to work on /opt/airflow/dags/hello_world.py
[2025-04-20T01:30:13.156+0000] {processor.py:830} INFO - Processing file /opt/airflow/dags/hello_world.py for tasks to queue
[2025-04-20T01:30:13.158+0000] {logging_mixin.py:188} INFO - [2025-04-20T01:30:13.157+0000] {dagbag.py:538} INFO - Filling up the DagBag from /opt/airflow/dags/hello_world.py
[2025-04-20T01:30:13.181+0000] {processor.py:840} INFO - DAG(s) 'hello_world_dag' retrieved from /opt/airflow/dags/hello_world.py
[2025-04-20T01:30:13.220+0000] {logging_mixin.py:188} INFO - [2025-04-20T01:30:13.219+0000] {dag.py:3036} INFO - Sync 1 DAGs
[2025-04-20T01:30:13.254+0000] {logging_mixin.py:188} INFO - [2025-04-20T01:30:13.253+0000] {dag.py:3823} INFO - Setting next_dagrun for hello_world_dag to 2025-04-18 11:45:00+00:00, run_after=2025-04-19 11:45:00+00:00
[2025-04-20T01:30:13.279+0000] {processor.py:183} INFO - Processing /opt/airflow/dags/hello_world.py took 0.137 seconds
[2025-04-20T01:30:44.042+0000] {processor.py:161} INFO - Started process (PID=202) to work on /opt/airflow/dags/hello_world.py
[2025-04-20T01:30:44.045+0000] {processor.py:830} INFO - Processing file /opt/airflow/dags/hello_world.py for tasks to queue
[2025-04-20T01:30:44.047+0000] {logging_mixin.py:188} INFO - [2025-04-20T01:30:44.046+0000] {dagbag.py:538} INFO - Filling up the DagBag from /opt/airflow/dags/hello_world.py
[2025-04-20T01:30:44.079+0000] {processor.py:840} INFO - DAG(s) 'hello_world_dag' retrieved from /opt/airflow/dags/hello_world.py
[2025-04-20T01:30:44.130+0000] {logging_mixin.py:188} INFO - [2025-04-20T01:30:44.130+0000] {dag.py:3036} INFO - Sync 1 DAGs
[2025-04-20T01:30:44.173+0000] {logging_mixin.py:188} INFO - [2025-04-20T01:30:44.173+0000] {dag.py:3823} INFO - Setting next_dagrun for hello_world_dag to 2025-04-18 11:45:00+00:00, run_after=2025-04-19 11:45:00+00:00
[2025-04-20T01:30:44.202+0000] {processor.py:183} INFO - Processing /opt/airflow/dags/hello_world.py took 0.168 seconds
[2025-04-20T01:31:15.013+0000] {processor.py:161} INFO - Started process (PID=212) to work on /opt/airflow/dags/hello_world.py
[2025-04-20T01:31:15.016+0000] {processor.py:830} INFO - Processing file /opt/airflow/dags/hello_world.py for tasks to queue
[2025-04-20T01:31:15.017+0000] {logging_mixin.py:188} INFO - [2025-04-20T01:31:15.017+0000] {dagbag.py:538} INFO - Filling up the DagBag from /opt/airflow/dags/hello_world.py
[2025-04-20T01:31:15.052+0000] {processor.py:840} INFO - DAG(s) 'hello_world_dag' retrieved from /opt/airflow/dags/hello_world.py
[2025-04-20T01:31:15.101+0000] {logging_mixin.py:188} INFO - [2025-04-20T01:31:15.100+0000] {dag.py:3036} INFO - Sync 1 DAGs
[2025-04-20T01:31:15.134+0000] {logging_mixin.py:188} INFO - [2025-04-20T01:31:15.134+0000] {dag.py:3823} INFO - Setting next_dagrun for hello_world_dag to 2025-04-18 11:45:00+00:00, run_after=2025-04-19 11:45:00+00:00
[2025-04-20T01:31:15.160+0000] {processor.py:183} INFO - Processing /opt/airflow/dags/hello_world.py took 0.156 seconds
[2025-04-20T01:32:37.413+0000] {processor.py:161} INFO - Started process (PID=173) to work on /opt/airflow/dags/hello_world.py
[2025-04-20T01:32:37.415+0000] {processor.py:830} INFO - Processing file /opt/airflow/dags/hello_world.py for tasks to queue
[2025-04-20T01:32:37.417+0000] {logging_mixin.py:188} INFO - [2025-04-20T01:32:37.416+0000] {dagbag.py:538} INFO - Filling up the DagBag from /opt/airflow/dags/hello_world.py
[2025-04-20T01:32:37.441+0000] {processor.py:840} INFO - DAG(s) 'hello_world_dag' retrieved from /opt/airflow/dags/hello_world.py
[2025-04-20T01:32:37.496+0000] {logging_mixin.py:188} INFO - [2025-04-20T01:32:37.496+0000] {dag.py:3036} INFO - Sync 1 DAGs
[2025-04-20T01:32:37.525+0000] {logging_mixin.py:188} INFO - [2025-04-20T01:32:37.524+0000] {dag.py:3823} INFO - Setting next_dagrun for hello_world_dag to 2025-04-18 11:45:00+00:00, run_after=2025-04-19 11:45:00+00:00
[2025-04-20T01:32:37.547+0000] {processor.py:183} INFO - Processing /opt/airflow/dags/hello_world.py took 0.141 seconds
[2025-04-20T01:33:07.627+0000] {processor.py:161} INFO - Started process (PID=194) to work on /opt/airflow/dags/hello_world.py
[2025-04-20T01:33:07.628+0000] {processor.py:830} INFO - Processing file /opt/airflow/dags/hello_world.py for tasks to queue
[2025-04-20T01:33:07.630+0000] {logging_mixin.py:188} INFO - [2025-04-20T01:33:07.629+0000] {dagbag.py:538} INFO - Filling up the DagBag from /opt/airflow/dags/hello_world.py
[2025-04-20T01:33:07.645+0000] {processor.py:840} INFO - DAG(s) 'hello_world_dag' retrieved from /opt/airflow/dags/hello_world.py
[2025-04-20T01:33:07.679+0000] {logging_mixin.py:188} INFO - [2025-04-20T01:33:07.679+0000] {dag.py:3036} INFO - Sync 1 DAGs
[2025-04-20T01:33:07.712+0000] {logging_mixin.py:188} INFO - [2025-04-20T01:33:07.712+0000] {dag.py:3823} INFO - Setting next_dagrun for hello_world_dag to 2025-04-18 11:45:00+00:00, run_after=2025-04-19 11:45:00+00:00
[2025-04-20T01:33:07.737+0000] {processor.py:183} INFO - Processing /opt/airflow/dags/hello_world.py took 0.114 seconds
[2025-04-20T01:33:37.814+0000] {processor.py:161} INFO - Started process (PID=207) to work on /opt/airflow/dags/hello_world.py
[2025-04-20T01:33:37.816+0000] {processor.py:830} INFO - Processing file /opt/airflow/dags/hello_world.py for tasks to queue
[2025-04-20T01:33:37.817+0000] {logging_mixin.py:188} INFO - [2025-04-20T01:33:37.817+0000] {dagbag.py:538} INFO - Filling up the DagBag from /opt/airflow/dags/hello_world.py
[2025-04-20T01:33:37.834+0000] {processor.py:840} INFO - DAG(s) 'hello_world_dag' retrieved from /opt/airflow/dags/hello_world.py
[2025-04-20T01:33:38.158+0000] {logging_mixin.py:188} INFO - [2025-04-20T01:33:38.157+0000] {dag.py:3036} INFO - Sync 1 DAGs
[2025-04-20T01:33:38.190+0000] {logging_mixin.py:188} INFO - [2025-04-20T01:33:38.190+0000] {dag.py:3823} INFO - Setting next_dagrun for hello_world_dag to 2025-04-18 11:45:00+00:00, run_after=2025-04-19 11:45:00+00:00
[2025-04-20T01:33:38.224+0000] {processor.py:183} INFO - Processing /opt/airflow/dags/hello_world.py took 0.416 seconds
[2025-04-20T01:34:08.301+0000] {processor.py:161} INFO - Started process (PID=219) to work on /opt/airflow/dags/hello_world.py
[2025-04-20T01:34:08.303+0000] {processor.py:830} INFO - Processing file /opt/airflow/dags/hello_world.py for tasks to queue
[2025-04-20T01:34:08.304+0000] {logging_mixin.py:188} INFO - [2025-04-20T01:34:08.304+0000] {dagbag.py:538} INFO - Filling up the DagBag from /opt/airflow/dags/hello_world.py
[2025-04-20T01:34:08.329+0000] {processor.py:840} INFO - DAG(s) 'hello_world_dag' retrieved from /opt/airflow/dags/hello_world.py
[2025-04-20T01:34:08.388+0000] {logging_mixin.py:188} INFO - [2025-04-20T01:34:08.388+0000] {dag.py:3036} INFO - Sync 1 DAGs
[2025-04-20T01:34:08.442+0000] {logging_mixin.py:188} INFO - [2025-04-20T01:34:08.442+0000] {dag.py:3823} INFO - Setting next_dagrun for hello_world_dag to 2025-04-18 11:45:00+00:00, run_after=2025-04-19 11:45:00+00:00
[2025-04-20T01:34:08.486+0000] {processor.py:183} INFO - Processing /opt/airflow/dags/hello_world.py took 0.192 seconds
[2025-04-20T01:34:39.399+0000] {processor.py:161} INFO - Started process (PID=229) to work on /opt/airflow/dags/hello_world.py
[2025-04-20T01:34:39.408+0000] {processor.py:830} INFO - Processing file /opt/airflow/dags/hello_world.py for tasks to queue
[2025-04-20T01:34:39.409+0000] {logging_mixin.py:188} INFO - [2025-04-20T01:34:39.409+0000] {dagbag.py:538} INFO - Filling up the DagBag from /opt/airflow/dags/hello_world.py
[2025-04-20T01:34:39.426+0000] {processor.py:840} INFO - DAG(s) 'hello_world_dag' retrieved from /opt/airflow/dags/hello_world.py
[2025-04-20T01:34:39.474+0000] {logging_mixin.py:188} INFO - [2025-04-20T01:34:39.472+0000] {dag.py:3036} INFO - Sync 1 DAGs
[2025-04-20T01:34:39.513+0000] {logging_mixin.py:188} INFO - [2025-04-20T01:34:39.513+0000] {dag.py:3823} INFO - Setting next_dagrun for hello_world_dag to 2025-04-18 11:45:00+00:00, run_after=2025-04-19 11:45:00+00:00
[2025-04-20T01:34:39.543+0000] {processor.py:183} INFO - Processing /opt/airflow/dags/hello_world.py took 0.150 seconds
[2025-04-20T01:35:10.459+0000] {processor.py:161} INFO - Started process (PID=239) to work on /opt/airflow/dags/hello_world.py
[2025-04-20T01:35:10.461+0000] {processor.py:830} INFO - Processing file /opt/airflow/dags/hello_world.py for tasks to queue
[2025-04-20T01:35:10.462+0000] {logging_mixin.py:188} INFO - [2025-04-20T01:35:10.462+0000] {dagbag.py:538} INFO - Filling up the DagBag from /opt/airflow/dags/hello_world.py
[2025-04-20T01:35:10.482+0000] {processor.py:840} INFO - DAG(s) 'hello_world_dag' retrieved from /opt/airflow/dags/hello_world.py
[2025-04-20T01:35:10.528+0000] {logging_mixin.py:188} INFO - [2025-04-20T01:35:10.528+0000] {dag.py:3036} INFO - Sync 1 DAGs
[2025-04-20T01:35:10.571+0000] {logging_mixin.py:188} INFO - [2025-04-20T01:35:10.570+0000] {dag.py:3823} INFO - Setting next_dagrun for hello_world_dag to 2025-04-18 11:45:00+00:00, run_after=2025-04-19 11:45:00+00:00
[2025-04-20T01:35:10.604+0000] {processor.py:183} INFO - Processing /opt/airflow/dags/hello_world.py took 0.150 seconds
[2025-04-20T01:35:41.393+0000] {processor.py:161} INFO - Started process (PID=249) to work on /opt/airflow/dags/hello_world.py
[2025-04-20T01:35:41.395+0000] {processor.py:830} INFO - Processing file /opt/airflow/dags/hello_world.py for tasks to queue
[2025-04-20T01:35:41.397+0000] {logging_mixin.py:188} INFO - [2025-04-20T01:35:41.396+0000] {dagbag.py:538} INFO - Filling up the DagBag from /opt/airflow/dags/hello_world.py
[2025-04-20T01:35:41.420+0000] {processor.py:840} INFO - DAG(s) 'hello_world_dag' retrieved from /opt/airflow/dags/hello_world.py
[2025-04-20T01:35:41.464+0000] {logging_mixin.py:188} INFO - [2025-04-20T01:35:41.464+0000] {dag.py:3036} INFO - Sync 1 DAGs
[2025-04-20T01:35:41.502+0000] {logging_mixin.py:188} INFO - [2025-04-20T01:35:41.502+0000] {dag.py:3823} INFO - Setting next_dagrun for hello_world_dag to 2025-04-18 11:45:00+00:00, run_after=2025-04-19 11:45:00+00:00
[2025-04-20T01:35:41.537+0000] {processor.py:183} INFO - Processing /opt/airflow/dags/hello_world.py took 0.149 seconds
[2025-04-20T01:36:12.421+0000] {processor.py:161} INFO - Started process (PID=259) to work on /opt/airflow/dags/hello_world.py
[2025-04-20T01:36:12.423+0000] {processor.py:830} INFO - Processing file /opt/airflow/dags/hello_world.py for tasks to queue
[2025-04-20T01:36:12.424+0000] {logging_mixin.py:188} INFO - [2025-04-20T01:36:12.423+0000] {dagbag.py:538} INFO - Filling up the DagBag from /opt/airflow/dags/hello_world.py
[2025-04-20T01:36:12.442+0000] {processor.py:840} INFO - DAG(s) 'hello_world_dag' retrieved from /opt/airflow/dags/hello_world.py
[2025-04-20T01:36:12.489+0000] {logging_mixin.py:188} INFO - [2025-04-20T01:36:12.489+0000] {dag.py:3036} INFO - Sync 1 DAGs
[2025-04-20T01:36:12.542+0000] {logging_mixin.py:188} INFO - [2025-04-20T01:36:12.542+0000] {dag.py:3823} INFO - Setting next_dagrun for hello_world_dag to 2025-04-18 11:45:00+00:00, run_after=2025-04-19 11:45:00+00:00
[2025-04-20T01:36:12.587+0000] {processor.py:183} INFO - Processing /opt/airflow/dags/hello_world.py took 0.172 seconds
[2025-04-20T01:36:43.500+0000] {processor.py:161} INFO - Started process (PID=269) to work on /opt/airflow/dags/hello_world.py
[2025-04-20T01:36:43.501+0000] {processor.py:830} INFO - Processing file /opt/airflow/dags/hello_world.py for tasks to queue
[2025-04-20T01:36:43.502+0000] {logging_mixin.py:188} INFO - [2025-04-20T01:36:43.502+0000] {dagbag.py:538} INFO - Filling up the DagBag from /opt/airflow/dags/hello_world.py
[2025-04-20T01:36:43.521+0000] {processor.py:840} INFO - DAG(s) 'hello_world_dag' retrieved from /opt/airflow/dags/hello_world.py
[2025-04-20T01:36:43.565+0000] {logging_mixin.py:188} INFO - [2025-04-20T01:36:43.565+0000] {dag.py:3036} INFO - Sync 1 DAGs
[2025-04-20T01:36:43.605+0000] {logging_mixin.py:188} INFO - [2025-04-20T01:36:43.605+0000] {dag.py:3823} INFO - Setting next_dagrun for hello_world_dag to 2025-04-18 11:45:00+00:00, run_after=2025-04-19 11:45:00+00:00
[2025-04-20T01:36:43.632+0000] {processor.py:183} INFO - Processing /opt/airflow/dags/hello_world.py took 0.138 seconds
[2025-04-20T01:37:14.551+0000] {processor.py:161} INFO - Started process (PID=279) to work on /opt/airflow/dags/hello_world.py
[2025-04-20T01:37:14.553+0000] {processor.py:830} INFO - Processing file /opt/airflow/dags/hello_world.py for tasks to queue
[2025-04-20T01:37:14.555+0000] {logging_mixin.py:188} INFO - [2025-04-20T01:37:14.554+0000] {dagbag.py:538} INFO - Filling up the DagBag from /opt/airflow/dags/hello_world.py
[2025-04-20T01:37:14.575+0000] {processor.py:840} INFO - DAG(s) 'hello_world_dag' retrieved from /opt/airflow/dags/hello_world.py
[2025-04-20T01:37:14.610+0000] {logging_mixin.py:188} INFO - [2025-04-20T01:37:14.609+0000] {dag.py:3036} INFO - Sync 1 DAGs
[2025-04-20T01:37:14.645+0000] {logging_mixin.py:188} INFO - [2025-04-20T01:37:14.645+0000] {dag.py:3823} INFO - Setting next_dagrun for hello_world_dag to 2025-04-18 11:45:00+00:00, run_after=2025-04-19 11:45:00+00:00
[2025-04-20T01:37:14.676+0000] {processor.py:183} INFO - Processing /opt/airflow/dags/hello_world.py took 0.132 seconds
[2025-04-20T01:37:45.481+0000] {processor.py:161} INFO - Started process (PID=289) to work on /opt/airflow/dags/hello_world.py
[2025-04-20T01:37:45.490+0000] {processor.py:830} INFO - Processing file /opt/airflow/dags/hello_world.py for tasks to queue
[2025-04-20T01:37:45.491+0000] {logging_mixin.py:188} INFO - [2025-04-20T01:37:45.491+0000] {dagbag.py:538} INFO - Filling up the DagBag from /opt/airflow/dags/hello_world.py
[2025-04-20T01:37:45.509+0000] {processor.py:840} INFO - DAG(s) 'hello_world_dag' retrieved from /opt/airflow/dags/hello_world.py
[2025-04-20T01:37:45.550+0000] {logging_mixin.py:188} INFO - [2025-04-20T01:37:45.550+0000] {dag.py:3036} INFO - Sync 1 DAGs
[2025-04-20T01:37:45.592+0000] {logging_mixin.py:188} INFO - [2025-04-20T01:37:45.592+0000] {dag.py:3823} INFO - Setting next_dagrun for hello_world_dag to 2025-04-18 11:45:00+00:00, run_after=2025-04-19 11:45:00+00:00
[2025-04-20T01:37:45.630+0000] {processor.py:183} INFO - Processing /opt/airflow/dags/hello_world.py took 0.153 seconds
[2025-04-20T01:38:44.363+0000] {processor.py:161} INFO - Started process (PID=173) to work on /opt/airflow/dags/hello_world.py
[2025-04-20T01:38:44.365+0000] {processor.py:830} INFO - Processing file /opt/airflow/dags/hello_world.py for tasks to queue
[2025-04-20T01:38:44.366+0000] {logging_mixin.py:188} INFO - [2025-04-20T01:38:44.366+0000] {dagbag.py:538} INFO - Filling up the DagBag from /opt/airflow/dags/hello_world.py
[2025-04-20T01:38:44.395+0000] {processor.py:840} INFO - DAG(s) 'hello_world_dag' retrieved from /opt/airflow/dags/hello_world.py
[2025-04-20T01:38:44.450+0000] {logging_mixin.py:188} INFO - [2025-04-20T01:38:44.449+0000] {dag.py:3036} INFO - Sync 1 DAGs
[2025-04-20T01:38:44.477+0000] {logging_mixin.py:188} INFO - [2025-04-20T01:38:44.476+0000] {dag.py:3823} INFO - Setting next_dagrun for hello_world_dag to 2025-04-18 11:45:00+00:00, run_after=2025-04-19 11:45:00+00:00
[2025-04-20T01:38:44.503+0000] {processor.py:183} INFO - Processing /opt/airflow/dags/hello_world.py took 0.145 seconds
[2025-04-20T01:39:15.284+0000] {processor.py:161} INFO - Started process (PID=184) to work on /opt/airflow/dags/hello_world.py
[2025-04-20T01:39:15.286+0000] {processor.py:830} INFO - Processing file /opt/airflow/dags/hello_world.py for tasks to queue
[2025-04-20T01:39:15.288+0000] {logging_mixin.py:188} INFO - [2025-04-20T01:39:15.287+0000] {dagbag.py:538} INFO - Filling up the DagBag from /opt/airflow/dags/hello_world.py
[2025-04-20T01:39:15.305+0000] {processor.py:840} INFO - DAG(s) 'hello_world_dag' retrieved from /opt/airflow/dags/hello_world.py
[2025-04-20T01:39:15.325+0000] {logging_mixin.py:188} INFO - [2025-04-20T01:39:15.324+0000] {dag.py:3036} INFO - Sync 1 DAGs
[2025-04-20T01:39:15.364+0000] {logging_mixin.py:188} INFO - [2025-04-20T01:39:15.364+0000] {dag.py:3823} INFO - Setting next_dagrun for hello_world_dag to 2025-04-18 11:45:00+00:00, run_after=2025-04-19 11:45:00+00:00
[2025-04-20T01:39:15.392+0000] {processor.py:183} INFO - Processing /opt/airflow/dags/hello_world.py took 0.114 seconds
[2025-04-20T01:39:46.256+0000] {processor.py:161} INFO - Started process (PID=194) to work on /opt/airflow/dags/hello_world.py
[2025-04-20T01:39:46.259+0000] {processor.py:830} INFO - Processing file /opt/airflow/dags/hello_world.py for tasks to queue
[2025-04-20T01:39:46.260+0000] {logging_mixin.py:188} INFO - [2025-04-20T01:39:46.260+0000] {dagbag.py:538} INFO - Filling up the DagBag from /opt/airflow/dags/hello_world.py
[2025-04-20T01:39:46.286+0000] {processor.py:840} INFO - DAG(s) 'hello_world_dag' retrieved from /opt/airflow/dags/hello_world.py
[2025-04-20T01:39:46.621+0000] {logging_mixin.py:188} INFO - [2025-04-20T01:39:46.620+0000] {dag.py:3036} INFO - Sync 1 DAGs
[2025-04-20T01:39:46.663+0000] {logging_mixin.py:188} INFO - [2025-04-20T01:39:46.663+0000] {dag.py:3823} INFO - Setting next_dagrun for hello_world_dag to 2025-04-18 11:45:00+00:00, run_after=2025-04-19 11:45:00+00:00
[2025-04-20T01:39:46.697+0000] {processor.py:183} INFO - Processing /opt/airflow/dags/hello_world.py took 0.449 seconds
[2025-04-20T01:40:17.596+0000] {processor.py:161} INFO - Started process (PID=206) to work on /opt/airflow/dags/hello_world.py
[2025-04-20T01:40:17.604+0000] {processor.py:830} INFO - Processing file /opt/airflow/dags/hello_world.py for tasks to queue
[2025-04-20T01:40:17.605+0000] {logging_mixin.py:188} INFO - [2025-04-20T01:40:17.605+0000] {dagbag.py:538} INFO - Filling up the DagBag from /opt/airflow/dags/hello_world.py
[2025-04-20T01:40:17.637+0000] {processor.py:840} INFO - DAG(s) 'hello_world_dag' retrieved from /opt/airflow/dags/hello_world.py
[2025-04-20T01:40:17.708+0000] {logging_mixin.py:188} INFO - [2025-04-20T01:40:17.708+0000] {dag.py:3036} INFO - Sync 1 DAGs
[2025-04-20T01:40:17.761+0000] {logging_mixin.py:188} INFO - [2025-04-20T01:40:17.760+0000] {dag.py:3823} INFO - Setting next_dagrun for hello_world_dag to 2025-04-18 11:45:00+00:00, run_after=2025-04-19 11:45:00+00:00
[2025-04-20T01:40:17.807+0000] {processor.py:183} INFO - Processing /opt/airflow/dags/hello_world.py took 0.216 seconds
[2025-04-20T01:40:49.592+0000] {processor.py:161} INFO - Started process (PID=214) to work on /opt/airflow/dags/hello_world.py
[2025-04-20T01:40:49.596+0000] {processor.py:830} INFO - Processing file /opt/airflow/dags/hello_world.py for tasks to queue
[2025-04-20T01:40:49.598+0000] {logging_mixin.py:188} INFO - [2025-04-20T01:40:49.597+0000] {dagbag.py:538} INFO - Filling up the DagBag from /opt/airflow/dags/hello_world.py
[2025-04-20T01:40:49.624+0000] {processor.py:840} INFO - DAG(s) 'hello_world_dag' retrieved from /opt/airflow/dags/hello_world.py
[2025-04-20T01:40:49.661+0000] {logging_mixin.py:188} INFO - [2025-04-20T01:40:49.660+0000] {dag.py:3036} INFO - Sync 1 DAGs
[2025-04-20T01:40:49.693+0000] {logging_mixin.py:188} INFO - [2025-04-20T01:40:49.692+0000] {dag.py:3823} INFO - Setting next_dagrun for hello_world_dag to 2025-04-18 11:45:00+00:00, run_after=2025-04-19 11:45:00+00:00
[2025-04-20T01:40:49.719+0000] {processor.py:183} INFO - Processing /opt/airflow/dags/hello_world.py took 0.136 seconds
[2025-04-20T01:41:21.626+0000] {processor.py:161} INFO - Started process (PID=224) to work on /opt/airflow/dags/hello_world.py
[2025-04-20T01:41:21.628+0000] {processor.py:830} INFO - Processing file /opt/airflow/dags/hello_world.py for tasks to queue
[2025-04-20T01:41:21.629+0000] {logging_mixin.py:188} INFO - [2025-04-20T01:41:21.629+0000] {dagbag.py:538} INFO - Filling up the DagBag from /opt/airflow/dags/hello_world.py
[2025-04-20T01:41:21.654+0000] {processor.py:840} INFO - DAG(s) 'hello_world_dag' retrieved from /opt/airflow/dags/hello_world.py
[2025-04-20T01:41:21.698+0000] {logging_mixin.py:188} INFO - [2025-04-20T01:41:21.697+0000] {dag.py:3036} INFO - Sync 1 DAGs
[2025-04-20T01:41:21.738+0000] {logging_mixin.py:188} INFO - [2025-04-20T01:41:21.737+0000] {dag.py:3823} INFO - Setting next_dagrun for hello_world_dag to 2025-04-18 11:45:00+00:00, run_after=2025-04-19 11:45:00+00:00
[2025-04-20T01:41:21.767+0000] {processor.py:183} INFO - Processing /opt/airflow/dags/hello_world.py took 0.148 seconds
[2025-04-20T01:43:39.917+0000] {processor.py:161} INFO - Started process (PID=225) to work on /opt/airflow/dags/hello_world.py
[2025-04-20T01:43:39.919+0000] {processor.py:830} INFO - Processing file /opt/airflow/dags/hello_world.py for tasks to queue
[2025-04-20T01:43:39.920+0000] {logging_mixin.py:188} INFO - [2025-04-20T01:43:39.920+0000] {dagbag.py:538} INFO - Filling up the DagBag from /opt/airflow/dags/hello_world.py
[2025-04-20T01:43:39.944+0000] {processor.py:840} INFO - DAG(s) 'hello_world_dag' retrieved from /opt/airflow/dags/hello_world.py
[2025-04-20T01:43:39.978+0000] {logging_mixin.py:188} INFO - [2025-04-20T01:43:39.978+0000] {dag.py:3036} INFO - Sync 1 DAGs
[2025-04-20T01:43:40.009+0000] {logging_mixin.py:188} INFO - [2025-04-20T01:43:40.009+0000] {dag.py:3823} INFO - Setting next_dagrun for hello_world_dag to 2025-04-18 11:45:00+00:00, run_after=2025-04-19 11:45:00+00:00
[2025-04-20T01:43:40.030+0000] {processor.py:183} INFO - Processing /opt/airflow/dags/hello_world.py took 0.118 seconds
[2025-04-20T01:44:10.514+0000] {processor.py:161} INFO - Started process (PID=233) to work on /opt/airflow/dags/hello_world.py
[2025-04-20T01:44:10.516+0000] {processor.py:830} INFO - Processing file /opt/airflow/dags/hello_world.py for tasks to queue
[2025-04-20T01:44:10.518+0000] {logging_mixin.py:188} INFO - [2025-04-20T01:44:10.518+0000] {dagbag.py:538} INFO - Filling up the DagBag from /opt/airflow/dags/hello_world.py
[2025-04-20T01:44:10.549+0000] {processor.py:840} INFO - DAG(s) 'hello_world_dag' retrieved from /opt/airflow/dags/hello_world.py
[2025-04-20T01:44:10.927+0000] {logging_mixin.py:188} INFO - [2025-04-20T01:44:10.927+0000] {dag.py:3036} INFO - Sync 1 DAGs
[2025-04-20T01:44:10.966+0000] {logging_mixin.py:188} INFO - [2025-04-20T01:44:10.966+0000] {dag.py:3823} INFO - Setting next_dagrun for hello_world_dag to 2025-04-18 11:45:00+00:00, run_after=2025-04-19 11:45:00+00:00
[2025-04-20T01:44:10.999+0000] {processor.py:183} INFO - Processing /opt/airflow/dags/hello_world.py took 0.496 seconds
[2025-04-20T01:44:41.926+0000] {processor.py:161} INFO - Started process (PID=254) to work on /opt/airflow/dags/hello_world.py
[2025-04-20T01:44:41.928+0000] {processor.py:830} INFO - Processing file /opt/airflow/dags/hello_world.py for tasks to queue
[2025-04-20T01:44:41.930+0000] {logging_mixin.py:188} INFO - [2025-04-20T01:44:41.929+0000] {dagbag.py:538} INFO - Filling up the DagBag from /opt/airflow/dags/hello_world.py
[2025-04-20T01:44:41.952+0000] {processor.py:840} INFO - DAG(s) 'hello_world_dag' retrieved from /opt/airflow/dags/hello_world.py
[2025-04-20T01:44:41.999+0000] {logging_mixin.py:188} INFO - [2025-04-20T01:44:41.999+0000] {dag.py:3036} INFO - Sync 1 DAGs
[2025-04-20T01:44:42.059+0000] {logging_mixin.py:188} INFO - [2025-04-20T01:44:42.059+0000] {dag.py:3823} INFO - Setting next_dagrun for hello_world_dag to 2025-04-18 11:45:00+00:00, run_after=2025-04-19 11:45:00+00:00
[2025-04-20T01:44:42.099+0000] {processor.py:183} INFO - Processing /opt/airflow/dags/hello_world.py took 0.178 seconds
[2025-04-20T01:45:12.877+0000] {processor.py:161} INFO - Started process (PID=265) to work on /opt/airflow/dags/hello_world.py
[2025-04-20T01:45:12.879+0000] {processor.py:830} INFO - Processing file /opt/airflow/dags/hello_world.py for tasks to queue
[2025-04-20T01:45:12.881+0000] {logging_mixin.py:188} INFO - [2025-04-20T01:45:12.881+0000] {dagbag.py:538} INFO - Filling up the DagBag from /opt/airflow/dags/hello_world.py
[2025-04-20T01:45:13.017+0000] {processor.py:840} INFO - DAG(s) 'hello_world_dag' retrieved from /opt/airflow/dags/hello_world.py
[2025-04-20T01:45:13.173+0000] {logging_mixin.py:188} INFO - [2025-04-20T01:45:13.173+0000] {dag.py:3036} INFO - Sync 1 DAGs
[2025-04-20T01:45:13.290+0000] {logging_mixin.py:188} INFO - [2025-04-20T01:45:13.289+0000] {dag.py:3823} INFO - Setting next_dagrun for hello_world_dag to 2025-04-18 11:45:00+00:00, run_after=2025-04-19 11:45:00+00:00
[2025-04-20T01:45:13.330+0000] {processor.py:183} INFO - Processing /opt/airflow/dags/hello_world.py took 0.465 seconds
[2025-04-20T01:45:43.448+0000] {processor.py:161} INFO - Started process (PID=279) to work on /opt/airflow/dags/hello_world.py
[2025-04-20T01:45:43.449+0000] {processor.py:830} INFO - Processing file /opt/airflow/dags/hello_world.py for tasks to queue
[2025-04-20T01:45:43.451+0000] {logging_mixin.py:188} INFO - [2025-04-20T01:45:43.450+0000] {dagbag.py:538} INFO - Filling up the DagBag from /opt/airflow/dags/hello_world.py
[2025-04-20T01:45:43.491+0000] {processor.py:840} INFO - DAG(s) 'hello_world_dag' retrieved from /opt/airflow/dags/hello_world.py
[2025-04-20T01:45:43.562+0000] {logging_mixin.py:188} INFO - [2025-04-20T01:45:43.562+0000] {dag.py:3036} INFO - Sync 1 DAGs
[2025-04-20T01:45:43.617+0000] {logging_mixin.py:188} INFO - [2025-04-20T01:45:43.617+0000] {dag.py:3823} INFO - Setting next_dagrun for hello_world_dag to 2025-04-18 11:45:00+00:00, run_after=2025-04-19 11:45:00+00:00
[2025-04-20T01:45:43.648+0000] {processor.py:183} INFO - Processing /opt/airflow/dags/hello_world.py took 0.207 seconds
[2025-04-20T01:46:16.606+0000] {processor.py:161} INFO - Started process (PID=290) to work on /opt/airflow/dags/hello_world.py
[2025-04-20T01:46:16.608+0000] {processor.py:830} INFO - Processing file /opt/airflow/dags/hello_world.py for tasks to queue
[2025-04-20T01:46:16.609+0000] {logging_mixin.py:188} INFO - [2025-04-20T01:46:16.608+0000] {dagbag.py:538} INFO - Filling up the DagBag from /opt/airflow/dags/hello_world.py
[2025-04-20T01:46:16.627+0000] {processor.py:840} INFO - DAG(s) 'hello_world_dag' retrieved from /opt/airflow/dags/hello_world.py
[2025-04-20T01:46:16.665+0000] {logging_mixin.py:188} INFO - [2025-04-20T01:46:16.665+0000] {dag.py:3036} INFO - Sync 1 DAGs
[2025-04-20T01:46:16.705+0000] {logging_mixin.py:188} INFO - [2025-04-20T01:46:16.704+0000] {dag.py:3823} INFO - Setting next_dagrun for hello_world_dag to 2025-04-18 11:45:00+00:00, run_after=2025-04-19 11:45:00+00:00
[2025-04-20T01:46:16.731+0000] {processor.py:183} INFO - Processing /opt/airflow/dags/hello_world.py took 0.131 seconds
[2025-04-20T01:46:49.519+0000] {processor.py:161} INFO - Started process (PID=301) to work on /opt/airflow/dags/hello_world.py
[2025-04-20T01:46:49.521+0000] {processor.py:830} INFO - Processing file /opt/airflow/dags/hello_world.py for tasks to queue
[2025-04-20T01:46:49.523+0000] {logging_mixin.py:188} INFO - [2025-04-20T01:46:49.522+0000] {dagbag.py:538} INFO - Filling up the DagBag from /opt/airflow/dags/hello_world.py
[2025-04-20T01:46:49.552+0000] {processor.py:840} INFO - DAG(s) 'hello_world_dag' retrieved from /opt/airflow/dags/hello_world.py
[2025-04-20T01:46:49.620+0000] {logging_mixin.py:188} INFO - [2025-04-20T01:46:49.619+0000] {dag.py:3036} INFO - Sync 1 DAGs
[2025-04-20T01:46:49.663+0000] {logging_mixin.py:188} INFO - [2025-04-20T01:46:49.663+0000] {dag.py:3823} INFO - Setting next_dagrun for hello_world_dag to 2025-04-18 11:45:00+00:00, run_after=2025-04-19 11:45:00+00:00
[2025-04-20T01:46:49.699+0000] {processor.py:183} INFO - Processing /opt/airflow/dags/hello_world.py took 0.188 seconds
[2025-04-20T01:47:27.823+0000] {processor.py:161} INFO - Started process (PID=315) to work on /opt/airflow/dags/hello_world.py
[2025-04-20T01:47:27.826+0000] {processor.py:830} INFO - Processing file /opt/airflow/dags/hello_world.py for tasks to queue
[2025-04-20T01:47:27.827+0000] {logging_mixin.py:188} INFO - [2025-04-20T01:47:27.827+0000] {dagbag.py:538} INFO - Filling up the DagBag from /opt/airflow/dags/hello_world.py
[2025-04-20T01:47:27.847+0000] {processor.py:840} INFO - DAG(s) 'hello_world_dag' retrieved from /opt/airflow/dags/hello_world.py
[2025-04-20T01:47:27.893+0000] {logging_mixin.py:188} INFO - [2025-04-20T01:47:27.893+0000] {dag.py:3036} INFO - Sync 1 DAGs
[2025-04-20T01:47:27.944+0000] {logging_mixin.py:188} INFO - [2025-04-20T01:47:27.944+0000] {dag.py:3823} INFO - Setting next_dagrun for hello_world_dag to 2025-04-18 11:45:00+00:00, run_after=2025-04-19 11:45:00+00:00
[2025-04-20T01:47:27.989+0000] {processor.py:183} INFO - Processing /opt/airflow/dags/hello_world.py took 0.176 seconds
[2025-04-20T01:47:58.804+0000] {processor.py:161} INFO - Started process (PID=323) to work on /opt/airflow/dags/hello_world.py
[2025-04-20T01:47:58.806+0000] {processor.py:830} INFO - Processing file /opt/airflow/dags/hello_world.py for tasks to queue
[2025-04-20T01:47:58.807+0000] {logging_mixin.py:188} INFO - [2025-04-20T01:47:58.807+0000] {dagbag.py:538} INFO - Filling up the DagBag from /opt/airflow/dags/hello_world.py
[2025-04-20T01:47:58.850+0000] {processor.py:840} INFO - DAG(s) 'hello_world_dag' retrieved from /opt/airflow/dags/hello_world.py
[2025-04-20T01:47:58.894+0000] {logging_mixin.py:188} INFO - [2025-04-20T01:47:58.894+0000] {dag.py:3036} INFO - Sync 1 DAGs
[2025-04-20T01:47:58.942+0000] {logging_mixin.py:188} INFO - [2025-04-20T01:47:58.941+0000] {dag.py:3823} INFO - Setting next_dagrun for hello_world_dag to 2025-04-18 11:45:00+00:00, run_after=2025-04-19 11:45:00+00:00
[2025-04-20T01:47:58.978+0000] {processor.py:183} INFO - Processing /opt/airflow/dags/hello_world.py took 0.188 seconds
[2025-04-20T01:48:29.103+0000] {processor.py:161} INFO - Started process (PID=340) to work on /opt/airflow/dags/hello_world.py
[2025-04-20T01:48:29.106+0000] {processor.py:830} INFO - Processing file /opt/airflow/dags/hello_world.py for tasks to queue
[2025-04-20T01:48:29.108+0000] {logging_mixin.py:188} INFO - [2025-04-20T01:48:29.107+0000] {dagbag.py:538} INFO - Filling up the DagBag from /opt/airflow/dags/hello_world.py
[2025-04-20T01:48:29.135+0000] {processor.py:840} INFO - DAG(s) 'hello_world_dag' retrieved from /opt/airflow/dags/hello_world.py
[2025-04-20T01:48:29.180+0000] {logging_mixin.py:188} INFO - [2025-04-20T01:48:29.180+0000] {dag.py:3036} INFO - Sync 1 DAGs
[2025-04-20T01:48:29.228+0000] {logging_mixin.py:188} INFO - [2025-04-20T01:48:29.228+0000] {dag.py:3823} INFO - Setting next_dagrun for hello_world_dag to 2025-04-18 11:45:00+00:00, run_after=2025-04-19 11:45:00+00:00
[2025-04-20T01:48:29.261+0000] {processor.py:183} INFO - Processing /opt/airflow/dags/hello_world.py took 0.167 seconds
[2025-04-20T01:48:59.409+0000] {processor.py:161} INFO - Started process (PID=351) to work on /opt/airflow/dags/hello_world.py
[2025-04-20T01:48:59.411+0000] {processor.py:830} INFO - Processing file /opt/airflow/dags/hello_world.py for tasks to queue
[2025-04-20T01:48:59.413+0000] {logging_mixin.py:188} INFO - [2025-04-20T01:48:59.412+0000] {dagbag.py:538} INFO - Filling up the DagBag from /opt/airflow/dags/hello_world.py
[2025-04-20T01:48:59.437+0000] {processor.py:840} INFO - DAG(s) 'hello_world_dag' retrieved from /opt/airflow/dags/hello_world.py
[2025-04-20T01:48:59.480+0000] {logging_mixin.py:188} INFO - [2025-04-20T01:48:59.479+0000] {dag.py:3036} INFO - Sync 1 DAGs
[2025-04-20T01:48:59.519+0000] {logging_mixin.py:188} INFO - [2025-04-20T01:48:59.518+0000] {dag.py:3823} INFO - Setting next_dagrun for hello_world_dag to 2025-04-18 11:45:00+00:00, run_after=2025-04-19 11:45:00+00:00
[2025-04-20T01:48:59.553+0000] {processor.py:183} INFO - Processing /opt/airflow/dags/hello_world.py took 0.150 seconds
[2025-04-20T01:49:30.416+0000] {processor.py:161} INFO - Started process (PID=360) to work on /opt/airflow/dags/hello_world.py
[2025-04-20T01:49:30.425+0000] {processor.py:830} INFO - Processing file /opt/airflow/dags/hello_world.py for tasks to queue
[2025-04-20T01:49:30.432+0000] {logging_mixin.py:188} INFO - [2025-04-20T01:49:30.429+0000] {dagbag.py:538} INFO - Filling up the DagBag from /opt/airflow/dags/hello_world.py
[2025-04-20T01:49:30.513+0000] {processor.py:840} INFO - DAG(s) 'hello_world_dag' retrieved from /opt/airflow/dags/hello_world.py
[2025-04-20T01:49:30.619+0000] {logging_mixin.py:188} INFO - [2025-04-20T01:49:30.619+0000] {dag.py:3036} INFO - Sync 1 DAGs
[2025-04-20T01:49:30.669+0000] {logging_mixin.py:188} INFO - [2025-04-20T01:49:30.668+0000] {dag.py:3823} INFO - Setting next_dagrun for hello_world_dag to 2025-04-18 11:45:00+00:00, run_after=2025-04-19 11:45:00+00:00
[2025-04-20T01:49:30.704+0000] {processor.py:183} INFO - Processing /opt/airflow/dags/hello_world.py took 0.332 seconds
[2025-04-20T01:50:08.791+0000] {processor.py:161} INFO - Started process (PID=370) to work on /opt/airflow/dags/hello_world.py
[2025-04-20T01:50:08.797+0000] {processor.py:830} INFO - Processing file /opt/airflow/dags/hello_world.py for tasks to queue
[2025-04-20T01:50:08.802+0000] {logging_mixin.py:188} INFO - [2025-04-20T01:50:08.800+0000] {dagbag.py:538} INFO - Filling up the DagBag from /opt/airflow/dags/hello_world.py
[2025-04-20T01:50:08.868+0000] {processor.py:840} INFO - DAG(s) 'hello_world_dag' retrieved from /opt/airflow/dags/hello_world.py
[2025-04-20T01:50:08.957+0000] {logging_mixin.py:188} INFO - [2025-04-20T01:50:08.957+0000] {dag.py:3036} INFO - Sync 1 DAGs
[2025-04-20T01:50:09.027+0000] {logging_mixin.py:188} INFO - [2025-04-20T01:50:09.027+0000] {dag.py:3823} INFO - Setting next_dagrun for hello_world_dag to 2025-04-18 11:45:00+00:00, run_after=2025-04-19 11:45:00+00:00
[2025-04-20T01:50:09.077+0000] {processor.py:183} INFO - Processing /opt/airflow/dags/hello_world.py took 0.311 seconds
[2025-04-20T01:50:39.956+0000] {processor.py:161} INFO - Started process (PID=378) to work on /opt/airflow/dags/hello_world.py
[2025-04-20T01:50:39.965+0000] {processor.py:830} INFO - Processing file /opt/airflow/dags/hello_world.py for tasks to queue
[2025-04-20T01:50:39.967+0000] {logging_mixin.py:188} INFO - [2025-04-20T01:50:39.966+0000] {dagbag.py:538} INFO - Filling up the DagBag from /opt/airflow/dags/hello_world.py
[2025-04-20T01:50:39.987+0000] {processor.py:840} INFO - DAG(s) 'hello_world_dag' retrieved from /opt/airflow/dags/hello_world.py
[2025-04-20T01:50:40.049+0000] {logging_mixin.py:188} INFO - [2025-04-20T01:50:40.049+0000] {dag.py:3036} INFO - Sync 1 DAGs
[2025-04-20T01:50:40.096+0000] {logging_mixin.py:188} INFO - [2025-04-20T01:50:40.096+0000] {dag.py:3823} INFO - Setting next_dagrun for hello_world_dag to 2025-04-18 11:45:00+00:00, run_after=2025-04-19 11:45:00+00:00
[2025-04-20T01:50:40.142+0000] {processor.py:183} INFO - Processing /opt/airflow/dags/hello_world.py took 0.199 seconds
[2025-04-20T01:51:10.463+0000] {processor.py:161} INFO - Started process (PID=389) to work on /opt/airflow/dags/hello_world.py
[2025-04-20T01:51:10.465+0000] {processor.py:830} INFO - Processing file /opt/airflow/dags/hello_world.py for tasks to queue
[2025-04-20T01:51:10.466+0000] {logging_mixin.py:188} INFO - [2025-04-20T01:51:10.466+0000] {dagbag.py:538} INFO - Filling up the DagBag from /opt/airflow/dags/hello_world.py
[2025-04-20T01:51:10.487+0000] {processor.py:840} INFO - DAG(s) 'hello_world_dag' retrieved from /opt/airflow/dags/hello_world.py
[2025-04-20T01:51:10.538+0000] {logging_mixin.py:188} INFO - [2025-04-20T01:51:10.537+0000] {dag.py:3036} INFO - Sync 1 DAGs
[2025-04-20T01:51:10.583+0000] {logging_mixin.py:188} INFO - [2025-04-20T01:51:10.583+0000] {dag.py:3823} INFO - Setting next_dagrun for hello_world_dag to 2025-04-18 11:45:00+00:00, run_after=2025-04-19 11:45:00+00:00
[2025-04-20T01:51:10.610+0000] {processor.py:183} INFO - Processing /opt/airflow/dags/hello_world.py took 0.154 seconds
[2025-04-20T01:51:41.470+0000] {processor.py:161} INFO - Started process (PID=400) to work on /opt/airflow/dags/hello_world.py
[2025-04-20T01:51:41.472+0000] {processor.py:830} INFO - Processing file /opt/airflow/dags/hello_world.py for tasks to queue
[2025-04-20T01:51:41.473+0000] {logging_mixin.py:188} INFO - [2025-04-20T01:51:41.472+0000] {dagbag.py:538} INFO - Filling up the DagBag from /opt/airflow/dags/hello_world.py
[2025-04-20T01:51:41.492+0000] {processor.py:840} INFO - DAG(s) 'hello_world_dag' retrieved from /opt/airflow/dags/hello_world.py
[2025-04-20T01:51:41.529+0000] {logging_mixin.py:188} INFO - [2025-04-20T01:51:41.529+0000] {dag.py:3036} INFO - Sync 1 DAGs
[2025-04-20T01:51:41.565+0000] {logging_mixin.py:188} INFO - [2025-04-20T01:51:41.565+0000] {dag.py:3823} INFO - Setting next_dagrun for hello_world_dag to 2025-04-18 11:45:00+00:00, run_after=2025-04-19 11:45:00+00:00
[2025-04-20T01:51:41.601+0000] {processor.py:183} INFO - Processing /opt/airflow/dags/hello_world.py took 0.139 seconds
[2025-04-20T01:52:12.526+0000] {processor.py:161} INFO - Started process (PID=421) to work on /opt/airflow/dags/hello_world.py
[2025-04-20T01:52:12.527+0000] {processor.py:830} INFO - Processing file /opt/airflow/dags/hello_world.py for tasks to queue
[2025-04-20T01:52:12.529+0000] {logging_mixin.py:188} INFO - [2025-04-20T01:52:12.528+0000] {dagbag.py:538} INFO - Filling up the DagBag from /opt/airflow/dags/hello_world.py
[2025-04-20T01:52:12.548+0000] {processor.py:840} INFO - DAG(s) 'hello_world_dag' retrieved from /opt/airflow/dags/hello_world.py
[2025-04-20T01:52:12.597+0000] {logging_mixin.py:188} INFO - [2025-04-20T01:52:12.596+0000] {dag.py:3036} INFO - Sync 1 DAGs
[2025-04-20T01:52:12.637+0000] {logging_mixin.py:188} INFO - [2025-04-20T01:52:12.637+0000] {dag.py:3823} INFO - Setting next_dagrun for hello_world_dag to 2025-04-18 11:45:00+00:00, run_after=2025-04-19 11:45:00+00:00
[2025-04-20T01:52:12.674+0000] {processor.py:183} INFO - Processing /opt/airflow/dags/hello_world.py took 0.156 seconds
[2025-04-20T01:52:48.511+0000] {processor.py:161} INFO - Started process (PID=435) to work on /opt/airflow/dags/hello_world.py
[2025-04-20T01:52:48.514+0000] {processor.py:830} INFO - Processing file /opt/airflow/dags/hello_world.py for tasks to queue
[2025-04-20T01:52:48.516+0000] {logging_mixin.py:188} INFO - [2025-04-20T01:52:48.515+0000] {dagbag.py:538} INFO - Filling up the DagBag from /opt/airflow/dags/hello_world.py
[2025-04-20T01:52:48.541+0000] {processor.py:840} INFO - DAG(s) 'hello_world_dag' retrieved from /opt/airflow/dags/hello_world.py
[2025-04-20T01:52:48.588+0000] {logging_mixin.py:188} INFO - [2025-04-20T01:52:48.587+0000] {dag.py:3036} INFO - Sync 1 DAGs
[2025-04-20T01:52:48.630+0000] {logging_mixin.py:188} INFO - [2025-04-20T01:52:48.630+0000] {dag.py:3823} INFO - Setting next_dagrun for hello_world_dag to 2025-04-18 11:45:00+00:00, run_after=2025-04-19 11:45:00+00:00
[2025-04-20T01:52:48.681+0000] {processor.py:183} INFO - Processing /opt/airflow/dags/hello_world.py took 0.181 seconds
